\BOOKMARK [1][-]{section.1}{\376\377\000I\000n\000t\000r\000o\000d\000u\000c\000t\000i\000o\000n}{}% 1
\BOOKMARK [1][-]{section.2}{\376\377\000L\000o\000a\000d\000\040\000V\000a\000l\000u\000e\000\040\000C\000o\000r\000r\000e\000l\000a\000t\000o\000r\000\040\000P\000r\000e\000d\000i\000c\000t\000o\000r\000\040\000\050\000L\000V\000C\000P\000\051}{}% 2
\BOOKMARK [2][-]{subsection.2.1}{\376\377\000D\000e\000t\000a\000i\000l\000s}{section.2}% 3
\BOOKMARK [2][-]{subsection.2.2}{\376\377\000L\000o\000a\000d\000\040\000V\000a\000l\000u\000e\000\040\000C\000o\000r\000r\000e\000l\000a\000t\000o\000r\000\040\000v\000s\000\040\000B\000a\000s\000e\000l\000i\000n\000e}{section.2}% 4
\BOOKMARK [3][-]{subsubsection.2.2.1}{\376\377\000P\000e\000r\000f\000o\000r\000m\000a\000n\000c\000e\000\040\000S\000u\000m\000m\000a\000r\000y}{subsection.2.2}% 5
\BOOKMARK [3][-]{subsubsection.2.2.2}{\376\377\000A\000n\000a\000l\000y\000s\000i\000s}{subsection.2.2}% 6
\BOOKMARK [2][-]{subsection.2.3}{\376\377\000D\000i\000s\000c\000u\000s\000s\000i\000o\000n\000:\000\040\000W\000h\000y\000\040\000L\000V\000C\000P\000\040\000H\000e\000l\000p\000s\000\040\000S\000o\000m\000e\000\040\000W\000o\000r\000k\000l\000o\000a\000d\000s\000\040\000M\000o\000r\000e\000\040\000T\000h\000a\000n\000\040\000O\000t\000h\000e\000r\000s}{section.2}% 7
\BOOKMARK [3][-]{subsubsection.2.3.1}{\376\377\000W\000h\000e\000n\000\040\000L\000o\000a\000d\000\040\000V\000a\000l\000u\000e\000s\000\040\000A\000c\000t\000u\000a\000l\000l\000y\000\040\000H\000e\000l\000p}{subsection.2.3}% 8
\BOOKMARK [3][-]{subsubsection.2.3.2}{\376\377\000W\000h\000y\000\040\000W\000e\000b\000\040\000B\000e\000n\000c\000h\000m\000a\000r\000k\000s\000\040\000I\000m\000p\000r\000o\000v\000e\000\040\000a\000\040\000L\000o\000t}{subsection.2.3}% 9
\BOOKMARK [3][-]{subsubsection.2.3.3}{\376\377\000H\000o\000w\000\040\000T\000h\000i\000s\000\040\000D\000i\000f\000f\000e\000r\000s\000\040\000f\000r\000o\000m\000\040\000R\000e\000g\000i\000s\000t\000e\000r\000-\000V\000a\000l\000u\000e\000-\000A\000w\000a\000r\000e\000\040\000P\000r\000e\000d\000i\000c\000t\000o\000r\000s}{subsection.2.3}% 10
\BOOKMARK [3][-]{subsubsection.2.3.4}{\376\377\000L\000i\000m\000i\000t\000s\000:\000\040\000T\000i\000m\000i\000n\000g\000\040\000a\000n\000d\000\040\000T\000r\000a\000c\000k\000i\000n\000g\000\040\000S\000i\000z\000e}{subsection.2.3}% 11
\BOOKMARK [1][-]{section.3}{\376\377\000R\000e\000g\000i\000s\000t\000e\000r\000-\000V\000a\000l\000u\000e\000-\000A\000w\000a\000r\000e\000\040\000B\000r\000a\000n\000c\000h\000\040\000P\000r\000e\000d\000i\000c\000t\000o\000r}{}% 12
\BOOKMARK [2][-]{subsection.3.1}{\376\377\000R\000e\000g\000i\000s\000t\000e\000r\000\040\000V\000a\000l\000u\000e\000\040\000A\000w\000a\000r\000e\000\040\000P\000r\000e\000d\000i\000c\000t\000o\000r\000\040\000v\000s\000\040\000B\000a\000s\000e\000l\000i\000n\000e\000\040\000P\000r\000e\000d\000i\000c\000t\000o\000r}{section.3}% 13
\BOOKMARK [3][-]{subsubsection.3.1.1}{\376\377\000S\000u\000m\000m\000a\000r\000y\000\040\000S\000t\000a\000t\000i\000s\000t\000i\000c\000s}{subsection.3.1}% 14
\BOOKMARK [1][-]{section.4}{\376\377\000T\000A\000G\000E\000-\000S\000C\000\040\0002\0000\0002\0005\000\040\000A\000n\000d\000r\000\351\000\040\000S\000e\000z\000n\000e\000c\000\040\000R\000e\000p\000o\000r\000t}{}% 15
\BOOKMARK [2][-]{subsection.4.1}{\376\377\000O\000v\000e\000r\000v\000i\000e\000w}{section.4}% 16
\BOOKMARK [2][-]{subsection.4.2}{\376\377\000O\000p\000t\000i\000m\000i\000z\000a\000t\000i\000o\000n\000\040\000F\000e\000a\000t\000u\000r\000e\000s\000\040\000o\000f\000\040\000T\000A\000G\000E\000\040\0002\0000\0002\0005}{section.4}% 17
\BOOKMARK [2][-]{subsection.4.3}{\376\377\000T\000A\000G\000E\000\040\000S\000C\000\040\0002\0000\0002\0005\000\040\000v\000s\000\040\000T\000A\000G\000E\000\040\000S\000C\000-\000L\000\040\0002\0000\0001\0006}{section.4}% 18
\BOOKMARK [3][-]{subsubsection.4.3.1}{\376\377\000P\000e\000r\000f\000o\000r\000m\000a\000n\000c\000e\000\040\000b\000y\000\040\000F\000r\000a\000m\000e\000w\000o\000r\000k\000\040\000T\000y\000p\000e}{subsection.4.3}% 19
\BOOKMARK [3][-]{subsubsection.4.3.2}{\376\377\000A\000n\000a\000l\000y\000s\000i\000s}{subsection.4.3}% 20
\BOOKMARK [3][-]{subsubsection.4.3.3}{\376\377\000T\000o\000p\000\040\0002\0000\000\040\000M\000o\000s\000t\000\040\000I\000m\000p\000r\000o\000v\000e\000d\000\040\000T\000r\000a\000c\000e\000s}{subsection.4.3}% 21
\BOOKMARK [1][-]{section.5}{\376\377\000T\000A\000G\000E\000-\000S\000C\000-\000L\000\040\000A\000l\000b\000e\000r\000t\000o\000\040\000R\000o\000s\000\040\000P\000r\000e\000d\000i\000c\000t\000o\000r\000\040\000A\000n\000a\000l\000y\000s\000i\000s}{}% 22
\BOOKMARK [2][-]{subsection.5.1}{\376\377\000O\000u\000t\000l\000i\000n\000e\000\040\000o\000f\000\040\000t\000h\000e\000\040\000P\000r\000e\000d\000i\000c\000t\000o\000r}{section.5}% 23
\BOOKMARK [2][-]{subsection.5.2}{\376\377\000P\000r\000e\000d\000i\000c\000t\000o\000r\000\040\000v\000s\000\040\000B\000a\000s\000e\000l\000i\000n\000e\000\040\000P\000r\000e\000d\000i\000c\000t\000o\000r}{section.5}% 24
\BOOKMARK [3][-]{subsubsection.5.2.1}{\376\377\000F\000r\000a\000m\000e\000w\000o\000r\000k\000\040\000P\000e\000r\000f\000o\000r\000m\000a\000n\000c\000e\000\040\000C\000o\000m\000p\000a\000r\000i\000s\000o\000n}{subsection.5.2}% 25
\BOOKMARK [2][-]{subsection.5.3}{\376\377\000D\000i\000r\000e\000c\000t\000\040\000P\000r\000e\000d\000i\000c\000t\000o\000r\000\040\000C\000o\000m\000p\000a\000r\000i\000s\000o\000n}{section.5}% 26
\BOOKMARK [3][-]{subsubsection.5.3.1}{\376\377\000S\000u\000m\000m\000a\000r\000y\000\040\000S\000t\000a\000t\000i\000s\000t\000i\000c\000s}{subsection.5.3}% 27
\BOOKMARK [3][-]{subsubsection.5.3.2}{\376\377\000T\000r\000a\000c\000e\000-\000b\000y\000-\000T\000r\000a\000c\000e\000\040\000C\000o\000m\000p\000a\000r\000i\000s\000o\000n\000\040\000\050\000M\000P\000K\000I\000\051}{subsection.5.3}% 28
\BOOKMARK [3][-]{subsubsection.5.3.3}{\376\377\000B\000i\000g\000g\000e\000s\000t\000\040\000I\000m\000p\000r\000o\000v\000e\000m\000e\000n\000t\000s\000\040\000\050\000S\000e\000z\000n\000e\000c\000\040\000B\000e\000t\000t\000e\000r\000\051}{subsection.5.3}% 29
\BOOKMARK [3][-]{subsubsection.5.3.4}{\376\377\000B\000i\000g\000g\000e\000s\000t\000\040\000R\000e\000g\000r\000e\000s\000s\000i\000o\000n\000s\000\040\000\050\000S\000e\000z\000n\000e\000c\000\040\000W\000o\000r\000s\000e\000\051}{subsection.5.3}% 30
\BOOKMARK [1][-]{section.6}{\376\377\000D\000e\000l\000t\000a\000\040\000A\000n\000a\000l\000y\000s\000e\000s\000\040\000a\000n\000d\000\040\000C\000o\000n\000c\000l\000u\000s\000i\000o\000n\000s}{}% 31
\BOOKMARK [2][-]{subsection.6.1}{\376\377\000L\000V\000C\000P\000\040\000v\000s\000.\000\040\000R\000V\000A\000-\000T\000o\000r\000u\000:\000\040\000T\000h\000e\000\040\000G\000e\000n\000e\000r\000a\000l\000i\000z\000a\000t\000i\000o\000n\000\040\000o\000f\000\040\000V\000a\000l\000u\000e\000\040\000P\000r\000e\000d\000i\000c\000t\000i\000o\000n}{section.6}% 32
\BOOKMARK [3][-]{subsubsection.6.1.1}{\376\377\000A\000n\000a\000l\000y\000s\000i\000s\000\040\000o\000f\000\040\000t\000h\000e\000\040\000D\000e\000l\000t\000a}{subsection.6.1}% 33
\BOOKMARK [3][-]{subsubsection.6.1.2}{\376\377\000V\000i\000s\000u\000a\000l\000\040\000A\000n\000a\000l\000y\000s\000i\000s\000\040\000o\000f\000\040\000t\000h\000e\000\040\000P\000e\000r\000f\000o\000r\000m\000a\000n\000c\000e\000\040\000G\000a\000p}{subsection.6.1}% 34
\BOOKMARK [3][-]{subsubsection.6.1.3}{\376\377\000W\000h\000e\000r\000e\000\040\000L\000V\000C\000P\000\040\000S\000t\000i\000l\000l\000\040\000W\000i\000n\000s}{subsection.6.1}% 35
\BOOKMARK [2][-]{subsection.6.2}{\376\377\000T\000A\000G\000E\000-\000S\000C\000-\000L\000\040\000\050\000S\000e\000z\000n\000e\000c\000\051\000\040\000v\000s\000.\000\040\000R\000V\000A\000-\000T\000o\000r\000u\000:\000\040\000H\000i\000s\000t\000o\000r\000y\000\040\000v\000s\000.\000\040\000D\000a\000t\000a}{section.6}% 36
\BOOKMARK [3][-]{subsubsection.6.2.1}{\376\377\000A\000n\000a\000l\000y\000s\000i\000s\000\040\000o\000f\000\040\000t\000h\000e\000\040\000D\000e\000l\000t\000a}{subsection.6.2}% 37
\BOOKMARK [2][-]{subsection.6.3}{\376\377\000L\000V\000C\000P\000\040\000v\000s\000.\000\040\000T\000A\000G\000E\000-\000S\000C\000-\000L\000:\000\040\000L\000o\000a\000d\000\040\000D\000a\000t\000a\000\040\000v\000s\000.\000\040\000C\000o\000n\000t\000r\000o\000l\000-\000F\000l\000o\000w\000\040\000H\000i\000s\000t\000o\000r\000y}{section.6}% 38
\BOOKMARK [2][-]{subsection.6.4}{\376\377\000T\000A\000G\000E\000-\000S\000C\000L\000\040\000\050\000S\000e\000z\000n\000e\000c\000\051\000\040\000v\000s\000.\000\040\000T\000A\000G\000E\000-\000S\000C\000-\000L\000\040\000\050\000R\000o\000s\000\051\000:\000\040\000I\000m\000p\000l\000e\000m\000e\000n\000t\000a\000t\000i\000o\000n\000\040\000T\000r\000a\000d\000e\000-\000o\000f\000f\000s}{section.6}% 39
\BOOKMARK [3][-]{subsubsection.6.4.1}{\376\377\000A\000n\000a\000l\000y\000s\000i\000s\000\040\000o\000f\000\040\000t\000h\000e\000\040\000D\000e\000l\000t\000a}{subsection.6.4}% 40
\BOOKMARK [1][-]{section.7}{\376\377\000O\000v\000e\000r\000a\000l\000l\000\040\000P\000r\000e\000d\000i\000c\000t\000o\000r\000\040\000R\000a\000n\000k\000i\000n\000g\000s}{}% 41
\BOOKMARK [1][-]{section.8}{\376\377\000C\000o\000n\000c\000l\000u\000s\000i\000o\000n}{}% 42
\BOOKMARK [1][-]{section.9}{\376\377\000S\000c\000o\000p\000e\000\040\000f\000o\000r\000\040\000F\000u\000t\000u\000r\000e\000\040\000W\000o\000r\000k\000:\000\040\000E\000x\000p\000l\000o\000r\000i\000n\000g\000\040\000t\000h\000e\000\040\000L\000i\000m\000i\000t\000s\000\040\000o\000f\000\040\000B\000r\000a\000n\000c\000h\000\040\000P\000r\000e\000d\000i\000c\000t\000i\000o\000n}{}% 43
\BOOKMARK [2][-]{subsection.9.1}{\376\377\000P\000h\000a\000s\000e\000\040\0001\000:\000\040\000S\000t\000u\000d\000y\000i\000n\000g\000\040\000A\000l\000t\000e\000r\000n\000a\000t\000i\000v\000e\000\040\000P\000r\000e\000d\000i\000c\000t\000i\000o\000n\000\040\000S\000t\000y\000l\000e\000s}{section.9}% 44
\BOOKMARK [2][-]{subsection.9.2}{\376\377\000P\000h\000a\000s\000e\000\040\0002\000:\000\040\000A\000n\000\040\000I\000d\000e\000a\000l\000i\000z\000e\000d\000\040\040\034\000I\000n\000f\000i\000n\000i\000t\000e\000-\000H\000a\000r\000d\000w\000a\000r\000e\040\035\000\040\000O\000r\000a\000c\000l\000e}{section.9}% 45
\BOOKMARK [1][-]{section.10}{\376\377\000R\000e\000f\000e\000r\000e\000n\000c\000e\000s}{}% 46
