\BOOKMARK [1][-]{section.1}{\376\377\000I\000n\000t\000r\000o\000d\000u\000c\000t\000i\000o\000n}{}% 1
\BOOKMARK [1][-]{section.2}{\376\377\000M\000e\000t\000h\000o\000d\000o\000l\000o\000g\000y}{}% 2
\BOOKMARK [2][-]{subsection.2.1}{\376\377\000S\000i\000m\000u\000l\000a\000t\000o\000r\000\040\000a\000n\000d\000\040\000E\000x\000p\000e\000r\000i\000m\000e\000n\000t\000a\000l\000\040\000S\000e\000t\000u\000p}{section.2}% 3
\BOOKMARK [2][-]{subsection.2.2}{\376\377\000E\000x\000p\000e\000r\000i\000m\000e\000n\000t\000a\000l\000\040\000D\000a\000t\000a\000\040\000G\000e\000n\000e\000r\000a\000t\000i\000o\000n\000\040\000P\000i\000p\000e\000l\000i\000n\000e}{section.2}% 4
\BOOKMARK [3][-]{subsubsection.2.2.1}{\376\377\000I\000n\000s\000t\000r\000u\000c\000t\000i\000o\000n\000\040\000T\000h\000r\000o\000u\000g\000h\000p\000u\000t\000\040\000M\000e\000t\000r\000i\000c\000s}{subsection.2.2}% 5
\BOOKMARK [3][-]{subsubsection.2.2.2}{\376\377\000B\000r\000a\000n\000c\000h\000\040\000F\000r\000e\000q\000u\000e\000n\000c\000y\000\040\000a\000n\000d\000\040\000M\000i\000s\000p\000r\000e\000d\000i\000c\000t\000i\000o\000n\000\040\000C\000o\000u\000n\000t\000s}{subsection.2.2}% 6
\BOOKMARK [3][-]{subsubsection.2.2.3}{\376\377\000A\000c\000c\000u\000r\000a\000c\000y\000-\000O\000r\000i\000e\000n\000t\000e\000d\000\040\000M\000e\000t\000r\000i\000c\000s}{subsection.2.2}% 7
\BOOKMARK [3][-]{subsubsection.2.2.4}{\376\377\000W\000r\000o\000n\000g\000-\000P\000a\000t\000h\000\040\000E\000x\000e\000c\000u\000t\000i\000o\000n\000\040\000C\000o\000s\000t\000\040\000M\000e\000t\000r\000i\000c\000s}{subsection.2.2}% 8
\BOOKMARK [2][-]{subsection.2.3}{\376\377\000P\000r\000e\000d\000i\000c\000t\000o\000r\000-\000v\000e\000r\000s\000u\000s\000-\000B\000a\000s\000e\000l\000i\000n\000e\000\040\000C\000o\000m\000p\000a\000r\000i\000s\000o\000n\000\040\000F\000i\000g\000u\000r\000e\000s}{section.2}% 9
\BOOKMARK [3][-]{subsubsection.2.3.1}{\376\377\000S\000c\000a\000t\000t\000e\000r\000\040\000P\000l\000o\000t\000s}{subsection.2.3}% 10
\BOOKMARK [3][-]{subsubsection.2.3.2}{\376\377\000M\000P\000K\000I\000\040\000D\000i\000f\000f\000e\000r\000e\000n\000c\000e\000\040\000H\000i\000s\000t\000o\000g\000r\000a\000m}{subsection.2.3}% 11
\BOOKMARK [3][-]{subsubsection.2.3.3}{\376\377\000N\000o\000r\000m\000a\000l\000i\000z\000e\000d\000\040\000M\000e\000a\000n\000\040\000M\000e\000t\000r\000i\000c\000\040\000C\000o\000m\000p\000a\000r\000i\000s\000o\000n}{subsection.2.3}% 12
\BOOKMARK [2][-]{subsection.2.4}{\376\377\000D\000e\000l\000t\000a\000-\000B\000a\000s\000e\000d\000\040\000C\000o\000m\000p\000a\000r\000i\000s\000o\000n\000\040\000a\000n\000d\000\040\000S\000u\000b\000s\000u\000m\000p\000t\000i\000o\000n\000\040\000A\000n\000a\000l\000y\000s\000i\000s}{section.2}% 13
\BOOKMARK [3][-]{subsubsection.2.4.1}{\376\377\000D\000e\000l\000t\000a\000\040\000D\000e\000f\000i\000n\000i\000t\000i\000o\000n}{subsection.2.4}% 14
\BOOKMARK [3][-]{subsubsection.2.4.2}{\376\377\000T\000r\000a\000c\000e\000\040\000F\000i\000l\000t\000e\000r\000i\000n\000g}{subsection.2.4}% 15
\BOOKMARK [3][-]{subsubsection.2.4.3}{\376\377\000D\000e\000l\000t\000a\000\040\000V\000i\000s\000u\000a\000l\000i\000z\000a\000t\000i\000o\000n\000s}{subsection.2.4}% 16
\BOOKMARK [2][-]{subsection.2.5}{\376\377\000I\000m\000p\000r\000o\000v\000e\000m\000e\000n\000t\000\040\000C\000l\000a\000s\000s\000i\000f\000i\000c\000a\000t\000i\000o\000n\000\040\000a\000n\000d\000\040\000S\000u\000c\000c\000e\000s\000s\000\040\000R\000a\000t\000i\000o}{section.2}% 17
\BOOKMARK [2][-]{subsection.2.6}{\376\377\000C\000o\000m\000p\000o\000s\000i\000t\000e\000\040\000P\000r\000e\000d\000i\000c\000t\000o\000r\000\040\000R\000a\000n\000k\000i\000n\000g}{section.2}% 18
\BOOKMARK [2][-]{subsection.2.7}{\376\377\000R\000a\000t\000i\000o\000n\000a\000l\000e\000\040\000f\000o\000r\000\040\000M\000e\000t\000r\000i\000c\000\040\000S\000e\000l\000e\000c\000t\000i\000o\000n}{section.2}% 19
\BOOKMARK [1][-]{section.3}{\376\377\000L\000o\000a\000d\000\040\000V\000a\000l\000u\000e\000\040\000C\000o\000r\000r\000e\000l\000a\000t\000o\000r\000\040\000P\000r\000e\000d\000i\000c\000t\000o\000r\000\040\000\050\000L\000V\000C\000P\000\051}{}% 20
\BOOKMARK [2][-]{subsection.3.1}{\376\377\000D\000e\000t\000a\000i\000l\000s}{section.3}% 21
\BOOKMARK [2][-]{subsection.3.2}{\376\377\000L\000o\000a\000d\000\040\000V\000a\000l\000u\000e\000\040\000C\000o\000r\000r\000e\000l\000a\000t\000o\000r\000\040\000v\000s\000\040\000B\000a\000s\000e\000l\000i\000n\000e}{section.3}% 22
\BOOKMARK [3][-]{subsubsection.3.2.1}{\376\377\000P\000e\000r\000f\000o\000r\000m\000a\000n\000c\000e\000\040\000S\000u\000m\000m\000a\000r\000y}{subsection.3.2}% 23
\BOOKMARK [3][-]{subsubsection.3.2.2}{\376\377\000A\000n\000a\000l\000y\000s\000i\000s}{subsection.3.2}% 24
\BOOKMARK [2][-]{subsection.3.3}{\376\377\000D\000i\000s\000c\000u\000s\000s\000i\000o\000n\000:\000\040\000W\000h\000y\000\040\000L\000V\000C\000P\000\040\000H\000e\000l\000p\000s\000\040\000S\000o\000m\000e\000\040\000W\000o\000r\000k\000l\000o\000a\000d\000s\000\040\000M\000o\000r\000e\000\040\000T\000h\000a\000n\000\040\000O\000t\000h\000e\000r\000s}{section.3}% 25
\BOOKMARK [3][-]{subsubsection.3.3.1}{\376\377\000W\000h\000e\000n\000\040\000L\000o\000a\000d\000\040\000V\000a\000l\000u\000e\000s\000\040\000A\000c\000t\000u\000a\000l\000l\000y\000\040\000H\000e\000l\000p}{subsection.3.3}% 26
\BOOKMARK [3][-]{subsubsection.3.3.2}{\376\377\000W\000h\000y\000\040\000W\000e\000b\000\040\000B\000e\000n\000c\000h\000m\000a\000r\000k\000s\000\040\000I\000m\000p\000r\000o\000v\000e\000\040\000a\000\040\000L\000o\000t}{subsection.3.3}% 27
\BOOKMARK [3][-]{subsubsection.3.3.3}{\376\377\000H\000o\000w\000\040\000T\000h\000i\000s\000\040\000D\000i\000f\000f\000e\000r\000s\000\040\000f\000r\000o\000m\000\040\000R\000e\000g\000i\000s\000t\000e\000r\000-\000V\000a\000l\000u\000e\000-\000A\000w\000a\000r\000e\000\040\000P\000r\000e\000d\000i\000c\000t\000o\000r\000s}{subsection.3.3}% 28
\BOOKMARK [3][-]{subsubsection.3.3.4}{\376\377\000L\000i\000m\000i\000t\000s\000:\000\040\000T\000i\000m\000i\000n\000g\000\040\000a\000n\000d\000\040\000T\000r\000a\000c\000k\000i\000n\000g\000\040\000S\000i\000z\000e}{subsection.3.3}% 29
\BOOKMARK [1][-]{section.4}{\376\377\000R\000e\000g\000i\000s\000t\000e\000r\000-\000V\000a\000l\000u\000e\000-\000A\000w\000a\000r\000e\000\040\000B\000r\000a\000n\000c\000h\000\040\000P\000r\000e\000d\000i\000c\000t\000o\000r}{}% 30
\BOOKMARK [2][-]{subsection.4.1}{\376\377\000R\000e\000g\000i\000s\000t\000e\000r\000\040\000V\000a\000l\000u\000e\000\040\000A\000w\000a\000r\000e\000\040\000P\000r\000e\000d\000i\000c\000t\000o\000r\000\040\000v\000s\000\040\000B\000a\000s\000e\000l\000i\000n\000e\000\040\000P\000r\000e\000d\000i\000c\000t\000o\000r}{section.4}% 31
\BOOKMARK [3][-]{subsubsection.4.1.1}{\376\377\000S\000u\000m\000m\000a\000r\000y\000\040\000S\000t\000a\000t\000i\000s\000t\000i\000c\000s}{subsection.4.1}% 32
\BOOKMARK [1][-]{section.5}{\376\377\000T\000A\000G\000E\000-\000S\000C\000\040\0002\0000\0002\0005\000\040\000A\000n\000d\000r\000\351\000\040\000S\000e\000z\000n\000e\000c\000\040\000R\000e\000p\000o\000r\000t}{}% 33
\BOOKMARK [2][-]{subsection.5.1}{\376\377\000O\000v\000e\000r\000v\000i\000e\000w}{section.5}% 34
\BOOKMARK [2][-]{subsection.5.2}{\376\377\000O\000p\000t\000i\000m\000i\000z\000a\000t\000i\000o\000n\000\040\000F\000e\000a\000t\000u\000r\000e\000s\000\040\000o\000f\000\040\000T\000A\000G\000E\000\040\0002\0000\0002\0005}{section.5}% 35
\BOOKMARK [2][-]{subsection.5.3}{\376\377\000T\000A\000G\000E\000\040\000S\000C\000\040\0002\0000\0002\0005\000\040\000v\000s\000\040\000T\000A\000G\000E\000\040\000S\000C\000-\000L\000\040\0002\0000\0001\0006}{section.5}% 36
\BOOKMARK [3][-]{subsubsection.5.3.1}{\376\377\000P\000e\000r\000f\000o\000r\000m\000a\000n\000c\000e\000\040\000b\000y\000\040\000F\000r\000a\000m\000e\000w\000o\000r\000k\000\040\000T\000y\000p\000e}{subsection.5.3}% 37
\BOOKMARK [3][-]{subsubsection.5.3.2}{\376\377\000A\000n\000a\000l\000y\000s\000i\000s}{subsection.5.3}% 38
\BOOKMARK [3][-]{subsubsection.5.3.3}{\376\377\000T\000o\000p\000\040\0002\0000\000\040\000M\000o\000s\000t\000\040\000I\000m\000p\000r\000o\000v\000e\000d\000\040\000T\000r\000a\000c\000e\000s}{subsection.5.3}% 39
\BOOKMARK [1][-]{section.6}{\376\377\000T\000A\000G\000E\000-\000S\000C\000-\000L\000\040\000A\000l\000b\000e\000r\000t\000o\000\040\000R\000o\000s\000\040\000P\000r\000e\000d\000i\000c\000t\000o\000r\000\040\000A\000n\000a\000l\000y\000s\000i\000s}{}% 40
\BOOKMARK [2][-]{subsection.6.1}{\376\377\000O\000u\000t\000l\000i\000n\000e\000\040\000o\000f\000\040\000t\000h\000e\000\040\000P\000r\000e\000d\000i\000c\000t\000o\000r}{section.6}% 41
\BOOKMARK [2][-]{subsection.6.2}{\376\377\000P\000r\000e\000d\000i\000c\000t\000o\000r\000\040\000v\000s\000\040\000B\000a\000s\000e\000l\000i\000n\000e\000\040\000P\000r\000e\000d\000i\000c\000t\000o\000r}{section.6}% 42
\BOOKMARK [3][-]{subsubsection.6.2.1}{\376\377\000F\000r\000a\000m\000e\000w\000o\000r\000k\000\040\000P\000e\000r\000f\000o\000r\000m\000a\000n\000c\000e\000\040\000C\000o\000m\000p\000a\000r\000i\000s\000o\000n}{subsection.6.2}% 43
\BOOKMARK [2][-]{subsection.6.3}{\376\377\000D\000i\000r\000e\000c\000t\000\040\000P\000r\000e\000d\000i\000c\000t\000o\000r\000\040\000C\000o\000m\000p\000a\000r\000i\000s\000o\000n}{section.6}% 44
\BOOKMARK [3][-]{subsubsection.6.3.1}{\376\377\000S\000u\000m\000m\000a\000r\000y\000\040\000S\000t\000a\000t\000i\000s\000t\000i\000c\000s}{subsection.6.3}% 45
\BOOKMARK [3][-]{subsubsection.6.3.2}{\376\377\000T\000r\000a\000c\000e\000-\000b\000y\000-\000T\000r\000a\000c\000e\000\040\000C\000o\000m\000p\000a\000r\000i\000s\000o\000n\000\040\000\050\000M\000P\000K\000I\000\051}{subsection.6.3}% 46
\BOOKMARK [3][-]{subsubsection.6.3.3}{\376\377\000B\000i\000g\000g\000e\000s\000t\000\040\000I\000m\000p\000r\000o\000v\000e\000m\000e\000n\000t\000s\000\040\000\050\000S\000e\000z\000n\000e\000c\000\040\000B\000e\000t\000t\000e\000r\000\051}{subsection.6.3}% 47
\BOOKMARK [3][-]{subsubsection.6.3.4}{\376\377\000B\000i\000g\000g\000e\000s\000t\000\040\000R\000e\000g\000r\000e\000s\000s\000i\000o\000n\000s\000\040\000\050\000S\000e\000z\000n\000e\000c\000\040\000W\000o\000r\000s\000e\000\051}{subsection.6.3}% 48
\BOOKMARK [1][-]{section.7}{\376\377\000D\000e\000l\000t\000a\000\040\000A\000n\000a\000l\000y\000s\000e\000s\000\040\000a\000n\000d\000\040\000C\000o\000n\000c\000l\000u\000s\000i\000o\000n\000s}{}% 49
\BOOKMARK [2][-]{subsection.7.1}{\376\377\000L\000V\000C\000P\000\040\000v\000s\000.\000\040\000R\000V\000A\000-\000T\000o\000r\000u\000:\000\040\000T\000h\000e\000\040\000G\000e\000n\000e\000r\000a\000l\000i\000z\000a\000t\000i\000o\000n\000\040\000o\000f\000\040\000V\000a\000l\000u\000e\000\040\000P\000r\000e\000d\000i\000c\000t\000i\000o\000n}{section.7}% 50
\BOOKMARK [3][-]{subsubsection.7.1.1}{\376\377\000A\000n\000a\000l\000y\000s\000i\000s\000\040\000o\000f\000\040\000t\000h\000e\000\040\000D\000e\000l\000t\000a}{subsection.7.1}% 51
\BOOKMARK [3][-]{subsubsection.7.1.2}{\376\377\000V\000i\000s\000u\000a\000l\000\040\000A\000n\000a\000l\000y\000s\000i\000s\000\040\000o\000f\000\040\000t\000h\000e\000\040\000P\000e\000r\000f\000o\000r\000m\000a\000n\000c\000e\000\040\000G\000a\000p}{subsection.7.1}% 52
\BOOKMARK [3][-]{subsubsection.7.1.3}{\376\377\000W\000h\000e\000r\000e\000\040\000L\000V\000C\000P\000\040\000S\000t\000i\000l\000l\000\040\000W\000i\000n\000s}{subsection.7.1}% 53
\BOOKMARK [2][-]{subsection.7.2}{\376\377\000T\000A\000G\000E\000-\000S\000C\000-\000L\000\040\000\050\000S\000e\000z\000n\000e\000c\000\051\000\040\000v\000s\000.\000\040\000R\000V\000A\000-\000T\000o\000r\000u\000:\000\040\000H\000i\000s\000t\000o\000r\000y\000\040\000v\000s\000.\000\040\000D\000a\000t\000a}{section.7}% 54
\BOOKMARK [3][-]{subsubsection.7.2.1}{\376\377\000A\000n\000a\000l\000y\000s\000i\000s\000\040\000o\000f\000\040\000t\000h\000e\000\040\000D\000e\000l\000t\000a}{subsection.7.2}% 55
\BOOKMARK [2][-]{subsection.7.3}{\376\377\000L\000V\000C\000P\000\040\000v\000s\000.\000\040\000T\000A\000G\000E\000-\000S\000C\000-\000L\000:\000\040\000L\000o\000a\000d\000\040\000D\000a\000t\000a\000\040\000v\000s\000.\000\040\000C\000o\000n\000t\000r\000o\000l\000-\000F\000l\000o\000w\000\040\000H\000i\000s\000t\000o\000r\000y}{section.7}% 56
\BOOKMARK [2][-]{subsection.7.4}{\376\377\000T\000A\000G\000E\000-\000S\000C\000L\000\040\000\050\000S\000e\000z\000n\000e\000c\000\051\000\040\000v\000s\000.\000\040\000T\000A\000G\000E\000-\000S\000C\000-\000L\000\040\000\050\000R\000o\000s\000\051\000:\000\040\000I\000m\000p\000l\000e\000m\000e\000n\000t\000a\000t\000i\000o\000n\000\040\000T\000r\000a\000d\000e\000-\000o\000f\000f\000s}{section.7}% 57
\BOOKMARK [3][-]{subsubsection.7.4.1}{\376\377\000A\000n\000a\000l\000y\000s\000i\000s\000\040\000o\000f\000\040\000t\000h\000e\000\040\000D\000e\000l\000t\000a}{subsection.7.4}% 58
\BOOKMARK [1][-]{section.8}{\376\377\000O\000v\000e\000r\000a\000l\000l\000\040\000P\000r\000e\000d\000i\000c\000t\000o\000r\000\040\000R\000a\000n\000k\000i\000n\000g\000s}{}% 59
\BOOKMARK [1][-]{section.9}{\376\377\000C\000o\000n\000c\000l\000u\000s\000i\000o\000n}{}% 60
\BOOKMARK [1][-]{section.10}{\376\377\000S\000c\000o\000p\000e\000\040\000f\000o\000r\000\040\000F\000u\000t\000u\000r\000e\000\040\000W\000o\000r\000k\000:\000\040\000E\000x\000p\000l\000o\000r\000i\000n\000g\000\040\000t\000h\000e\000\040\000L\000i\000m\000i\000t\000s\000\040\000o\000f\000\040\000B\000r\000a\000n\000c\000h\000\040\000P\000r\000e\000d\000i\000c\000t\000i\000o\000n}{}% 61
\BOOKMARK [2][-]{subsection.10.1}{\376\377\000P\000h\000a\000s\000e\000\040\0001\000:\000\040\000S\000t\000u\000d\000y\000i\000n\000g\000\040\000A\000l\000t\000e\000r\000n\000a\000t\000i\000v\000e\000\040\000P\000r\000e\000d\000i\000c\000t\000i\000o\000n\000\040\000S\000t\000y\000l\000e\000s}{section.10}% 62
\BOOKMARK [2][-]{subsection.10.2}{\376\377\000P\000h\000a\000s\000e\000\040\0002\000:\000\040\000A\000n\000\040\000I\000d\000e\000a\000l\000i\000z\000e\000d\000\040\040\034\000I\000n\000f\000i\000n\000i\000t\000e\000-\000H\000a\000r\000d\000w\000a\000r\000e\040\035\000\040\000O\000r\000a\000c\000l\000e}{section.10}% 63
\BOOKMARK [1][-]{section.11}{\376\377\000R\000e\000f\000e\000r\000e\000n\000c\000e\000s}{}% 64
