CMD:./cbp traces/web/web_4_trace.gz
MPP history size: 5.71814 KB
TAGE-SC-L size: 64 KB
Bloom filter size 24 KB
number of bits left is 774129 bits
we can afford 133122 entries total
32 IMLI counter bits
27 x 16 = 432 global path bits
95 total modulo history bits
1648 total modulo path bits
34 x 1280 = 43520 total local history bits
56 x 16 = 896 total recency bits
189 total blurry path bits
23 total acyclic bits
8 bits for theta
leaving 2 entries on the table
1 table of 2048 6-bit entries
32 tables of 4096 6-bit entries
5000000 instrs 
10000000 instrs 
15000000 instrs 
20000000 instrs 
25000000 instrs 
30000000 instrs 
35000000 instrs 
EOF
WINDOW_SIZE = 1024
FETCH_WIDTH = 16
FETCH_NUM_BRANCH = 16
FETCH_STOP_AT_INDIRECT = 1
FETCH_STOP_AT_TAKEN = 1
FETCH_MODEL_ICACHE = 1
PERFECT_BRANCH_PRED = 0
PERFECT_INDIRECT_PRED = 1
PIPELINE_FILL_LATENCY = 10
NUM_LDST_LANES = 8
NUM_ALU_LANES = 16
MEMORY HIERARCHY CONFIGURATION---------------------
STRIDE Prefetcher = 1
PERFECT_CACHE = 0
WRITE_ALLOCATE = 1
Within-pipeline factors:
	AGEN latency = 1 cycle
	Store Queue (SQ): SQ size = window size, oracle memory disambiguation, store-load forwarding = 1 cycle after store's or load's agen.
	* Note: A store searches the L1$ at commit. The store is released
	* from the SQ and window, whether it hits or misses. Store misses
	* are buffered until the block is allocated and the store is
	* performed in the L1$. While buffered, conflicting loads get
	* the store's data as they would from the SQ.
I$: 128 KB, 8-way set-assoc., 64B block size
L1$: 128 KB, 8-way set-assoc., 64B block size, 3-cycle search latency
L2$: 4 MB, 8-way set-assoc., 64B block size, 12-cycle search latency
L3$: 32 MB, 16-way set-assoc., 128B block size, 50-cycle search latency
Main Memory: 150-cycle fixed search time
---------------------------STORE QUEUE MEASUREMENTS (Full Simulation i.e. Counts Not Reset When Warmup Ends)---------------------------
Number of loads: 11509873
Number of loads that miss in SQ: 9266195 (80.51%)
Number of PFs issued to the memory system 1229462
---------------------------------------------------------------------------------------------------------------------------------------
------------------------MEMORY HIERARCHY MEASUREMENTS (Full Simulation i.e. Counts Not Reset When Warmup Ends)-------------------------
I$:
	accesses   = 44605831
	misses     = 31553
	miss ratio = 0.07%
	pf accesses   = 0
	pf misses     = 0
	pf miss ratio = nan%
L1$:
	accesses   = 16323089
	misses     = 179383
	miss ratio = 1.10%
	pf accesses   = 1229462
	pf misses     = 21013
	pf miss ratio = 1.71%
L2$:
	accesses   = 210936
	misses     = 36272
	miss ratio = 17.20%
	pf accesses   = 21013
	pf misses     = 2972
	pf miss ratio = 14.14%
L3$:
	accesses   = 36272
	misses     = 20179
	miss ratio = 55.63%
	pf accesses   = 2972
	pf misses     = 1486
	pf miss ratio = 50.00%
---------------------------------------------------------------------------------------------------------------------------------------
----------------------------------------------Prefetcher (Full Simulation i.e. No Warmup)----------------------------------------------
Num Trainings :11509873
Num Prefetches generated :1231753
Num Prefetches issued :1808226
Num Prefetches filtered by PF queue :24283
Num untimely prefetches dropped from PF queue :2291
Num prefetches not issued LDST contention :578764
Num prefetches not issued stride 0 :3599147
---------------------------------------------------------------------------------------------------------------------------------------

-------------------------------ILP LIMIT STUDY (Full Simulation i.e. Counts Not Reset When Warmup Ends)--------------------------------
instructions = 39999718
cycles       = 13239631
CycWP        = 4966953
IPC          = 3.0212

---------------------------------------------------------------------------------------------------------------------------------------

-----------------------------------------------BRANCH PREDICTION MEASUREMENTS (Full Simulation i.e. Counts Not Reset When Warmup Ends)----------------------------------------------
Type                   NumBr     MispBr        mr     mpki
CondDirect          6265226     165948   2.6487%   4.1487
JumpDirect          1417311          0   0.0000%   0.0000
JumpIndirect         150119          0   0.0000%   0.0000
JumpReturn          1022980          0   0.0000%   0.0000
Not control        35750195          0   0.0000%   0.0000
------------------------------------------------------------------------------------------------------------------------------------------------------------------------------------

------------------------------------------------------DIRECT CONDITIONAL BRANCH PREDICTION MEASUREMENTS (Last 10M instructions)-----------------------------------------------------
       Instr       Cycles      IPC      NumBr     MispBr BrPerCyc MispBrPerCyc        MR     MPKI      CycWP   CycWPAvg   CycWPPKI
    10999718      2926810   3.7583    1699783      34061   0.5808       0.0116   2.0038%   3.0965    1058589    31.0792    96.2378
------------------------------------------------------------------------------------------------------------------------------------------------------------------------------------

------------------------------------------------------DIRECT CONDITIONAL BRANCH PREDICTION MEASUREMENTS (Last 25M instructions)-----------------------------------------------------
       Instr       Cycles      IPC      NumBr     MispBr BrPerCyc MispBrPerCyc        MR     MPKI      CycWP   CycWPAvg   CycWPPKI
    25999718      8117343   3.2030    4128521     108365   0.5086       0.0133   2.6248%   4.1679    3114177    28.7378   119.7773
-------------------------------------------------------------------------------------------------------------------------------------------------------------------------------------

---------------------------------------------------------DIRECT CONDITIONAL BRANCH PREDICTION MEASUREMENTS (50 Perc instructions)---------------------------------------------------
       Instr       Cycles      IPC      NumBr     MispBr BrPerCyc MispBrPerCyc        MR     MPKI      CycWP   CycWPAvg   CycWPPKI
    20999718      6274924   3.3466    3426349      76202   0.5460       0.0121   2.2240%   3.6287    2159892    28.3443   102.8534
------------------------------------------------------------------------------------------------------------------------------------------------------------------------------------

-------------------------------------DIRECT CONDITIONAL BRANCH PREDICTION MEASUREMENTS (Full Simulation i.e. Counts Not Reset When Warmup Ends)-------------------------------------
       Instr       Cycles      IPC      NumBr     MispBr BrPerCyc MispBrPerCyc        MR     MPKI      CycWP   CycWPAvg   CycWPPKI
    39999718     13239631   3.0212    6265226     165948   0.4732       0.0125   2.6487%   4.1487    4966953    29.9308   124.1747
------------------------------------------------------------------------------------------------------------------------------------------------------------------------------------
 Read 39999718 instrs 

ExecTime = 370.64271116256714
