CMD:./cbp traces/web/web_5_trace.gz
5000000 instrs 
10000000 instrs 
G_PERCEP PC=0xAAAAAB3B38DC, theta= 320, max bias=  35, baseline_comp=  0, stable_cnt=255, grace_period=511, time_alive=  0
L_PERCEP PC=0xAAAAAB3B3908, theta= 261, max bias=   8, baseline_comp=  0, stable_cnt=255, grace_period=511, time_alive=  0
G_PERCEP PC=0xAAAAAB3B3908, theta= 320, max bias=  25, baseline_comp=  0, stable_cnt=255, grace_period=511, time_alive=  0
L_PERCEP PC=0xAAAAAB3B38E8, theta= 245, max bias=  29, baseline_comp=  0, stable_cnt=255, grace_period=511, time_alive=  0
G_PERCEP PC=0xAAAAAB3B38E8, theta= 296, max bias=  24, baseline_comp=  0, stable_cnt=255, grace_period=511, time_alive=  0
G_PERCEP PC=0xAAAAAB4A2CB0, theta= 320, max bias=  15, baseline_comp=  0, stable_cnt=255, grace_period=511, time_alive=  0
L_PERCEP PC=0xAAAAAB4A2CB0, theta= 261, max bias=   5, baseline_comp=  0, stable_cnt=255, grace_period=511, time_alive=  0
L_PERCEP PC=0xAAAAAB4A2D24, theta= 261, max bias=  22, baseline_comp=  0, stable_cnt=255, grace_period=511, time_alive=  0
G_PERCEP PC=0xAAAAAB4A2D24, theta= 320, max bias=  29, baseline_comp=  0, stable_cnt=255, grace_period=511, time_alive=  0
15000000 instrs 
L_PERCEP PC=0xAAAAAB5208A4, theta= 261, max bias=  28, baseline_comp=  0, stable_cnt=255, grace_period=511, time_alive=  0
G_PERCEP PC=0xAAAAAB49AB28, theta= 312, max bias=  22, baseline_comp=  0, stable_cnt=255, grace_period=511, time_alive=  0
L_PERCEP PC=0xAAAAAB385194, theta= 253, max bias=  29, baseline_comp=  0, stable_cnt=255, grace_period=511, time_alive=  0
L_PERCEP PC=0xAAAAAB3B39EC, theta= 261, max bias=  20, baseline_comp=  0, stable_cnt=255, grace_period=511, time_alive=  0
L_PERCEP PC=0xAAAAAB3B38DC, theta= 253, max bias=  38, baseline_comp=  0, stable_cnt=255, grace_period=511, time_alive=  0
L_PERCEP PC=0xAAAAAB10B624, theta= 261, max bias=  24, baseline_comp=  0, stable_cnt= 21, grace_period=511, time_alive=65535
L_PERCEP PC=0xAAAAAB10B2A0, theta= 261, max bias=  25, baseline_comp=  0, stable_cnt=  0, grace_period=415, time_alive=65535
G_PERCEP PC=0xAAAAAB3B4234, theta= 320, max bias=  32, baseline_comp=  0, stable_cnt=255, grace_period=511, time_alive=  0
L_PERCEP PC=0xAAAAAB49AA70, theta= 261, max bias=  23, baseline_comp=  0, stable_cnt=255, grace_period=511, time_alive=  0
L_PERCEP PC=0xAAAAAB468AEC, theta= 253, max bias=  14, baseline_comp=  0, stable_cnt= 24, grace_period=511, time_alive=65535
L_PERCEP PC=0xAAAAAB468BA8, theta= 261, max bias=  31, baseline_comp=  1, stable_cnt=  0, grace_period=511, time_alive=65535
20000000 instrs 
G_PERCEP PC=0xAAAAAB10B624, theta= 320, max bias=  17, baseline_comp=  0, stable_cnt= 21, grace_period=511, time_alive=65535
G_PERCEP PC=0xAAAAAB10B2A0, theta= 320, max bias=  20, baseline_comp=  0, stable_cnt=  0, grace_period=415, time_alive=65535
L_PERCEP PC=0xAAAAAB465CA8, theta= 261, max bias=  17, baseline_comp=  6, stable_cnt=  0, grace_period=511, time_alive=65535
L_PERCEP PC=0xAAAAAB4B3024, theta= 261, max bias=   6, baseline_comp=  0, stable_cnt=  0, grace_period= 22, time_alive=65535
L_PERCEP PC=0xAAAAAB3B38B0, theta= 261, max bias=  15, baseline_comp=  0, stable_cnt=255, grace_period=511, time_alive=  0
G_PERCEP PC=0xAAAAAB468AEC, theta= 312, max bias=  13, baseline_comp=  1, stable_cnt=  0, grace_period=511, time_alive=65535
G_PERCEP PC=0xAAAAAB468BA8, theta= 320, max bias=  11, baseline_comp=  1, stable_cnt=  0, grace_period=511, time_alive=65535
L_PERCEP PC=0xAAAAAB4BD7C8, theta= 261, max bias=  14, baseline_comp=  1, stable_cnt=  0, grace_period=108, time_alive=65535
L_PERCEP PC=0xAAAAAB4BD76C, theta= 261, max bias=  14, baseline_comp=  0, stable_cnt=  4, grace_period=511, time_alive=65535
L_PERCEP PC=0xAAAAAB4BD7A8, theta= 261, max bias=  22, baseline_comp=  1, stable_cnt=  0, grace_period=511, time_alive=65535
L_PERCEP PC=0xAAAAAB39BD8C, theta= 261, max bias=  22, baseline_comp=  0, stable_cnt= 18, grace_period=511, time_alive=65535
L_PERCEP PC=0xAAAAAB4B7E54, theta= 261, max bias=  25, baseline_comp=  0, stable_cnt=255, grace_period=511, time_alive=  0
25000000 instrs 
30000000 instrs 
35000000 instrs 
G_PERCEP PC=0xAAAAAB3B30EC, theta= 312, max bias=  18, baseline_comp=  0, stable_cnt=255, grace_period=511, time_alive=  0
L_PERCEP PC=0xAAAAAB3B30EC, theta= 253, max bias=  27, baseline_comp=  0, stable_cnt=255, grace_period=511, time_alive=  0
L_PERCEP PC=0xAAAAAB49BBF0, theta= 261, max bias=  23, baseline_comp=  0, stable_cnt=255, grace_period=511, time_alive=  0
G_PERCEP PC=0xAAAAAB465CA8, theta= 320, max bias=   0, baseline_comp=  0, stable_cnt=  0, grace_period=  0, time_alive=65535
L_PERCEP PC=0xAAAAAB498240, theta= 261, max bias=   5, baseline_comp=  0, stable_cnt=255, grace_period=511, time_alive=  0
L_PERCEP PC=0xAAAAAB3B3B80, theta= 261, max bias=  25, baseline_comp=  0, stable_cnt= 37, grace_period=511, time_alive=65535
G_PERCEP PC=0xAAAAAB385194, theta= 312, max bias=  15, baseline_comp=  0, stable_cnt=255, grace_period=511, time_alive=  0
L_PERCEP PC=0xAAAAAB3B389C, theta= 261, max bias=  38, baseline_comp=  0, stable_cnt=255, grace_period=511, time_alive=  0
L_PERCEP PC=0xAAAAAB383388, theta= 261, max bias=  10, baseline_comp=  0, stable_cnt=  0, grace_period=221, time_alive=65535
G_PERCEP PC=0xAAAAAB5208A4, theta= 304, max bias=  42, baseline_comp=  0, stable_cnt=255, grace_period=511, time_alive=  0
L_PERCEP PC=0xAAAAAB499D90, theta= 261, max bias=  10, baseline_comp=  0, stable_cnt=  0, grace_period= 68, time_alive=65535
L_PERCEP PC=0xAAAAAB499C6C, theta= 261, max bias=  22, baseline_comp=  0, stable_cnt=  0, grace_period=260, time_alive=65535
L_PERCEP PC=0xAAAAAB499D24, theta= 253, max bias=  22, baseline_comp=  0, stable_cnt= 97, grace_period=511, time_alive=65535
G_PERCEP PC=0xAAAAAB3B39EC, theta= 296, max bias=   4, baseline_comp=  0, stable_cnt=255, grace_period=511, time_alive=  0
G_PERCEP PC=0xAAAAAB3B3B80, theta= 304, max bias=  31, baseline_comp=  0, stable_cnt=255, grace_period=511, time_alive=  0
EOF
======== Predictor Memory ========
TAGE-SC-L (bits) = 1305275
TAGE-SC-L (KBytes) = 159.335327
H2P_ID_MEM_BITS = 19456
H2P_ID_MEM (KBytes) = 2.375000
L_PERCEP_MEM_BITS = 176320
L_PERCEP_MEM (KBytes) = 21.523438
G_PERCEP_MEM_BITS = 33184
G_PERCEP_MEM (KBytes) = 4.050781
Total Memory (bits) = 1534235
Total Memory (KBytes) = 187.284546
======== Runtime Statistics ========
COL h2p_insert_cnt = 78
COL h2p_with_tage = 6013818
COL h2p_with_lhist_percep = 0
COL h2p_with_ghist_percep = 0
COL filtered_updates = 0
COL lhist_percep_evictions = 15
COL ghist_percep_evictions = 12
COL lhist_percep_stale_evictions = 15
COL ghist_percep_stale_evictions = 5
======== End of Statistics ========
WINDOW_SIZE = 1024
FETCH_WIDTH = 16
FETCH_NUM_BRANCH = 16
FETCH_STOP_AT_INDIRECT = 1
FETCH_STOP_AT_TAKEN = 1
FETCH_MODEL_ICACHE = 1
PERFECT_BRANCH_PRED = 0
PERFECT_INDIRECT_PRED = 1
PIPELINE_FILL_LATENCY = 10
NUM_LDST_LANES = 8
NUM_ALU_LANES = 16
MEMORY HIERARCHY CONFIGURATION---------------------
STRIDE Prefetcher = 1
PERFECT_CACHE = 0
WRITE_ALLOCATE = 1
Within-pipeline factors:
	AGEN latency = 1 cycle
	Store Queue (SQ): SQ size = window size, oracle memory disambiguation, store-load forwarding = 1 cycle after store's or load's agen.
	* Note: A store searches the L1$ at commit. The store is released
	* from the SQ and window, whether it hits or misses. Store misses
	* are buffered until the block is allocated and the store is
	* performed in the L1$. While buffered, conflicting loads get
	* the store's data as they would from the SQ.
I$: 128 KB, 8-way set-assoc., 64B block size
L1$: 128 KB, 8-way set-assoc., 64B block size, 3-cycle search latency
L2$: 4 MB, 8-way set-assoc., 64B block size, 12-cycle search latency
L3$: 32 MB, 16-way set-assoc., 128B block size, 50-cycle search latency
Main Memory: 150-cycle fixed search time
---------------------------STORE QUEUE MEASUREMENTS (Full Simulation i.e. Counts Not Reset When Warmup Ends)---------------------------
Number of loads: 11405820
Number of loads that miss in SQ: 9348549 (81.96%)
Number of PFs issued to the memory system 973680
---------------------------------------------------------------------------------------------------------------------------------------
------------------------MEMORY HIERARCHY MEASUREMENTS (Full Simulation i.e. Counts Not Reset When Warmup Ends)-------------------------
I$:
	accesses   = 44343703
	misses     = 28810
	miss ratio = 0.06%
	pf accesses   = 0
	pf misses     = 0
	pf miss ratio = nan%
L1$:
	accesses   = 15962930
	misses     = 116867
	miss ratio = 0.73%
	pf accesses   = 973680
	pf misses     = 14424
	pf miss ratio = 1.48%
L2$:
	accesses   = 145677
	misses     = 32272
	miss ratio = 22.15%
	pf accesses   = 14424
	pf misses     = 1642
	pf miss ratio = 11.38%
L3$:
	accesses   = 32272
	misses     = 17974
	miss ratio = 55.70%
	pf accesses   = 1642
	pf misses     = 786
	pf miss ratio = 47.87%
---------------------------------------------------------------------------------------------------------------------------------------
----------------------------------------------Prefetcher (Full Simulation i.e. No Warmup)----------------------------------------------
Num Trainings :11405820
Num Prefetches generated :976697
Num Prefetches issued :1465384
Num Prefetches filtered by PF queue :23124
Num untimely prefetches dropped from PF queue :3017
Num prefetches not issued LDST contention :491704
Num prefetches not issued stride 0 :4040954
---------------------------------------------------------------------------------------------------------------------------------------

-------------------------------ILP LIMIT STUDY (Full Simulation i.e. Counts Not Reset When Warmup Ends)--------------------------------
instructions = 39999694
cycles       = 12206459
CycWP        = 4550012
IPC          = 3.2769

---------------------------------------------------------------------------------------------------------------------------------------

-----------------------------------------------BRANCH PREDICTION MEASUREMENTS (Full Simulation i.e. Counts Not Reset When Warmup Ends)----------------------------------------------
Type                   NumBr     MispBr        mr     mpki
CondDirect          6198022     172075   2.7763%   4.3019
JumpDirect          1406941          0   0.0000%   0.0000
JumpIndirect         236471          0   0.0000%   0.0000
JumpReturn           866875          0   0.0000%   0.0000
Not control        35635394          0   0.0000%   0.0000
------------------------------------------------------------------------------------------------------------------------------------------------------------------------------------

------------------------------------------------------DIRECT CONDITIONAL BRANCH PREDICTION MEASUREMENTS (Last 10M instructions)-----------------------------------------------------
       Instr       Cycles      IPC      NumBr     MispBr BrPerCyc MispBrPerCyc        MR     MPKI      CycWP   CycWPAvg   CycWPPKI
    10999694      2906807   3.7841    1729840      38512   0.5951       0.0132   2.2263%   3.5012     947564    24.6044    86.1446
------------------------------------------------------------------------------------------------------------------------------------------------------------------------------------

------------------------------------------------------DIRECT CONDITIONAL BRANCH PREDICTION MEASUREMENTS (Last 25M instructions)-----------------------------------------------------
       Instr       Cycles      IPC      NumBr     MispBr BrPerCyc MispBrPerCyc        MR     MPKI      CycWP   CycWPAvg   CycWPPKI
    25999694      8208750   3.1673    4057851     133698   0.4943       0.0163   3.2948%   5.1423    3500957    26.1856   134.6538
-------------------------------------------------------------------------------------------------------------------------------------------------------------------------------------

---------------------------------------------------------DIRECT CONDITIONAL BRANCH PREDICTION MEASUREMENTS (50 Perc instructions)---------------------------------------------------
       Instr       Cycles      IPC      NumBr     MispBr BrPerCyc MispBrPerCyc        MR     MPKI      CycWP   CycWPAvg   CycWPPKI
    20999694      6320528   3.3225    3330435     100978   0.5269       0.0160   3.0320%   4.8085    2606978    25.8173   124.1436
------------------------------------------------------------------------------------------------------------------------------------------------------------------------------------

-------------------------------------DIRECT CONDITIONAL BRANCH PREDICTION MEASUREMENTS (Full Simulation i.e. Counts Not Reset When Warmup Ends)-------------------------------------
       Instr       Cycles      IPC      NumBr     MispBr BrPerCyc MispBrPerCyc        MR     MPKI      CycWP   CycWPAvg   CycWPPKI
    39999694     12206459   3.2769    6198022     172075   0.5078       0.0141   2.7763%   4.3019    4550012    26.4420   113.7512
------------------------------------------------------------------------------------------------------------------------------------------------------------------------------------
 Read 39999694 instrs 
G_PERCEP PC=0xAAAAAB49BBCC, theta= 320, max bias=   0, baseline_comp=  0, stable_cnt=  0, grace_period=  0, time_alive=4667
G_PERCEP PC=0xAAAAAB4BD7C8, theta= 320, max bias=   0, baseline_comp=  0, stable_cnt=  0, grace_period=  0, time_alive=8975
G_PERCEP PC=0xAAAAAB4BD76C, theta= 320, max bias=   0, baseline_comp=  0, stable_cnt=  0, grace_period=  0, time_alive=17117
G_PERCEP PC=0xAAAAAB4C1B14, theta= 320, max bias=   0, baseline_comp=  0, stable_cnt=  0, grace_period=  0, time_alive=36042
G_PERCEP PC=0xAAAAAB498240, theta= 312, max bias=  16, baseline_comp=  0, stable_cnt=  0, grace_period=368, time_alive=29134
G_PERCEP PC=0xAAAAAB3B30DC, theta= 304, max bias=  27, baseline_comp=  3, stable_cnt=  0, grace_period=511, time_alive= 14
G_PERCEP PC=0xAAAAAB3B38E8, theta= 296, max bias=  56, baseline_comp=  0, stable_cnt=  7, grace_period=511, time_alive=  7
G_PERCEP PC=0xAAAAAB3B3908, theta= 344, max bias=  49, baseline_comp=  4, stable_cnt=  0, grace_period=511, time_alive=  0
G_PERCEP PC=0xAAAAAB4B3024, theta= 296, max bias=  50, baseline_comp=  0, stable_cnt=  8, grace_period=511, time_alive=21513
G_PERCEP PC=0xAAAAAB3B40B4, theta= 352, max bias=  35, baseline_comp=  1, stable_cnt=  7, grace_period=511, time_alive=25328
G_PERCEP PC=0xAAAAAB49BBF0, theta= 304, max bias=  25, baseline_comp=  3, stable_cnt=  0, grace_period=511, time_alive=21918
G_PERCEP PC=0xAAAAAB3B40A0, theta= 344, max bias=  61, baseline_comp=  1, stable_cnt=  2, grace_period=511, time_alive=25329
G_PERCEP PC=0xAAAAAB4BD7A8, theta= 320, max bias=   0, baseline_comp=  0, stable_cnt=  0, grace_period=  0, time_alive=34077
G_PERCEP PC=0xAAAAAB3B3A18, theta= 296, max bias=   7, baseline_comp=  1, stable_cnt= 74, grace_period=511, time_alive=719
G_PERCEP PC=0xAAAAAB3B425C, theta= 368, max bias=  89, baseline_comp=  0, stable_cnt= 13, grace_period=511, time_alive=21907
G_PERCEP PC=0xAAAAAB49AA70, theta= 288, max bias=  25, baseline_comp=  0, stable_cnt=178, grace_period=511, time_alive=29136
L_PERCEP PC=0xAAAAAB34576C, theta= 261, max bias=   0, baseline_comp=  0, stable_cnt=  0, grace_period=  0, time_alive=11683
L_PERCEP PC=0xAAAAAB345748, theta= 261, max bias=   0, baseline_comp=  0, stable_cnt=  0, grace_period=  0, time_alive=11687
L_PERCEP PC=0xAAAAAB3479DC, theta= 261, max bias=   0, baseline_comp=  0, stable_cnt=  0, grace_period=  0, time_alive=31086
L_PERCEP PC=0xAAAAAB347FC0, theta= 261, max bias=   0, baseline_comp=  0, stable_cnt=  0, grace_period=  0, time_alive=32653
L_PERCEP PC=0xAAAAAB3483AC, theta= 261, max bias=   0, baseline_comp=  0, stable_cnt=  0, grace_period=  0, time_alive=35752
L_PERCEP PC=0xAAAAAB353D44, theta= 261, max bias=   0, baseline_comp=  0, stable_cnt=  0, grace_period=  0, time_alive=41101
L_PERCEP PC=0xAAAAAAB85694, theta= 261, max bias=  23, baseline_comp=  4, stable_cnt=  0, grace_period=511, time_alive=9151
L_PERCEP PC=0xAAAAAB3544E4, theta= 261, max bias=   0, baseline_comp=  0, stable_cnt=  0, grace_period=  0, time_alive=22908
L_PERCEP PC=0xAAAAAB350A24, theta= 261, max bias=  31, baseline_comp=  0, stable_cnt=  7, grace_period=511, time_alive=45789
L_PERCEP PC=0xAAAAAB4B7E44, theta= 261, max bias=   5, baseline_comp=  1, stable_cnt=  0, grace_period= 87, time_alive=49936
L_PERCEP PC=0xAAAAAB4BE5D0, theta= 261, max bias=   5, baseline_comp=  0, stable_cnt=  0, grace_period= 10, time_alive=50296
L_PERCEP PC=0xAAAAAB347F80, theta= 261, max bias=   0, baseline_comp=  0, stable_cnt=  0, grace_period=  0, time_alive=31936
L_PERCEP PC=0xAAAAAB4BE688, theta= 261, max bias=  12, baseline_comp=  0, stable_cnt= 58, grace_period=511, time_alive=50295
L_PERCEP PC=0xAAAAAB4BE630, theta= 261, max bias=  28, baseline_comp=  0, stable_cnt=  4, grace_period=511, time_alive=50294
L_PERCEP PC=0xAAAAAB3B4214, theta= 261, max bias=  24, baseline_comp=  1, stable_cnt=  0, grace_period=511, time_alive=17806
L_PERCEP PC=0xAAAAAB4B9FFC, theta= 261, max bias=   8, baseline_comp=  3, stable_cnt=  0, grace_period=511, time_alive=56347
L_PERCEP PC=0xAAAAAB3B425C, theta= 277, max bias=  37, baseline_comp=  0, stable_cnt= 25, grace_period=511, time_alive=17804
L_PERCEP PC=0xAAAAAB4BD784, theta= 261, max bias=  29, baseline_comp=  1, stable_cnt=  0, grace_period=511, time_alive=52659
L_PERCEP PC=0xAAAAAB4C1BD0, theta= 269, max bias=  17, baseline_comp=  0, stable_cnt=  8, grace_period=511, time_alive=63168
L_PERCEP PC=0xAAAAAB3B40A0, theta= 237, max bias=  42, baseline_comp=  1, stable_cnt=  3, grace_period=511, time_alive=23554
L_PERCEP PC=0xAAAAAB4C1B14, theta= 269, max bias=  34, baseline_comp=  0, stable_cnt=  6, grace_period=511, time_alive=63169
L_PERCEP PC=0xAAAAAB3B30DC, theta= 261, max bias=  37, baseline_comp=  1, stable_cnt=  0, grace_period=511, time_alive= 14
L_PERCEP PC=0xAAAAAB3B38E8, theta= 229, max bias=  39, baseline_comp=  1, stable_cnt=  0, grace_period=511, time_alive=  7
L_PERCEP PC=0xAAAAAB3B3908, theta= 253, max bias=  42, baseline_comp=  5, stable_cnt=  0, grace_period=511, time_alive=  0
L_PERCEP PC=0xAAAAAB49BBCC, theta= 261, max bias=  25, baseline_comp=  0, stable_cnt= 45, grace_period=511, time_alive=27191
L_PERCEP PC=0xAAAAAB3B3A18, theta= 261, max bias=  25, baseline_comp=  1, stable_cnt= 54, grace_period=511, time_alive=719
L_PERCEP PC=0xAAAAAB3B40B4, theta= 253, max bias=  38, baseline_comp=  1, stable_cnt= 18, grace_period=511, time_alive=23553
L_PERCEP PC=0xAAAAAB3B4234, theta= 261, max bias=  36, baseline_comp=  4, stable_cnt=  0, grace_period=511, time_alive=17801
L_PERCEP PC=0xAAAAAAB85668, theta= 261, max bias=  13, baseline_comp= 22, stable_cnt=  0, grace_period=511, time_alive=10552
L_PERCEP PC=0xAAAAAB4B7E60, theta= 261, max bias=  28, baseline_comp=  0, stable_cnt= 46, grace_period=511, time_alive=49928
L_PERCEP PC=0xAAAAAB350A44, theta= 261, max bias=   0, baseline_comp=  0, stable_cnt=  0, grace_period=  0, time_alive=11728
L_PERCEP PC=0xAAAAAB49AB28, theta= 245, max bias=  30, baseline_comp=  0, stable_cnt= 91, grace_period=511, time_alive=27331

ExecTime = 365.6168613433838
