CMD:./cbp traces/web/web_3_trace.gz
5000000 instrs 
10000000 instrs 
L_PERCEP PC=0xAAAAAB3B3908, theta= 261, max bias=  15, baseline_comp=  0, stable_cnt=255, grace_period=511, time_alive=  0
G_PERCEP PC=0xAAAAAB3B3908, theta= 320, max bias=  26, baseline_comp=  0, stable_cnt=255, grace_period=511, time_alive=  0
L_PERCEP PC=0xAAAAAB4A2CB0, theta= 261, max bias=   9, baseline_comp=  0, stable_cnt=255, grace_period=511, time_alive=  0
G_PERCEP PC=0xAAAAAB4A2CB0, theta= 320, max bias=  17, baseline_comp=  0, stable_cnt=255, grace_period=511, time_alive=  0
L_PERCEP PC=0xAAAAAB4A2D24, theta= 261, max bias=  11, baseline_comp=  0, stable_cnt=255, grace_period=511, time_alive=  0
G_PERCEP PC=0xAAAAAB4A2D24, theta= 320, max bias=  30, baseline_comp=  0, stable_cnt=255, grace_period=511, time_alive=  0
15000000 instrs 
G_PERCEP PC=0xAAAAAB3B3908, theta= 328, max bias=  44, baseline_comp=  0, stable_cnt=255, grace_period=511, time_alive=  0
L_PERCEP PC=0xAAAAAB10B624, theta= 261, max bias=  25, baseline_comp=  0, stable_cnt=236, grace_period=511, time_alive=65535
L_PERCEP PC=0xAAAAAB10B284, theta= 261, max bias=  23, baseline_comp=  9, stable_cnt=  0, grace_period=511, time_alive=65535
L_PERCEP PC=0xAAAAAB10B2A0, theta= 261, max bias=   1, baseline_comp=  0, stable_cnt=  0, grace_period=  7, time_alive=65535
G_PERCEP PC=0xAAAAAB10B624, theta= 320, max bias=  20, baseline_comp=  0, stable_cnt=236, grace_period=511, time_alive=65535
G_PERCEP PC=0xAAAAAB10B284, theta= 320, max bias=  34, baseline_comp= 12, stable_cnt=  0, grace_period=511, time_alive=65535
G_PERCEP PC=0xAAAAAB10B2A0, theta= 320, max bias=   1, baseline_comp=  0, stable_cnt=  0, grace_period=  7, time_alive=65535
G_PERCEP PC=0xAAAAAB3B4234, theta= 312, max bias=  53, baseline_comp=  0, stable_cnt=255, grace_period=511, time_alive=  0
20000000 instrs 
L_PERCEP PC=0xAAAAAB5208A4, theta= 261, max bias=  28, baseline_comp=  0, stable_cnt=  9, grace_period=511, time_alive=65535
25000000 instrs 
L_PERCEP PC=0x400100098350, theta= 261, max bias=   0, baseline_comp=  0, stable_cnt=255, grace_period=511, time_alive=  0
30000000 instrs 
L_PERCEP PC=0x400100096370, theta= 261, max bias=   4, baseline_comp=  0, stable_cnt=255, grace_period=511, time_alive=  0
35000000 instrs 
G_PERCEP PC=0xAAAAAB49AA70, theta= 304, max bias=  23, baseline_comp=  0, stable_cnt=255, grace_period=511, time_alive=  0
L_PERCEP PC=0xAAAAAB49AA70, theta= 253, max bias=  28, baseline_comp=  0, stable_cnt=255, grace_period=511, time_alive=  0
G_PERCEP PC=0xAAAAAB49AB28, theta= 296, max bias=  35, baseline_comp=  0, stable_cnt=255, grace_period=511, time_alive=  0
L_PERCEP PC=0xAAAAAB49AB28, theta= 253, max bias=  26, baseline_comp=  0, stable_cnt=255, grace_period=511, time_alive=  0
L_PERCEP PC=0xAAAAAB49BBF0, theta= 261, max bias=  16, baseline_comp=  0, stable_cnt=255, grace_period=511, time_alive=  0
L_PERCEP PC=0xAAAAAB3B38DC, theta= 253, max bias=  24, baseline_comp=  0, stable_cnt=255, grace_period=511, time_alive=  0
L_PERCEP PC=0xAAAAAB3B38B0, theta= 253, max bias=  35, baseline_comp=  0, stable_cnt=255, grace_period=511, time_alive=  0
L_PERCEP PC=0xAAAAAB3B3B80, theta= 261, max bias=   8, baseline_comp=  3, stable_cnt=  0, grace_period= 83, time_alive=65535
G_PERCEP PC=0xAAAAAB3B38B0, theta= 312, max bias=  34, baseline_comp=  0, stable_cnt=255, grace_period=511, time_alive=  0
L_PERCEP PC=0xAAAAAB3B39EC, theta= 253, max bias=  11, baseline_comp=  0, stable_cnt=255, grace_period=511, time_alive=  0
G_PERCEP PC=0xAAAAAB3B39EC, theta= 296, max bias=  24, baseline_comp=  0, stable_cnt=255, grace_period=511, time_alive=  0
G_PERCEP PC=0xAAAAAB5208A4, theta= 312, max bias=  23, baseline_comp=  0, stable_cnt=  9, grace_period=511, time_alive=65535
L_PERCEP PC=0xAAAAAB499D24, theta= 261, max bias=  21, baseline_comp=  0, stable_cnt=  0, grace_period=349, time_alive=65535
L_PERCEP PC=0xAAAAAB3B40A0, theta= 253, max bias=  33, baseline_comp=  0, stable_cnt=255, grace_period=511, time_alive=  0
G_PERCEP PC=0xAAAAAB3B40A0, theta= 320, max bias=  33, baseline_comp=  0, stable_cnt=255, grace_period=511, time_alive=  0
G_PERCEP PC=0xAAAAAB49BBF0, theta= 304, max bias=  23, baseline_comp=  0, stable_cnt=255, grace_period=511, time_alive=  0
L_PERCEP PC=0xAAAAAB4C1B14, theta= 261, max bias=  29, baseline_comp=  2, stable_cnt=  0, grace_period=511, time_alive=65535
L_PERCEP PC=0xAAAAAB4C1BD0, theta= 261, max bias=  16, baseline_comp=  0, stable_cnt=  0, grace_period=357, time_alive=65535
G_PERCEP PC=0xAAAAAB3B30DC, theta= 312, max bias=  36, baseline_comp=  0, stable_cnt=255, grace_period=511, time_alive=  0
L_PERCEP PC=0xAAAAAB4BD7C8, theta= 261, max bias=  14, baseline_comp=  1, stable_cnt=  0, grace_period=252, time_alive=65535
L_PERCEP PC=0xAAAAAB4BD76C, theta= 269, max bias=  19, baseline_comp=  1, stable_cnt=  4, grace_period=511, time_alive=65535
L_PERCEP PC=0xAAAAAB4BD7A8, theta= 261, max bias=  21, baseline_comp=  1, stable_cnt=  2, grace_period=511, time_alive=65535
L_PERCEP PC=0xAAAAAB4B7E54, theta= 261, max bias=  29, baseline_comp=  2, stable_cnt=  0, grace_period=511, time_alive=65535
L_PERCEP PC=0xAAAAAB4B7E60, theta= 261, max bias=  26, baseline_comp=  2, stable_cnt=  0, grace_period=511, time_alive=65535
L_PERCEP PC=0xAAAAAB385194, theta= 253, max bias=  29, baseline_comp=  0, stable_cnt=255, grace_period=511, time_alive=  0
L_PERCEP PC=0xAAAAAB4A2CB0, theta= 261, max bias=  13, baseline_comp=  0, stable_cnt=255, grace_period=511, time_alive=  0
G_PERCEP PC=0xAAAAAB3B38DC, theta= 304, max bias=  59, baseline_comp=  0, stable_cnt=255, grace_period=511, time_alive=  0
G_PERCEP PC=0xAAAAAB496B0C, theta= 320, max bias=  37, baseline_comp=  0, stable_cnt=255, grace_period=511, time_alive=  0
L_PERCEP PC=0xAAAAAB496B0C, theta= 261, max bias=  31, baseline_comp=  0, stable_cnt=255, grace_period=511, time_alive=  0
L_PERCEP PC=0xAAAAAB347FC0, theta= 253, max bias=  23, baseline_comp=  0, stable_cnt= 74, grace_period=511, time_alive=65535
L_PERCEP PC=0xAAAAAB353D44, theta= 261, max bias=  14, baseline_comp= 63, stable_cnt=255, grace_period=511, time_alive=65535
L_PERCEP PC=0xAAAAAB347F80, theta= 253, max bias=  33, baseline_comp= 47, stable_cnt=  0, grace_period=511, time_alive=65535
EOF
======== Predictor Memory ========
TAGE-SC-L (bits) = 1305275
TAGE-SC-L (KBytes) = 159.335327
H2P_ID_MEM_BITS = 19456
H2P_ID_MEM (KBytes) = 2.375000
L_PERCEP_MEM_BITS = 176320
L_PERCEP_MEM (KBytes) = 21.523438
G_PERCEP_MEM_BITS = 33184
G_PERCEP_MEM (KBytes) = 4.050781
Total Memory (bits) = 1534235
Total Memory (KBytes) = 187.284546
======== Runtime Statistics ========
COL h2p_insert_cnt = 54
COL h2p_with_tage = 5852340
COL h2p_with_lhist_percep = 9354
COL h2p_with_ghist_percep = 0
COL filtered_updates = 477
COL lhist_percep_evictions = 15
COL ghist_percep_evictions = 14
COL lhist_percep_stale_evictions = 16
COL ghist_percep_stale_evictions = 4
======== End of Statistics ========
WINDOW_SIZE = 1024
FETCH_WIDTH = 16
FETCH_NUM_BRANCH = 16
FETCH_STOP_AT_INDIRECT = 1
FETCH_STOP_AT_TAKEN = 1
FETCH_MODEL_ICACHE = 1
PERFECT_BRANCH_PRED = 0
PERFECT_INDIRECT_PRED = 1
PIPELINE_FILL_LATENCY = 10
NUM_LDST_LANES = 8
NUM_ALU_LANES = 16
MEMORY HIERARCHY CONFIGURATION---------------------
STRIDE Prefetcher = 1
PERFECT_CACHE = 0
WRITE_ALLOCATE = 1
Within-pipeline factors:
	AGEN latency = 1 cycle
	Store Queue (SQ): SQ size = window size, oracle memory disambiguation, store-load forwarding = 1 cycle after store's or load's agen.
	* Note: A store searches the L1$ at commit. The store is released
	* from the SQ and window, whether it hits or misses. Store misses
	* are buffered until the block is allocated and the store is
	* performed in the L1$. While buffered, conflicting loads get
	* the store's data as they would from the SQ.
I$: 128 KB, 8-way set-assoc., 64B block size
L1$: 128 KB, 8-way set-assoc., 64B block size, 3-cycle search latency
L2$: 4 MB, 8-way set-assoc., 64B block size, 12-cycle search latency
L3$: 32 MB, 16-way set-assoc., 128B block size, 50-cycle search latency
Main Memory: 150-cycle fixed search time
---------------------------STORE QUEUE MEASUREMENTS (Full Simulation i.e. Counts Not Reset When Warmup Ends)---------------------------
Number of loads: 11413025
Number of loads that miss in SQ: 9134419 (80.04%)
Number of PFs issued to the memory system 748665
---------------------------------------------------------------------------------------------------------------------------------------
------------------------MEMORY HIERARCHY MEASUREMENTS (Full Simulation i.e. Counts Not Reset When Warmup Ends)-------------------------
I$:
	accesses   = 44776292
	misses     = 31152
	miss ratio = 0.07%
	pf accesses   = 0
	pf misses     = 0
	pf miss ratio = nan%
L1$:
	accesses   = 15994579
	misses     = 88985
	miss ratio = 0.56%
	pf accesses   = 748665
	pf misses     = 32063
	pf miss ratio = 4.28%
L2$:
	accesses   = 120137
	misses     = 38389
	miss ratio = 31.95%
	pf accesses   = 32063
	pf misses     = 8239
	pf miss ratio = 25.70%
L3$:
	accesses   = 38389
	misses     = 20429
	miss ratio = 53.22%
	pf accesses   = 8239
	pf misses     = 5158
	pf miss ratio = 62.60%
---------------------------------------------------------------------------------------------------------------------------------------
----------------------------------------------Prefetcher (Full Simulation i.e. No Warmup)----------------------------------------------
Num Trainings :11413025
Num Prefetches generated :750541
Num Prefetches issued :1334189
Num Prefetches filtered by PF queue :24497
Num untimely prefetches dropped from PF queue :1876
Num prefetches not issued LDST contention :585524
Num prefetches not issued stride 0 :4626312
---------------------------------------------------------------------------------------------------------------------------------------

-------------------------------ILP LIMIT STUDY (Full Simulation i.e. Counts Not Reset When Warmup Ends)--------------------------------
instructions = 39999981
cycles       = 12076473
CycWP        = 4392795
IPC          = 3.3122

---------------------------------------------------------------------------------------------------------------------------------------

-----------------------------------------------BRANCH PREDICTION MEASUREMENTS (Full Simulation i.e. Counts Not Reset When Warmup Ends)----------------------------------------------
Type                   NumBr     MispBr        mr     mpki
CondDirect          6018442     143600   2.3860%   3.5900
JumpDirect          1066191          0   0.0000%   0.0000
JumpIndirect         306179          0   0.0000%   0.0000
JumpReturn           735123          0   0.0000%   0.0000
Not control        36650357          0   0.0000%   0.0000
------------------------------------------------------------------------------------------------------------------------------------------------------------------------------------

------------------------------------------------------DIRECT CONDITIONAL BRANCH PREDICTION MEASUREMENTS (Last 10M instructions)-----------------------------------------------------
       Instr       Cycles      IPC      NumBr     MispBr BrPerCyc MispBrPerCyc        MR     MPKI      CycWP   CycWPAvg   CycWPPKI
    10999981      2540720   4.3295    1726890      25152   0.6797       0.0099   1.4565%   2.2865     889846    35.3787    80.8952
------------------------------------------------------------------------------------------------------------------------------------------------------------------------------------

------------------------------------------------------DIRECT CONDITIONAL BRANCH PREDICTION MEASUREMENTS (Last 25M instructions)-----------------------------------------------------
       Instr       Cycles      IPC      NumBr     MispBr BrPerCyc MispBrPerCyc        MR     MPKI      CycWP   CycWPAvg   CycWPPKI
    25999981      7341836   3.5413    4101245     102324   0.5586       0.0139   2.4949%   3.9355    3340816    32.6494   128.4930
-------------------------------------------------------------------------------------------------------------------------------------------------------------------------------------

---------------------------------------------------------DIRECT CONDITIONAL BRANCH PREDICTION MEASUREMENTS (50 Perc instructions)---------------------------------------------------
       Instr       Cycles      IPC      NumBr     MispBr BrPerCyc MispBrPerCyc        MR     MPKI      CycWP   CycWPAvg   CycWPPKI
    20999981      5487022   3.8272    3382696      64066   0.6165       0.0117   1.8939%   3.0508    2326760    36.3182   110.7982
------------------------------------------------------------------------------------------------------------------------------------------------------------------------------------

-------------------------------------DIRECT CONDITIONAL BRANCH PREDICTION MEASUREMENTS (Full Simulation i.e. Counts Not Reset When Warmup Ends)-------------------------------------
       Instr       Cycles      IPC      NumBr     MispBr BrPerCyc MispBrPerCyc        MR     MPKI      CycWP   CycWPAvg   CycWPPKI
    39999981     12076473   3.3122    6018442     143600   0.4984       0.0119   2.3860%   3.5900    4392795    30.5905   109.8199
------------------------------------------------------------------------------------------------------------------------------------------------------------------------------------
 Read 39999981 instrs 
G_PERCEP PC=0xAAAAAB4B7E54, theta= 320, max bias=   0, baseline_comp=  0, stable_cnt=  0, grace_period=  0, time_alive=15960
G_PERCEP PC=0xAAAAAB4BD7C8, theta= 320, max bias=   0, baseline_comp=  0, stable_cnt=  0, grace_period=  0, time_alive=17095
G_PERCEP PC=0xAAAAAB4BD76C, theta= 320, max bias=   0, baseline_comp=  0, stable_cnt=  0, grace_period=  0, time_alive=23100
G_PERCEP PC=0xAAAAAB3B3B80, theta= 312, max bias=  21, baseline_comp=  0, stable_cnt= 20, grace_period=511, time_alive=327
G_PERCEP PC=0xAAAAAB4C1BD0, theta= 320, max bias=   0, baseline_comp=  0, stable_cnt=  0, grace_period=  0, time_alive=27106
G_PERCEP PC=0xAAAAAB498240, theta= 312, max bias=  14, baseline_comp=  0, stable_cnt= 86, grace_period=511, time_alive=708
G_PERCEP PC=0xAAAAAB4C1B14, theta= 320, max bias=  49, baseline_comp=  3, stable_cnt=  0, grace_period=511, time_alive=38722
G_PERCEP PC=0xAAAAAB347FC0, theta= 320, max bias=   0, baseline_comp=  0, stable_cnt=  0, grace_period=  0, time_alive=3803
G_PERCEP PC=0xAAAAAB3B40B4, theta= 344, max bias=  19, baseline_comp=  0, stable_cnt= 39, grace_period=511, time_alive=2256
G_PERCEP PC=0xAAAAAB4BD7A8, theta= 320, max bias=   0, baseline_comp=  0, stable_cnt=  0, grace_period=  0, time_alive=22068
G_PERCEP PC=0xAAAAAB3B3A18, theta= 304, max bias=   4, baseline_comp=  0, stable_cnt= 51, grace_period=511, time_alive= 17
G_PERCEP PC=0xAAAAAB3B425C, theta= 344, max bias=  96, baseline_comp=  6, stable_cnt=  0, grace_period=511, time_alive=709
G_PERCEP PC=0xAAAAAB347F80, theta= 320, max bias=   0, baseline_comp=  0, stable_cnt=  0, grace_period=  0, time_alive=4485
G_PERCEP PC=0xAAAAAB3B38E8, theta= 304, max bias=  38, baseline_comp=  0, stable_cnt=  5, grace_period=511, time_alive=  0
G_PERCEP PC=0xAAAAAB4B7E60, theta= 320, max bias=   0, baseline_comp=  0, stable_cnt=  0, grace_period=  0, time_alive=12378
G_PERCEP PC=0xAAAAAB499D24, theta= 320, max bias=   8, baseline_comp=  0, stable_cnt=  0, grace_period=114, time_alive=  2
L_PERCEP PC=0xAAAAAB468BA8, theta= 261, max bias=  38, baseline_comp=  2, stable_cnt=  0, grace_period=511, time_alive=1266
L_PERCEP PC=0xAAAAAB468AEC, theta= 261, max bias=  34, baseline_comp=  0, stable_cnt=146, grace_period=511, time_alive=1265
L_PERCEP PC=0xAAAAAB49B7E8, theta= 261, max bias=   5, baseline_comp=  2, stable_cnt=  0, grace_period=265, time_alive=268
L_PERCEP PC=0xAAAAAB4B3024, theta= 261, max bias=  20, baseline_comp=  1, stable_cnt=  0, grace_period=511, time_alive=1223
L_PERCEP PC=0x4000000A5588, theta= 261, max bias=  22, baseline_comp=  0, stable_cnt=  0, grace_period=216, time_alive=689
L_PERCEP PC=0x40010009836C, theta= 261, max bias=   0, baseline_comp=  0, stable_cnt=  0, grace_period=  0, time_alive=51402
L_PERCEP PC=0x400100098314, theta= 261, max bias=   0, baseline_comp=  0, stable_cnt=  0, grace_period=  0, time_alive=54798
L_PERCEP PC=0x4001000983E4, theta= 261, max bias=  35, baseline_comp=  2, stable_cnt=  0, grace_period=511, time_alive=54919
L_PERCEP PC=0x4001000982B8, theta= 261, max bias=  39, baseline_comp=  1, stable_cnt=  0, grace_period=511, time_alive=54918
L_PERCEP PC=0x400100098BDC, theta= 261, max bias=   0, baseline_comp=  0, stable_cnt=  0, grace_period=  0, time_alive=50556
L_PERCEP PC=0x4001000983C8, theta= 261, max bias=   0, baseline_comp=  0, stable_cnt=  0, grace_period=  0, time_alive=51134
L_PERCEP PC=0xAAAAAB385404, theta= 261, max bias=  35, baseline_comp=  0, stable_cnt= 20, grace_period=511, time_alive=  0
L_PERCEP PC=0xAAAAAB4982E0, theta= 261, max bias=   6, baseline_comp=  0, stable_cnt= 56, grace_period=511, time_alive=1258
L_PERCEP PC=0xAAAAAB10A074, theta= 261, max bias=  27, baseline_comp=  0, stable_cnt= 46, grace_period=511, time_alive=53429
L_PERCEP PC=0xAAAAAB498240, theta= 261, max bias=  20, baseline_comp=  0, stable_cnt= 58, grace_period=511, time_alive=1261
L_PERCEP PC=0xAAAAAB3B3A18, theta= 245, max bias=  10, baseline_comp=  0, stable_cnt= 43, grace_period=511, time_alive= 28
L_PERCEP PC=0xAAAAAB3B40B4, theta= 269, max bias=  37, baseline_comp=  0, stable_cnt= 24, grace_period=511, time_alive=8792
L_PERCEP PC=0xAAAAAB50C02C, theta= 261, max bias=   5, baseline_comp=  4, stable_cnt=  0, grace_period= 78, time_alive=35614
L_PERCEP PC=0xAAAAAB3B30DC, theta= 261, max bias=  34, baseline_comp=  0, stable_cnt= 10, grace_period=511, time_alive=270
L_PERCEP PC=0xAAAAAB3B425C, theta= 277, max bias=  15, baseline_comp=  2, stable_cnt=  0, grace_period=511, time_alive=5699
L_PERCEP PC=0xAAAAAB3B38E8, theta= 229, max bias=  30, baseline_comp=  0, stable_cnt=  8, grace_period=511, time_alive=  3
L_PERCEP PC=0xAAAAAB3B3908, theta= 245, max bias=  35, baseline_comp=  6, stable_cnt=  0, grace_period=511, time_alive=  1
L_PERCEP PC=0xAAAAAB3B4234, theta= 269, max bias=  28, baseline_comp=  4, stable_cnt=  0, grace_period=511, time_alive=5698

ExecTime = 372.8283131122589
