CMD:./cbp traces/web/web_10_trace.gz
Bimodal [bimodal::table] & Prediction: 2$^{16}$ 1-bit entries, hysteresis: 2$^{14}$ 1-bit entries & 10 KB \\
TAGE [gtable] & Low-history tables $\rightarrow$ Tag: 9 bits, conf: 3 bits, use: 1 bit, 2$^{11} \times$ 14 entries & 45.5 KB \\
TAGE [gtable] & High-history tables $\rightarrow$ Tag: 12 bits, conf: 3 bits, use: 1 bit, 2$^{11} \times$ 30 entries & 120 KB \\
TAGE [gtable] & Global history register: 3157, path history register: 27, decrease replacement counter: 11 & 0.390015 KB \\
Counter: 6 bits, 256 entries & 0.1875 KB \\
Loop 0.304688
Counter: 7 bits, 32 entries & 0.0273438 KB \\
Thresholds and sum weights & 0.081543 KB \\
Three bias tables & 1.125 KB \\
Global history table & 3.00488 KB \\
Path history table & 3 KB \\
Fist local history table & 3.69336 KB \\
Second local history table & 1.63086 KB \\
Third local history table & 1.54102 KB \\
IMLI table & 1.06836 KB \\
Counter: 7 bits, 16 entries & 0.0136719 KB \\
 (TOTAL 1572047 bits 1535.202148 Kbits 191.900269 KB) 5000000 instrs 
10000000 instrs 
15000000 instrs 
EOF
WINDOW_SIZE = 1024
FETCH_WIDTH = 16
FETCH_NUM_BRANCH = 16
FETCH_STOP_AT_INDIRECT = 1
FETCH_STOP_AT_TAKEN = 1
FETCH_MODEL_ICACHE = 1
PERFECT_BRANCH_PRED = 0
PERFECT_INDIRECT_PRED = 1
PIPELINE_FILL_LATENCY = 10
NUM_LDST_LANES = 8
NUM_ALU_LANES = 16
MEMORY HIERARCHY CONFIGURATION---------------------
STRIDE Prefetcher = 1
PERFECT_CACHE = 0
WRITE_ALLOCATE = 1
Within-pipeline factors:
	AGEN latency = 1 cycle
	Store Queue (SQ): SQ size = window size, oracle memory disambiguation, store-load forwarding = 1 cycle after store's or load's agen.
	* Note: A store searches the L1$ at commit. The store is released
	* from the SQ and window, whether it hits or misses. Store misses
	* are buffered until the block is allocated and the store is
	* performed in the L1$. While buffered, conflicting loads get
	* the store's data as they would from the SQ.
I$: 128 KB, 8-way set-assoc., 64B block size
L1$: 128 KB, 8-way set-assoc., 64B block size, 3-cycle search latency
L2$: 4 MB, 8-way set-assoc., 64B block size, 12-cycle search latency
L3$: 32 MB, 16-way set-assoc., 128B block size, 50-cycle search latency
Main Memory: 150-cycle fixed search time
---------------------------STORE QUEUE MEASUREMENTS (Full Simulation i.e. Counts Not Reset When Warmup Ends)---------------------------
Number of loads: 4780585
Number of loads that miss in SQ: 3855562 (80.65%)
Number of PFs issued to the memory system 769327
---------------------------------------------------------------------------------------------------------------------------------------
------------------------MEMORY HIERARCHY MEASUREMENTS (Full Simulation i.e. Counts Not Reset When Warmup Ends)-------------------------
I$:
	accesses   = 22980710
	misses     = 120830
	miss ratio = 0.53%
	pf accesses   = 0
	pf misses     = 0
	pf miss ratio = nan%
L1$:
	accesses   = 7678566
	misses     = 82149
	miss ratio = 1.07%
	pf accesses   = 769327
	pf misses     = 10035
	pf miss ratio = 1.30%
L2$:
	accesses   = 202979
	misses     = 84223
	miss ratio = 41.49%
	pf accesses   = 10035
	pf misses     = 5150
	pf miss ratio = 51.32%
L3$:
	accesses   = 84223
	misses     = 47943
	miss ratio = 56.92%
	pf accesses   = 5150
	pf misses     = 2562
	pf miss ratio = 49.75%
---------------------------------------------------------------------------------------------------------------------------------------
----------------------------------------------Prefetcher (Full Simulation i.e. No Warmup)----------------------------------------------
Num Trainings :4780585
Num Prefetches generated :778151
Num Prefetches issued :1280762
Num Prefetches filtered by PF queue :58659
Num untimely prefetches dropped from PF queue :8824
Num prefetches not issued LDST contention :511435
Num prefetches not issued stride 0 :1250270
---------------------------------------------------------------------------------------------------------------------------------------

-------------------------------ILP LIMIT STUDY (Full Simulation i.e. Counts Not Reset When Warmup Ends)--------------------------------
instructions = 19999796
cycles       = 11046705
CycWP        = 1824512
IPC          = 1.8105

---------------------------------------------------------------------------------------------------------------------------------------

-----------------------------------------------BRANCH PREDICTION MEASUREMENTS (Full Simulation i.e. Counts Not Reset When Warmup Ends)----------------------------------------------
Type                   NumBr     MispBr        mr     mpki
CondDirect          2621960      56789   2.1659%   2.8395
JumpDirect           655800          0   0.0000%   0.0000
JumpIndirect          86298          0   0.0000%   0.0000
JumpReturn           345747          0   0.0000%   0.0000
Not control        19270905          0   0.0000%   0.0000
------------------------------------------------------------------------------------------------------------------------------------------------------------------------------------

------------------------------------------------------DIRECT CONDITIONAL BRANCH PREDICTION MEASUREMENTS (Last 10M instructions)-----------------------------------------------------
       Instr       Cycles      IPC      NumBr     MispBr BrPerCyc MispBrPerCyc        MR     MPKI      CycWP   CycWPAvg   CycWPPKI
    10999796      3284973   3.3485    1436395      24096   0.4373       0.0073   1.6775%   2.1906     665576    27.6218    60.5080
------------------------------------------------------------------------------------------------------------------------------------------------------------------------------------

------------------------------------------------------DIRECT CONDITIONAL BRANCH PREDICTION MEASUREMENTS (Last 25M instructions)-----------------------------------------------------
       Instr       Cycles      IPC      NumBr     MispBr BrPerCyc MispBrPerCyc        MR     MPKI      CycWP   CycWPAvg   CycWPPKI
    19999796     11046705   1.8105    2621960      56789   0.2374       0.0051   2.1659%   2.8395    1824512    32.1279    91.2265
-------------------------------------------------------------------------------------------------------------------------------------------------------------------------------------

---------------------------------------------------------DIRECT CONDITIONAL BRANCH PREDICTION MEASUREMENTS (50 Perc instructions)---------------------------------------------------
       Instr       Cycles      IPC      NumBr     MispBr BrPerCyc MispBrPerCyc        MR     MPKI      CycWP   CycWPAvg   CycWPPKI
    10999796      3284973   3.3485    1436395      24096   0.4373       0.0073   1.6775%   2.1906     665576    27.6218    60.5080
------------------------------------------------------------------------------------------------------------------------------------------------------------------------------------

-------------------------------------DIRECT CONDITIONAL BRANCH PREDICTION MEASUREMENTS (Full Simulation i.e. Counts Not Reset When Warmup Ends)-------------------------------------
       Instr       Cycles      IPC      NumBr     MispBr BrPerCyc MispBrPerCyc        MR     MPKI      CycWP   CycWPAvg   CycWPPKI
    19999796     11046705   1.8105    2621960      56789   0.2374       0.0051   2.1659%   2.8395    1824512    32.1279    91.2265
------------------------------------------------------------------------------------------------------------------------------------------------------------------------------------
 Read 19999796 instrs 

ExecTime = 165.9361732006073
