CMD:./cbp traces/web/web_15_trace.gz
Bimodal [bimodal::table] & Prediction: 2$^{16}$ 1-bit entries, hysteresis: 2$^{14}$ 1-bit entries & 10 KB \\
TAGE [gtable] & Low-history tables $\rightarrow$ Tag: 9 bits, conf: 3 bits, use: 1 bit, 2$^{11} \times$ 14 entries & 45.5 KB \\
TAGE [gtable] & High-history tables $\rightarrow$ Tag: 12 bits, conf: 3 bits, use: 1 bit, 2$^{11} \times$ 30 entries & 120 KB \\
TAGE [gtable] & Global history register: 3157, path history register: 27, decrease replacement counter: 11 & 0.390015 KB \\
Counter: 6 bits, 256 entries & 0.1875 KB \\
Loop 0.304688
Counter: 7 bits, 32 entries & 0.0273438 KB \\
Thresholds and sum weights & 0.081543 KB \\
Three bias tables & 1.125 KB \\
Global history table & 3.00488 KB \\
Path history table & 3 KB \\
Fist local history table & 3.69336 KB \\
Second local history table & 1.63086 KB \\
Third local history table & 1.54102 KB \\
IMLI table & 1.06836 KB \\
Counter: 7 bits, 16 entries & 0.0136719 KB \\
 (TOTAL 1572047 bits 1535.202148 Kbits 191.900269 KB) 5000000 instrs 
10000000 instrs 
EOF
WINDOW_SIZE = 1024
FETCH_WIDTH = 16
FETCH_NUM_BRANCH = 16
FETCH_STOP_AT_INDIRECT = 1
FETCH_STOP_AT_TAKEN = 1
FETCH_MODEL_ICACHE = 1
PERFECT_BRANCH_PRED = 0
PERFECT_INDIRECT_PRED = 1
PIPELINE_FILL_LATENCY = 10
NUM_LDST_LANES = 8
NUM_ALU_LANES = 16
MEMORY HIERARCHY CONFIGURATION---------------------
STRIDE Prefetcher = 1
PERFECT_CACHE = 0
WRITE_ALLOCATE = 1
Within-pipeline factors:
	AGEN latency = 1 cycle
	Store Queue (SQ): SQ size = window size, oracle memory disambiguation, store-load forwarding = 1 cycle after store's or load's agen.
	* Note: A store searches the L1$ at commit. The store is released
	* from the SQ and window, whether it hits or misses. Store misses
	* are buffered until the block is allocated and the store is
	* performed in the L1$. While buffered, conflicting loads get
	* the store's data as they would from the SQ.
I$: 128 KB, 8-way set-assoc., 64B block size
L1$: 128 KB, 8-way set-assoc., 64B block size, 3-cycle search latency
L2$: 4 MB, 8-way set-assoc., 64B block size, 12-cycle search latency
L3$: 32 MB, 16-way set-assoc., 128B block size, 50-cycle search latency
Main Memory: 150-cycle fixed search time
---------------------------STORE QUEUE MEASUREMENTS (Full Simulation i.e. Counts Not Reset When Warmup Ends)---------------------------
Number of loads: 4154910
Number of loads that miss in SQ: 3434969 (82.67%)
Number of PFs issued to the memory system 234356
---------------------------------------------------------------------------------------------------------------------------------------
------------------------MEMORY HIERARCHY MEASUREMENTS (Full Simulation i.e. Counts Not Reset When Warmup Ends)-------------------------
I$:
	accesses   = 16436949
	misses     = 80352
	miss ratio = 0.49%
	pf accesses   = 0
	pf misses     = 0
	pf miss ratio = nan%
L1$:
	accesses   = 6166859
	misses     = 70848
	miss ratio = 1.15%
	pf accesses   = 234356
	pf misses     = 13240
	pf miss ratio = 5.65%
L2$:
	accesses   = 151200
	misses     = 52716
	miss ratio = 34.87%
	pf accesses   = 13240
	pf misses     = 5539
	pf miss ratio = 41.84%
L3$:
	accesses   = 52716
	misses     = 29549
	miss ratio = 56.05%
	pf accesses   = 5539
	pf misses     = 3093
	pf miss ratio = 55.84%
---------------------------------------------------------------------------------------------------------------------------------------
----------------------------------------------Prefetcher (Full Simulation i.e. No Warmup)----------------------------------------------
Num Trainings :4154910
Num Prefetches generated :237166
Num Prefetches issued :567539
Num Prefetches filtered by PF queue :16102
Num untimely prefetches dropped from PF queue :2810
Num prefetches not issued LDST contention :333183
Num prefetches not issued stride 0 :1089220
---------------------------------------------------------------------------------------------------------------------------------------

-------------------------------ILP LIMIT STUDY (Full Simulation i.e. Counts Not Reset When Warmup Ends)--------------------------------
instructions = 14999858
cycles       = 7881767
CycWP        = 2292468
IPC          = 1.9031

---------------------------------------------------------------------------------------------------------------------------------------

-----------------------------------------------BRANCH PREDICTION MEASUREMENTS (Full Simulation i.e. Counts Not Reset When Warmup Ends)----------------------------------------------
Type                   NumBr     MispBr        mr     mpki
CondDirect          2411251      75983   3.1512%   5.0656
JumpDirect           291746          0   0.0000%   0.0000
JumpIndirect         102563          0   0.0000%   0.0000
JumpReturn           146373          0   0.0000%   0.0000
Not control        13485016          0   0.0000%   0.0000
------------------------------------------------------------------------------------------------------------------------------------------------------------------------------------

------------------------------------------------------DIRECT CONDITIONAL BRANCH PREDICTION MEASUREMENTS (Last 10M instructions)-----------------------------------------------------
       Instr       Cycles      IPC      NumBr     MispBr BrPerCyc MispBrPerCyc        MR     MPKI      CycWP   CycWPAvg   CycWPPKI
    10999858      5058471   2.1745    1712337      46205   0.3385       0.0091   2.6984%   4.2005    1315019    28.4605   119.5487
------------------------------------------------------------------------------------------------------------------------------------------------------------------------------------

------------------------------------------------------DIRECT CONDITIONAL BRANCH PREDICTION MEASUREMENTS (Last 25M instructions)-----------------------------------------------------
       Instr       Cycles      IPC      NumBr     MispBr BrPerCyc MispBrPerCyc        MR     MPKI      CycWP   CycWPAvg   CycWPPKI
    14999858      7881767   1.9031    2411251      75983   0.3059       0.0096   3.1512%   5.0656    2292468    30.1708   152.8326
-------------------------------------------------------------------------------------------------------------------------------------------------------------------------------------

---------------------------------------------------------DIRECT CONDITIONAL BRANCH PREDICTION MEASUREMENTS (50 Perc instructions)---------------------------------------------------
       Instr       Cycles      IPC      NumBr     MispBr BrPerCyc MispBrPerCyc        MR     MPKI      CycWP   CycWPAvg   CycWPPKI
     7999858      3219444   2.4849    1229867      33217   0.3820       0.0103   2.7009%   4.1522     895753    26.9667   111.9711
------------------------------------------------------------------------------------------------------------------------------------------------------------------------------------

-------------------------------------DIRECT CONDITIONAL BRANCH PREDICTION MEASUREMENTS (Full Simulation i.e. Counts Not Reset When Warmup Ends)-------------------------------------
       Instr       Cycles      IPC      NumBr     MispBr BrPerCyc MispBrPerCyc        MR     MPKI      CycWP   CycWPAvg   CycWPPKI
    14999858      7881767   1.9031    2411251      75983   0.3059       0.0096   3.1512%   5.0656    2292468    30.1708   152.8326
------------------------------------------------------------------------------------------------------------------------------------------------------------------------------------
 Read 14999858 instrs 

ExecTime = 124.39065194129944
