CMD:./cbp traces/web/web_1_trace.gz
G_PERCEP PC=0xAAAAAAE29F3C, theta= 304, max bias=  23, baseline_comp=  0, stable_cnt=255, grace_period=511, time_alive=  0
L_PERCEP PC=0xAAAAAAE29F3C, theta= 261, max bias=  11, baseline_comp=  0, stable_cnt=255, grace_period=511, time_alive=  0
5000000 instrs 
G_PERCEP PC=0xAAAAAAE283E4, theta= 304, max bias=  34, baseline_comp=  0, stable_cnt=255, grace_period=511, time_alive=  0
L_PERCEP PC=0xAAAAAAE283E4, theta= 261, max bias=  27, baseline_comp=  0, stable_cnt=255, grace_period=511, time_alive=  0
10000000 instrs 
L_PERCEP PC=0xAAAAAAF3A41C, theta= 261, max bias=  20, baseline_comp=  0, stable_cnt=255, grace_period=511, time_alive=  0
G_PERCEP PC=0xAAAAAAF3A41C, theta= 320, max bias=  43, baseline_comp=  0, stable_cnt=255, grace_period=511, time_alive=  0
L_PERCEP PC=0xAAAAAAD129DC, theta= 261, max bias=   1, baseline_comp=  0, stable_cnt=255, grace_period=511, time_alive=  0
G_PERCEP PC=0xAAAAAAD129DC, theta= 320, max bias=  31, baseline_comp=  0, stable_cnt=255, grace_period=511, time_alive=  0
L_PERCEP PC=0xAAAAAAF8A7A4, theta= 261, max bias=  20, baseline_comp=  0, stable_cnt=255, grace_period=511, time_alive=  0
G_PERCEP PC=0xAAAAAAF8A7A4, theta= 320, max bias=  57, baseline_comp=  0, stable_cnt=255, grace_period=511, time_alive=  0
L_PERCEP PC=0x4000000A5588, theta= 261, max bias=  15, baseline_comp=  0, stable_cnt=255, grace_period=511, time_alive=  0
G_PERCEP PC=0x4000000A5588, theta= 320, max bias=  11, baseline_comp=  0, stable_cnt=255, grace_period=511, time_alive=  0
L_PERCEP PC=0xAAAAAAE28808, theta= 261, max bias=  14, baseline_comp=  0, stable_cnt=255, grace_period=511, time_alive=  0
G_PERCEP PC=0xAAAAAAE28808, theta= 312, max bias=  40, baseline_comp=  0, stable_cnt=255, grace_period=511, time_alive=  0
15000000 instrs 
G_PERCEP PC=0xAAAAAAF8407C, theta= 312, max bias=  16, baseline_comp=  0, stable_cnt=255, grace_period=511, time_alive=  0
L_PERCEP PC=0xAAAAAAF8407C, theta= 253, max bias=  55, baseline_comp=  0, stable_cnt=255, grace_period=511, time_alive=  0
L_PERCEP PC=0xAAAAAAF8407C, theta= 261, max bias=   2, baseline_comp=  0, stable_cnt=255, grace_period=511, time_alive=  0
G_PERCEP PC=0xAAAAAAF8407C, theta= 320, max bias=   3, baseline_comp=  0, stable_cnt=255, grace_period=511, time_alive=  0
L_PERCEP PC=0xAAAAAAF8407C, theta= 261, max bias=   5, baseline_comp=  0, stable_cnt=255, grace_period=511, time_alive=  0
G_PERCEP PC=0xAAAAAAF8407C, theta= 320, max bias=   3, baseline_comp=  0, stable_cnt=255, grace_period=511, time_alive=  0
L_PERCEP PC=0xAAAAAAF8407C, theta= 261, max bias=   3, baseline_comp=  0, stable_cnt=255, grace_period=511, time_alive=  0
G_PERCEP PC=0xAAAAAAF8407C, theta= 320, max bias=  14, baseline_comp=  0, stable_cnt=255, grace_period=511, time_alive=  0
L_PERCEP PC=0xAAAAAAF8407C, theta= 261, max bias=   5, baseline_comp=  0, stable_cnt=255, grace_period=511, time_alive=  0
G_PERCEP PC=0xAAAAAAF8407C, theta= 312, max bias=  79, baseline_comp=  0, stable_cnt=255, grace_period=511, time_alive=  0
L_PERCEP PC=0xAAAAAAD51040, theta= 261, max bias=  19, baseline_comp=  6, stable_cnt=  0, grace_period=511, time_alive=65535
G_PERCEP PC=0xAAAAAAD51040, theta= 320, max bias=   1, baseline_comp=  7, stable_cnt=  0, grace_period=511, time_alive=65535
L_PERCEP PC=0xAAAAAAF8407C, theta= 261, max bias=  12, baseline_comp=  0, stable_cnt=255, grace_period=511, time_alive=  0
G_PERCEP PC=0xAAAAAAF8407C, theta= 320, max bias=   9, baseline_comp=  0, stable_cnt=255, grace_period=511, time_alive=  0
L_PERCEP PC=0xAAAAAAF8407C, theta= 261, max bias=  35, baseline_comp=  0, stable_cnt=255, grace_period=511, time_alive=  0
G_PERCEP PC=0xAAAAAAF8407C, theta= 320, max bias=  34, baseline_comp=  0, stable_cnt=255, grace_period=511, time_alive=  0
L_PERCEP PC=0xAAAAAAEAF8C4, theta= 261, max bias=  14, baseline_comp=  1, stable_cnt=  0, grace_period=223, time_alive=65535
L_PERCEP PC=0xAAAAAADF8C58, theta= 261, max bias=   1, baseline_comp= 17, stable_cnt=  0, grace_period=150, time_alive=65535
L_PERCEP PC=0xAAAAAAE28954, theta= 261, max bias=  21, baseline_comp=  1, stable_cnt=  0, grace_period=511, time_alive=65535
L_PERCEP PC=0xAAAAAAE28960, theta= 261, max bias=  17, baseline_comp=  0, stable_cnt=  0, grace_period=415, time_alive=65535
L_PERCEP PC=0xAAAAAAE28A0C, theta= 261, max bias=  22, baseline_comp=  2, stable_cnt=  0, grace_period=511, time_alive=65535
L_PERCEP PC=0xAAAAAAE15C2C, theta= 261, max bias=   1, baseline_comp=  0, stable_cnt=  0, grace_period= 29, time_alive=65535
L_PERCEP PC=0xAAAAAAE155BC, theta= 261, max bias=   6, baseline_comp=  2, stable_cnt=  0, grace_period=277, time_alive=65535
L_PERCEP PC=0xAAAAAAE28EEC, theta= 261, max bias=  21, baseline_comp=  0, stable_cnt=  9, grace_period=511, time_alive=65535
L_PERCEP PC=0xAAAAAAE29F3C, theta= 261, max bias=   0, baseline_comp=  0, stable_cnt=  0, grace_period=  0, time_alive=65535
L_PERCEP PC=0xAAAAAAE28448, theta= 261, max bias=  11, baseline_comp=  0, stable_cnt= 26, grace_period=511, time_alive=65535
L_PERCEP PC=0xAAAAAAE0F9EC, theta= 261, max bias=  19, baseline_comp=  0, stable_cnt=  0, grace_period=342, time_alive=65535
G_PERCEP PC=0xAAAAAAEAF8C4, theta= 320, max bias=  22, baseline_comp=  1, stable_cnt=  0, grace_period=223, time_alive=65535
G_PERCEP PC=0xAAAAAADF8C58, theta= 320, max bias=   6, baseline_comp= 14, stable_cnt=  0, grace_period=150, time_alive=65535
G_PERCEP PC=0xAAAAAAE28954, theta= 320, max bias=  24, baseline_comp=  0, stable_cnt=  7, grace_period=511, time_alive=65535
G_PERCEP PC=0xAAAAAAE28960, theta= 312, max bias=  39, baseline_comp=  1, stable_cnt=  0, grace_period=415, time_alive=65535
G_PERCEP PC=0xAAAAAAE28A0C, theta= 320, max bias=  26, baseline_comp=  1, stable_cnt=  0, grace_period=511, time_alive=65535
G_PERCEP PC=0xAAAAAAE15C2C, theta= 320, max bias=   8, baseline_comp=  1, stable_cnt=  0, grace_period= 29, time_alive=65535
G_PERCEP PC=0xAAAAAAE155BC, theta= 320, max bias=  21, baseline_comp=  2, stable_cnt=  0, grace_period=277, time_alive=65535
G_PERCEP PC=0xAAAAAAE28EEC, theta= 312, max bias=  17, baseline_comp=  0, stable_cnt=  4, grace_period=511, time_alive=65535
G_PERCEP PC=0xAAAAAAE29F3C, theta= 320, max bias=   0, baseline_comp=  0, stable_cnt=  0, grace_period=  0, time_alive=65535
G_PERCEP PC=0xAAAAAAE28448, theta= 312, max bias=  31, baseline_comp=  0, stable_cnt= 26, grace_period=511, time_alive=65535
G_PERCEP PC=0xAAAAAAE0F9EC, theta= 320, max bias=  22, baseline_comp=  0, stable_cnt=  0, grace_period=342, time_alive=65535
L_PERCEP PC=0xAAAAAAF8407C, theta= 261, max bias=  20, baseline_comp=  0, stable_cnt=255, grace_period=511, time_alive=  0
G_PERCEP PC=0xAAAAAAF8407C, theta= 320, max bias=  10, baseline_comp=  0, stable_cnt=255, grace_period=511, time_alive=  0
L_PERCEP PC=0xAAAAAAF8407C, theta= 261, max bias=   1, baseline_comp=  0, stable_cnt=255, grace_period=511, time_alive=  0
G_PERCEP PC=0xAAAAAAF8407C, theta= 320, max bias=  18, baseline_comp=  0, stable_cnt=255, grace_period=511, time_alive=  0
G_PERCEP PC=0xAAAAAAFE2A84, theta= 312, max bias=  28, baseline_comp=  0, stable_cnt=255, grace_period=511, time_alive=  0
20000000 instrs 
L_PERCEP PC=0xAAAAAABE8B14, theta= 253, max bias=  25, baseline_comp=  0, stable_cnt=255, grace_period=511, time_alive=  0
G_PERCEP PC=0xAAAAAABE88B4, theta= 320, max bias=  20, baseline_comp=  0, stable_cnt=255, grace_period=511, time_alive=  0
L_PERCEP PC=0xAAAAAAFE2CB0, theta= 253, max bias=  39, baseline_comp=  0, stable_cnt=255, grace_period=511, time_alive=  0
L_PERCEP PC=0xAAAAAABE88B4, theta= 261, max bias=  56, baseline_comp=  0, stable_cnt=255, grace_period=511, time_alive=  0
G_PERCEP PC=0xAAAAAABE88D0, theta= 312, max bias=  67, baseline_comp=  0, stable_cnt=255, grace_period=511, time_alive=  0
G_PERCEP PC=0xAAAAAABE8B14, theta= 264, max bias=  79, baseline_comp=  0, stable_cnt=255, grace_period=511, time_alive=  0
G_PERCEP PC=0xAAAAAAFE2CB0, theta= 288, max bias=  79, baseline_comp=  0, stable_cnt=255, grace_period=511, time_alive=  0
L_PERCEP PC=0xAAAAAABE88B4, theta= 277, max bias=   9, baseline_comp=  0, stable_cnt=255, grace_period=511, time_alive=  0
G_PERCEP PC=0xAAAAAABE88B4, theta= 312, max bias=  21, baseline_comp=  0, stable_cnt=255, grace_period=511, time_alive=  0
L_PERCEP PC=0xAAAAAABE8B14, theta= 261, max bias=  11, baseline_comp=  0, stable_cnt=255, grace_period=511, time_alive=  0
L_PERCEP PC=0xAAAAAAFE2CB0, theta= 261, max bias=  17, baseline_comp=  0, stable_cnt=255, grace_period=511, time_alive=  0
G_PERCEP PC=0xAAAAAABE8B14, theta= 304, max bias=  45, baseline_comp=  0, stable_cnt=255, grace_period=511, time_alive=  0
G_PERCEP PC=0xAAAAAAFE2CB0, theta= 304, max bias=  47, baseline_comp=  0, stable_cnt=255, grace_period=511, time_alive=  0
G_PERCEP PC=0xAAAAAABE88B4, theta= 320, max bias=  27, baseline_comp=  0, stable_cnt=255, grace_period=511, time_alive=  0
25000000 instrs 
G_PERCEP PC=0xAAAAAABE88A8, theta= 320, max bias=  23, baseline_comp=  0, stable_cnt=255, grace_period=511, time_alive=  0
L_PERCEP PC=0xAAAAAABE88B4, theta= 261, max bias=  27, baseline_comp=  0, stable_cnt=255, grace_period=511, time_alive=  0
L_PERCEP PC=0xAAAAAAFE2CCC, theta= 261, max bias=  30, baseline_comp=  0, stable_cnt=255, grace_period=511, time_alive=  0
G_PERCEP PC=0xAAAAAAFE2CCC, theta= 304, max bias=  10, baseline_comp=  0, stable_cnt=255, grace_period=511, time_alive=  0
L_PERCEP PC=0xAAAAAAFE2CB0, theta= 261, max bias=  21, baseline_comp=  0, stable_cnt=255, grace_period=511, time_alive=  0
G_PERCEP PC=0xAAAAAAFE2CB0, theta= 296, max bias=  59, baseline_comp=  0, stable_cnt=255, grace_period=511, time_alive=  0
L_PERCEP PC=0xAAAAAABE8B14, theta= 253, max bias=  14, baseline_comp=  0, stable_cnt=255, grace_period=511, time_alive=  0
G_PERCEP PC=0xAAAAAABE8B14, theta= 296, max bias=  58, baseline_comp=  0, stable_cnt=255, grace_period=511, time_alive=  0
L_PERCEP PC=0xAAAAAAFE2A84, theta= 237, max bias=  34, baseline_comp=  0, stable_cnt=255, grace_period=511, time_alive=  0
G_PERCEP PC=0xAAAAAABE88B4, theta= 336, max bias=  53, baseline_comp=  0, stable_cnt=255, grace_period=511, time_alive=  0
L_PERCEP PC=0xAAAAAABE88B4, theta= 261, max bias=   3, baseline_comp=  0, stable_cnt=255, grace_period=511, time_alive=  0
L_PERCEP PC=0xAAAAAAFE2A84, theta= 253, max bias=  22, baseline_comp=  0, stable_cnt=255, grace_period=511, time_alive=  0
L_PERCEP PC=0xAAAAAABE8B14, theta= 261, max bias=   7, baseline_comp=  0, stable_cnt=255, grace_period=511, time_alive=  0
G_PERCEP PC=0xAAAAAABE88B4, theta= 320, max bias=  53, baseline_comp=  0, stable_cnt=255, grace_period=511, time_alive=  0
30000000 instrs 
L_PERCEP PC=0xAAAAAABE88B4, theta= 261, max bias=  16, baseline_comp=  0, stable_cnt=255, grace_period=511, time_alive=  0
G_PERCEP PC=0xAAAAAAFE2CB0, theta= 304, max bias=  56, baseline_comp=  0, stable_cnt=255, grace_period=511, time_alive=  0
L_PERCEP PC=0xAAAAAAFE2CB0, theta= 261, max bias=  12, baseline_comp=  0, stable_cnt=255, grace_period=511, time_alive=  0
G_PERCEP PC=0xAAAAAABE8B14, theta= 296, max bias=  71, baseline_comp=  0, stable_cnt=255, grace_period=511, time_alive=  0
L_PERCEP PC=0xAAAAAABE88B4, theta= 261, max bias=   4, baseline_comp=  0, stable_cnt=255, grace_period=511, time_alive=  0
G_PERCEP PC=0xAAAAAABE88B4, theta= 312, max bias=  29, baseline_comp=  0, stable_cnt=255, grace_period=511, time_alive=  0
L_PERCEP PC=0xAAAAAABE8B14, theta= 261, max bias=  11, baseline_comp=  0, stable_cnt=255, grace_period=511, time_alive=  0
G_PERCEP PC=0xAAAAAABE8B14, theta= 304, max bias=  44, baseline_comp=  0, stable_cnt=255, grace_period=511, time_alive=  0
G_PERCEP PC=0xAAAAAABE88B4, theta= 320, max bias= 100, baseline_comp=  0, stable_cnt=255, grace_period=511, time_alive=  0
L_PERCEP PC=0xAAAAAABE88B4, theta= 261, max bias=   8, baseline_comp=  0, stable_cnt=255, grace_period=511, time_alive=  0
G_PERCEP PC=0xAAAAAAFE2ADC, theta= 288, max bias=  30, baseline_comp=  0, stable_cnt=255, grace_period=511, time_alive=  0
G_PERCEP PC=0xAAAAAAFE2A84, theta= 280, max bias=  35, baseline_comp=  0, stable_cnt=255, grace_period=511, time_alive=  0
L_PERCEP PC=0xAAAAAAFE2ADC, theta= 269, max bias=  20, baseline_comp=  0, stable_cnt=255, grace_period=511, time_alive=  0
G_PERCEP PC=0xAAAAAAFD9518, theta= 304, max bias=  53, baseline_comp=  0, stable_cnt=255, grace_period=511, time_alive=  0
L_PERCEP PC=0xAAAAAAFD9518, theta= 261, max bias=  27, baseline_comp=  0, stable_cnt=255, grace_period=511, time_alive=  0
L_PERCEP PC=0xAAAAAABE8B14, theta= 261, max bias=  16, baseline_comp=  0, stable_cnt=255, grace_period=511, time_alive=  0
G_PERCEP PC=0xAAAAAABE8B14, theta= 312, max bias=  18, baseline_comp=  0, stable_cnt=255, grace_period=511, time_alive=  0
35000000 instrs 
L_PERCEP PC=0x4000000ACC54, theta= 261, max bias=  22, baseline_comp=  0, stable_cnt=255, grace_period=511, time_alive=  0
G_PERCEP PC=0x4000000ACC54, theta= 312, max bias=  53, baseline_comp=  0, stable_cnt=255, grace_period=511, time_alive=  0
G_PERCEP PC=0x4000000ACC54, theta= 312, max bias=  50, baseline_comp=  0, stable_cnt=255, grace_period=511, time_alive=  0
L_PERCEP PC=0xAAAAAABFB974, theta= 261, max bias=  21, baseline_comp=  0, stable_cnt=255, grace_period=511, time_alive=  0
G_PERCEP PC=0xAAAAAABFB974, theta= 312, max bias=  30, baseline_comp=  0, stable_cnt=255, grace_period=511, time_alive=  0
G_PERCEP PC=0xAAAAAAE0D58C, theta= 304, max bias=  29, baseline_comp=  0, stable_cnt=255, grace_period=511, time_alive=  0
L_PERCEP PC=0xAAAAAAE155C0, theta= 261, max bias=  29, baseline_comp=  0, stable_cnt=255, grace_period=511, time_alive=  0
G_PERCEP PC=0xAAAAAAE155C0, theta= 320, max bias=  36, baseline_comp=  0, stable_cnt=255, grace_period=511, time_alive=  0
L_PERCEP PC=0xAAAAAAE0D58C, theta= 261, max bias=  12, baseline_comp=  0, stable_cnt=255, grace_period=511, time_alive=  0
G_PERCEP PC=0xAAAAAAE159E0, theta= 320, max bias=   8, baseline_comp=  0, stable_cnt=255, grace_period=511, time_alive=  0
G_PERCEP PC=0xAAAAAAE155DC, theta= 312, max bias=  36, baseline_comp=  0, stable_cnt=255, grace_period=511, time_alive=  0
G_PERCEP PC=0xAAAAAAE155AC, theta= 312, max bias=  27, baseline_comp=  0, stable_cnt=255, grace_period=511, time_alive=  0
L_PERCEP PC=0xAAAAAAE15A30, theta= 261, max bias=  11, baseline_comp=  0, stable_cnt=255, grace_period=511, time_alive=  0
G_PERCEP PC=0xAAAAAAE15624, theta= 312, max bias=  38, baseline_comp=  0, stable_cnt=255, grace_period=511, time_alive=  0
L_PERCEP PC=0xAAAAAAE155AC, theta= 253, max bias=  30, baseline_comp=  0, stable_cnt=255, grace_period=511, time_alive=  0
L_PERCEP PC=0xAAAAAAE15624, theta= 261, max bias=  27, baseline_comp=  0, stable_cnt=255, grace_period=511, time_alive=  0
L_PERCEP PC=0xAAAAAAE155A8, theta= 261, max bias=  12, baseline_comp=  0, stable_cnt=255, grace_period=511, time_alive=  0
L_PERCEP PC=0xAAAAAAE159F4, theta= 245, max bias=  46, baseline_comp=  0, stable_cnt=255, grace_period=511, time_alive=  0
G_PERCEP PC=0xAAAAAAE159F4, theta= 312, max bias=  12, baseline_comp=  0, stable_cnt=255, grace_period=511, time_alive=  0
G_PERCEP PC=0xAAAAAAE15A30, theta= 320, max bias=  11, baseline_comp=  0, stable_cnt=255, grace_period=511, time_alive=  0
L_PERCEP PC=0xAAAAAAE0F9FC, theta= 261, max bias=  15, baseline_comp=  0, stable_cnt=255, grace_period=511, time_alive=  0
G_PERCEP PC=0xAAAAAAE0F9FC, theta= 320, max bias=  30, baseline_comp=  0, stable_cnt=255, grace_period=511, time_alive=  0
EOF
======== Predictor Memory ========
TAGE-SC-L (bits) = 1305275
TAGE-SC-L (KBytes) = 159.335327
H2P_ID_MEM_BITS = 19456
H2P_ID_MEM (KBytes) = 2.375000
L_PERCEP_MEM_BITS = 176320
L_PERCEP_MEM (KBytes) = 21.523438
G_PERCEP_MEM_BITS = 33184
G_PERCEP_MEM (KBytes) = 4.050781
Total Memory (bits) = 1534235
Total Memory (KBytes) = 187.284546
======== Runtime Statistics ========
COL h2p_insert_cnt = 83
COL h2p_with_tage = 5387650
COL h2p_with_lhist_percep = 0
COL h2p_with_ghist_percep = 0
COL filtered_updates = 0
COL lhist_percep_evictions = 48
COL ghist_percep_evictions = 52
COL lhist_percep_stale_evictions = 12
COL ghist_percep_stale_evictions = 12
======== End of Statistics ========
WINDOW_SIZE = 1024
FETCH_WIDTH = 16
FETCH_NUM_BRANCH = 16
FETCH_STOP_AT_INDIRECT = 1
FETCH_STOP_AT_TAKEN = 1
FETCH_MODEL_ICACHE = 1
PERFECT_BRANCH_PRED = 0
PERFECT_INDIRECT_PRED = 1
PIPELINE_FILL_LATENCY = 10
NUM_LDST_LANES = 8
NUM_ALU_LANES = 16
MEMORY HIERARCHY CONFIGURATION---------------------
STRIDE Prefetcher = 1
PERFECT_CACHE = 0
WRITE_ALLOCATE = 1
Within-pipeline factors:
	AGEN latency = 1 cycle
	Store Queue (SQ): SQ size = window size, oracle memory disambiguation, store-load forwarding = 1 cycle after store's or load's agen.
	* Note: A store searches the L1$ at commit. The store is released
	* from the SQ and window, whether it hits or misses. Store misses
	* are buffered until the block is allocated and the store is
	* performed in the L1$. While buffered, conflicting loads get
	* the store's data as they would from the SQ.
I$: 128 KB, 8-way set-assoc., 64B block size
L1$: 128 KB, 8-way set-assoc., 64B block size, 3-cycle search latency
L2$: 4 MB, 8-way set-assoc., 64B block size, 12-cycle search latency
L3$: 32 MB, 16-way set-assoc., 128B block size, 50-cycle search latency
Main Memory: 150-cycle fixed search time
---------------------------STORE QUEUE MEASUREMENTS (Full Simulation i.e. Counts Not Reset When Warmup Ends)---------------------------
Number of loads: 12426406
Number of loads that miss in SQ: 9526406 (76.66%)
Number of PFs issued to the memory system 1357174
---------------------------------------------------------------------------------------------------------------------------------------
------------------------MEMORY HIERARCHY MEASUREMENTS (Full Simulation i.e. Counts Not Reset When Warmup Ends)-------------------------
I$:
	accesses   = 45698248
	misses     = 42286
	miss ratio = 0.09%
	pf accesses   = 0
	pf misses     = 0
	pf miss ratio = nan%
L1$:
	accesses   = 19047869
	misses     = 120858
	miss ratio = 0.63%
	pf accesses   = 1357174
	pf misses     = 21898
	pf miss ratio = 1.61%
L2$:
	accesses   = 163144
	misses     = 66356
	miss ratio = 40.67%
	pf accesses   = 21898
	pf misses     = 9067
	pf miss ratio = 41.41%
L3$:
	accesses   = 66356
	misses     = 34503
	miss ratio = 52.00%
	pf accesses   = 9067
	pf misses     = 4594
	pf miss ratio = 50.67%
---------------------------------------------------------------------------------------------------------------------------------------
----------------------------------------------Prefetcher (Full Simulation i.e. No Warmup)----------------------------------------------
Num Trainings :12426406
Num Prefetches generated :1361737
Num Prefetches issued :2552563
Num Prefetches filtered by PF queue :77890
Num untimely prefetches dropped from PF queue :4563
Num prefetches not issued LDST contention :1195389
Num prefetches not issued stride 0 :3432531
---------------------------------------------------------------------------------------------------------------------------------------

-------------------------------ILP LIMIT STUDY (Full Simulation i.e. Counts Not Reset When Warmup Ends)--------------------------------
instructions = 39999048
cycles       = 11975496
CycWP        = 4433588
IPC          = 3.3401

---------------------------------------------------------------------------------------------------------------------------------------

-----------------------------------------------BRANCH PREDICTION MEASUREMENTS (Full Simulation i.e. Counts Not Reset When Warmup Ends)----------------------------------------------
Type                   NumBr     MispBr        mr     mpki
CondDirect          5515292     129173   2.3421%   3.2294
JumpDirect          1213794          0   0.0000%   0.0000
JumpIndirect         150715          0   0.0000%   0.0000
JumpReturn           704119          0   0.0000%   0.0000
Not control        38114328          0   0.0000%   0.0000
------------------------------------------------------------------------------------------------------------------------------------------------------------------------------------

------------------------------------------------------DIRECT CONDITIONAL BRANCH PREDICTION MEASUREMENTS (Last 10M instructions)-----------------------------------------------------
       Instr       Cycles      IPC      NumBr     MispBr BrPerCyc MispBrPerCyc        MR     MPKI      CycWP   CycWPAvg   CycWPPKI
    10999048      2980783   3.6900    1561465      40264   0.5238       0.0135   2.5786%   3.6607    1194537    29.6676   108.6037
------------------------------------------------------------------------------------------------------------------------------------------------------------------------------------

------------------------------------------------------DIRECT CONDITIONAL BRANCH PREDICTION MEASUREMENTS (Last 25M instructions)-----------------------------------------------------
       Instr       Cycles      IPC      NumBr     MispBr BrPerCyc MispBrPerCyc        MR     MPKI      CycWP   CycWPAvg   CycWPPKI
    25999048      6597945   3.9405    3750627      87981   0.5685       0.0133   2.3458%   3.3840    2616779    29.7425   100.6490
-------------------------------------------------------------------------------------------------------------------------------------------------------------------------------------

---------------------------------------------------------DIRECT CONDITIONAL BRANCH PREDICTION MEASUREMENTS (50 Perc instructions)---------------------------------------------------
       Instr       Cycles      IPC      NumBr     MispBr BrPerCyc MispBrPerCyc        MR     MPKI      CycWP   CycWPAvg   CycWPPKI
    20999048      4950688   4.2416    2909408      68452   0.5877       0.0138   2.3528%   3.2598    1920752    28.0598    91.4685
------------------------------------------------------------------------------------------------------------------------------------------------------------------------------------

-------------------------------------DIRECT CONDITIONAL BRANCH PREDICTION MEASUREMENTS (Full Simulation i.e. Counts Not Reset When Warmup Ends)-------------------------------------
       Instr       Cycles      IPC      NumBr     MispBr BrPerCyc MispBrPerCyc        MR     MPKI      CycWP   CycWPAvg   CycWPPKI
    39999048     11975496   3.3401    5515292     129173   0.4605       0.0108   2.3421%   3.2294    4433588    34.3229   110.8423
------------------------------------------------------------------------------------------------------------------------------------------------------------------------------------
 Read 39999048 instrs 
G_PERCEP PC=0xAAAAAAE155A8, theta= 312, max bias=  35, baseline_comp=  0, stable_cnt=  0, grace_period=391, time_alive=336
G_PERCEP PC=0xAAAAAAE15A4C, theta= 320, max bias=  23, baseline_comp=  2, stable_cnt=  0, grace_period=511, time_alive=510
G_PERCEP PC=0xAAAAAAE155D0, theta= 288, max bias=  39, baseline_comp=  0, stable_cnt= 39, grace_period=511, time_alive=335
G_PERCEP PC=0xAAAAAABFC1E8, theta= 320, max bias=  28, baseline_comp=  3, stable_cnt=  0, grace_period=339, time_alive=341
G_PERCEP PC=0xAAAAAAE2C66C, theta= 320, max bias=  14, baseline_comp=  1, stable_cnt=  0, grace_period=215, time_alive=330
G_PERCEP PC=0xAAAAAABFB98C, theta= 312, max bias=  30, baseline_comp=  4, stable_cnt=  0, grace_period=511, time_alive=347
G_PERCEP PC=0xAAAAAABFB99C, theta= 328, max bias=  28, baseline_comp=  8, stable_cnt=  0, grace_period=511, time_alive=342
G_PERCEP PC=0xAAAAAAE2C644, theta= 320, max bias=  14, baseline_comp=  1, stable_cnt=  0, grace_period= 61, time_alive=331
G_PERCEP PC=0xAAAAAAD2A1D0, theta= 320, max bias=  15, baseline_comp=  0, stable_cnt=  0, grace_period=188, time_alive=593
G_PERCEP PC=0xAAAAAAF5A514, theta= 320, max bias=  22, baseline_comp=  4, stable_cnt=  0, grace_period=511, time_alive=362
G_PERCEP PC=0xAAAAAAFE2A84, theta= 320, max bias=  28, baseline_comp=  4, stable_cnt=  0, grace_period=511, time_alive=370
G_PERCEP PC=0xAAAAAABFB974, theta= 320, max bias=  29, baseline_comp=  4, stable_cnt=  0, grace_period=470, time_alive=343
G_PERCEP PC=0xAAAAAABE88B4, theta= 320, max bias=  31, baseline_comp=  6, stable_cnt=  0, grace_period=511, time_alive=375
G_PERCEP PC=0xAAAAAAFC39B4, theta= 312, max bias=  13, baseline_comp=  4, stable_cnt=  0, grace_period=414, time_alive=33559
G_PERCEP PC=0xAAAAAAD70DE0, theta= 312, max bias=  18, baseline_comp=  1, stable_cnt=  0, grace_period=511, time_alive=  0
G_PERCEP PC=0xAAAAAAFE2E04, theta= 320, max bias=  18, baseline_comp=  0, stable_cnt=  0, grace_period=307, time_alive=369
L_PERCEP PC=0xAAAAAAF8407C, theta= 261, max bias=   3, baseline_comp=  0, stable_cnt=168, grace_period=511, time_alive=1147
L_PERCEP PC=0xAAAAAAE15A40, theta= 261, max bias=  15, baseline_comp=  1, stable_cnt=  0, grace_period=438, time_alive=621
L_PERCEP PC=0xAAAAAAE2C644, theta= 261, max bias=  17, baseline_comp=  1, stable_cnt=  0, grace_period=230, time_alive=339
L_PERCEP PC=0xAAAAAAE15A4C, theta= 261, max bias=  18, baseline_comp=  3, stable_cnt=  0, grace_period=511, time_alive=620
L_PERCEP PC=0xAAAAAAE155DC, theta= 261, max bias=  24, baseline_comp=  3, stable_cnt=  0, grace_period=511, time_alive=343
L_PERCEP PC=0xAAAAAAE155D0, theta= 237, max bias=  33, baseline_comp=  0, stable_cnt= 29, grace_period=511, time_alive=344
L_PERCEP PC=0xAAAAAABE88B4, theta= 261, max bias=  14, baseline_comp=  0, stable_cnt= 13, grace_period=511, time_alive=412
L_PERCEP PC=0xAAAAAAD2A1D0, theta= 261, max bias=  19, baseline_comp=  0, stable_cnt=  0, grace_period=188, time_alive=705
L_PERCEP PC=0xAAAAAABFB98C, theta= 261, max bias=  22, baseline_comp=  0, stable_cnt=  2, grace_period=511, time_alive=355
L_PERCEP PC=0xAAAAAABFB99C, theta= 269, max bias=  13, baseline_comp=  6, stable_cnt=  0, grace_period=511, time_alive=350
L_PERCEP PC=0xAAAAAAE2C66C, theta= 261, max bias=  16, baseline_comp=  0, stable_cnt=  2, grace_period=511, time_alive=338
L_PERCEP PC=0xAAAAAABFC1E8, theta= 261, max bias=  15, baseline_comp=  4, stable_cnt=  0, grace_period=339, time_alive=349
L_PERCEP PC=0x4000000ACC54, theta= 261, max bias=  12, baseline_comp=  1, stable_cnt=  1, grace_period=511, time_alive=330
L_PERCEP PC=0xAAAAAAF5A514, theta= 261, max bias=  35, baseline_comp=  3, stable_cnt=  0, grace_period=511, time_alive=370
L_PERCEP PC=0xAAAAAAE2C654, theta= 261, max bias=  11, baseline_comp=  0, stable_cnt=  0, grace_period=203, time_alive=337
L_PERCEP PC=0xAAAAAAFC39B4, theta= 261, max bias=  32, baseline_comp=  0, stable_cnt=  0, grace_period=414, time_alive=46699
L_PERCEP PC=0xAAAAAAFE2A84, theta= 261, max bias=   8, baseline_comp=  1, stable_cnt=  0, grace_period=511, time_alive=407
L_PERCEP PC=0xAAAAAABFB974, theta= 261, max bias=   9, baseline_comp=  5, stable_cnt=  0, grace_period=470, time_alive=351
L_PERCEP PC=0xAAAAAAD70DE0, theta= 261, max bias=  30, baseline_comp=  1, stable_cnt=  0, grace_period=511, time_alive=  0
L_PERCEP PC=0xAAAAAAFE2E04, theta= 261, max bias=  24, baseline_comp=  0, stable_cnt=  0, grace_period=307, time_alive=406
L_PERCEP PC=0xAAAAAAE159E0, theta= 261, max bias=   7, baseline_comp=  2, stable_cnt=  0, grace_period=511, time_alive=346
L_PERCEP PC=0xAAAAAABE88A8, theta= 261, max bias=  21, baseline_comp=  1, stable_cnt=  0, grace_period=511, time_alive=404
L_PERCEP PC=0xAAAAAABE88D0, theta= 253, max bias=  43, baseline_comp=  5, stable_cnt=  0, grace_period=511, time_alive=414

ExecTime = 383.65781903266907
