CMD:./cbp traces/web/web_21_trace.gz
Bimodal [bimodal::table] & Prediction: 2$^{16}$ 1-bit entries, hysteresis: 2$^{14}$ 1-bit entries & 10 KB \\
TAGE [gtable] & Low-history tables $\rightarrow$ Tag: 9 bits, conf: 3 bits, use: 1 bit, 2$^{11} \times$ 14 entries & 45.5 KB \\
TAGE [gtable] & High-history tables $\rightarrow$ Tag: 12 bits, conf: 3 bits, use: 1 bit, 2$^{11} \times$ 30 entries & 120 KB \\
TAGE [gtable] & Global history register: 3157, path history register: 27, decrease replacement counter: 11 & 0.390015 KB \\
Counter: 6 bits, 256 entries & 0.1875 KB \\
Loop 0.304688
Counter: 7 bits, 32 entries & 0.0273438 KB \\
Thresholds and sum weights & 0.081543 KB \\
Three bias tables & 1.125 KB \\
Global history table & 3.00488 KB \\
Path history table & 3 KB \\
Fist local history table & 3.69336 KB \\
Second local history table & 1.63086 KB \\
Third local history table & 1.54102 KB \\
IMLI table & 1.06836 KB \\
Counter: 7 bits, 16 entries & 0.0136719 KB \\
 (TOTAL 1572047 bits 1535.202148 Kbits 191.900269 KB) 5000000 instrs 
10000000 instrs 
15000000 instrs 
EOF
WINDOW_SIZE = 1024
FETCH_WIDTH = 16
FETCH_NUM_BRANCH = 16
FETCH_STOP_AT_INDIRECT = 1
FETCH_STOP_AT_TAKEN = 1
FETCH_MODEL_ICACHE = 1
PERFECT_BRANCH_PRED = 0
PERFECT_INDIRECT_PRED = 1
PIPELINE_FILL_LATENCY = 10
NUM_LDST_LANES = 8
NUM_ALU_LANES = 16
MEMORY HIERARCHY CONFIGURATION---------------------
STRIDE Prefetcher = 1
PERFECT_CACHE = 0
WRITE_ALLOCATE = 1
Within-pipeline factors:
	AGEN latency = 1 cycle
	Store Queue (SQ): SQ size = window size, oracle memory disambiguation, store-load forwarding = 1 cycle after store's or load's agen.
	* Note: A store searches the L1$ at commit. The store is released
	* from the SQ and window, whether it hits or misses. Store misses
	* are buffered until the block is allocated and the store is
	* performed in the L1$. While buffered, conflicting loads get
	* the store's data as they would from the SQ.
I$: 128 KB, 8-way set-assoc., 64B block size
L1$: 128 KB, 8-way set-assoc., 64B block size, 3-cycle search latency
L2$: 4 MB, 8-way set-assoc., 64B block size, 12-cycle search latency
L3$: 32 MB, 16-way set-assoc., 128B block size, 50-cycle search latency
Main Memory: 150-cycle fixed search time
---------------------------STORE QUEUE MEASUREMENTS (Full Simulation i.e. Counts Not Reset When Warmup Ends)---------------------------
Number of loads: 3538924
Number of loads that miss in SQ: 2982682 (84.28%)
Number of PFs issued to the memory system 690706
---------------------------------------------------------------------------------------------------------------------------------------
------------------------MEMORY HIERARCHY MEASUREMENTS (Full Simulation i.e. Counts Not Reset When Warmup Ends)-------------------------
I$:
	accesses   = 16679859
	misses     = 16575
	miss ratio = 0.10%
	pf accesses   = 0
	pf misses     = 0
	pf miss ratio = nan%
L1$:
	accesses   = 5358347
	misses     = 34422
	miss ratio = 0.64%
	pf accesses   = 690706
	pf misses     = 3147
	pf miss ratio = 0.46%
L2$:
	accesses   = 50997
	misses     = 29892
	miss ratio = 58.62%
	pf accesses   = 3147
	pf misses     = 1946
	pf miss ratio = 61.84%
L3$:
	accesses   = 29892
	misses     = 19727
	miss ratio = 65.99%
	pf accesses   = 1946
	pf misses     = 1322
	pf miss ratio = 67.93%
---------------------------------------------------------------------------------------------------------------------------------------
----------------------------------------------Prefetcher (Full Simulation i.e. No Warmup)----------------------------------------------
Num Trainings :3538924
Num Prefetches generated :691288
Num Prefetches issued :944499
Num Prefetches filtered by PF queue :20443
Num untimely prefetches dropped from PF queue :582
Num prefetches not issued LDST contention :253793
Num prefetches not issued stride 0 :1196600
---------------------------------------------------------------------------------------------------------------------------------------

-------------------------------ILP LIMIT STUDY (Full Simulation i.e. Counts Not Reset When Warmup Ends)--------------------------------
instructions = 15000054
cycles       = 5918226
CycWP        = 2018269
IPC          = 2.5346

---------------------------------------------------------------------------------------------------------------------------------------

-----------------------------------------------BRANCH PREDICTION MEASUREMENTS (Full Simulation i.e. Counts Not Reset When Warmup Ends)----------------------------------------------
Type                   NumBr     MispBr        mr     mpki
CondDirect          2614946      22963   0.8781%   1.5309
JumpDirect           323084          0   0.0000%   0.0000
JumpIndirect         119796          0   0.0000%   0.0000
JumpReturn           190897          0   0.0000%   0.0000
Not control        13431136          0   0.0000%   0.0000
------------------------------------------------------------------------------------------------------------------------------------------------------------------------------------

------------------------------------------------------DIRECT CONDITIONAL BRANCH PREDICTION MEASUREMENTS (Last 10M instructions)-----------------------------------------------------
       Instr       Cycles      IPC      NumBr     MispBr BrPerCyc MispBrPerCyc        MR     MPKI      CycWP   CycWPAvg   CycWPPKI
    10000054      5053650   1.9788    1749337      20084   0.3462       0.0040   1.1481%   2.0084    1882935    93.7530   188.2925
------------------------------------------------------------------------------------------------------------------------------------------------------------------------------------

------------------------------------------------------DIRECT CONDITIONAL BRANCH PREDICTION MEASUREMENTS (Last 25M instructions)-----------------------------------------------------
       Instr       Cycles      IPC      NumBr     MispBr BrPerCyc MispBrPerCyc        MR     MPKI      CycWP   CycWPAvg   CycWPPKI
    15000054      5918226   2.5346    2614946      22963   0.4418       0.0039   0.8781%   1.5309    2018269    87.8922   134.5508
-------------------------------------------------------------------------------------------------------------------------------------------------------------------------------------

---------------------------------------------------------DIRECT CONDITIONAL BRANCH PREDICTION MEASUREMENTS (50 Perc instructions)---------------------------------------------------
       Instr       Cycles      IPC      NumBr     MispBr BrPerCyc MispBrPerCyc        MR     MPKI      CycWP   CycWPAvg   CycWPPKI
     8000054      4730161   1.6913    1411368      18225   0.2984       0.0039   1.2913%   2.2781    1832195   100.5320   229.0228
------------------------------------------------------------------------------------------------------------------------------------------------------------------------------------

-------------------------------------DIRECT CONDITIONAL BRANCH PREDICTION MEASUREMENTS (Full Simulation i.e. Counts Not Reset When Warmup Ends)-------------------------------------
       Instr       Cycles      IPC      NumBr     MispBr BrPerCyc MispBrPerCyc        MR     MPKI      CycWP   CycWPAvg   CycWPPKI
    15000054      5918226   2.5346    2614946      22963   0.4418       0.0039   0.8781%   1.5309    2018269    87.8922   134.5508
------------------------------------------------------------------------------------------------------------------------------------------------------------------------------------
 Read 15000054 instrs 

ExecTime = 134.94588494300842
