CMD:./cbp traces/web/web_19_trace.gz
Bimodal [bimodal::table] & Prediction: 2$^{16}$ 1-bit entries, hysteresis: 2$^{14}$ 1-bit entries & 10 KB \\
TAGE [gtable] & Low-history tables $\rightarrow$ Tag: 9 bits, conf: 3 bits, use: 1 bit, 2$^{11} \times$ 14 entries & 45.5 KB \\
TAGE [gtable] & High-history tables $\rightarrow$ Tag: 12 bits, conf: 3 bits, use: 1 bit, 2$^{11} \times$ 30 entries & 120 KB \\
TAGE [gtable] & Global history register: 3157, path history register: 27, decrease replacement counter: 11 & 0.390015 KB \\
Counter: 6 bits, 256 entries & 0.1875 KB \\
Loop 0.304688
Counter: 7 bits, 32 entries & 0.0273438 KB \\
Thresholds and sum weights & 0.081543 KB \\
Three bias tables & 1.125 KB \\
Global history table & 3.00488 KB \\
Path history table & 3 KB \\
Fist local history table & 3.69336 KB \\
Second local history table & 1.63086 KB \\
Third local history table & 1.54102 KB \\
IMLI table & 1.06836 KB \\
Counter: 7 bits, 16 entries & 0.0136719 KB \\
 (TOTAL 1572047 bits 1535.202148 Kbits 191.900269 KB) 5000000 instrs 
10000000 instrs 
15000000 instrs 
EOF
WINDOW_SIZE = 1024
FETCH_WIDTH = 16
FETCH_NUM_BRANCH = 16
FETCH_STOP_AT_INDIRECT = 1
FETCH_STOP_AT_TAKEN = 1
FETCH_MODEL_ICACHE = 1
PERFECT_BRANCH_PRED = 0
PERFECT_INDIRECT_PRED = 1
PIPELINE_FILL_LATENCY = 10
NUM_LDST_LANES = 8
NUM_ALU_LANES = 16
MEMORY HIERARCHY CONFIGURATION---------------------
STRIDE Prefetcher = 1
PERFECT_CACHE = 0
WRITE_ALLOCATE = 1
Within-pipeline factors:
	AGEN latency = 1 cycle
	Store Queue (SQ): SQ size = window size, oracle memory disambiguation, store-load forwarding = 1 cycle after store's or load's agen.
	* Note: A store searches the L1$ at commit. The store is released
	* from the SQ and window, whether it hits or misses. Store misses
	* are buffered until the block is allocated and the store is
	* performed in the L1$. While buffered, conflicting loads get
	* the store's data as they would from the SQ.
I$: 128 KB, 8-way set-assoc., 64B block size
L1$: 128 KB, 8-way set-assoc., 64B block size, 3-cycle search latency
L2$: 4 MB, 8-way set-assoc., 64B block size, 12-cycle search latency
L3$: 32 MB, 16-way set-assoc., 128B block size, 50-cycle search latency
Main Memory: 150-cycle fixed search time
---------------------------STORE QUEUE MEASUREMENTS (Full Simulation i.e. Counts Not Reset When Warmup Ends)---------------------------
Number of loads: 4198118
Number of loads that miss in SQ: 3406550 (81.14%)
Number of PFs issued to the memory system 303575
---------------------------------------------------------------------------------------------------------------------------------------
------------------------MEMORY HIERARCHY MEASUREMENTS (Full Simulation i.e. Counts Not Reset When Warmup Ends)-------------------------
I$:
	accesses   = 16653833
	misses     = 85591
	miss ratio = 0.51%
	pf accesses   = 0
	pf misses     = 0
	pf miss ratio = nan%
L1$:
	accesses   = 6084931
	misses     = 80923
	miss ratio = 1.33%
	pf accesses   = 303575
	pf misses     = 10421
	pf miss ratio = 3.43%
L2$:
	accesses   = 166514
	misses     = 67908
	miss ratio = 40.78%
	pf accesses   = 10421
	pf misses     = 6408
	pf miss ratio = 61.49%
L3$:
	accesses   = 67908
	misses     = 39283
	miss ratio = 57.85%
	pf accesses   = 6408
	pf misses     = 3289
	pf miss ratio = 51.33%
---------------------------------------------------------------------------------------------------------------------------------------
----------------------------------------------Prefetcher (Full Simulation i.e. No Warmup)----------------------------------------------
Num Trainings :4198118
Num Prefetches generated :305332
Num Prefetches issued :708227
Num Prefetches filtered by PF queue :16412
Num untimely prefetches dropped from PF queue :1757
Num prefetches not issued LDST contention :404652
Num prefetches not issued stride 0 :1319287
---------------------------------------------------------------------------------------------------------------------------------------

-------------------------------ILP LIMIT STUDY (Full Simulation i.e. Counts Not Reset When Warmup Ends)--------------------------------
instructions = 15000016
cycles       = 9424055
CycWP        = 2347862
IPC          = 1.5917

---------------------------------------------------------------------------------------------------------------------------------------

-----------------------------------------------BRANCH PREDICTION MEASUREMENTS (Full Simulation i.e. Counts Not Reset When Warmup Ends)----------------------------------------------
Type                   NumBr     MispBr        mr     mpki
CondDirect          2562002      75833   2.9599%   5.0555
JumpDirect           354292          0   0.0000%   0.0000
JumpIndirect          96038          0   0.0000%   0.0000
JumpReturn           193495          0   0.0000%   0.0000
Not control        13448006          0   0.0000%   0.0000
------------------------------------------------------------------------------------------------------------------------------------------------------------------------------------

------------------------------------------------------DIRECT CONDITIONAL BRANCH PREDICTION MEASUREMENTS (Last 10M instructions)-----------------------------------------------------
       Instr       Cycles      IPC      NumBr     MispBr BrPerCyc MispBrPerCyc        MR     MPKI      CycWP   CycWPAvg   CycWPPKI
    10000016      6392019   1.5645    1714065      61107   0.2682       0.0096   3.5650%   6.1107    1644027    26.9041   164.4024
------------------------------------------------------------------------------------------------------------------------------------------------------------------------------------

------------------------------------------------------DIRECT CONDITIONAL BRANCH PREDICTION MEASUREMENTS (Last 25M instructions)-----------------------------------------------------
       Instr       Cycles      IPC      NumBr     MispBr BrPerCyc MispBrPerCyc        MR     MPKI      CycWP   CycWPAvg   CycWPPKI
    15000016      9424055   1.5917    2562002      75833   0.2719       0.0080   2.9599%   5.0555    2347862    30.9610   156.5240
-------------------------------------------------------------------------------------------------------------------------------------------------------------------------------------

---------------------------------------------------------DIRECT CONDITIONAL BRANCH PREDICTION MEASUREMENTS (50 Perc instructions)---------------------------------------------------
       Instr       Cycles      IPC      NumBr     MispBr BrPerCyc MispBrPerCyc        MR     MPKI      CycWP   CycWPAvg   CycWPPKI
     8000016      4280912   1.8688    1380363      49375   0.3224       0.0115   3.5770%   6.1719    1185834    24.0169   148.2290
------------------------------------------------------------------------------------------------------------------------------------------------------------------------------------

-------------------------------------DIRECT CONDITIONAL BRANCH PREDICTION MEASUREMENTS (Full Simulation i.e. Counts Not Reset When Warmup Ends)-------------------------------------
       Instr       Cycles      IPC      NumBr     MispBr BrPerCyc MispBrPerCyc        MR     MPKI      CycWP   CycWPAvg   CycWPPKI
    15000016      9424055   1.5917    2562002      75833   0.2719       0.0080   2.9599%   5.0555    2347862    30.9610   156.5240
------------------------------------------------------------------------------------------------------------------------------------------------------------------------------------
 Read 15000016 instrs 

ExecTime = 116.46647691726685
