CMD:./cbp traces/web/web_16_trace.gz
Bimodal [bimodal::table] & Prediction: 2$^{16}$ 1-bit entries, hysteresis: 2$^{14}$ 1-bit entries & 10 KB \\
TAGE [gtable] & Low-history tables $\rightarrow$ Tag: 9 bits, conf: 3 bits, use: 1 bit, 2$^{11} \times$ 14 entries & 45.5 KB \\
TAGE [gtable] & High-history tables $\rightarrow$ Tag: 12 bits, conf: 3 bits, use: 1 bit, 2$^{11} \times$ 30 entries & 120 KB \\
TAGE [gtable] & Global history register: 3157, path history register: 27, decrease replacement counter: 11 & 0.390015 KB \\
Counter: 6 bits, 256 entries & 0.1875 KB \\
Loop 0.304688
Counter: 7 bits, 32 entries & 0.0273438 KB \\
Thresholds and sum weights & 0.081543 KB \\
Three bias tables & 1.125 KB \\
Global history table & 3.00488 KB \\
Path history table & 3 KB \\
Fist local history table & 3.69336 KB \\
Second local history table & 1.63086 KB \\
Third local history table & 1.54102 KB \\
IMLI table & 1.06836 KB \\
Counter: 7 bits, 16 entries & 0.0136719 KB \\
 (TOTAL 1572047 bits 1535.202148 Kbits 191.900269 KB) 5000000 instrs 
10000000 instrs 
15000000 instrs 
20000000 instrs 
EOF
WINDOW_SIZE = 1024
FETCH_WIDTH = 16
FETCH_NUM_BRANCH = 16
FETCH_STOP_AT_INDIRECT = 1
FETCH_STOP_AT_TAKEN = 1
FETCH_MODEL_ICACHE = 1
PERFECT_BRANCH_PRED = 0
PERFECT_INDIRECT_PRED = 1
PIPELINE_FILL_LATENCY = 10
NUM_LDST_LANES = 8
NUM_ALU_LANES = 16
MEMORY HIERARCHY CONFIGURATION---------------------
STRIDE Prefetcher = 1
PERFECT_CACHE = 0
WRITE_ALLOCATE = 1
Within-pipeline factors:
	AGEN latency = 1 cycle
	Store Queue (SQ): SQ size = window size, oracle memory disambiguation, store-load forwarding = 1 cycle after store's or load's agen.
	* Note: A store searches the L1$ at commit. The store is released
	* from the SQ and window, whether it hits or misses. Store misses
	* are buffered until the block is allocated and the store is
	* performed in the L1$. While buffered, conflicting loads get
	* the store's data as they would from the SQ.
I$: 128 KB, 8-way set-assoc., 64B block size
L1$: 128 KB, 8-way set-assoc., 64B block size, 3-cycle search latency
L2$: 4 MB, 8-way set-assoc., 64B block size, 12-cycle search latency
L3$: 32 MB, 16-way set-assoc., 128B block size, 50-cycle search latency
Main Memory: 150-cycle fixed search time
---------------------------STORE QUEUE MEASUREMENTS (Full Simulation i.e. Counts Not Reset When Warmup Ends)---------------------------
Number of loads: 4645046
Number of loads that miss in SQ: 4010932 (86.35%)
Number of PFs issued to the memory system 1140628
---------------------------------------------------------------------------------------------------------------------------------------
------------------------MEMORY HIERARCHY MEASUREMENTS (Full Simulation i.e. Counts Not Reset When Warmup Ends)-------------------------
I$:
	accesses   = 25993386
	misses     = 64398
	miss ratio = 0.25%
	pf accesses   = 0
	pf misses     = 0
	pf miss ratio = nan%
L1$:
	accesses   = 7142508
	misses     = 96989
	miss ratio = 1.36%
	pf accesses   = 1140628
	pf misses     = 30323
	pf miss ratio = 2.66%
L2$:
	accesses   = 161387
	misses     = 91753
	miss ratio = 56.85%
	pf accesses   = 30323
	pf misses     = 22301
	pf miss ratio = 73.54%
L3$:
	accesses   = 91753
	misses     = 51065
	miss ratio = 55.65%
	pf accesses   = 22301
	pf misses     = 11465
	pf miss ratio = 51.41%
---------------------------------------------------------------------------------------------------------------------------------------
----------------------------------------------Prefetcher (Full Simulation i.e. No Warmup)----------------------------------------------
Num Trainings :4645046
Num Prefetches generated :1147233
Num Prefetches issued :2327094
Num Prefetches filtered by PF queue :77527
Num untimely prefetches dropped from PF queue :6605
Num prefetches not issued LDST contention :1186466
Num prefetches not issued stride 0 :975381
---------------------------------------------------------------------------------------------------------------------------------------

-------------------------------ILP LIMIT STUDY (Full Simulation i.e. Counts Not Reset When Warmup Ends)--------------------------------
instructions = 20000052
cycles       = 9922743
CycWP        = 1201117
IPC          = 2.0156

---------------------------------------------------------------------------------------------------------------------------------------

-----------------------------------------------BRANCH PREDICTION MEASUREMENTS (Full Simulation i.e. Counts Not Reset When Warmup Ends)----------------------------------------------
Type                   NumBr     MispBr        mr     mpki
CondDirect          1486259      32110   2.1605%   1.6055
JumpDirect           236857          0   0.0000%   0.0000
JumpIndirect         307229          0   0.0000%   0.0000
JumpReturn           176742          0   0.0000%   0.0000
Not control        23786299          0   0.0000%   0.0000
------------------------------------------------------------------------------------------------------------------------------------------------------------------------------------

------------------------------------------------------DIRECT CONDITIONAL BRANCH PREDICTION MEASUREMENTS (Last 10M instructions)-----------------------------------------------------
       Instr       Cycles      IPC      NumBr     MispBr BrPerCyc MispBrPerCyc        MR     MPKI      CycWP   CycWPAvg   CycWPPKI
    10000052      6899544   1.4494     732871      22186   0.1062       0.0032   3.0273%   2.2186     823903    37.1362    82.3899
------------------------------------------------------------------------------------------------------------------------------------------------------------------------------------

------------------------------------------------------DIRECT CONDITIONAL BRANCH PREDICTION MEASUREMENTS (Last 25M instructions)-----------------------------------------------------
       Instr       Cycles      IPC      NumBr     MispBr BrPerCyc MispBrPerCyc        MR     MPKI      CycWP   CycWPAvg   CycWPPKI
    20000052      9922743   2.0156    1486259      32110   0.1498       0.0032   2.1605%   1.6055    1201117    37.4063    60.0557
-------------------------------------------------------------------------------------------------------------------------------------------------------------------------------------

---------------------------------------------------------DIRECT CONDITIONAL BRANCH PREDICTION MEASUREMENTS (50 Perc instructions)---------------------------------------------------
       Instr       Cycles      IPC      NumBr     MispBr BrPerCyc MispBrPerCyc        MR     MPKI      CycWP   CycWPAvg   CycWPPKI
    10000052      6899544   1.4494     732871      22186   0.1062       0.0032   3.0273%   2.2186     823903    37.1362    82.3899
------------------------------------------------------------------------------------------------------------------------------------------------------------------------------------

-------------------------------------DIRECT CONDITIONAL BRANCH PREDICTION MEASUREMENTS (Full Simulation i.e. Counts Not Reset When Warmup Ends)-------------------------------------
       Instr       Cycles      IPC      NumBr     MispBr BrPerCyc MispBrPerCyc        MR     MPKI      CycWP   CycWPAvg   CycWPPKI
    20000052      9922743   2.0156    1486259      32110   0.1498       0.0032   2.1605%   1.6055    1201117    37.4063    60.0557
------------------------------------------------------------------------------------------------------------------------------------------------------------------------------------
 Read 20000052 instrs 

ExecTime = 190.04154086112976
