CMD:./cbp traces/infra/infra_13_trace.gz
G_PERCEP PC=0x400007B09290, theta= 312, max bias=  15, baseline_comp=  0, stable_cnt=255, grace_period=511, time_alive=  0
L_PERCEP PC=0x400007B09290, theta= 261, max bias=  28, baseline_comp=  0, stable_cnt=255, grace_period=511, time_alive=  0
L_PERCEP PC=0x400007B091B0, theta= 261, max bias=  13, baseline_comp=  0, stable_cnt=255, grace_period=511, time_alive=  0
G_PERCEP PC=0x400007B091B0, theta= 320, max bias=  12, baseline_comp=  0, stable_cnt=255, grace_period=511, time_alive=  0
L_PERCEP PC=0x400007B09290, theta= 261, max bias=  15, baseline_comp=  0, stable_cnt=255, grace_period=511, time_alive=  0
G_PERCEP PC=0x400007E8B270, theta= 280, max bias=  38, baseline_comp=  0, stable_cnt=255, grace_period=511, time_alive=  0
G_PERCEP PC=0x400007E8B3FC, theta= 320, max bias=   8, baseline_comp=  0, stable_cnt=255, grace_period=511, time_alive=  0
5000000 instrs 
L_PERCEP PC=0x400007D205B4, theta= 261, max bias=  36, baseline_comp=  0, stable_cnt=255, grace_period=511, time_alive=  0
G_PERCEP PC=0x4000000A8D08, theta= 320, max bias=  37, baseline_comp=  0, stable_cnt=255, grace_period=511, time_alive=  0
L_PERCEP PC=0x400007B091B0, theta= 261, max bias=   7, baseline_comp=  0, stable_cnt=255, grace_period=511, time_alive=  0
L_PERCEP PC=0x400007B09188, theta= 261, max bias=  10, baseline_comp=  0, stable_cnt=255, grace_period=511, time_alive=  0
G_PERCEP PC=0x400007B09188, theta= 320, max bias=  11, baseline_comp=  0, stable_cnt=255, grace_period=511, time_alive=  0
L_PERCEP PC=0x400007D2407C, theta= 261, max bias=   7, baseline_comp=  0, stable_cnt=255, grace_period=511, time_alive=  0
G_PERCEP PC=0x400007B09290, theta= 312, max bias=  38, baseline_comp=  0, stable_cnt=255, grace_period=511, time_alive=  0
G_PERCEP PC=0x400007B091B0, theta= 320, max bias=   7, baseline_comp=  0, stable_cnt=255, grace_period=511, time_alive=  0
G_PERCEP PC=0x400007D2407C, theta= 320, max bias=  17, baseline_comp=  0, stable_cnt=255, grace_period=511, time_alive=  0
G_PERCEP PC=0x4000000AA1CC, theta= 312, max bias=  11, baseline_comp=  0, stable_cnt=255, grace_period=511, time_alive=  0
L_PERCEP PC=0x400007B09078, theta= 261, max bias=   5, baseline_comp=  0, stable_cnt=255, grace_period=511, time_alive=  0
G_PERCEP PC=0x400007B09078, theta= 320, max bias=  21, baseline_comp=  0, stable_cnt=255, grace_period=511, time_alive=  0
L_PERCEP PC=0x400007E8B5D4, theta= 253, max bias=  18, baseline_comp=  0, stable_cnt=255, grace_period=511, time_alive=  0
G_PERCEP PC=0x400007E8B5D4, theta= 320, max bias=  10, baseline_comp=  0, stable_cnt=255, grace_period=511, time_alive=  0
G_PERCEP PC=0x400007B09290, theta= 320, max bias=  16, baseline_comp=  0, stable_cnt=255, grace_period=511, time_alive=  0
L_PERCEP PC=0x400007B091B0, theta= 261, max bias=   6, baseline_comp=  0, stable_cnt=255, grace_period=511, time_alive=  0
G_PERCEP PC=0x400007E8B2D4, theta= 296, max bias=  20, baseline_comp=  0, stable_cnt=255, grace_period=511, time_alive=  0
L_PERCEP PC=0x400007E8B2CC, theta= 261, max bias=  15, baseline_comp=  0, stable_cnt=255, grace_period=511, time_alive=  0
10000000 instrs 
G_PERCEP PC=0x400007B091B0, theta= 320, max bias=  15, baseline_comp=  0, stable_cnt=255, grace_period=511, time_alive=  0
G_PERCEP PC=0x400007E8B2CC, theta= 320, max bias=   6, baseline_comp=  0, stable_cnt=255, grace_period=511, time_alive=  0
L_PERCEP PC=0x400007E8B2D4, theta= 261, max bias=  37, baseline_comp=  0, stable_cnt=255, grace_period=511, time_alive=  0
L_PERCEP PC=0x4000000AA33C, theta= 261, max bias=  12, baseline_comp=  0, stable_cnt=255, grace_period=511, time_alive=  0
G_PERCEP PC=0x4000000AA33C, theta= 320, max bias=   7, baseline_comp=  0, stable_cnt=255, grace_period=511, time_alive=  0
L_PERCEP PC=0x4000000AA1CC, theta= 253, max bias=   9, baseline_comp=  0, stable_cnt=255, grace_period=511, time_alive=  0
L_PERCEP PC=0x4000000A8D08, theta= 261, max bias=  31, baseline_comp=  0, stable_cnt=255, grace_period=511, time_alive=  0
L_PERCEP PC=0x400007B09188, theta= 261, max bias=   6, baseline_comp=  0, stable_cnt=255, grace_period=511, time_alive=  0
G_PERCEP PC=0x4000000AA094, theta= 288, max bias=  10, baseline_comp=  0, stable_cnt=255, grace_period=511, time_alive=  0
L_PERCEP PC=0x400007B091B0, theta= 261, max bias=   9, baseline_comp=  0, stable_cnt=255, grace_period=511, time_alive=  0
L_PERCEP PC=0x400007B09290, theta= 309, max bias=  25, baseline_comp=  0, stable_cnt=255, grace_period=511, time_alive=  0
L_PERCEP PC=0x400007B09078, theta= 261, max bias=   4, baseline_comp=  0, stable_cnt=255, grace_period=511, time_alive=  0
L_PERCEP PC=0x4000000AA094, theta= 253, max bias=  21, baseline_comp=  0, stable_cnt=255, grace_period=511, time_alive=  0
15000000 instrs 
L_PERCEP PC=0x400007D2407C, theta= 261, max bias=  24, baseline_comp=  0, stable_cnt=255, grace_period=511, time_alive=  0
L_PERCEP PC=0x400007B09290, theta= 293, max bias=  18, baseline_comp=  0, stable_cnt=255, grace_period=511, time_alive=  0
G_PERCEP PC=0x400007D20374, theta= 312, max bias=  15, baseline_comp=  0, stable_cnt=255, grace_period=511, time_alive=  0
G_PERCEP PC=0x400007B09188, theta= 320, max bias=  11, baseline_comp=  0, stable_cnt=255, grace_period=511, time_alive=  0
G_PERCEP PC=0x400007D2407C, theta= 320, max bias=  11, baseline_comp=  0, stable_cnt=255, grace_period=511, time_alive=  0
L_PERCEP PC=0x4000000AA1CC, theta= 261, max bias=  13, baseline_comp=  0, stable_cnt=255, grace_period=511, time_alive=  0
20000000 instrs 
G_PERCEP PC=0x400007B091B0, theta= 320, max bias=  12, baseline_comp=  0, stable_cnt=255, grace_period=511, time_alive=  0
G_PERCEP PC=0x400007B09078, theta= 320, max bias=  18, baseline_comp=  0, stable_cnt=255, grace_period=511, time_alive=  0
G_PERCEP PC=0x400007B09290, theta= 320, max bias=  11, baseline_comp=  0, stable_cnt=255, grace_period=511, time_alive=  0
L_PERCEP PC=0x400007E8B2D4, theta= 261, max bias=  20, baseline_comp=  0, stable_cnt=255, grace_period=511, time_alive=  0
L_PERCEP PC=0x400007B091B0, theta= 261, max bias=   6, baseline_comp=  0, stable_cnt=255, grace_period=511, time_alive=  0
L_PERCEP PC=0x4000000AA0A4, theta= 285, max bias=   2, baseline_comp=  0, stable_cnt=255, grace_period=511, time_alive=  0
L_PERCEP PC=0x400007B09188, theta= 261, max bias=   9, baseline_comp=  0, stable_cnt=255, grace_period=511, time_alive=  0
25000000 instrs 
L_PERCEP PC=0x4000000AA33C, theta= 261, max bias=   6, baseline_comp=  0, stable_cnt=255, grace_period=511, time_alive=  0
L_PERCEP PC=0x400007D2407C, theta= 261, max bias=   9, baseline_comp=  0, stable_cnt=255, grace_period=511, time_alive=  0
L_PERCEP PC=0x400007B09078, theta= 261, max bias=   5, baseline_comp=  0, stable_cnt=255, grace_period=511, time_alive=  0
L_PERCEP PC=0x400007E8B2CC, theta= 261, max bias=  15, baseline_comp=  0, stable_cnt=255, grace_period=511, time_alive=  0
30000000 instrs 
L_PERCEP PC=0x400007E8B5D4, theta= 261, max bias=  20, baseline_comp=  0, stable_cnt=255, grace_period=511, time_alive=  0
L_PERCEP PC=0x4000000A8D08, theta= 261, max bias=  31, baseline_comp=  0, stable_cnt=255, grace_period=511, time_alive=  0
L_PERCEP PC=0x400007D243F8, theta= 261, max bias=  12, baseline_comp=  0, stable_cnt=255, grace_period=511, time_alive=  0
L_PERCEP PC=0x4000000AA210, theta= 397, max bias=  32, baseline_comp=  0, stable_cnt=255, grace_period=511, time_alive=  0
L_PERCEP PC=0x400007D242CC, theta= 277, max bias=  27, baseline_comp=  0, stable_cnt=255, grace_period=511, time_alive=  0
L_PERCEP PC=0x400007B09290, theta= 357, max bias=  14, baseline_comp=  0, stable_cnt=255, grace_period=511, time_alive=  0
L_PERCEP PC=0x400007D23F60, theta= 269, max bias=  39, baseline_comp=  0, stable_cnt=255, grace_period=511, time_alive=  0
35000000 instrs 
L_PERCEP PC=0x400007D240AC, theta= 261, max bias=   3, baseline_comp=  0, stable_cnt=255, grace_period=511, time_alive=  0
L_PERCEP PC=0x400007ED48A4, theta= 261, max bias=   5, baseline_comp=  0, stable_cnt=255, grace_period=511, time_alive=  0
40000000 instrs 
45000000 instrs 
50000000 instrs 
EOF
======== Predictor Memory ========
TAGE-SC-L (bits) = 1305275
TAGE-SC-L (KBytes) = 159.335327
H2P_ID_MEM_BITS = 19456
H2P_ID_MEM (KBytes) = 2.375000
L_PERCEP_MEM_BITS = 176320
L_PERCEP_MEM (KBytes) = 21.523438
G_PERCEP_MEM_BITS = 33184
G_PERCEP_MEM (KBytes) = 4.050781
Total Memory (bits) = 1534235
Total Memory (KBytes) = 187.284546
======== Runtime Statistics ========
COL h2p_insert_cnt = 74
COL h2p_with_tage = 6380807
COL h2p_with_lhist_percep = 53064
COL h2p_with_ghist_percep = 29619
COL filtered_updates = 3913
COL lhist_percep_evictions = 40
COL ghist_percep_evictions = 24
COL lhist_percep_stale_evictions = 0
COL ghist_percep_stale_evictions = 0
======== End of Statistics ========
WINDOW_SIZE = 1024
FETCH_WIDTH = 16
FETCH_NUM_BRANCH = 16
FETCH_STOP_AT_INDIRECT = 1
FETCH_STOP_AT_TAKEN = 1
FETCH_MODEL_ICACHE = 1
PERFECT_BRANCH_PRED = 0
PERFECT_INDIRECT_PRED = 1
PIPELINE_FILL_LATENCY = 10
NUM_LDST_LANES = 8
NUM_ALU_LANES = 16
MEMORY HIERARCHY CONFIGURATION---------------------
STRIDE Prefetcher = 1
PERFECT_CACHE = 0
WRITE_ALLOCATE = 1
Within-pipeline factors:
	AGEN latency = 1 cycle
	Store Queue (SQ): SQ size = window size, oracle memory disambiguation, store-load forwarding = 1 cycle after store's or load's agen.
	* Note: A store searches the L1$ at commit. The store is released
	* from the SQ and window, whether it hits or misses. Store misses
	* are buffered until the block is allocated and the store is
	* performed in the L1$. While buffered, conflicting loads get
	* the store's data as they would from the SQ.
I$: 128 KB, 8-way set-assoc., 64B block size
L1$: 128 KB, 8-way set-assoc., 64B block size, 3-cycle search latency
L2$: 4 MB, 8-way set-assoc., 64B block size, 12-cycle search latency
L3$: 32 MB, 16-way set-assoc., 128B block size, 50-cycle search latency
Main Memory: 150-cycle fixed search time
---------------------------STORE QUEUE MEASUREMENTS (Full Simulation i.e. Counts Not Reset When Warmup Ends)---------------------------
Number of loads: 14122747
Number of loads that miss in SQ: 9466849 (67.03%)
Number of PFs issued to the memory system 553497
---------------------------------------------------------------------------------------------------------------------------------------
------------------------MEMORY HIERARCHY MEASUREMENTS (Full Simulation i.e. Counts Not Reset When Warmup Ends)-------------------------
I$:
	accesses   = 53652364
	misses     = 47929
	miss ratio = 0.09%
	pf accesses   = 0
	pf misses     = 0
	pf miss ratio = nan%
L1$:
	accesses   = 22208979
	misses     = 228577
	miss ratio = 1.03%
	pf accesses   = 553497
	pf misses     = 11414
	pf miss ratio = 2.06%
L2$:
	accesses   = 276506
	misses     = 148803
	miss ratio = 53.82%
	pf accesses   = 11414
	pf misses     = 8055
	pf miss ratio = 70.57%
L3$:
	accesses   = 148803
	misses     = 74368
	miss ratio = 49.98%
	pf accesses   = 8055
	pf misses     = 3471
	pf miss ratio = 43.09%
---------------------------------------------------------------------------------------------------------------------------------------
----------------------------------------------Prefetcher (Full Simulation i.e. No Warmup)----------------------------------------------
Num Trainings :14122747
Num Prefetches generated :555297
Num Prefetches issued :2133841
Num Prefetches filtered by PF queue :15565
Num untimely prefetches dropped from PF queue :1800
Num prefetches not issued LDST contention :1580344
Num prefetches not issued stride 0 :7276058
---------------------------------------------------------------------------------------------------------------------------------------

-------------------------------ILP LIMIT STUDY (Full Simulation i.e. Counts Not Reset When Warmup Ends)--------------------------------
instructions = 50000052
cycles       = 20369983
CycWP        = 13568329
IPC          = 2.4546

---------------------------------------------------------------------------------------------------------------------------------------

-----------------------------------------------BRANCH PREDICTION MEASUREMENTS (Full Simulation i.e. Counts Not Reset When Warmup Ends)----------------------------------------------
Type                   NumBr     MispBr        mr     mpki
CondDirect          6532412     203940   3.1220%   4.0788
JumpDirect          1036864          0   0.0000%   0.0000
JumpIndirect          27919          0   0.0000%   0.0000
JumpReturn           530627          0   0.0000%   0.0000
Not control        45524542          0   0.0000%   0.0000
------------------------------------------------------------------------------------------------------------------------------------------------------------------------------------

------------------------------------------------------DIRECT CONDITIONAL BRANCH PREDICTION MEASUREMENTS (Last 10M instructions)-----------------------------------------------------
       Instr       Cycles      IPC      NumBr     MispBr BrPerCyc MispBrPerCyc        MR     MPKI      CycWP   CycWPAvg   CycWPPKI
    10000052      3994602   2.5034    1490854      15149   0.3732       0.0038   1.0161%   1.5149     866597    57.2049    86.6592
------------------------------------------------------------------------------------------------------------------------------------------------------------------------------------

------------------------------------------------------DIRECT CONDITIONAL BRANCH PREDICTION MEASUREMENTS (Last 25M instructions)-----------------------------------------------------
       Instr       Cycles      IPC      NumBr     MispBr BrPerCyc MispBrPerCyc        MR     MPKI      CycWP   CycWPAvg   CycWPPKI
    25000052      9604343   2.6030    3378036      82514   0.3517       0.0086   2.4427%   3.3006    5096643    61.7670   203.8653
-------------------------------------------------------------------------------------------------------------------------------------------------------------------------------------

---------------------------------------------------------DIRECT CONDITIONAL BRANCH PREDICTION MEASUREMENTS (50 Perc instructions)---------------------------------------------------
       Instr       Cycles      IPC      NumBr     MispBr BrPerCyc MispBrPerCyc        MR     MPKI      CycWP   CycWPAvg   CycWPPKI
    25000052      9604343   2.6030    3378036      82514   0.3517       0.0086   2.4427%   3.3006    5096643    61.7670   203.8653
------------------------------------------------------------------------------------------------------------------------------------------------------------------------------------

-------------------------------------DIRECT CONDITIONAL BRANCH PREDICTION MEASUREMENTS (Full Simulation i.e. Counts Not Reset When Warmup Ends)-------------------------------------
       Instr       Cycles      IPC      NumBr     MispBr BrPerCyc MispBrPerCyc        MR     MPKI      CycWP   CycWPAvg   CycWPPKI
    50000052     20369983   2.4546    6532412     203940   0.3207       0.0100   3.1220%   4.0788   13568329    66.5310   271.3663
------------------------------------------------------------------------------------------------------------------------------------------------------------------------------------
 Read 50000052 instrs 
G_PERCEP PC=0x4000000AA120, theta= 312, max bias=   9, baseline_comp=  0, stable_cnt=  7, grace_period=511, time_alive= 26
G_PERCEP PC=0x400007D23F60, theta= 344, max bias=  34, baseline_comp= 11, stable_cnt=  0, grace_period=511, time_alive=351
G_PERCEP PC=0x400007D24400, theta= 496, max bias=  38, baseline_comp= 16, stable_cnt=  0, grace_period=511, time_alive=794
G_PERCEP PC=0x400007ED4868, theta= 320, max bias=  23, baseline_comp=  0, stable_cnt= 64, grace_period=511, time_alive=362
G_PERCEP PC=0x400007D205B4, theta= 168, max bias=   2, baseline_comp= 36, stable_cnt=  0, grace_period=511, time_alive=792
G_PERCEP PC=0x400007D242CC, theta= 160, max bias=   6, baseline_comp=  8, stable_cnt=  0, grace_period=511, time_alive=796
G_PERCEP PC=0x4000000A8CDC, theta= 288, max bias=  11, baseline_comp=  8, stable_cnt=  0, grace_period=511, time_alive=  0
G_PERCEP PC=0x4000000AA210, theta= 200, max bias=  63, baseline_comp=  1, stable_cnt= 57, grace_period=511, time_alive=363
G_PERCEP PC=0x400007D24084, theta= 296, max bias=  41, baseline_comp=  3, stable_cnt=  0, grace_period=511, time_alive=798
G_PERCEP PC=0x400007D23F68, theta= 320, max bias=  21, baseline_comp= 10, stable_cnt=  0, grace_period=511, time_alive=350
G_PERCEP PC=0x400007E8B5C4, theta= 608, max bias=   6, baseline_comp=  8, stable_cnt=  0, grace_period=511, time_alive=366
G_PERCEP PC=0x4000000AA220, theta= 224, max bias=  31, baseline_comp=  8, stable_cnt=  0, grace_period=511, time_alive=369
G_PERCEP PC=0x400007D20690, theta= 544, max bias=  10, baseline_comp= 30, stable_cnt=  0, grace_period=511, time_alive=789
G_PERCEP PC=0x400007E8B608, theta= 784, max bias=  28, baseline_comp= 14, stable_cnt=  0, grace_period=511, time_alive=364
G_PERCEP PC=0x400007E8B4AC, theta= 680, max bias=  30, baseline_comp= 15, stable_cnt=  0, grace_period=511, time_alive=367
G_PERCEP PC=0x400007D204D0, theta= 280, max bias=  38, baseline_comp=  4, stable_cnt=  0, grace_period=511, time_alive=353
L_PERCEP PC=0x4000080B95B4, theta= 277, max bias=  24, baseline_comp=  8, stable_cnt=  0, grace_period=511, time_alive=  0
L_PERCEP PC=0x400007F01E20, theta= 285, max bias=  37, baseline_comp=  3, stable_cnt=  0, grace_period=511, time_alive=3049
L_PERCEP PC=0x4000000AA0B4, theta= 261, max bias=   5, baseline_comp=  0, stable_cnt=  0, grace_period= 40, time_alive=285
L_PERCEP PC=0x4000000AA170, theta= 277, max bias=  14, baseline_comp=  0, stable_cnt=  5, grace_period=511, time_alive=281
L_PERCEP PC=0x4000000A8D1C, theta= 317, max bias=  32, baseline_comp=  0, stable_cnt= 37, grace_period=511, time_alive=272
L_PERCEP PC=0x4000000AA184, theta= 309, max bias=  15, baseline_comp=  0, stable_cnt=  9, grace_period=511, time_alive=270
L_PERCEP PC=0x400007D2424C, theta= 269, max bias=  59, baseline_comp=  0, stable_cnt=224, grace_period=511, time_alive=2751
L_PERCEP PC=0x400007F01944, theta= 285, max bias=  25, baseline_comp=  3, stable_cnt=  0, grace_period=511, time_alive=2907
L_PERCEP PC=0x4000000AA190, theta= 293, max bias=  36, baseline_comp=  0, stable_cnt=  0, grace_period=511, time_alive=269
L_PERCEP PC=0x4000000A8D38, theta= 317, max bias=  17, baseline_comp=  0, stable_cnt= 34, grace_period=511, time_alive=271
L_PERCEP PC=0x400007B08CF8, theta= 261, max bias=   7, baseline_comp=  1, stable_cnt=  0, grace_period=488, time_alive=2719
L_PERCEP PC=0x400007D20374, theta= 301, max bias=  42, baseline_comp=  1, stable_cnt=  8, grace_period=511, time_alive=2726
L_PERCEP PC=0x4000000AA094, theta= 261, max bias=  14, baseline_comp=  0, stable_cnt= 50, grace_period=511, time_alive=275
L_PERCEP PC=0x400007D20690, theta= 485, max bias=  32, baseline_comp= 16, stable_cnt=  0, grace_period=511, time_alive=3379
L_PERCEP PC=0x400007D204D0, theta= 285, max bias=  47, baseline_comp=  1, stable_cnt=  1, grace_period=511, time_alive=2725
L_PERCEP PC=0x400007D24400, theta= 469, max bias=  23, baseline_comp=  0, stable_cnt=  5, grace_period=511, time_alive=3386
L_PERCEP PC=0x4000000AA120, theta= 293, max bias=  35, baseline_comp=  0, stable_cnt= 25, grace_period=511, time_alive=365
L_PERCEP PC=0x400007ED4868, theta= 221, max bias=  49, baseline_comp= 63, stable_cnt=255, grace_period=511, time_alive=2754
L_PERCEP PC=0x400007C900E4, theta= 261, max bias=  10, baseline_comp=  0, stable_cnt=  0, grace_period=398, time_alive=438
L_PERCEP PC=0x400007D24084, theta= 325, max bias=  34, baseline_comp=  0, stable_cnt=  7, grace_period=511, time_alive=3390
L_PERCEP PC=0x400007D23F68, theta= 261, max bias=  60, baseline_comp=  3, stable_cnt=  0, grace_period=511, time_alive=2722
L_PERCEP PC=0x400007E8B5C4, theta= 581, max bias=  11, baseline_comp=  4, stable_cnt=  0, grace_period=511, time_alive=2759
L_PERCEP PC=0x400007F019D4, theta= 261, max bias=   0, baseline_comp=  0, stable_cnt=  0, grace_period=  0, time_alive=2907
L_PERCEP PC=0x4000000AA164, theta= 277, max bias=  16, baseline_comp=  0, stable_cnt= 30, grace_period=511, time_alive=282
L_PERCEP PC=0x4000000AA220, theta= 357, max bias=  46, baseline_comp=  1, stable_cnt=  1, grace_period=511, time_alive=2764
L_PERCEP PC=0x400007E8B3FC, theta= 205, max bias=  48, baseline_comp= 63, stable_cnt= 55, grace_period=511, time_alive=2755
L_PERCEP PC=0x4000000AA158, theta= 277, max bias=  21, baseline_comp=  0, stable_cnt=  0, grace_period=511, time_alive=274
L_PERCEP PC=0x400007E8B608, theta= 621, max bias=  15, baseline_comp=  9, stable_cnt=  0, grace_period=511, time_alive=2757
L_PERCEP PC=0x4000000A8CDC, theta= 253, max bias=   4, baseline_comp=  0, stable_cnt= 44, grace_period=511, time_alive=273
L_PERCEP PC=0x400007E8B270, theta= 269, max bias=  77, baseline_comp=  0, stable_cnt= 15, grace_period=511, time_alive=2756
L_PERCEP PC=0x400007D242EC, theta= 261, max bias=  23, baseline_comp=  0, stable_cnt= 52, grace_period=511, time_alive=2750
L_PERCEP PC=0x400007E8B4AC, theta= 581, max bias=  40, baseline_comp=  0, stable_cnt=  5, grace_period=511, time_alive=2760

ExecTime = 449.3575668334961
