CMD:./cbp traces/infra/infra_10_trace.gz
L_PERCEP PC=0x400007EB3E58, theta= 261, max bias=  21, baseline_comp=  0, stable_cnt=255, grace_period=511, time_alive=  0
G_PERCEP PC=0x400007EB3E58, theta= 320, max bias=   5, baseline_comp=  0, stable_cnt=255, grace_period=511, time_alive=  0
G_PERCEP PC=0x400007EB4164, theta= 320, max bias=   9, baseline_comp=  0, stable_cnt=255, grace_period=511, time_alive=  0
L_PERCEP PC=0x400007EB3E58, theta= 261, max bias=  16, baseline_comp=  0, stable_cnt=255, grace_period=511, time_alive=  0
G_PERCEP PC=0x400007EB3E58, theta= 320, max bias=   8, baseline_comp=  0, stable_cnt=255, grace_period=511, time_alive=  0
L_PERCEP PC=0x400007EB3E58, theta= 261, max bias=   7, baseline_comp=  0, stable_cnt=255, grace_period=511, time_alive=  0
G_PERCEP PC=0x400007EB3E58, theta= 320, max bias=   7, baseline_comp=  0, stable_cnt=255, grace_period=511, time_alive=  0
L_PERCEP PC=0x400007EB3E58, theta= 261, max bias=   6, baseline_comp=  0, stable_cnt=255, grace_period=511, time_alive=  0
G_PERCEP PC=0x400007EB3E58, theta= 320, max bias=   5, baseline_comp=  0, stable_cnt=255, grace_period=511, time_alive=  0
L_PERCEP PC=0x400007EB4208, theta= 261, max bias=  19, baseline_comp=  0, stable_cnt=255, grace_period=511, time_alive=  0
G_PERCEP PC=0x400007EB4208, theta= 320, max bias=   6, baseline_comp=  0, stable_cnt=255, grace_period=511, time_alive=  0
L_PERCEP PC=0x400007EB4234, theta= 261, max bias=  23, baseline_comp=  0, stable_cnt=255, grace_period=511, time_alive=  0
G_PERCEP PC=0x400007EB4234, theta= 320, max bias=   5, baseline_comp=  0, stable_cnt=255, grace_period=511, time_alive=  0
L_PERCEP PC=0x400007EB3E58, theta= 261, max bias=   6, baseline_comp=  0, stable_cnt=255, grace_period=511, time_alive=  0
G_PERCEP PC=0x400007EB3E58, theta= 320, max bias=   6, baseline_comp=  0, stable_cnt=255, grace_period=511, time_alive=  0
L_PERCEP PC=0x400007D7D3D8, theta= 261, max bias=   7, baseline_comp=  0, stable_cnt=255, grace_period=511, time_alive=  0
G_PERCEP PC=0x400007D7D3D8, theta= 320, max bias=   7, baseline_comp=  0, stable_cnt=255, grace_period=511, time_alive=  0
L_PERCEP PC=0x400007EB3E58, theta= 261, max bias=   5, baseline_comp=  0, stable_cnt=255, grace_period=511, time_alive=  0
G_PERCEP PC=0x400007EB3E58, theta= 320, max bias=   5, baseline_comp=  0, stable_cnt=255, grace_period=511, time_alive=  0
5000000 instrs 
L_PERCEP PC=0x400007EB3E58, theta= 261, max bias=   4, baseline_comp=  0, stable_cnt=255, grace_period=511, time_alive=  0
G_PERCEP PC=0x400007EB3E58, theta= 320, max bias=   5, baseline_comp=  0, stable_cnt=255, grace_period=511, time_alive=  0
L_PERCEP PC=0x400007DB6064, theta= 261, max bias=  23, baseline_comp=  0, stable_cnt=255, grace_period=511, time_alive=  0
G_PERCEP PC=0x400007DB6064, theta= 320, max bias=   7, baseline_comp=  0, stable_cnt=255, grace_period=511, time_alive=  0
L_PERCEP PC=0x400007DB6064, theta= 261, max bias=  10, baseline_comp=  0, stable_cnt=255, grace_period=511, time_alive=  0
G_PERCEP PC=0x400007DB6064, theta= 320, max bias=   6, baseline_comp=  0, stable_cnt=255, grace_period=511, time_alive=  0
L_PERCEP PC=0x400007DB6064, theta= 261, max bias=   9, baseline_comp=  0, stable_cnt=255, grace_period=511, time_alive=  0
G_PERCEP PC=0x400007DB6064, theta= 320, max bias=   6, baseline_comp=  0, stable_cnt=255, grace_period=511, time_alive=  0
G_PERCEP PC=0x400007DB6104, theta= 376, max bias=   2, baseline_comp=  0, stable_cnt=255, grace_period=511, time_alive=  0
G_PERCEP PC=0x400007DB6128, theta= 352, max bias=   4, baseline_comp=  0, stable_cnt=255, grace_period=511, time_alive=  0
G_PERCEP PC=0x400007DB60BC, theta= 392, max bias=   1, baseline_comp=  0, stable_cnt=255, grace_period=511, time_alive=  0
L_PERCEP PC=0x400007DB6064, theta= 261, max bias=   8, baseline_comp=  0, stable_cnt=255, grace_period=511, time_alive=  0
G_PERCEP PC=0x400007DB6064, theta= 320, max bias=   6, baseline_comp=  0, stable_cnt=255, grace_period=511, time_alive=  0
L_PERCEP PC=0x400007DB6104, theta= 277, max bias=  26, baseline_comp=  0, stable_cnt=255, grace_period=511, time_alive=  0
L_PERCEP PC=0x400007DB6064, theta= 261, max bias=   7, baseline_comp=  0, stable_cnt=255, grace_period=511, time_alive=  0
G_PERCEP PC=0x400007DB6064, theta= 320, max bias=   5, baseline_comp=  0, stable_cnt=255, grace_period=511, time_alive=  0
L_PERCEP PC=0x400007DB60BC, theta= 293, max bias=  12, baseline_comp=  0, stable_cnt=255, grace_period=511, time_alive=  0
L_PERCEP PC=0x400007DB6064, theta= 261, max bias=   1, baseline_comp=  0, stable_cnt=255, grace_period=511, time_alive=  0
G_PERCEP PC=0x400007DB6064, theta= 320, max bias=   4, baseline_comp=  0, stable_cnt=255, grace_period=511, time_alive=  0
G_PERCEP PC=0x400007DB6104, theta= 344, max bias=   8, baseline_comp=  0, stable_cnt=255, grace_period=511, time_alive=  0
L_PERCEP PC=0x400007DB6064, theta= 261, max bias=   6, baseline_comp=  0, stable_cnt=255, grace_period=511, time_alive=  0
G_PERCEP PC=0x400007DB6064, theta= 320, max bias=   4, baseline_comp=  0, stable_cnt=255, grace_period=511, time_alive=  0
L_PERCEP PC=0x400007DB6064, theta= 261, max bias=   2, baseline_comp=  0, stable_cnt=255, grace_period=511, time_alive=  0
G_PERCEP PC=0x400007DB6064, theta= 320, max bias=   3, baseline_comp=  0, stable_cnt=255, grace_period=511, time_alive=  0
L_PERCEP PC=0x400007DB6064, theta= 261, max bias=   6, baseline_comp=  0, stable_cnt=255, grace_period=511, time_alive=  0
G_PERCEP PC=0x400007DB6064, theta= 320, max bias=   7, baseline_comp=  0, stable_cnt=255, grace_period=511, time_alive=  0
G_PERCEP PC=0x400007DB60BC, theta= 376, max bias=   0, baseline_comp=  0, stable_cnt=255, grace_period=511, time_alive=  0
L_PERCEP PC=0x400007DB6064, theta= 261, max bias=   3, baseline_comp=  0, stable_cnt=255, grace_period=511, time_alive=  0
G_PERCEP PC=0x400007DB6064, theta= 320, max bias=   5, baseline_comp=  0, stable_cnt=255, grace_period=511, time_alive=  0
L_PERCEP PC=0x400007DB6064, theta= 261, max bias=   4, baseline_comp=  0, stable_cnt=255, grace_period=511, time_alive=  0
G_PERCEP PC=0x400007DB6064, theta= 320, max bias=   5, baseline_comp=  0, stable_cnt=255, grace_period=511, time_alive=  0
L_PERCEP PC=0x400007EB4164, theta= 253, max bias=  34, baseline_comp= 13, stable_cnt=  0, grace_period=511, time_alive=65535
L_PERCEP PC=0x400007EB4208, theta= 261, max bias=  12, baseline_comp=  1, stable_cnt=  0, grace_period= 84, time_alive=65535
L_PERCEP PC=0x400007EF090C, theta= 261, max bias=  20, baseline_comp=  0, stable_cnt=  0, grace_period=435, time_alive=65535
G_PERCEP PC=0x400007DB6064, theta= 320, max bias=   7, baseline_comp=  0, stable_cnt=255, grace_period=511, time_alive=  0
L_PERCEP PC=0x400007DB6064, theta= 261, max bias=   7, baseline_comp=  0, stable_cnt=255, grace_period=511, time_alive=  0
L_PERCEP PC=0x400007DB6064, theta= 261, max bias=   4, baseline_comp=  0, stable_cnt=255, grace_period=511, time_alive=  0
G_PERCEP PC=0x400007DB6064, theta= 320, max bias=   4, baseline_comp=  0, stable_cnt=255, grace_period=511, time_alive=  0
L_PERCEP PC=0x400007DB6064, theta= 261, max bias=   7, baseline_comp=  0, stable_cnt=255, grace_period=511, time_alive=  0
G_PERCEP PC=0x400007DB6064, theta= 320, max bias=   7, baseline_comp=  0, stable_cnt=255, grace_period=511, time_alive=  0
10000000 instrs 
G_PERCEP PC=0x400007DB6064, theta= 320, max bias=   4, baseline_comp=  0, stable_cnt=255, grace_period=511, time_alive=  0
L_PERCEP PC=0x400007DB6064, theta= 261, max bias=   2, baseline_comp=  0, stable_cnt=255, grace_period=511, time_alive=  0
G_PERCEP PC=0x400007DB6064, theta= 320, max bias=   8, baseline_comp=  0, stable_cnt=255, grace_period=511, time_alive=  0
L_PERCEP PC=0x400007DB6064, theta= 261, max bias=   6, baseline_comp=  0, stable_cnt=255, grace_period=511, time_alive=  0
L_PERCEP PC=0x400007DB6104, theta= 373, max bias=  14, baseline_comp=  0, stable_cnt=255, grace_period=511, time_alive=  0
L_PERCEP PC=0x400007DB6064, theta= 261, max bias=   3, baseline_comp=  0, stable_cnt=255, grace_period=511, time_alive=  0
G_PERCEP PC=0x400007DB6064, theta= 320, max bias=   5, baseline_comp=  0, stable_cnt=255, grace_period=511, time_alive=  0
G_PERCEP PC=0x400007DB6064, theta= 320, max bias=   4, baseline_comp=  0, stable_cnt=255, grace_period=511, time_alive=  0
L_PERCEP PC=0x400007DB6064, theta= 261, max bias=   6, baseline_comp=  0, stable_cnt=255, grace_period=511, time_alive=  0
G_PERCEP PC=0x400007DB6064, theta= 320, max bias=   5, baseline_comp=  0, stable_cnt=255, grace_period=511, time_alive=  0
L_PERCEP PC=0x400007DB6064, theta= 261, max bias=   4, baseline_comp=  0, stable_cnt=255, grace_period=511, time_alive=  0
G_PERCEP PC=0x400007DB6104, theta= 360, max bias=   6, baseline_comp=  0, stable_cnt=255, grace_period=511, time_alive=  0
G_PERCEP PC=0x400007DB6064, theta= 320, max bias=   6, baseline_comp=  0, stable_cnt=255, grace_period=511, time_alive=  0
L_PERCEP PC=0x400007DB6064, theta= 261, max bias=   4, baseline_comp=  0, stable_cnt=255, grace_period=511, time_alive=  0
G_PERCEP PC=0x400007DB6064, theta= 320, max bias=   6, baseline_comp=  0, stable_cnt=255, grace_period=511, time_alive=  0
L_PERCEP PC=0x400007DB6064, theta= 261, max bias=   8, baseline_comp=  0, stable_cnt=255, grace_period=511, time_alive=  0
L_PERCEP PC=0x400007DB60BC, theta= 405, max bias=  15, baseline_comp=  0, stable_cnt=255, grace_period=511, time_alive=  0
G_PERCEP PC=0x400007DB6064, theta= 320, max bias=   7, baseline_comp=  0, stable_cnt=255, grace_period=511, time_alive=  0
L_PERCEP PC=0x400007DB6064, theta= 261, max bias=   5, baseline_comp=  0, stable_cnt=255, grace_period=511, time_alive=  0
G_PERCEP PC=0x400007B09290, theta= 312, max bias=  14, baseline_comp=  0, stable_cnt=255, grace_period=511, time_alive=  0
L_PERCEP PC=0x400007B09290, theta= 269, max bias=  35, baseline_comp=  0, stable_cnt=255, grace_period=511, time_alive=  0
15000000 instrs 
L_PERCEP PC=0x400007B091B0, theta= 261, max bias=  14, baseline_comp=  0, stable_cnt=255, grace_period=511, time_alive=  0
G_PERCEP PC=0x400007EB4208, theta= 320, max bias=   5, baseline_comp=  1, stable_cnt=  0, grace_period= 84, time_alive=65535
G_PERCEP PC=0x400007EF090C, theta= 320, max bias=   3, baseline_comp=  0, stable_cnt=  0, grace_period=435, time_alive=65535
G_PERCEP PC=0x400007B091B0, theta= 320, max bias=  12, baseline_comp=  0, stable_cnt=255, grace_period=511, time_alive=  0
L_PERCEP PC=0x400007B09290, theta= 261, max bias=  24, baseline_comp=  0, stable_cnt=255, grace_period=511, time_alive=  0
G_PERCEP PC=0x400007E8B3FC, theta= 320, max bias=   6, baseline_comp=  0, stable_cnt=255, grace_period=511, time_alive=  0
G_PERCEP PC=0x400007B09290, theta= 312, max bias=  16, baseline_comp=  0, stable_cnt=255, grace_period=511, time_alive=  0
G_PERCEP PC=0x400007B09290, theta= 320, max bias=  12, baseline_comp=  0, stable_cnt=255, grace_period=511, time_alive=  0
L_PERCEP PC=0x400007B09188, theta= 261, max bias=  13, baseline_comp=  0, stable_cnt=255, grace_period=511, time_alive=  0
G_PERCEP PC=0x400007B09188, theta= 320, max bias=  11, baseline_comp=  0, stable_cnt=255, grace_period=511, time_alive=  0
L_PERCEP PC=0x400007DB6128, theta= 365, max bias=  21, baseline_comp=  1, stable_cnt=  0, grace_period=511, time_alive=65535
L_PERCEP PC=0x400007DB6104, theta= 333, max bias=  10, baseline_comp=  5, stable_cnt=  0, grace_period=511, time_alive=65535
L_PERCEP PC=0x400007B091B0, theta= 261, max bias=   7, baseline_comp=  0, stable_cnt=255, grace_period=511, time_alive=  0
G_PERCEP PC=0x400007B091B0, theta= 320, max bias=  11, baseline_comp=  0, stable_cnt=255, grace_period=511, time_alive=  0
L_PERCEP PC=0x4000000AA1CC, theta= 261, max bias=  10, baseline_comp=  0, stable_cnt=255, grace_period=511, time_alive=  0
L_PERCEP PC=0x400007E8B5D4, theta= 261, max bias=  32, baseline_comp=  0, stable_cnt=255, grace_period=511, time_alive=  0
L_PERCEP PC=0x400007B09078, theta= 261, max bias=   9, baseline_comp=  0, stable_cnt=255, grace_period=511, time_alive=  0
L_PERCEP PC=0x400007B09290, theta= 285, max bias=  19, baseline_comp=  0, stable_cnt=255, grace_period=511, time_alive=  0
20000000 instrs 
G_PERCEP PC=0x4000000A8D08, theta= 312, max bias=  42, baseline_comp=  0, stable_cnt=255, grace_period=511, time_alive=  0
L_PERCEP PC=0x4000000AA210, theta= 309, max bias=  23, baseline_comp=  0, stable_cnt=255, grace_period=511, time_alive=  0
L_PERCEP PC=0x400007D205B4, theta= 269, max bias=  48, baseline_comp=  0, stable_cnt=255, grace_period=511, time_alive=  0
G_PERCEP PC=0x400007E8B5D4, theta= 312, max bias=  14, baseline_comp=  0, stable_cnt=255, grace_period=511, time_alive=  0
L_PERCEP PC=0x400007B091B0, theta= 261, max bias=   5, baseline_comp=  0, stable_cnt=255, grace_period=511, time_alive=  0
G_PERCEP PC=0x400007E8B2D4, theta= 312, max bias=  14, baseline_comp=  0, stable_cnt=255, grace_period=511, time_alive=  0
L_PERCEP PC=0x4000000AA094, theta= 261, max bias=  19, baseline_comp=  0, stable_cnt=255, grace_period=511, time_alive=  0
L_PERCEP PC=0x400007E8B2CC, theta= 261, max bias=  14, baseline_comp=  0, stable_cnt=255, grace_period=511, time_alive=  0
L_PERCEP PC=0x4000000A8D08, theta= 261, max bias=  36, baseline_comp=  0, stable_cnt=255, grace_period=511, time_alive=  0
L_PERCEP PC=0x400007E8B2D4, theta= 269, max bias=  31, baseline_comp=  0, stable_cnt=255, grace_period=511, time_alive=  0
G_PERCEP PC=0x400007D20374, theta= 320, max bias=  12, baseline_comp=  0, stable_cnt=255, grace_period=511, time_alive=  0
L_PERCEP PC=0x400007E8B270, theta= 253, max bias=  74, baseline_comp=  0, stable_cnt=255, grace_period=511, time_alive=  0
L_PERCEP PC=0x400007B09290, theta= 301, max bias=  15, baseline_comp=  0, stable_cnt=255, grace_period=511, time_alive=  0
L_PERCEP PC=0x4000000AA33C, theta= 261, max bias=  11, baseline_comp=  0, stable_cnt=255, grace_period=511, time_alive=  0
G_PERCEP PC=0x400007B09078, theta= 320, max bias=  15, baseline_comp=  0, stable_cnt=255, grace_period=511, time_alive=  0
L_PERCEP PC=0x400007B09188, theta= 261, max bias=   5, baseline_comp=  0, stable_cnt=255, grace_period=511, time_alive=  0
25000000 instrs 
L_PERCEP PC=0x400007D23F68, theta= 261, max bias=  21, baseline_comp=  0, stable_cnt=255, grace_period=511, time_alive=  0
G_PERCEP PC=0x4000000AA1CC, theta= 304, max bias=  24, baseline_comp=  0, stable_cnt=255, grace_period=511, time_alive=  0
G_PERCEP PC=0x400007B09290, theta= 312, max bias=  17, baseline_comp=  0, stable_cnt=255, grace_period=511, time_alive=  0
G_PERCEP PC=0x400007E8B270, theta= 208, max bias=  72, baseline_comp=  0, stable_cnt=255, grace_period=511, time_alive=  0
G_PERCEP PC=0x400007B091B0, theta= 320, max bias=  10, baseline_comp=  0, stable_cnt=255, grace_period=511, time_alive=  0
G_PERCEP PC=0x400007E8B2CC, theta= 320, max bias=   9, baseline_comp=  0, stable_cnt=255, grace_period=511, time_alive=  0
G_PERCEP PC=0x4000000AA094, theta= 296, max bias=   5, baseline_comp=  0, stable_cnt=255, grace_period=511, time_alive=  0
30000000 instrs 
L_PERCEP PC=0x4000000A8D08, theta= 261, max bias=  20, baseline_comp=  0, stable_cnt=255, grace_period=511, time_alive=  0
G_PERCEP PC=0x4000000AA33C, theta= 320, max bias=   9, baseline_comp=  0, stable_cnt=255, grace_period=511, time_alive=  0
L_PERCEP PC=0x400007B09078, theta= 261, max bias=   8, baseline_comp=  0, stable_cnt=255, grace_period=511, time_alive=  0
L_PERCEP PC=0x400007B091B0, theta= 261, max bias=   7, baseline_comp=  0, stable_cnt=255, grace_period=511, time_alive=  0
L_PERCEP PC=0x400007D2407C, theta= 261, max bias=  38, baseline_comp=  0, stable_cnt=255, grace_period=511, time_alive=  0
35000000 instrs 
L_PERCEP PC=0x4000000AA0A4, theta= 269, max bias=  13, baseline_comp=  0, stable_cnt=255, grace_period=511, time_alive=  0
L_PERCEP PC=0x4000000AA1CC, theta= 261, max bias=   1, baseline_comp=  0, stable_cnt=255, grace_period=511, time_alive=  0
L_PERCEP PC=0x400007D243F8, theta= 261, max bias=   4, baseline_comp=  0, stable_cnt=255, grace_period=511, time_alive=  0
L_PERCEP PC=0x400007E8B2D4, theta= 269, max bias=  17, baseline_comp=  0, stable_cnt=255, grace_period=511, time_alive=  0
L_PERCEP PC=0x400007E8B5D4, theta= 261, max bias=  21, baseline_comp=  0, stable_cnt=255, grace_period=511, time_alive=  0
L_PERCEP PC=0x400007E8B270, theta= 269, max bias=  43, baseline_comp=  0, stable_cnt=255, grace_period=511, time_alive=  0
40000000 instrs 
L_PERCEP PC=0x400007ED48A4, theta= 261, max bias=   8, baseline_comp=  0, stable_cnt=255, grace_period=511, time_alive=  0
L_PERCEP PC=0x400007B09290, theta= 381, max bias=  20, baseline_comp=  0, stable_cnt=255, grace_period=511, time_alive=  0
G_PERCEP PC=0x400007D2407C, theta= 312, max bias=  26, baseline_comp=  0, stable_cnt=255, grace_period=511, time_alive=  0
L_PERCEP PC=0x4000000AA33C, theta= 261, max bias=   9, baseline_comp=  0, stable_cnt=255, grace_period=511, time_alive=  0
G_PERCEP PC=0x400007B09188, theta= 320, max bias=  11, baseline_comp=  0, stable_cnt=255, grace_period=511, time_alive=  0
45000000 instrs 
L_PERCEP PC=0x400007B08CF4, theta= 269, max bias=  41, baseline_comp=  0, stable_cnt=255, grace_period=511, time_alive=  0
L_PERCEP PC=0x400007D2407C, theta= 261, max bias=   9, baseline_comp=  0, stable_cnt=255, grace_period=511, time_alive=  0
L_PERCEP PC=0x400007B09188, theta= 261, max bias=  11, baseline_comp=  0, stable_cnt=255, grace_period=511, time_alive=  0
50000000 instrs 
EOF
======== Predictor Memory ========
TAGE-SC-L (bits) = 1305275
TAGE-SC-L (KBytes) = 159.335327
H2P_ID_MEM_BITS = 19456
H2P_ID_MEM (KBytes) = 2.375000
L_PERCEP_MEM_BITS = 176320
L_PERCEP_MEM (KBytes) = 21.523438
G_PERCEP_MEM_BITS = 33184
G_PERCEP_MEM (KBytes) = 4.050781
Total Memory (bits) = 1534235
Total Memory (KBytes) = 187.284546
======== Runtime Statistics ========
COL h2p_insert_cnt = 106
COL h2p_with_tage = 6399674
COL h2p_with_lhist_percep = 50268
COL h2p_with_ghist_percep = 27465
COL filtered_updates = 2404
COL lhist_percep_evictions = 73
COL ghist_percep_evictions = 60
COL lhist_percep_stale_evictions = 5
COL ghist_percep_stale_evictions = 2
======== End of Statistics ========
WINDOW_SIZE = 1024
FETCH_WIDTH = 16
FETCH_NUM_BRANCH = 16
FETCH_STOP_AT_INDIRECT = 1
FETCH_STOP_AT_TAKEN = 1
FETCH_MODEL_ICACHE = 1
PERFECT_BRANCH_PRED = 0
PERFECT_INDIRECT_PRED = 1
PIPELINE_FILL_LATENCY = 10
NUM_LDST_LANES = 8
NUM_ALU_LANES = 16
MEMORY HIERARCHY CONFIGURATION---------------------
STRIDE Prefetcher = 1
PERFECT_CACHE = 0
WRITE_ALLOCATE = 1
Within-pipeline factors:
	AGEN latency = 1 cycle
	Store Queue (SQ): SQ size = window size, oracle memory disambiguation, store-load forwarding = 1 cycle after store's or load's agen.
	* Note: A store searches the L1$ at commit. The store is released
	* from the SQ and window, whether it hits or misses. Store misses
	* are buffered until the block is allocated and the store is
	* performed in the L1$. While buffered, conflicting loads get
	* the store's data as they would from the SQ.
I$: 128 KB, 8-way set-assoc., 64B block size
L1$: 128 KB, 8-way set-assoc., 64B block size, 3-cycle search latency
L2$: 4 MB, 8-way set-assoc., 64B block size, 12-cycle search latency
L3$: 32 MB, 16-way set-assoc., 128B block size, 50-cycle search latency
Main Memory: 150-cycle fixed search time
---------------------------STORE QUEUE MEASUREMENTS (Full Simulation i.e. Counts Not Reset When Warmup Ends)---------------------------
Number of loads: 13952502
Number of loads that miss in SQ: 9356712 (67.06%)
Number of PFs issued to the memory system 550157
---------------------------------------------------------------------------------------------------------------------------------------
------------------------MEMORY HIERARCHY MEASUREMENTS (Full Simulation i.e. Counts Not Reset When Warmup Ends)-------------------------
I$:
	accesses   = 53271402
	misses     = 573
	miss ratio = 0.00%
	pf accesses   = 0
	pf misses     = 0
	pf miss ratio = nan%
L1$:
	accesses   = 21982907
	misses     = 286947
	miss ratio = 1.31%
	pf accesses   = 550157
	pf misses     = 32701
	pf miss ratio = 5.94%
L2$:
	accesses   = 287520
	misses     = 218636
	miss ratio = 76.04%
	pf accesses   = 32701
	pf misses     = 31782
	pf miss ratio = 97.19%
L3$:
	accesses   = 218636
	misses     = 76792
	miss ratio = 35.12%
	pf accesses   = 31782
	pf misses     = 20749
	pf miss ratio = 65.29%
---------------------------------------------------------------------------------------------------------------------------------------
----------------------------------------------Prefetcher (Full Simulation i.e. No Warmup)----------------------------------------------
Num Trainings :13952502
Num Prefetches generated :551438
Num Prefetches issued :1965926
Num Prefetches filtered by PF queue :13887
Num untimely prefetches dropped from PF queue :1281
Num prefetches not issued LDST contention :1415769
Num prefetches not issued stride 0 :7768574
---------------------------------------------------------------------------------------------------------------------------------------

-------------------------------ILP LIMIT STUDY (Full Simulation i.e. Counts Not Reset When Warmup Ends)--------------------------------
instructions = 50000052
cycles       = 18319028
CycWP        = 13032449
IPC          = 2.7294

---------------------------------------------------------------------------------------------------------------------------------------

-----------------------------------------------BRANCH PREDICTION MEASUREMENTS (Full Simulation i.e. Counts Not Reset When Warmup Ends)----------------------------------------------
Type                   NumBr     MispBr        mr     mpki
CondDirect          6548159     261829   3.9985%   5.2366
JumpDirect           912178          0   0.0000%   0.0000
JumpIndirect           2667          0   0.0000%   0.0000
JumpReturn           478571          0   0.0000%   0.0000
Not control        45329827          0   0.0000%   0.0000
------------------------------------------------------------------------------------------------------------------------------------------------------------------------------------

------------------------------------------------------DIRECT CONDITIONAL BRANCH PREDICTION MEASUREMENTS (Last 10M instructions)-----------------------------------------------------
       Instr       Cycles      IPC      NumBr     MispBr BrPerCyc MispBrPerCyc        MR     MPKI      CycWP   CycWPAvg   CycWPPKI
    10000052      2468046   4.0518    1259170      45714   0.5102       0.0185   3.6305%   4.5714    1565668    34.2492   156.5660
------------------------------------------------------------------------------------------------------------------------------------------------------------------------------------

------------------------------------------------------DIRECT CONDITIONAL BRANCH PREDICTION MEASUREMENTS (Last 25M instructions)-----------------------------------------------------
       Instr       Cycles      IPC      NumBr     MispBr BrPerCyc MispBrPerCyc        MR     MPKI      CycWP   CycWPAvg   CycWPPKI
    25000052      6288776   3.9753    3150015     115727   0.5009       0.0184   3.6739%   4.6291    4033894    34.8570   161.3554
-------------------------------------------------------------------------------------------------------------------------------------------------------------------------------------

---------------------------------------------------------DIRECT CONDITIONAL BRANCH PREDICTION MEASUREMENTS (50 Perc instructions)---------------------------------------------------
       Instr       Cycles      IPC      NumBr     MispBr BrPerCyc MispBrPerCyc        MR     MPKI      CycWP   CycWPAvg   CycWPPKI
    25000052      6288776   3.9753    3150015     115727   0.5009       0.0184   3.6739%   4.6291    4033894    34.8570   161.3554
------------------------------------------------------------------------------------------------------------------------------------------------------------------------------------

-------------------------------------DIRECT CONDITIONAL BRANCH PREDICTION MEASUREMENTS (Full Simulation i.e. Counts Not Reset When Warmup Ends)-------------------------------------
       Instr       Cycles      IPC      NumBr     MispBr BrPerCyc MispBrPerCyc        MR     MPKI      CycWP   CycWPAvg   CycWPPKI
    50000052     18319028   2.7294    6548159     261829   0.3575       0.0143   3.9985%   5.2366   13032449    49.7747   260.6487
------------------------------------------------------------------------------------------------------------------------------------------------------------------------------------
 Read 50000052 instrs 
G_PERCEP PC=0x4000000AA120, theta= 304, max bias=   9, baseline_comp=  2, stable_cnt=  0, grace_period=511, time_alive= 79
G_PERCEP PC=0x400007D23F60, theta= 344, max bias=  35, baseline_comp=  2, stable_cnt=  0, grace_period=511, time_alive= 88
G_PERCEP PC=0x400007D24400, theta= 472, max bias=  44, baseline_comp=  0, stable_cnt= 17, grace_period=511, time_alive= 82
G_PERCEP PC=0x400007ED4868, theta= 320, max bias=  24, baseline_comp=  0, stable_cnt=  3, grace_period=511, time_alive= 20
G_PERCEP PC=0x400007D205B4, theta= 176, max bias=  10, baseline_comp= 62, stable_cnt=  0, grace_period=511, time_alive= 89
G_PERCEP PC=0x400007D242CC, theta= 176, max bias=   9, baseline_comp=  7, stable_cnt=  0, grace_period=511, time_alive= 84
G_PERCEP PC=0x400007D24084, theta= 288, max bias=  34, baseline_comp=  3, stable_cnt=  0, grace_period=511, time_alive= 85
G_PERCEP PC=0x4000000A8CDC, theta= 304, max bias=  12, baseline_comp=  5, stable_cnt=  0, grace_period=511, time_alive=112
G_PERCEP PC=0x4000000AA210, theta= 200, max bias=  55, baseline_comp=  0, stable_cnt= 37, grace_period=511, time_alive=  4
G_PERCEP PC=0x400007E8B4AC, theta= 664, max bias=  33, baseline_comp=  9, stable_cnt=  0, grace_period=511, time_alive=  1
G_PERCEP PC=0x400007D204D0, theta= 288, max bias=  39, baseline_comp=  0, stable_cnt= 36, grace_period=511, time_alive= 81
G_PERCEP PC=0x4000000AA220, theta= 224, max bias=  35, baseline_comp=  0, stable_cnt= 21, grace_period=511, time_alive=  3
G_PERCEP PC=0x400007D20690, theta= 520, max bias=  20, baseline_comp= 63, stable_cnt= 15, grace_period=511, time_alive= 90
G_PERCEP PC=0x400007E8B608, theta= 744, max bias=  39, baseline_comp=  0, stable_cnt=  6, grace_period=511, time_alive=  2
G_PERCEP PC=0x400007D23F68, theta= 320, max bias=  28, baseline_comp= 24, stable_cnt=  0, grace_period=511, time_alive= 87
G_PERCEP PC=0x400007E8B5C4, theta= 600, max bias=   6, baseline_comp=  3, stable_cnt=  0, grace_period=511, time_alive=  0
L_PERCEP PC=0x400007F01E20, theta= 285, max bias=  17, baseline_comp=  4, stable_cnt=  0, grace_period=511, time_alive= 28
L_PERCEP PC=0x4000000AA170, theta= 277, max bias=  28, baseline_comp=  0, stable_cnt=  1, grace_period=511, time_alive=149
L_PERCEP PC=0x400007D2424C, theta= 269, max bias=  55, baseline_comp=  2, stable_cnt=  0, grace_period=511, time_alive=177
L_PERCEP PC=0x400007F01944, theta= 285, max bias=  21, baseline_comp=  8, stable_cnt=  0, grace_period=511, time_alive= 29
L_PERCEP PC=0x4000000AA190, theta= 301, max bias=  47, baseline_comp=  0, stable_cnt=  3, grace_period=511, time_alive=147
L_PERCEP PC=0x4000000A8D1C, theta= 325, max bias=   3, baseline_comp=  0, stable_cnt= 16, grace_period=511, time_alive=145
L_PERCEP PC=0x4000000AA184, theta= 309, max bias=  13, baseline_comp=  0, stable_cnt=  5, grace_period=511, time_alive=148
L_PERCEP PC=0x400007E8B608, theta= 629, max bias=   6, baseline_comp=  1, stable_cnt=  0, grace_period=511, time_alive=  3
L_PERCEP PC=0x4000000AA158, theta= 277, max bias=  20, baseline_comp=  0, stable_cnt=123, grace_period=511, time_alive=151
L_PERCEP PC=0x400007E8B2CC, theta= 261, max bias=   3, baseline_comp=  0, stable_cnt=  0, grace_period=239, time_alive=  5
L_PERCEP PC=0x4000000A8D38, theta= 317, max bias=  21, baseline_comp=  2, stable_cnt=  0, grace_period=511, time_alive=144
L_PERCEP PC=0x4000000A8CDC, theta= 261, max bias=  26, baseline_comp=  0, stable_cnt=  1, grace_period=511, time_alive=146
L_PERCEP PC=0x400007B08CF8, theta= 261, max bias=   3, baseline_comp=  0, stable_cnt=  0, grace_period=365, time_alive=116
L_PERCEP PC=0x400007D20374, theta= 301, max bias=  61, baseline_comp=  2, stable_cnt=  0, grace_period=511, time_alive=115
L_PERCEP PC=0x400007D23F60, theta= 269, max bias=  54, baseline_comp=  8, stable_cnt=  0, grace_period=511, time_alive=122
L_PERCEP PC=0x400007D24400, theta= 477, max bias=  36, baseline_comp=  0, stable_cnt=  0, grace_period=511, time_alive=117
L_PERCEP PC=0x4000000AA120, theta= 301, max bias=  33, baseline_comp=  0, stable_cnt=  5, grace_period=511, time_alive=112
L_PERCEP PC=0x400007ED4868, theta= 221, max bias=  45, baseline_comp= 63, stable_cnt= 89, grace_period=511, time_alive= 32
L_PERCEP PC=0x400007D242CC, theta= 309, max bias=  38, baseline_comp=  0, stable_cnt=  6, grace_period=511, time_alive=119
L_PERCEP PC=0x400007D242EC, theta= 261, max bias=  38, baseline_comp=  0, stable_cnt=  4, grace_period=511, time_alive=176
L_PERCEP PC=0x400007E8B4AC, theta= 589, max bias=  44, baseline_comp=  5, stable_cnt=  0, grace_period=511, time_alive=  1
L_PERCEP PC=0x400007D204D0, theta= 301, max bias=  40, baseline_comp=  1, stable_cnt=  0, grace_period=511, time_alive=114
L_PERCEP PC=0x4000000AA164, theta= 293, max bias=  13, baseline_comp=  0, stable_cnt= 15, grace_period=511, time_alive=150
L_PERCEP PC=0x4000000AA220, theta= 365, max bias=  57, baseline_comp=  0, stable_cnt= 37, grace_period=511, time_alive=  4
L_PERCEP PC=0x400007D20690, theta= 477, max bias=  44, baseline_comp= 18, stable_cnt=  0, grace_period=511, time_alive=123
L_PERCEP PC=0x400007E8B3FC, theta= 213, max bias=  51, baseline_comp= 58, stable_cnt=  0, grace_period=511, time_alive=  2
L_PERCEP PC=0x400007E8B5C4, theta= 589, max bias=  18, baseline_comp=  1, stable_cnt=  4, grace_period=511, time_alive=  0
L_PERCEP PC=0x400007D24084, theta= 333, max bias=  39, baseline_comp=  2, stable_cnt=  0, grace_period=511, time_alive=120

ExecTime = 446.62736415863037
