CMD:./cbp traces/fp/fp_8_trace.gz
L_PERCEP PC=0x004BF180, theta= 261, max bias=  20, baseline_comp=  0, stable_cnt=255, grace_period=511, time_alive=  0
5000000 instrs 
G_PERCEP PC=0x004BF180, theta= 296, max bias=  35, baseline_comp=  0, stable_cnt=255, grace_period=511, time_alive=  0
L_PERCEP PC=0x004BF180, theta= 261, max bias=  25, baseline_comp=  0, stable_cnt=255, grace_period=511, time_alive=  0
G_PERCEP PC=0x004BF180, theta= 304, max bias=  36, baseline_comp=  0, stable_cnt=255, grace_period=511, time_alive=  0
G_PERCEP PC=0x004BF180, theta= 320, max bias=  36, baseline_comp=  0, stable_cnt=255, grace_period=511, time_alive=  0
L_PERCEP PC=0x004BF180, theta= 253, max bias=  18, baseline_comp=  0, stable_cnt=255, grace_period=511, time_alive=  0
G_PERCEP PC=0x004BF180, theta= 312, max bias=  41, baseline_comp=  0, stable_cnt=255, grace_period=511, time_alive=  0
L_PERCEP PC=0x004BF180, theta= 261, max bias=  11, baseline_comp=  0, stable_cnt=255, grace_period=511, time_alive=  0
L_PERCEP PC=0x004BF180, theta= 261, max bias=  12, baseline_comp=  0, stable_cnt=255, grace_period=511, time_alive=  0
G_PERCEP PC=0x004BF180, theta= 296, max bias=  29, baseline_comp=  0, stable_cnt=255, grace_period=511, time_alive=  0
G_PERCEP PC=0x004BF180, theta= 312, max bias=  41, baseline_comp=  0, stable_cnt=255, grace_period=511, time_alive=  0
L_PERCEP PC=0x004BF208, theta= 261, max bias=   8, baseline_comp=  0, stable_cnt=255, grace_period=511, time_alive=  0
G_PERCEP PC=0x004BF208, theta= 312, max bias=  42, baseline_comp=  0, stable_cnt=255, grace_period=511, time_alive=  0
10000000 instrs 
G_PERCEP PC=0x004BF1A8, theta= 208, max bias=  24, baseline_comp=  0, stable_cnt=255, grace_period=511, time_alive=  0
15000000 instrs 
L_PERCEP PC=0x004BF208, theta= 261, max bias=   4, baseline_comp=  0, stable_cnt=255, grace_period=511, time_alive=  0
G_PERCEP PC=0x004BF208, theta= 312, max bias=  26, baseline_comp=  0, stable_cnt=255, grace_period=511, time_alive=  0
20000000 instrs 
L_PERCEP PC=0x004BF1A8, theta= 461, max bias=  32, baseline_comp=  0, stable_cnt=255, grace_period=511, time_alive=  0
G_PERCEP PC=0x004BF1A8, theta= 280, max bias=   7, baseline_comp=  0, stable_cnt=255, grace_period=511, time_alive=  0
L_PERCEP PC=0x004BF1A8, theta= 341, max bias=   9, baseline_comp=  0, stable_cnt=255, grace_period=511, time_alive=  0
L_PERCEP PC=0x004BF1A8, theta= 285, max bias=  13, baseline_comp=  0, stable_cnt=255, grace_period=511, time_alive=  0
G_PERCEP PC=0x004BF1A8, theta= 280, max bias=  15, baseline_comp=  0, stable_cnt=255, grace_period=511, time_alive=  0
G_PERCEP PC=0x004BF1A8, theta= 272, max bias=  17, baseline_comp=  0, stable_cnt=255, grace_period=511, time_alive=  0
L_PERCEP PC=0x004BF1A8, theta= 381, max bias=  12, baseline_comp=  0, stable_cnt=255, grace_period=511, time_alive=  0
G_PERCEP PC=0x004BF1A8, theta= 296, max bias=   7, baseline_comp=  0, stable_cnt=255, grace_period=511, time_alive=  0
L_PERCEP PC=0x004BF1A8, theta= 341, max bias=   5, baseline_comp=  0, stable_cnt=255, grace_period=511, time_alive=  0
G_PERCEP PC=0x004BF1A8, theta= 288, max bias=   8, baseline_comp=  0, stable_cnt=255, grace_period=511, time_alive=  0
25000000 instrs 
L_PERCEP PC=0x004BF1A8, theta= 333, max bias=   8, baseline_comp=  0, stable_cnt=255, grace_period=511, time_alive=  0
30000000 instrs 
L_PERCEP PC=0x004BF208, theta= 261, max bias=  17, baseline_comp=  0, stable_cnt=255, grace_period=511, time_alive=  0
G_PERCEP PC=0x004BF208, theta= 312, max bias=  21, baseline_comp=  0, stable_cnt=255, grace_period=511, time_alive=  0
L_PERCEP PC=0x004BF180, theta= 357, max bias=  21, baseline_comp=  0, stable_cnt=255, grace_period=511, time_alive=  0
G_PERCEP PC=0x004BF180, theta= 312, max bias=  37, baseline_comp=  0, stable_cnt=255, grace_period=511, time_alive=  0
L_PERCEP PC=0x004BF180, theta= 269, max bias=   6, baseline_comp=  0, stable_cnt=255, grace_period=511, time_alive=  0
G_PERCEP PC=0x004BF180, theta= 320, max bias=  43, baseline_comp=  0, stable_cnt=255, grace_period=511, time_alive=  0
L_PERCEP PC=0x004BF180, theta= 293, max bias=  15, baseline_comp=  0, stable_cnt=255, grace_period=511, time_alive=  0
G_PERCEP PC=0x004BF180, theta= 312, max bias=  37, baseline_comp=  0, stable_cnt=255, grace_period=511, time_alive=  0
35000000 instrs 
L_PERCEP PC=0x004BF180, theta= 333, max bias=  34, baseline_comp=  0, stable_cnt=255, grace_period=511, time_alive=  0
G_PERCEP PC=0x004BF1A8, theta= 208, max bias=  22, baseline_comp=  0, stable_cnt=255, grace_period=511, time_alive=  0
L_PERCEP PC=0x004BF1A8, theta= 589, max bias=  25, baseline_comp=  0, stable_cnt=255, grace_period=511, time_alive=  0
G_PERCEP PC=0x004BF180, theta= 288, max bias=  32, baseline_comp=  0, stable_cnt=255, grace_period=511, time_alive=  0
40000000 instrs 
EOF
======== Predictor Memory ========
TAGE-SC-L (bits) = 1305275
TAGE-SC-L (KBytes) = 159.335327
H2P_ID_MEM_BITS = 19456
H2P_ID_MEM (KBytes) = 2.375000
L_PERCEP_MEM_BITS = 176320
L_PERCEP_MEM (KBytes) = 21.523438
G_PERCEP_MEM_BITS = 33184
G_PERCEP_MEM (KBytes) = 4.050781
Total Memory (bits) = 1534235
Total Memory (KBytes) = 187.284546
======== Runtime Statistics ========
COL h2p_insert_cnt = 26
COL h2p_with_tage = 2246596
COL h2p_with_lhist_percep = 56663
COL h2p_with_ghist_percep = 6125
COL filtered_updates = 0
COL lhist_percep_evictions = 19
COL ghist_percep_evictions = 20
COL lhist_percep_stale_evictions = 0
COL ghist_percep_stale_evictions = 0
======== End of Statistics ========
WINDOW_SIZE = 1024
FETCH_WIDTH = 16
FETCH_NUM_BRANCH = 16
FETCH_STOP_AT_INDIRECT = 1
FETCH_STOP_AT_TAKEN = 1
FETCH_MODEL_ICACHE = 1
PERFECT_BRANCH_PRED = 0
PERFECT_INDIRECT_PRED = 1
PIPELINE_FILL_LATENCY = 10
NUM_LDST_LANES = 8
NUM_ALU_LANES = 16
MEMORY HIERARCHY CONFIGURATION---------------------
STRIDE Prefetcher = 1
PERFECT_CACHE = 0
WRITE_ALLOCATE = 1
Within-pipeline factors:
	AGEN latency = 1 cycle
	Store Queue (SQ): SQ size = window size, oracle memory disambiguation, store-load forwarding = 1 cycle after store's or load's agen.
	* Note: A store searches the L1$ at commit. The store is released
	* from the SQ and window, whether it hits or misses. Store misses
	* are buffered until the block is allocated and the store is
	* performed in the L1$. While buffered, conflicting loads get
	* the store's data as they would from the SQ.
I$: 128 KB, 8-way set-assoc., 64B block size
L1$: 128 KB, 8-way set-assoc., 64B block size, 3-cycle search latency
L2$: 4 MB, 8-way set-assoc., 64B block size, 12-cycle search latency
L3$: 32 MB, 16-way set-assoc., 128B block size, 50-cycle search latency
Main Memory: 150-cycle fixed search time
---------------------------STORE QUEUE MEASUREMENTS (Full Simulation i.e. Counts Not Reset When Warmup Ends)---------------------------
Number of loads: 17878755
Number of loads that miss in SQ: 17601320 (98.45%)
Number of PFs issued to the memory system 8821992
---------------------------------------------------------------------------------------------------------------------------------------
------------------------MEMORY HIERARCHY MEASUREMENTS (Full Simulation i.e. Counts Not Reset When Warmup Ends)-------------------------
I$:
	accesses   = 58973515
	misses     = 501
	miss ratio = 0.00%
	pf accesses   = 0
	pf misses     = 0
	pf miss ratio = nan%
L1$:
	accesses   = 19632299
	misses     = 603837
	miss ratio = 3.08%
	pf accesses   = 8821992
	pf misses     = 299594
	pf miss ratio = 3.40%
L2$:
	accesses   = 604338
	misses     = 307706
	miss ratio = 50.92%
	pf accesses   = 299594
	pf misses     = 151098
	pf miss ratio = 50.43%
L3$:
	accesses   = 307706
	misses     = 51380
	miss ratio = 16.70%
	pf accesses   = 151098
	pf misses     = 33980
	pf miss ratio = 22.49%
---------------------------------------------------------------------------------------------------------------------------------------
----------------------------------------------Prefetcher (Full Simulation i.e. No Warmup)----------------------------------------------
Num Trainings :17878755
Num Prefetches generated :9451763
Num Prefetches issued :38317376
Num Prefetches filtered by PF queue :5434540
Num untimely prefetches dropped from PF queue :629765
Num prefetches not issued LDST contention :29495384
Num prefetches not issued stride 0 :446568
---------------------------------------------------------------------------------------------------------------------------------------

-------------------------------ILP LIMIT STUDY (Full Simulation i.e. Counts Not Reset When Warmup Ends)--------------------------------
instructions = 40000016
cycles       = 12839555
CycWP        = 6779409
IPC          = 3.1154

---------------------------------------------------------------------------------------------------------------------------------------

-----------------------------------------------BRANCH PREDICTION MEASUREMENTS (Full Simulation i.e. Counts Not Reset When Warmup Ends)----------------------------------------------
Type                   NumBr     MispBr        mr     mpki
CondDirect          2322129     296456  12.7666%   7.4114
JumpDirect            16514          0   0.0000%   0.0000
JumpIndirect          13490          0   0.0000%   0.0000
JumpReturn            13498          0   0.0000%   0.0000
Not control        56607884          0   0.0000%   0.0000
------------------------------------------------------------------------------------------------------------------------------------------------------------------------------------

------------------------------------------------------DIRECT CONDITIONAL BRANCH PREDICTION MEASUREMENTS (Last 10M instructions)-----------------------------------------------------
       Instr       Cycles      IPC      NumBr     MispBr BrPerCyc MispBrPerCyc        MR     MPKI      CycWP   CycWPAvg   CycWPPKI
    10000016      3401194   2.9401     596298     104439   0.1753       0.0307  17.5146%  10.4439    2360984    22.6063   236.0980
------------------------------------------------------------------------------------------------------------------------------------------------------------------------------------

------------------------------------------------------DIRECT CONDITIONAL BRANCH PREDICTION MEASUREMENTS (Last 25M instructions)-----------------------------------------------------
       Instr       Cycles      IPC      NumBr     MispBr BrPerCyc MispBrPerCyc        MR     MPKI      CycWP   CycWPAvg   CycWPPKI
    25000016      8482223   2.9473    1548318     239044   0.1825       0.0282  15.4389%   9.5618    5401223    22.5951   216.0488
-------------------------------------------------------------------------------------------------------------------------------------------------------------------------------------

---------------------------------------------------------DIRECT CONDITIONAL BRANCH PREDICTION MEASUREMENTS (50 Perc instructions)---------------------------------------------------
       Instr       Cycles      IPC      NumBr     MispBr BrPerCyc MispBrPerCyc        MR     MPKI      CycWP   CycWPAvg   CycWPPKI
    20000016      7132535   2.8041    1347173     209016   0.1889       0.0293  15.5152%  10.4508    4731722    22.6381   236.5859
------------------------------------------------------------------------------------------------------------------------------------------------------------------------------------

-------------------------------------DIRECT CONDITIONAL BRANCH PREDICTION MEASUREMENTS (Full Simulation i.e. Counts Not Reset When Warmup Ends)-------------------------------------
       Instr       Cycles      IPC      NumBr     MispBr BrPerCyc MispBrPerCyc        MR     MPKI      CycWP   CycWPAvg   CycWPPKI
    40000016     12839555   3.1154    2322129     296456   0.1809       0.0231  12.7666%   7.4114    6779409    22.8682   169.4852
------------------------------------------------------------------------------------------------------------------------------------------------------------------------------------
 Read 40000016 instrs 
G_PERCEP PC=0x004BF1A8, theta= 256, max bias=  17, baseline_comp=  1, stable_cnt=  0, grace_period=511, time_alive=  4
G_PERCEP PC=0x004BF194, theta= 752, max bias=  26, baseline_comp=  1, stable_cnt=  0, grace_period=511, time_alive=  5
G_PERCEP PC=0x004BF1F0, theta= 680, max bias=  76, baseline_comp=  1, stable_cnt= 13, grace_period=511, time_alive=  1
G_PERCEP PC=0x004BF1DC, theta= 776, max bias=  55, baseline_comp=  5, stable_cnt=  0, grace_period=511, time_alive=  2
G_PERCEP PC=0x004BF1CC, theta= 688, max bias=  74, baseline_comp=  0, stable_cnt=  6, grace_period=511, time_alive=  0
G_PERCEP PC=0x004BF1B8, theta= 792, max bias=  42, baseline_comp=  0, stable_cnt=  5, grace_period=511, time_alive=  3
L_PERCEP PC=0x004BF1A8, theta= 389, max bias=  26, baseline_comp=  0, stable_cnt= 15, grace_period=511, time_alive=  6
L_PERCEP PC=0x004BF180, theta= 333, max bias=  23, baseline_comp= 51, stable_cnt=  0, grace_period=511, time_alive=  0
L_PERCEP PC=0x004BF194, theta= 797, max bias=   9, baseline_comp= 17, stable_cnt=  0, grace_period=511, time_alive=  7
L_PERCEP PC=0x004BF1F0, theta= 765, max bias=  61, baseline_comp=  6, stable_cnt=  0, grace_period=511, time_alive=  3
L_PERCEP PC=0x004BF1DC, theta= 821, max bias=  45, baseline_comp=  8, stable_cnt=  0, grace_period=511, time_alive=  4
L_PERCEP PC=0x004BF1CC, theta= 781, max bias=  20, baseline_comp=  0, stable_cnt= 11, grace_period=511, time_alive=  2
L_PERCEP PC=0x004BF1B8, theta= 821, max bias=  42, baseline_comp=  0, stable_cnt= 11, grace_period=511, time_alive=  5

ExecTime = 486.25283098220825
