CMD:./cbp traces/int/int_27_trace.gz
5000000 instrs 
L_PERCEP PC=0x002B6CF0, theta= 261, max bias=   6, baseline_comp=  0, stable_cnt=255, grace_period=511, time_alive=  0
G_PERCEP PC=0x002B6CF0, theta= 320, max bias=  18, baseline_comp=  0, stable_cnt=255, grace_period=511, time_alive=  0
10000000 instrs 
L_PERCEP PC=0x002B6C74, theta= 237, max bias=  36, baseline_comp=  0, stable_cnt=255, grace_period=511, time_alive=  0
G_PERCEP PC=0x002B6C74, theta= 312, max bias=  94, baseline_comp=  0, stable_cnt=255, grace_period=511, time_alive=  0
15000000 instrs 
20000000 instrs 
G_PERCEP PC=0x002F92C8, theta= 320, max bias=  35, baseline_comp=  0, stable_cnt=255, grace_period=511, time_alive=  0
25000000 instrs 
30000000 instrs 
G_PERCEP PC=0x002FDB48, theta= 320, max bias=   4, baseline_comp=  0, stable_cnt=255, grace_period=511, time_alive=  0
35000000 instrs 
40000000 instrs 
EOF
======== Predictor Memory ========
TAGE-SC-L (bits) = 1305275
TAGE-SC-L (KBytes) = 159.335327
H2P_ID_MEM_BITS = 19456
H2P_ID_MEM (KBytes) = 2.375000
L_PERCEP_MEM_BITS = 176320
L_PERCEP_MEM (KBytes) = 21.523438
G_PERCEP_MEM_BITS = 33184
G_PERCEP_MEM (KBytes) = 4.050781
Total Memory (bits) = 1534235
Total Memory (KBytes) = 187.284546
======== Runtime Statistics ========
COL h2p_insert_cnt = 12
COL h2p_with_tage = 1855595
COL h2p_with_lhist_percep = 5552
COL h2p_with_ghist_percep = 0
COL filtered_updates = 0
COL lhist_percep_evictions = 2
COL ghist_percep_evictions = 4
COL lhist_percep_stale_evictions = 0
COL ghist_percep_stale_evictions = 0
======== End of Statistics ========
WINDOW_SIZE = 1024
FETCH_WIDTH = 16
FETCH_NUM_BRANCH = 16
FETCH_STOP_AT_INDIRECT = 1
FETCH_STOP_AT_TAKEN = 1
FETCH_MODEL_ICACHE = 1
PERFECT_BRANCH_PRED = 0
PERFECT_INDIRECT_PRED = 1
PIPELINE_FILL_LATENCY = 10
NUM_LDST_LANES = 8
NUM_ALU_LANES = 16
MEMORY HIERARCHY CONFIGURATION---------------------
STRIDE Prefetcher = 1
PERFECT_CACHE = 0
WRITE_ALLOCATE = 1
Within-pipeline factors:
	AGEN latency = 1 cycle
	Store Queue (SQ): SQ size = window size, oracle memory disambiguation, store-load forwarding = 1 cycle after store's or load's agen.
	* Note: A store searches the L1$ at commit. The store is released
	* from the SQ and window, whether it hits or misses. Store misses
	* are buffered until the block is allocated and the store is
	* performed in the L1$. While buffered, conflicting loads get
	* the store's data as they would from the SQ.
I$: 128 KB, 8-way set-assoc., 64B block size
L1$: 128 KB, 8-way set-assoc., 64B block size, 3-cycle search latency
L2$: 4 MB, 8-way set-assoc., 64B block size, 12-cycle search latency
L3$: 32 MB, 16-way set-assoc., 128B block size, 50-cycle search latency
Main Memory: 150-cycle fixed search time
---------------------------STORE QUEUE MEASUREMENTS (Full Simulation i.e. Counts Not Reset When Warmup Ends)---------------------------
Number of loads: 9652920
Number of loads that miss in SQ: 9073708 (94.00%)
Number of PFs issued to the memory system 1527403
---------------------------------------------------------------------------------------------------------------------------------------
------------------------MEMORY HIERARCHY MEASUREMENTS (Full Simulation i.e. Counts Not Reset When Warmup Ends)-------------------------
I$:
	accesses   = 51163476
	misses     = 21070
	miss ratio = 0.04%
	pf accesses   = 0
	pf misses     = 0
	pf miss ratio = nan%
L1$:
	accesses   = 11836860
	misses     = 21421
	miss ratio = 0.18%
	pf accesses   = 1527403
	pf misses     = 1434
	pf miss ratio = 0.09%
L2$:
	accesses   = 42491
	misses     = 19331
	miss ratio = 45.49%
	pf accesses   = 1434
	pf misses     = 1227
	pf miss ratio = 85.56%
L3$:
	accesses   = 19331
	misses     = 10581
	miss ratio = 54.74%
	pf accesses   = 1227
	pf misses     = 601
	pf miss ratio = 48.98%
---------------------------------------------------------------------------------------------------------------------------------------
----------------------------------------------Prefetcher (Full Simulation i.e. No Warmup)----------------------------------------------
Num Trainings :9652920
Num Prefetches generated :1560283
Num Prefetches issued :6541158
Num Prefetches filtered by PF queue :666790
Num untimely prefetches dropped from PF queue :32880
Num prefetches not issued LDST contention :5013755
Num prefetches not issued stride 0 :1413832
---------------------------------------------------------------------------------------------------------------------------------------

-------------------------------ILP LIMIT STUDY (Full Simulation i.e. Counts Not Reset When Warmup Ends)--------------------------------
instructions = 40000052
cycles       = 6344266
CycWP        = 1109674
IPC          = 6.3049

---------------------------------------------------------------------------------------------------------------------------------------

-----------------------------------------------BRANCH PREDICTION MEASUREMENTS (Full Simulation i.e. Counts Not Reset When Warmup Ends)----------------------------------------------
Type                   NumBr     MispBr        mr     mpki
CondDirect          1891315      32849   1.7368%   0.8212
JumpDirect           393232          0   0.0000%   0.0000
JumpIndirect         141031          0   0.0000%   0.0000
JumpReturn           174320          0   0.0000%   0.0000
Not control        48563578          0   0.0000%   0.0000
------------------------------------------------------------------------------------------------------------------------------------------------------------------------------------

------------------------------------------------------DIRECT CONDITIONAL BRANCH PREDICTION MEASUREMENTS (Last 10M instructions)-----------------------------------------------------
       Instr       Cycles      IPC      NumBr     MispBr BrPerCyc MispBrPerCyc        MR     MPKI      CycWP   CycWPAvg   CycWPPKI
    10000052      1421676   7.0340     471493       5692   0.3316       0.0040   1.2072%   0.5692     189813    33.3473    18.9812
------------------------------------------------------------------------------------------------------------------------------------------------------------------------------------

------------------------------------------------------DIRECT CONDITIONAL BRANCH PREDICTION MEASUREMENTS (Last 25M instructions)-----------------------------------------------------
       Instr       Cycles      IPC      NumBr     MispBr BrPerCyc MispBrPerCyc        MR     MPKI      CycWP   CycWPAvg   CycWPPKI
    25000052      3708315   6.7416    1187061      17911   0.3201       0.0048   1.5089%   0.7164     622831    34.7737    24.9132
-------------------------------------------------------------------------------------------------------------------------------------------------------------------------------------

---------------------------------------------------------DIRECT CONDITIONAL BRANCH PREDICTION MEASUREMENTS (50 Perc instructions)---------------------------------------------------
       Instr       Cycles      IPC      NumBr     MispBr BrPerCyc MispBrPerCyc        MR     MPKI      CycWP   CycWPAvg   CycWPPKI
    20000052      2939076   6.8049     940632      13751   0.3200       0.0047   1.4619%   0.6875     485103    35.2777    24.2551
------------------------------------------------------------------------------------------------------------------------------------------------------------------------------------

-------------------------------------DIRECT CONDITIONAL BRANCH PREDICTION MEASUREMENTS (Full Simulation i.e. Counts Not Reset When Warmup Ends)-------------------------------------
       Instr       Cycles      IPC      NumBr     MispBr BrPerCyc MispBrPerCyc        MR     MPKI      CycWP   CycWPAvg   CycWPPKI
    40000052      6344266   6.3049    1891315      32849   0.2981       0.0052   1.7368%   0.8212    1109674    33.7811    27.7418
------------------------------------------------------------------------------------------------------------------------------------------------------------------------------------
 Read 40000052 instrs 
G_PERCEP PC=0x002FC78C, theta= 320, max bias=   8, baseline_comp=  0, stable_cnt=  0, grace_period=238, time_alive= 20
G_PERCEP PC=0x002F9498, theta= 320, max bias=  10, baseline_comp=  1, stable_cnt=  0, grace_period=318, time_alive= 21
G_PERCEP PC=0x002F92D8, theta= 296, max bias=   7, baseline_comp=  1, stable_cnt=  0, grace_period=511, time_alive= 23
G_PERCEP PC=0x002FD954, theta= 320, max bias=   4, baseline_comp=  5, stable_cnt=  0, grace_period=511, time_alive= 11
G_PERCEP PC=0x002D49CC, theta= 312, max bias=  26, baseline_comp=  0, stable_cnt= 68, grace_period=511, time_alive=289
G_PERCEP PC=0x002B6C74, theta= 312, max bias= 102, baseline_comp=  0, stable_cnt=  2, grace_period=511, time_alive=  0
G_PERCEP PC=0x002FCC20, theta= 320, max bias=  18, baseline_comp=  1, stable_cnt=  0, grace_period=221, time_alive= 19
G_PERCEP PC=0x002D497C, theta= 312, max bias=  34, baseline_comp=  0, stable_cnt=  2, grace_period=511, time_alive=290
L_PERCEP PC=0x002F9498, theta= 261, max bias=  18, baseline_comp=  2, stable_cnt=  0, grace_period=318, time_alive= 23
L_PERCEP PC=0x002FD954, theta= 261, max bias=  21, baseline_comp=  3, stable_cnt=  0, grace_period=511, time_alive= 13
L_PERCEP PC=0x002D49CC, theta= 261, max bias=  20, baseline_comp=  5, stable_cnt=  0, grace_period=511, time_alive=356
L_PERCEP PC=0x002F92D8, theta= 245, max bias=  40, baseline_comp=  6, stable_cnt=  0, grace_period=511, time_alive= 26
L_PERCEP PC=0x002FDB48, theta= 261, max bias=  24, baseline_comp=  5, stable_cnt=  0, grace_period=511, time_alive=  6
L_PERCEP PC=0x002FC78C, theta= 261, max bias=   9, baseline_comp=  0, stable_cnt=  0, grace_period=238, time_alive= 22
L_PERCEP PC=0x002F92C8, theta= 197, max bias=  26, baseline_comp= 60, stable_cnt=  0, grace_period=511, time_alive= 24
L_PERCEP PC=0x002B6C74, theta= 269, max bias=  24, baseline_comp=  0, stable_cnt=  9, grace_period=511, time_alive=  0
L_PERCEP PC=0x002FCC20, theta= 261, max bias=   6, baseline_comp=  1, stable_cnt=  0, grace_period=221, time_alive= 21
L_PERCEP PC=0x002D497C, theta= 261, max bias=  22, baseline_comp=  0, stable_cnt= 25, grace_period=511, time_alive=357

ExecTime = 302.19519901275635
