CMD:./cbp traces/int/int_30_trace.gz
L_PERCEP PC=0x00399ADC, theta= 261, max bias=   8, baseline_comp=  0, stable_cnt=255, grace_period=511, time_alive=  0
G_PERCEP PC=0x0039EDB0, theta= 312, max bias=  25, baseline_comp=  0, stable_cnt=255, grace_period=511, time_alive=  0
L_PERCEP PC=0x00399B14, theta= 261, max bias=  16, baseline_comp=  0, stable_cnt=255, grace_period=511, time_alive=  0
5000000 instrs 
L_PERCEP PC=0x00399A78, theta= 269, max bias=  28, baseline_comp=  0, stable_cnt=255, grace_period=511, time_alive=  0
L_PERCEP PC=0x00399DE0, theta= 261, max bias=  15, baseline_comp=  0, stable_cnt=255, grace_period=511, time_alive=  0
L_PERCEP PC=0x00399B4C, theta= 261, max bias=  25, baseline_comp=  0, stable_cnt=255, grace_period=511, time_alive=  0
10000000 instrs 
L_PERCEP PC=0x0039D2EC, theta= 285, max bias=  41, baseline_comp=  0, stable_cnt=255, grace_period=511, time_alive=  0
G_PERCEP PC=0x0039D2EC, theta= 312, max bias=  56, baseline_comp=  0, stable_cnt=255, grace_period=511, time_alive=  0
L_PERCEP PC=0x0039ED18, theta= 261, max bias=  24, baseline_comp=  0, stable_cnt=255, grace_period=511, time_alive=  0
G_PERCEP PC=0x0039EABC, theta= 320, max bias=  53, baseline_comp=  0, stable_cnt=255, grace_period=511, time_alive=  0
L_PERCEP PC=0x0039EABC, theta= 253, max bias=  26, baseline_comp=  0, stable_cnt=255, grace_period=511, time_alive=  0
15000000 instrs 
L_PERCEP PC=0x0039DF2C, theta= 253, max bias=  56, baseline_comp=  0, stable_cnt=255, grace_period=511, time_alive=  0
G_PERCEP PC=0x0039DF2C, theta= 312, max bias=  31, baseline_comp=  0, stable_cnt=255, grace_period=511, time_alive=  0
G_PERCEP PC=0x0039ED18, theta= 328, max bias=  43, baseline_comp=  0, stable_cnt=255, grace_period=511, time_alive=  0
L_PERCEP PC=0x0039EA24, theta= 269, max bias=  17, baseline_comp=  0, stable_cnt=255, grace_period=511, time_alive=  0
G_PERCEP PC=0x0039EA24, theta= 328, max bias=  38, baseline_comp=  0, stable_cnt=255, grace_period=511, time_alive=  0
G_PERCEP PC=0x00399ADC, theta= 304, max bias=  31, baseline_comp=  0, stable_cnt=255, grace_period=511, time_alive=  0
20000000 instrs 
L_PERCEP PC=0x0039DF1C, theta= 253, max bias=  54, baseline_comp=  0, stable_cnt=255, grace_period=511, time_alive=  0
G_PERCEP PC=0x0039DF1C, theta= 304, max bias=  32, baseline_comp=  0, stable_cnt=255, grace_period=511, time_alive=  0
G_PERCEP PC=0x0039DD70, theta= 328, max bias=  50, baseline_comp=  0, stable_cnt=255, grace_period=511, time_alive=  0
L_PERCEP PC=0x0039DD70, theta= 309, max bias=  39, baseline_comp=  0, stable_cnt=255, grace_period=511, time_alive=  0
25000000 instrs 
L_PERCEP PC=0x00399AF8, theta= 269, max bias=  34, baseline_comp=  0, stable_cnt=255, grace_period=511, time_alive=  0
L_PERCEP PC=0x00399778, theta= 277, max bias=  27, baseline_comp=  0, stable_cnt=255, grace_period=511, time_alive=  0
30000000 instrs 
L_PERCEP PC=0x00399B28, theta= 309, max bias=  39, baseline_comp=  0, stable_cnt=255, grace_period=511, time_alive=  0
G_PERCEP PC=0x00399B28, theta= 336, max bias=  34, baseline_comp=  0, stable_cnt=255, grace_period=511, time_alive=  0
35000000 instrs 
40000000 instrs 
EOF
======== Predictor Memory ========
TAGE-SC-L (bits) = 1305275
TAGE-SC-L (KBytes) = 159.335327
H2P_ID_MEM_BITS = 19456
H2P_ID_MEM (KBytes) = 2.375000
L_PERCEP_MEM_BITS = 176320
L_PERCEP_MEM (KBytes) = 21.523438
G_PERCEP_MEM_BITS = 33184
G_PERCEP_MEM (KBytes) = 4.050781
Total Memory (bits) = 1534235
Total Memory (KBytes) = 187.284546
======== Runtime Statistics ========
COL h2p_insert_cnt = 80
COL h2p_with_tage = 3911970
COL h2p_with_lhist_percep = 36529
COL h2p_with_ghist_percep = 17936
COL filtered_updates = 68
COL lhist_percep_evictions = 15
COL ghist_percep_evictions = 10
COL lhist_percep_stale_evictions = 0
COL ghist_percep_stale_evictions = 0
======== End of Statistics ========
WINDOW_SIZE = 1024
FETCH_WIDTH = 16
FETCH_NUM_BRANCH = 16
FETCH_STOP_AT_INDIRECT = 1
FETCH_STOP_AT_TAKEN = 1
FETCH_MODEL_ICACHE = 1
PERFECT_BRANCH_PRED = 0
PERFECT_INDIRECT_PRED = 1
PIPELINE_FILL_LATENCY = 10
NUM_LDST_LANES = 8
NUM_ALU_LANES = 16
MEMORY HIERARCHY CONFIGURATION---------------------
STRIDE Prefetcher = 1
PERFECT_CACHE = 0
WRITE_ALLOCATE = 1
Within-pipeline factors:
	AGEN latency = 1 cycle
	Store Queue (SQ): SQ size = window size, oracle memory disambiguation, store-load forwarding = 1 cycle after store's or load's agen.
	* Note: A store searches the L1$ at commit. The store is released
	* from the SQ and window, whether it hits or misses. Store misses
	* are buffered until the block is allocated and the store is
	* performed in the L1$. While buffered, conflicting loads get
	* the store's data as they would from the SQ.
I$: 128 KB, 8-way set-assoc., 64B block size
L1$: 128 KB, 8-way set-assoc., 64B block size, 3-cycle search latency
L2$: 4 MB, 8-way set-assoc., 64B block size, 12-cycle search latency
L3$: 32 MB, 16-way set-assoc., 128B block size, 50-cycle search latency
Main Memory: 150-cycle fixed search time
---------------------------STORE QUEUE MEASUREMENTS (Full Simulation i.e. Counts Not Reset When Warmup Ends)---------------------------
Number of loads: 12907977
Number of loads that miss in SQ: 11498050 (89.08%)
Number of PFs issued to the memory system 461481
---------------------------------------------------------------------------------------------------------------------------------------
------------------------MEMORY HIERARCHY MEASUREMENTS (Full Simulation i.e. Counts Not Reset When Warmup Ends)-------------------------
I$:
	accesses   = 44517645
	misses     = 426
	miss ratio = 0.00%
	pf accesses   = 0
	pf misses     = 0
	pf miss ratio = nan%
L1$:
	accesses   = 17454480
	misses     = 29016
	miss ratio = 0.17%
	pf accesses   = 461481
	pf misses     = 3216
	pf miss ratio = 0.70%
L2$:
	accesses   = 29442
	misses     = 3681
	miss ratio = 12.50%
	pf accesses   = 3216
	pf misses     = 665
	pf miss ratio = 20.68%
L3$:
	accesses   = 3681
	misses     = 2412
	miss ratio = 65.53%
	pf accesses   = 665
	pf misses     = 332
	pf miss ratio = 49.92%
---------------------------------------------------------------------------------------------------------------------------------------
----------------------------------------------Prefetcher (Full Simulation i.e. No Warmup)----------------------------------------------
Num Trainings :12907977
Num Prefetches generated :481168
Num Prefetches issued :1196251
Num Prefetches filtered by PF queue :76654
Num untimely prefetches dropped from PF queue :19687
Num prefetches not issued LDST contention :734770
Num prefetches not issued stride 0 :3057515
---------------------------------------------------------------------------------------------------------------------------------------

-------------------------------ILP LIMIT STUDY (Full Simulation i.e. Counts Not Reset When Warmup Ends)--------------------------------
instructions = 40000052
cycles       = 15839790
CycWP        = 11923129
IPC          = 2.5253

---------------------------------------------------------------------------------------------------------------------------------------

-----------------------------------------------BRANCH PREDICTION MEASUREMENTS (Full Simulation i.e. Counts Not Reset When Warmup Ends)----------------------------------------------
Type                   NumBr     MispBr        mr     mpki
CondDirect          4219863     490383  11.6208%  12.2596
JumpDirect           650994          0   0.0000%   0.0000
JumpIndirect            557          0   0.0000%   0.0000
JumpReturn           275846          0   0.0000%   0.0000
Not control        39370385          0   0.0000%   0.0000
------------------------------------------------------------------------------------------------------------------------------------------------------------------------------------

------------------------------------------------------DIRECT CONDITIONAL BRANCH PREDICTION MEASUREMENTS (Last 10M instructions)-----------------------------------------------------
       Instr       Cycles      IPC      NumBr     MispBr BrPerCyc MispBrPerCyc        MR     MPKI      CycWP   CycWPAvg   CycWPPKI
    10000052      3763330   2.6572    1054703     115326   0.2803       0.0306  10.9345%  11.5325    2798433    24.2654   279.8418
------------------------------------------------------------------------------------------------------------------------------------------------------------------------------------

------------------------------------------------------DIRECT CONDITIONAL BRANCH PREDICTION MEASUREMENTS (Last 25M instructions)-----------------------------------------------------
       Instr       Cycles      IPC      NumBr     MispBr BrPerCyc MispBrPerCyc        MR     MPKI      CycWP   CycWPAvg   CycWPPKI
    25000052      9585262   2.6082    2627322     296239   0.2741       0.0309  11.2753%  11.8495    7173132    24.2140   286.9247
-------------------------------------------------------------------------------------------------------------------------------------------------------------------------------------

---------------------------------------------------------DIRECT CONDITIONAL BRANCH PREDICTION MEASUREMENTS (50 Perc instructions)---------------------------------------------------
       Instr       Cycles      IPC      NumBr     MispBr BrPerCyc MispBrPerCyc        MR     MPKI      CycWP   CycWPAvg   CycWPPKI
    20000052      7639615   2.6179    2099953     235347   0.2749       0.0308  11.2073%  11.7673    5709524    24.2600   285.4755
------------------------------------------------------------------------------------------------------------------------------------------------------------------------------------

-------------------------------------DIRECT CONDITIONAL BRANCH PREDICTION MEASUREMENTS (Full Simulation i.e. Counts Not Reset When Warmup Ends)-------------------------------------
       Instr       Cycles      IPC      NumBr     MispBr BrPerCyc MispBrPerCyc        MR     MPKI      CycWP   CycWPAvg   CycWPPKI
    40000052     15839790   2.5253    4219863     490383   0.2664       0.0310  11.6208%  12.2596   11923129    24.3139   298.0778
------------------------------------------------------------------------------------------------------------------------------------------------------------------------------------
 Read 40000052 instrs 
G_PERCEP PC=0x0039E7E4, theta= 344, max bias=  65, baseline_comp= 13, stable_cnt=  0, grace_period=511, time_alive= 20
G_PERCEP PC=0x00392BF0, theta= 360, max bias=  61, baseline_comp=  8, stable_cnt=  0, grace_period=511, time_alive=5182
G_PERCEP PC=0x00399B60, theta= 312, max bias=  27, baseline_comp=  1, stable_cnt=  0, grace_period=511, time_alive= 33
G_PERCEP PC=0x00399040, theta= 336, max bias=  41, baseline_comp=  0, stable_cnt=  1, grace_period=511, time_alive=  0
G_PERCEP PC=0x00399164, theta= 304, max bias=  53, baseline_comp=  1, stable_cnt=  0, grace_period=511, time_alive=  1
G_PERCEP PC=0x00399108, theta= 304, max bias=  39, baseline_comp=  1, stable_cnt=  0, grace_period=511, time_alive=  2
G_PERCEP PC=0x003990AC, theta= 312, max bias=  36, baseline_comp=  4, stable_cnt=  0, grace_period=511, time_alive=  3
G_PERCEP PC=0x00399050, theta= 312, max bias=  57, baseline_comp=  1, stable_cnt=  3, grace_period=511, time_alive=  4
G_PERCEP PC=0x00399B98, theta= 312, max bias=  32, baseline_comp=  6, stable_cnt=  0, grace_period=511, time_alive= 32
G_PERCEP PC=0x0039DD00, theta= 384, max bias= 113, baseline_comp=  0, stable_cnt=  4, grace_period=511, time_alive= 84
G_PERCEP PC=0x0039DF9C, theta= 296, max bias=  41, baseline_comp=  5, stable_cnt=  0, grace_period=511, time_alive= 80
G_PERCEP PC=0x0039DF3C, theta= 288, max bias=  30, baseline_comp=  0, stable_cnt= 25, grace_period=511, time_alive= 82
G_PERCEP PC=0x00392CD8, theta= 360, max bias=  35, baseline_comp= 57, stable_cnt=  0, grace_period=511, time_alive=4741
G_PERCEP PC=0x0039E99C, theta= 792, max bias=  11, baseline_comp= 58, stable_cnt=  0, grace_period=511, time_alive= 25
G_PERCEP PC=0x00399AF0, theta= 440, max bias=  34, baseline_comp=  3, stable_cnt=  0, grace_period=511, time_alive= 23
G_PERCEP PC=0x00399A78, theta= 472, max bias=  99, baseline_comp=  7, stable_cnt=  0, grace_period=511, time_alive= 24
L_PERCEP PC=0x0039DF6C, theta= 277, max bias=  47, baseline_comp=  0, stable_cnt= 16, grace_period=511, time_alive= 95
L_PERCEP PC=0x00399538, theta= 301, max bias=  34, baseline_comp=  2, stable_cnt=  4, grace_period=511, time_alive= 22
L_PERCEP PC=0x00399658, theta= 309, max bias=  42, baseline_comp=  0, stable_cnt= 19, grace_period=511, time_alive= 16
L_PERCEP PC=0x00399898, theta= 317, max bias=  26, baseline_comp=  0, stable_cnt= 22, grace_period=511, time_alive=  0
L_PERCEP PC=0x0039D8FC, theta= 293, max bias=  25, baseline_comp=  1, stable_cnt=  0, grace_period=511, time_alive= 46
L_PERCEP PC=0x003985EC, theta= 293, max bias=  46, baseline_comp=  0, stable_cnt= 26, grace_period=511, time_alive= 23
L_PERCEP PC=0x003985A0, theta= 269, max bias=  47, baseline_comp=  1, stable_cnt=  0, grace_period=511, time_alive= 24
L_PERCEP PC=0x0039D300, theta= 309, max bias=  37, baseline_comp=  4, stable_cnt=  0, grace_period=511, time_alive=111
L_PERCEP PC=0x0039DF5C, theta= 293, max bias=  51, baseline_comp=  0, stable_cnt= 17, grace_period=511, time_alive= 96
L_PERCEP PC=0x00399BB4, theta= 389, max bias=  19, baseline_comp=  0, stable_cnt=  7, grace_period=511, time_alive= 38
L_PERCEP PC=0x00392BF8, theta= 285, max bias=  33, baseline_comp=  5, stable_cnt=  0, grace_period=511, time_alive=6784
L_PERCEP PC=0x00399B98, theta= 293, max bias=  44, baseline_comp=  9, stable_cnt=  0, grace_period=511, time_alive= 39
L_PERCEP PC=0x0039E7E4, theta= 317, max bias=  36, baseline_comp= 12, stable_cnt=  0, grace_period=511, time_alive= 26
L_PERCEP PC=0x00392BF0, theta= 293, max bias=  22, baseline_comp=  1, stable_cnt=  0, grace_period=511, time_alive=6785
L_PERCEP PC=0x00399B60, theta= 293, max bias=  36, baseline_comp=  0, stable_cnt=  6, grace_period=511, time_alive= 40
L_PERCEP PC=0x00399DD0, theta= 293, max bias=  24, baseline_comp=  1, stable_cnt=  0, grace_period=511, time_alive=394
L_PERCEP PC=0x0039DF3C, theta= 269, max bias=  66, baseline_comp=  0, stable_cnt= 24, grace_period=511, time_alive= 98
L_PERCEP PC=0x00399AF0, theta= 381, max bias=  40, baseline_comp=  3, stable_cnt=  0, grace_period=511, time_alive= 29
L_PERCEP PC=0x00399164, theta= 301, max bias=  51, baseline_comp=  1, stable_cnt=  0, grace_period=511, time_alive=  2
L_PERCEP PC=0x0039EAA0, theta= 261, max bias=  32, baseline_comp=  2, stable_cnt=  0, grace_period=511, time_alive=491
L_PERCEP PC=0x0039DF9C, theta= 357, max bias=  35, baseline_comp=  1, stable_cnt=  0, grace_period=511, time_alive= 93
L_PERCEP PC=0x00399108, theta= 301, max bias=  45, baseline_comp=  4, stable_cnt=  0, grace_period=511, time_alive=  3
L_PERCEP PC=0x003990AC, theta= 301, max bias=  44, baseline_comp=  3, stable_cnt=  0, grace_period=511, time_alive=  4
L_PERCEP PC=0x0039ED94, theta= 269, max bias=  37, baseline_comp=  0, stable_cnt= 34, grace_period=511, time_alive= 32
L_PERCEP PC=0x00399050, theta= 309, max bias=  37, baseline_comp=  1, stable_cnt=  6, grace_period=511, time_alive=  5
L_PERCEP PC=0x0039DD00, theta= 349, max bias=  42, baseline_comp=  0, stable_cnt=  8, grace_period=511, time_alive=103
L_PERCEP PC=0x00398550, theta= 301, max bias=  46, baseline_comp=  2, stable_cnt=  0, grace_period=511, time_alive= 25
L_PERCEP PC=0x0039DF4C, theta= 277, max bias=  58, baseline_comp=  1, stable_cnt=  0, grace_period=511, time_alive= 97
L_PERCEP PC=0x00392CD8, theta= 229, max bias=  35, baseline_comp= 62, stable_cnt=  1, grace_period=511, time_alive=6343
L_PERCEP PC=0x00399040, theta= 325, max bias=  37, baseline_comp=  0, stable_cnt= 22, grace_period=511, time_alive=  1
L_PERCEP PC=0x0039EDB0, theta= 293, max bias=  20, baseline_comp= 18, stable_cnt=  0, grace_period=511, time_alive= 31
L_PERCEP PC=0x0039E99C, theta= 525, max bias=  32, baseline_comp= 21, stable_cnt=  0, grace_period=511, time_alive= 30

ExecTime = 376.9805738925934
