CMD:./cbp traces/int/int_12_trace.gz
5000000 instrs 
10000000 instrs 
L_PERCEP PC=0xFFFFF0D75034, theta= 261, max bias=   5, baseline_comp=  0, stable_cnt=255, grace_period=511, time_alive=  0
G_PERCEP PC=0xFFFFF0D75034, theta= 320, max bias=   4, baseline_comp=  0, stable_cnt=255, grace_period=511, time_alive=  0
15000000 instrs 
20000000 instrs 
25000000 instrs 
30000000 instrs 
35000000 instrs 
40000000 instrs 
L_PERCEP PC=0xFFFFF0D77378, theta= 261, max bias=  14, baseline_comp=  0, stable_cnt=255, grace_period=511, time_alive=  0
G_PERCEP PC=0xFFFFF0D77378, theta= 320, max bias=  21, baseline_comp=  0, stable_cnt=255, grace_period=511, time_alive=  0
L_PERCEP PC=0xFFFFF0D77378, theta= 261, max bias=   3, baseline_comp=  0, stable_cnt=255, grace_period=511, time_alive=  0
G_PERCEP PC=0xFFFFF0D77378, theta= 320, max bias=  21, baseline_comp=  0, stable_cnt=255, grace_period=511, time_alive=  0
45000000 instrs 
L_PERCEP PC=0xFFFF8000081F00F8, theta= 253, max bias=  19, baseline_comp=  0, stable_cnt=255, grace_period=511, time_alive=  0
L_PERCEP PC=0xFFFF8000081EF438, theta= 205, max bias=  19, baseline_comp=  0, stable_cnt=255, grace_period=511, time_alive=  0
G_PERCEP PC=0xFFFF8000081F00D4, theta= 288, max bias=  55, baseline_comp=  0, stable_cnt=255, grace_period=511, time_alive=  0
G_PERCEP PC=0xFFFF8000081EF438, theta= 296, max bias=  36, baseline_comp=  0, stable_cnt=255, grace_period=511, time_alive=  0
L_PERCEP PC=0xFFFF8000081F00D4, theta= 213, max bias=  21, baseline_comp=  0, stable_cnt=255, grace_period=511, time_alive=  0
G_PERCEP PC=0xFFFF8000081F00F8, theta= 288, max bias=  52, baseline_comp=  0, stable_cnt=255, grace_period=511, time_alive=  0
G_PERCEP PC=0xFFFF8000081DEBF0, theta= 296, max bias=  34, baseline_comp=  0, stable_cnt=255, grace_period=511, time_alive=  0
L_PERCEP PC=0xFFFF8000081DEBC8, theta= 261, max bias=  40, baseline_comp=  0, stable_cnt=255, grace_period=511, time_alive=  0
L_PERCEP PC=0xFFFF8000081DEBF0, theta= 229, max bias=  11, baseline_comp=  0, stable_cnt=255, grace_period=511, time_alive=  0
G_PERCEP PC=0xFFFF8000081DEBC8, theta= 288, max bias=  57, baseline_comp=  0, stable_cnt=255, grace_period=511, time_alive=  0
G_PERCEP PC=0xFFFF8000081DEBDC, theta= 296, max bias=  88, baseline_comp=  0, stable_cnt=255, grace_period=511, time_alive=  0
L_PERCEP PC=0xFFFF8000081DEBDC, theta= 245, max bias=  34, baseline_comp=  0, stable_cnt=255, grace_period=511, time_alive=  0
G_PERCEP PC=0xFFFFF0D78F48, theta= 320, max bias=  22, baseline_comp=  0, stable_cnt=224, grace_period=511, time_alive=65535
G_PERCEP PC=0xFFFFF0FDC90C, theta= 320, max bias=  15, baseline_comp=  1, stable_cnt=  0, grace_period=511, time_alive=65535
G_PERCEP PC=0xFFFFF0FDC910, theta= 320, max bias=   0, baseline_comp=  0, stable_cnt= 12, grace_period=511, time_alive=65535
L_PERCEP PC=0xFFFFF0D78F48, theta= 261, max bias=  14, baseline_comp=  0, stable_cnt=160, grace_period=511, time_alive=65535
L_PERCEP PC=0xFFFFF0FDC90C, theta= 261, max bias=   9, baseline_comp=  1, stable_cnt=  0, grace_period=511, time_alive=65535
L_PERCEP PC=0xFFFFF0FDC910, theta= 261, max bias=  12, baseline_comp=  1, stable_cnt= 14, grace_period=511, time_alive=65535
50000000 instrs 
55000000 instrs 
L_PERCEP PC=0xFFFFF0D78E64, theta= 261, max bias=  10, baseline_comp=  0, stable_cnt=255, grace_period=511, time_alive=  0
G_PERCEP PC=0xFFFFF0D78E64, theta= 320, max bias=  24, baseline_comp=  0, stable_cnt=255, grace_period=511, time_alive=  0
EOF
======== Predictor Memory ========
TAGE-SC-L (bits) = 1305275
TAGE-SC-L (KBytes) = 159.335327
H2P_ID_MEM_BITS = 19456
H2P_ID_MEM (KBytes) = 2.375000
L_PERCEP_MEM_BITS = 176320
L_PERCEP_MEM (KBytes) = 21.523438
G_PERCEP_MEM_BITS = 33184
G_PERCEP_MEM (KBytes) = 4.050781
Total Memory (bits) = 1534235
Total Memory (KBytes) = 187.284546
======== Runtime Statistics ========
COL h2p_insert_cnt = 22
COL h2p_with_tage = 6328340
COL h2p_with_lhist_percep = 7947
COL h2p_with_ghist_percep = 2853
COL filtered_updates = 157
COL lhist_percep_evictions = 10
COL ghist_percep_evictions = 10
COL lhist_percep_stale_evictions = 3
COL ghist_percep_stale_evictions = 3
======== End of Statistics ========
WINDOW_SIZE = 1024
FETCH_WIDTH = 16
FETCH_NUM_BRANCH = 16
FETCH_STOP_AT_INDIRECT = 1
FETCH_STOP_AT_TAKEN = 1
FETCH_MODEL_ICACHE = 1
PERFECT_BRANCH_PRED = 0
PERFECT_INDIRECT_PRED = 1
PIPELINE_FILL_LATENCY = 10
NUM_LDST_LANES = 8
NUM_ALU_LANES = 16
MEMORY HIERARCHY CONFIGURATION---------------------
STRIDE Prefetcher = 1
PERFECT_CACHE = 0
WRITE_ALLOCATE = 1
Within-pipeline factors:
	AGEN latency = 1 cycle
	Store Queue (SQ): SQ size = window size, oracle memory disambiguation, store-load forwarding = 1 cycle after store's or load's agen.
	* Note: A store searches the L1$ at commit. The store is released
	* from the SQ and window, whether it hits or misses. Store misses
	* are buffered until the block is allocated and the store is
	* performed in the L1$. While buffered, conflicting loads get
	* the store's data as they would from the SQ.
I$: 128 KB, 8-way set-assoc., 64B block size
L1$: 128 KB, 8-way set-assoc., 64B block size, 3-cycle search latency
L2$: 4 MB, 8-way set-assoc., 64B block size, 12-cycle search latency
L3$: 32 MB, 16-way set-assoc., 128B block size, 50-cycle search latency
Main Memory: 150-cycle fixed search time
---------------------------STORE QUEUE MEASUREMENTS (Full Simulation i.e. Counts Not Reset When Warmup Ends)---------------------------
Number of loads: 20449000
Number of loads that miss in SQ: 18361359 (89.79%)
Number of PFs issued to the memory system 2494152
---------------------------------------------------------------------------------------------------------------------------------------
------------------------MEMORY HIERARCHY MEASUREMENTS (Full Simulation i.e. Counts Not Reset When Warmup Ends)-------------------------
I$:
	accesses   = 76950572
	misses     = 1705
	miss ratio = 0.00%
	pf accesses   = 0
	pf misses     = 0
	pf miss ratio = nan%
L1$:
	accesses   = 24843783
	misses     = 361655
	miss ratio = 1.46%
	pf accesses   = 2494152
	pf misses     = 26082
	pf miss ratio = 1.05%
L2$:
	accesses   = 363360
	misses     = 174648
	miss ratio = 48.06%
	pf accesses   = 26082
	pf misses     = 8596
	pf miss ratio = 32.96%
L3$:
	accesses   = 174648
	misses     = 85494
	miss ratio = 48.95%
	pf accesses   = 8596
	pf misses     = 4131
	pf miss ratio = 48.06%
---------------------------------------------------------------------------------------------------------------------------------------
----------------------------------------------Prefetcher (Full Simulation i.e. No Warmup)----------------------------------------------
Num Trainings :20449000
Num Prefetches generated :2499947
Num Prefetches issued :3350181
Num Prefetches filtered by PF queue :16519
Num untimely prefetches dropped from PF queue :5795
Num prefetches not issued LDST contention :856029
Num prefetches not issued stride 0 :4292053
---------------------------------------------------------------------------------------------------------------------------------------

-------------------------------ILP LIMIT STUDY (Full Simulation i.e. Counts Not Reset When Warmup Ends)--------------------------------
instructions = 59999603
cycles       = 18416157
CycWP        = 982569
IPC          = 3.2580

---------------------------------------------------------------------------------------------------------------------------------------

-----------------------------------------------BRANCH PREDICTION MEASUREMENTS (Full Simulation i.e. Counts Not Reset When Warmup Ends)----------------------------------------------
Type                   NumBr     MispBr        mr     mpki
CondDirect          6357220      25880   0.4071%   0.4313
JumpDirect          1352816          0   0.0000%   0.0000
JumpIndirect          33465          0   0.0000%   0.0000
JumpReturn           452978          0   0.0000%   0.0000
Not control        68754093          0   0.0000%   0.0000
------------------------------------------------------------------------------------------------------------------------------------------------------------------------------------

------------------------------------------------------DIRECT CONDITIONAL BRANCH PREDICTION MEASUREMENTS (Last 10M instructions)-----------------------------------------------------
       Instr       Cycles      IPC      NumBr     MispBr BrPerCyc MispBrPerCyc        MR     MPKI      CycWP   CycWPAvg   CycWPPKI
    10999603      1815905   6.0574    1345300      10813   0.7408       0.0060   0.8038%   0.9830     348325    32.2135    31.6671
------------------------------------------------------------------------------------------------------------------------------------------------------------------------------------

------------------------------------------------------DIRECT CONDITIONAL BRANCH PREDICTION MEASUREMENTS (Last 25M instructions)-----------------------------------------------------
       Instr       Cycles      IPC      NumBr     MispBr BrPerCyc MispBrPerCyc        MR     MPKI      CycWP   CycWPAvg   CycWPPKI
    25999603      4329548   6.0052    3874268      24603   0.8948       0.0057   0.6350%   0.9463     901714    36.6506    34.6818
-------------------------------------------------------------------------------------------------------------------------------------------------------------------------------------

---------------------------------------------------------DIRECT CONDITIONAL BRANCH PREDICTION MEASUREMENTS (50 Perc instructions)---------------------------------------------------
       Instr       Cycles      IPC      NumBr     MispBr BrPerCyc MispBrPerCyc        MR     MPKI      CycWP   CycWPAvg   CycWPPKI
    30999603      4933044   6.2841    4522132      24712   0.9167       0.0050   0.5465%   0.7972     904133    36.5868    29.1660
------------------------------------------------------------------------------------------------------------------------------------------------------------------------------------

-------------------------------------DIRECT CONDITIONAL BRANCH PREDICTION MEASUREMENTS (Full Simulation i.e. Counts Not Reset When Warmup Ends)-------------------------------------
       Instr       Cycles      IPC      NumBr     MispBr BrPerCyc MispBrPerCyc        MR     MPKI      CycWP   CycWPAvg   CycWPPKI
    59999603     18416157   3.2580    6357220      25880   0.3452       0.0014   0.4071%   0.4313     982569    37.9663    16.3763
------------------------------------------------------------------------------------------------------------------------------------------------------------------------------------
 Read 59999603 instrs 
G_PERCEP PC=0xFFFF8000081D1CEC, theta= 320, max bias=   6, baseline_comp=  1, stable_cnt=  0, grace_period=361, time_alive=  1
G_PERCEP PC=0xFFFF8000081DEBDC, theta= 312, max bias=  45, baseline_comp=  0, stable_cnt=  8, grace_period=511, time_alive=1317
G_PERCEP PC=0xFFFF8000081F00F8, theta= 272, max bias=  63, baseline_comp=  1, stable_cnt=  0, grace_period=511, time_alive=1324
G_PERCEP PC=0xFFFF8000081EF438, theta= 304, max bias=  68, baseline_comp=  3, stable_cnt=  0, grace_period=511, time_alive=1296
G_PERCEP PC=0xFFFFF0FDE420, theta= 320, max bias=  15, baseline_comp=  2, stable_cnt=  0, grace_period=168, time_alive=  0
G_PERCEP PC=0xFFFF8000081DEBF0, theta= 304, max bias=  40, baseline_comp=  2, stable_cnt=  0, grace_period=511, time_alive=1318
G_PERCEP PC=0xFFFF8000081F00D4, theta= 288, max bias=  87, baseline_comp=  1, stable_cnt=  2, grace_period=511, time_alive=1325
G_PERCEP PC=0xFFFF8000081EF448, theta= 288, max bias=  43, baseline_comp= 30, stable_cnt=  0, grace_period=511, time_alive=1295
G_PERCEP PC=0xFFFF800008533AA8, theta= 296, max bias=  47, baseline_comp=  0, stable_cnt=  1, grace_period=511, time_alive=1316
L_PERCEP PC=0xFFFF8000081D1CEC, theta= 261, max bias=  14, baseline_comp= 11, stable_cnt=  0, grace_period=361, time_alive=  1
L_PERCEP PC=0xFFFF8000081DEBDC, theta= 261, max bias=   9, baseline_comp=  1, stable_cnt=  0, grace_period=511, time_alive=1317
L_PERCEP PC=0xFFFF8000081F00F8, theta= 237, max bias=  17, baseline_comp= 54, stable_cnt=  0, grace_period=511, time_alive=1324
L_PERCEP PC=0xFFFF8000081EF438, theta= 205, max bias=  22, baseline_comp=  0, stable_cnt= 19, grace_period=511, time_alive=1296
L_PERCEP PC=0xFFFFF0FDE420, theta= 261, max bias=   4, baseline_comp=  1, stable_cnt=  0, grace_period=168, time_alive=  0
L_PERCEP PC=0xFFFF8000081DEBF0, theta= 253, max bias=  14, baseline_comp=  5, stable_cnt=  0, grace_period=511, time_alive=1318
L_PERCEP PC=0xFFFF8000081F00D4, theta= 205, max bias=  18, baseline_comp=  0, stable_cnt= 12, grace_period=511, time_alive=1325
L_PERCEP PC=0xFFFF8000081EF448, theta= 245, max bias=  40, baseline_comp=  0, stable_cnt= 15, grace_period=511, time_alive=1295
L_PERCEP PC=0xFFFF800008533AA8, theta= 245, max bias=   8, baseline_comp=  0, stable_cnt=  0, grace_period=511, time_alive=1316

ExecTime = 615.7085392475128
