CMD:./cbp traces/int/int_18_trace.gz
L_PERCEP PC=0x00BF306C, theta= 261, max bias=  15, baseline_comp=  0, stable_cnt=255, grace_period=511, time_alive=  0
G_PERCEP PC=0x00BF306C, theta= 320, max bias=  31, baseline_comp=  0, stable_cnt=255, grace_period=511, time_alive=  0
L_PERCEP PC=0x00BF306C, theta= 261, max bias=  14, baseline_comp=  0, stable_cnt=255, grace_period=511, time_alive=  0
G_PERCEP PC=0x00BF306C, theta= 304, max bias=  46, baseline_comp=  0, stable_cnt=255, grace_period=511, time_alive=  0
G_PERCEP PC=0x00BF306C, theta= 312, max bias=  50, baseline_comp=  0, stable_cnt=255, grace_period=511, time_alive=  0
L_PERCEP PC=0x00BF306C, theta= 261, max bias=  14, baseline_comp=  0, stable_cnt=255, grace_period=511, time_alive=  0
L_PERCEP PC=0x00BF306C, theta= 261, max bias=   4, baseline_comp=  0, stable_cnt=255, grace_period=511, time_alive=  0
G_PERCEP PC=0x00BF306C, theta= 312, max bias=  38, baseline_comp=  0, stable_cnt=255, grace_period=511, time_alive=  0
G_PERCEP PC=0x00BF306C, theta= 312, max bias=  52, baseline_comp=  0, stable_cnt=255, grace_period=511, time_alive=  0
L_PERCEP PC=0x00BF306C, theta= 261, max bias=  21, baseline_comp=  0, stable_cnt=255, grace_period=511, time_alive=  0
G_PERCEP PC=0x00BF3050, theta= 320, max bias=  14, baseline_comp=  0, stable_cnt=255, grace_period=511, time_alive=  0
G_PERCEP PC=0x00BF309C, theta= 320, max bias=  36, baseline_comp=  0, stable_cnt=255, grace_period=511, time_alive=  0
L_PERCEP PC=0x00BF3050, theta= 261, max bias=  26, baseline_comp=  0, stable_cnt=255, grace_period=511, time_alive=  0
5000000 instrs 
G_PERCEP PC=0x00BF3058, theta= 312, max bias=  24, baseline_comp=  0, stable_cnt=255, grace_period=511, time_alive=  0
L_PERCEP PC=0x00BF309C, theta= 261, max bias=  31, baseline_comp=  0, stable_cnt=255, grace_period=511, time_alive=  0
L_PERCEP PC=0x00BF306C, theta= 261, max bias=  11, baseline_comp=  0, stable_cnt=255, grace_period=511, time_alive=  0
G_PERCEP PC=0x00BF306C, theta= 320, max bias=  54, baseline_comp=  0, stable_cnt=255, grace_period=511, time_alive=  0
L_PERCEP PC=0x00498030, theta= 261, max bias=  23, baseline_comp=  0, stable_cnt=255, grace_period=511, time_alive=  0
G_PERCEP PC=0x00498030, theta= 320, max bias=  25, baseline_comp=  0, stable_cnt=255, grace_period=511, time_alive=  0
G_PERCEP PC=0x004980C8, theta= 320, max bias=  32, baseline_comp=  0, stable_cnt=255, grace_period=511, time_alive=  0
L_PERCEP PC=0x004980C8, theta= 253, max bias=  27, baseline_comp=  0, stable_cnt=255, grace_period=511, time_alive=  0
L_PERCEP PC=0x00BF306C, theta= 261, max bias=  19, baseline_comp=  0, stable_cnt=255, grace_period=511, time_alive=  0
G_PERCEP PC=0x00BF306C, theta= 312, max bias=  44, baseline_comp=  0, stable_cnt=255, grace_period=511, time_alive=  0
L_PERCEP PC=0x00BF3EA4, theta= 261, max bias=  17, baseline_comp=  0, stable_cnt=255, grace_period=511, time_alive=  0
G_PERCEP PC=0x00BF3EA4, theta= 320, max bias=  17, baseline_comp=  0, stable_cnt=255, grace_period=511, time_alive=  0
L_PERCEP PC=0x00BF3EA4, theta= 261, max bias=   1, baseline_comp=  0, stable_cnt=255, grace_period=511, time_alive=  0
G_PERCEP PC=0x00BF3EA4, theta= 320, max bias=  31, baseline_comp=  0, stable_cnt=255, grace_period=511, time_alive=  0
L_PERCEP PC=0x00BF3EA4, theta= 261, max bias=   2, baseline_comp=  0, stable_cnt=255, grace_period=511, time_alive=  0
G_PERCEP PC=0x00BF3EA4, theta= 312, max bias=  24, baseline_comp=  0, stable_cnt=255, grace_period=511, time_alive=  0
G_PERCEP PC=0x00BF3050, theta= 320, max bias=  23, baseline_comp=  0, stable_cnt=255, grace_period=511, time_alive=  0
L_PERCEP PC=0x00BF3050, theta= 253, max bias=   9, baseline_comp=  0, stable_cnt=255, grace_period=511, time_alive=  0
L_PERCEP PC=0x00BF306C, theta= 261, max bias=  10, baseline_comp=  0, stable_cnt=255, grace_period=511, time_alive=  0
G_PERCEP PC=0x00BF306C, theta= 312, max bias=  42, baseline_comp=  0, stable_cnt=255, grace_period=511, time_alive=  0
10000000 instrs 
G_PERCEP PC=0x00498030, theta= 320, max bias=  30, baseline_comp=  0, stable_cnt=255, grace_period=511, time_alive=  0
L_PERCEP PC=0x00498030, theta= 261, max bias=  25, baseline_comp=  0, stable_cnt=255, grace_period=511, time_alive=  0
L_PERCEP PC=0x00BF306C, theta= 261, max bias=   8, baseline_comp=  0, stable_cnt=255, grace_period=511, time_alive=  0
G_PERCEP PC=0x00BF306C, theta= 312, max bias=  63, baseline_comp=  0, stable_cnt=255, grace_period=511, time_alive=  0
L_PERCEP PC=0x00BF3148, theta= 253, max bias=  25, baseline_comp=  0, stable_cnt=255, grace_period=511, time_alive=  0
G_PERCEP PC=0x00BF3148, theta= 312, max bias=  38, baseline_comp=  0, stable_cnt=255, grace_period=511, time_alive=  0
L_PERCEP PC=0x00BF39F4, theta= 253, max bias=  25, baseline_comp=  0, stable_cnt=255, grace_period=511, time_alive=  0
G_PERCEP PC=0x00BF2664, theta= 304, max bias=  47, baseline_comp=  0, stable_cnt=255, grace_period=511, time_alive=  0
L_PERCEP PC=0x004980C8, theta= 261, max bias=  13, baseline_comp=  0, stable_cnt=255, grace_period=511, time_alive=  0
G_PERCEP PC=0x004980C8, theta= 312, max bias=  30, baseline_comp=  0, stable_cnt=255, grace_period=511, time_alive=  0
15000000 instrs 
L_PERCEP PC=0x00BF2664, theta= 253, max bias=  37, baseline_comp=  0, stable_cnt=255, grace_period=511, time_alive=  0
G_PERCEP PC=0x00BF3050, theta= 320, max bias=  25, baseline_comp=  0, stable_cnt=255, grace_period=511, time_alive=  0
G_PERCEP PC=0x00498030, theta= 320, max bias=  30, baseline_comp=  0, stable_cnt=255, grace_period=511, time_alive=  0
L_PERCEP PC=0x00BF3050, theta= 245, max bias=   7, baseline_comp=  0, stable_cnt=255, grace_period=511, time_alive=  0
G_PERCEP PC=0x00BF306C, theta= 320, max bias=  49, baseline_comp=  0, stable_cnt=255, grace_period=511, time_alive=  0
L_PERCEP PC=0x00BF306C, theta= 261, max bias=  13, baseline_comp=  0, stable_cnt=255, grace_period=511, time_alive=  0
L_PERCEP PC=0x00498030, theta= 261, max bias=  22, baseline_comp=  0, stable_cnt=255, grace_period=511, time_alive=  0
G_PERCEP PC=0x00BF39F4, theta= 320, max bias=   6, baseline_comp=  0, stable_cnt=255, grace_period=511, time_alive=  0
20000000 instrs 
L_PERCEP PC=0x00BF306C, theta= 261, max bias=   8, baseline_comp=  0, stable_cnt=255, grace_period=511, time_alive=  0
G_PERCEP PC=0x00BF306C, theta= 312, max bias=  62, baseline_comp=  0, stable_cnt=255, grace_period=511, time_alive=  0
G_PERCEP PC=0x00BF30AC, theta= 304, max bias=  15, baseline_comp=  0, stable_cnt=255, grace_period=511, time_alive=  0
L_PERCEP PC=0x00BF306C, theta= 261, max bias=   6, baseline_comp=  0, stable_cnt=255, grace_period=511, time_alive=  0
G_PERCEP PC=0x00BF306C, theta= 320, max bias=  47, baseline_comp=  0, stable_cnt=255, grace_period=511, time_alive=  0
G_PERCEP PC=0x00BF3050, theta= 320, max bias=  25, baseline_comp=  0, stable_cnt=255, grace_period=511, time_alive=  0
L_PERCEP PC=0x00BF3050, theta= 237, max bias=   3, baseline_comp=  0, stable_cnt=255, grace_period=511, time_alive=  0
L_PERCEP PC=0x00BF30AC, theta= 237, max bias=  20, baseline_comp=  0, stable_cnt=255, grace_period=511, time_alive=  0
G_PERCEP PC=0x00BF3A30, theta= 320, max bias=  13, baseline_comp=  0, stable_cnt=255, grace_period=511, time_alive=  0
L_PERCEP PC=0x00BF3EA4, theta= 261, max bias=   7, baseline_comp=  0, stable_cnt=255, grace_period=511, time_alive=  0
G_PERCEP PC=0x00BF3EA4, theta= 312, max bias=  27, baseline_comp=  0, stable_cnt=255, grace_period=511, time_alive=  0
L_PERCEP PC=0x00BF3EA4, theta= 261, max bias=  24, baseline_comp=  0, stable_cnt=255, grace_period=511, time_alive=  0
G_PERCEP PC=0x00BF3EA4, theta= 320, max bias=  17, baseline_comp=  0, stable_cnt=255, grace_period=511, time_alive=  0
G_PERCEP PC=0x00BF3E90, theta= 304, max bias=  55, baseline_comp=  0, stable_cnt=255, grace_period=511, time_alive=  0
L_PERCEP PC=0x00BF3E8C, theta= 253, max bias=  22, baseline_comp=  0, stable_cnt=255, grace_period=511, time_alive=  0
G_PERCEP PC=0x00BF3E8C, theta= 312, max bias=  47, baseline_comp=  0, stable_cnt=255, grace_period=511, time_alive=  0
L_PERCEP PC=0x00BF3E90, theta= 253, max bias=   8, baseline_comp=  0, stable_cnt=255, grace_period=511, time_alive=  0
L_PERCEP PC=0x00BF3A0C, theta= 253, max bias=  17, baseline_comp=  0, stable_cnt=255, grace_period=511, time_alive=  0
G_PERCEP PC=0x00BF3A0C, theta= 320, max bias=  24, baseline_comp=  0, stable_cnt=255, grace_period=511, time_alive=  0
L_PERCEP PC=0x00BF306C, theta= 261, max bias=  11, baseline_comp=  0, stable_cnt=255, grace_period=511, time_alive=  0
G_PERCEP PC=0x00BF306C, theta= 320, max bias=  43, baseline_comp=  0, stable_cnt=255, grace_period=511, time_alive=  0
25000000 instrs 
L_PERCEP PC=0x00BF306C, theta= 261, max bias=   6, baseline_comp=  0, stable_cnt=255, grace_period=511, time_alive=  0
G_PERCEP PC=0x00BF306C, theta= 320, max bias=  43, baseline_comp=  0, stable_cnt=255, grace_period=511, time_alive=  0
L_PERCEP PC=0x004980C8, theta= 261, max bias=  22, baseline_comp=  0, stable_cnt=255, grace_period=511, time_alive=  0
G_PERCEP PC=0x004980C8, theta= 320, max bias=  34, baseline_comp=  0, stable_cnt=255, grace_period=511, time_alive=  0
G_PERCEP PC=0x00BF3050, theta= 320, max bias=  31, baseline_comp=  0, stable_cnt=255, grace_period=511, time_alive=  0
L_PERCEP PC=0x00BF306C, theta= 261, max bias=   2, baseline_comp=  0, stable_cnt=255, grace_period=511, time_alive=  0
G_PERCEP PC=0x00BF306C, theta= 312, max bias=  49, baseline_comp=  0, stable_cnt=255, grace_period=511, time_alive=  0
30000000 instrs 
G_PERCEP PC=0x00BF306C, theta= 312, max bias=  45, baseline_comp=  0, stable_cnt=255, grace_period=511, time_alive=  0
L_PERCEP PC=0x00BF306C, theta= 261, max bias=  16, baseline_comp=  0, stable_cnt=255, grace_period=511, time_alive=  0
G_PERCEP PC=0x00BF47A4, theta= 320, max bias=  44, baseline_comp=  0, stable_cnt=255, grace_period=511, time_alive=  0
L_PERCEP PC=0x00499DB8, theta= 261, max bias=  19, baseline_comp=  0, stable_cnt=255, grace_period=511, time_alive=  0
G_PERCEP PC=0x00499DB8, theta= 320, max bias=  25, baseline_comp=  0, stable_cnt=255, grace_period=511, time_alive=  0
L_PERCEP PC=0x00BF2664, theta= 261, max bias=  17, baseline_comp=  0, stable_cnt=255, grace_period=511, time_alive=  0
G_PERCEP PC=0x00BF2664, theta= 312, max bias=  29, baseline_comp=  0, stable_cnt=255, grace_period=511, time_alive=  0
L_PERCEP PC=0x0049804C, theta= 261, max bias=  45, baseline_comp=  0, stable_cnt=255, grace_period=511, time_alive=  0
G_PERCEP PC=0x0049804C, theta= 320, max bias=  46, baseline_comp=  0, stable_cnt=255, grace_period=511, time_alive=  0
G_PERCEP PC=0x00BF2664, theta= 320, max bias=  43, baseline_comp=  0, stable_cnt=255, grace_period=511, time_alive=  0
35000000 instrs 
G_PERCEP PC=0x00BF306C, theta= 312, max bias=  53, baseline_comp=  0, stable_cnt=255, grace_period=511, time_alive=  0
L_PERCEP PC=0x00BF306C, theta= 261, max bias=  12, baseline_comp=  0, stable_cnt=255, grace_period=511, time_alive=  0
L_PERCEP PC=0x00BF2664, theta= 261, max bias=  12, baseline_comp=  0, stable_cnt=255, grace_period=511, time_alive=  0
G_PERCEP PC=0x00BF2C48, theta= 312, max bias=  35, baseline_comp=  0, stable_cnt=255, grace_period=511, time_alive=  0
G_PERCEP PC=0x00BF2650, theta= 296, max bias=  45, baseline_comp=  0, stable_cnt=255, grace_period=511, time_alive=  0
G_PERCEP PC=0x00498030, theta= 312, max bias=  35, baseline_comp=  0, stable_cnt=255, grace_period=511, time_alive=  0
L_PERCEP PC=0x00BF2C48, theta= 261, max bias=  28, baseline_comp=  0, stable_cnt=255, grace_period=511, time_alive=  0
L_PERCEP PC=0x00BF2650, theta= 253, max bias=  15, baseline_comp=  0, stable_cnt=255, grace_period=511, time_alive=  0
L_PERCEP PC=0x00BF2664, theta= 261, max bias=   9, baseline_comp=  0, stable_cnt=255, grace_period=511, time_alive=  0
G_PERCEP PC=0x00BF2664, theta= 320, max bias=  59, baseline_comp=  0, stable_cnt=255, grace_period=511, time_alive=  0
G_PERCEP PC=0x00BF267C, theta= 320, max bias=  26, baseline_comp=  0, stable_cnt=255, grace_period=511, time_alive=  0
L_PERCEP PC=0x00BF2D54, theta= 261, max bias=  25, baseline_comp=  0, stable_cnt=255, grace_period=511, time_alive=  0
L_PERCEP PC=0x0049804C, theta= 261, max bias=  15, baseline_comp=  0, stable_cnt=255, grace_period=511, time_alive=  0
G_PERCEP PC=0x0049804C, theta= 320, max bias=  32, baseline_comp=  0, stable_cnt=255, grace_period=511, time_alive=  0
G_PERCEP PC=0x00BF2664, theta= 312, max bias=  63, baseline_comp=  0, stable_cnt=255, grace_period=511, time_alive=  0
L_PERCEP PC=0x00BF2664, theta= 261, max bias=   2, baseline_comp=  0, stable_cnt=255, grace_period=511, time_alive=  0
L_PERCEP PC=0x00BF306C, theta= 261, max bias=   2, baseline_comp=  0, stable_cnt=255, grace_period=511, time_alive=  0
G_PERCEP PC=0x00BF306C, theta= 312, max bias=  43, baseline_comp=  0, stable_cnt=255, grace_period=511, time_alive=  0
G_PERCEP PC=0x00BF309C, theta= 312, max bias=  37, baseline_comp=  0, stable_cnt=255, grace_period=511, time_alive=  0
L_PERCEP PC=0x00BF309C, theta= 261, max bias=  19, baseline_comp=  0, stable_cnt=255, grace_period=511, time_alive=  0
EOF
======== Predictor Memory ========
TAGE-SC-L (bits) = 1305275
TAGE-SC-L (KBytes) = 159.335327
H2P_ID_MEM_BITS = 19456
H2P_ID_MEM (KBytes) = 2.375000
L_PERCEP_MEM_BITS = 176320
L_PERCEP_MEM (KBytes) = 21.523438
G_PERCEP_MEM_BITS = 33184
G_PERCEP_MEM (KBytes) = 4.050781
Total Memory (bits) = 1534235
Total Memory (KBytes) = 187.284546
======== Runtime Statistics ========
COL h2p_insert_cnt = 59
COL h2p_with_tage = 9419586
COL h2p_with_lhist_percep = 14459
COL h2p_with_ghist_percep = 0
COL filtered_updates = 1677
COL lhist_percep_evictions = 52
COL ghist_percep_evictions = 57
COL lhist_percep_stale_evictions = 0
COL ghist_percep_stale_evictions = 0
======== End of Statistics ========
WINDOW_SIZE = 1024
FETCH_WIDTH = 16
FETCH_NUM_BRANCH = 16
FETCH_STOP_AT_INDIRECT = 1
FETCH_STOP_AT_TAKEN = 1
FETCH_MODEL_ICACHE = 1
PERFECT_BRANCH_PRED = 0
PERFECT_INDIRECT_PRED = 1
PIPELINE_FILL_LATENCY = 10
NUM_LDST_LANES = 8
NUM_ALU_LANES = 16
MEMORY HIERARCHY CONFIGURATION---------------------
STRIDE Prefetcher = 1
PERFECT_CACHE = 0
WRITE_ALLOCATE = 1
Within-pipeline factors:
	AGEN latency = 1 cycle
	Store Queue (SQ): SQ size = window size, oracle memory disambiguation, store-load forwarding = 1 cycle after store's or load's agen.
	* Note: A store searches the L1$ at commit. The store is released
	* from the SQ and window, whether it hits or misses. Store misses
	* are buffered until the block is allocated and the store is
	* performed in the L1$. While buffered, conflicting loads get
	* the store's data as they would from the SQ.
I$: 128 KB, 8-way set-assoc., 64B block size
L1$: 128 KB, 8-way set-assoc., 64B block size, 3-cycle search latency
L2$: 4 MB, 8-way set-assoc., 64B block size, 12-cycle search latency
L3$: 32 MB, 16-way set-assoc., 128B block size, 50-cycle search latency
Main Memory: 150-cycle fixed search time
---------------------------STORE QUEUE MEASUREMENTS (Full Simulation i.e. Counts Not Reset When Warmup Ends)---------------------------
Number of loads: 14249040
Number of loads that miss in SQ: 13409286 (94.11%)
Number of PFs issued to the memory system 10346669
---------------------------------------------------------------------------------------------------------------------------------------
------------------------MEMORY HIERARCHY MEASUREMENTS (Full Simulation i.e. Counts Not Reset When Warmup Ends)-------------------------
I$:
	accesses   = 41040961
	misses     = 612
	miss ratio = 0.00%
	pf accesses   = 0
	pf misses     = 0
	pf miss ratio = nan%
L1$:
	accesses   = 15445011
	misses     = 259148
	miss ratio = 1.68%
	pf accesses   = 10346669
	pf misses     = 746491
	pf miss ratio = 7.21%
L2$:
	accesses   = 259760
	misses     = 70007
	miss ratio = 26.95%
	pf accesses   = 746491
	pf misses     = 222832
	pf miss ratio = 29.85%
L3$:
	accesses   = 70007
	misses     = 15571
	miss ratio = 22.24%
	pf accesses   = 222832
	pf misses     = 35272
	pf miss ratio = 15.83%
---------------------------------------------------------------------------------------------------------------------------------------
----------------------------------------------Prefetcher (Full Simulation i.e. No Warmup)----------------------------------------------
Num Trainings :14249040
Num Prefetches generated :10350858
Num Prefetches issued :12040276
Num Prefetches filtered by PF queue :133451
Num untimely prefetches dropped from PF queue :4189
Num prefetches not issued LDST contention :1693607
Num prefetches not issued stride 0 :1111401
---------------------------------------------------------------------------------------------------------------------------------------

-------------------------------ILP LIMIT STUDY (Full Simulation i.e. Counts Not Reset When Warmup Ends)--------------------------------
instructions = 39999864
cycles       = 10683844
CycWP        = 1339258
IPC          = 3.7440

---------------------------------------------------------------------------------------------------------------------------------------

-----------------------------------------------BRANCH PREDICTION MEASUREMENTS (Full Simulation i.e. Counts Not Reset When Warmup Ends)----------------------------------------------
Type                   NumBr     MispBr        mr     mpki
CondDirect          9457814      28697   0.3034%   0.7174
JumpDirect           248177          0   0.0000%   0.0000
JumpIndirect            790          0   0.0000%   0.0000
JumpReturn           136312          0   0.0000%   0.0000
Not control        31197868          0   0.0000%   0.0000
------------------------------------------------------------------------------------------------------------------------------------------------------------------------------------

------------------------------------------------------DIRECT CONDITIONAL BRANCH PREDICTION MEASUREMENTS (Last 10M instructions)-----------------------------------------------------
       Instr       Cycles      IPC      NumBr     MispBr BrPerCyc MispBrPerCyc        MR     MPKI      CycWP   CycWPAvg   CycWPPKI
    10999864      2885386   3.8123    2658320       7304   0.9213       0.0025   0.2748%   0.6640     336767    46.1072    30.6156
------------------------------------------------------------------------------------------------------------------------------------------------------------------------------------

------------------------------------------------------DIRECT CONDITIONAL BRANCH PREDICTION MEASUREMENTS (Last 25M instructions)-----------------------------------------------------
       Instr       Cycles      IPC      NumBr     MispBr BrPerCyc MispBrPerCyc        MR     MPKI      CycWP   CycWPAvg   CycWPPKI
    25999864      6215328   4.1832    6178823      14999   0.9941       0.0024   0.2427%   0.5769     621455    41.4331    23.9022
-------------------------------------------------------------------------------------------------------------------------------------------------------------------------------------

---------------------------------------------------------DIRECT CONDITIONAL BRANCH PREDICTION MEASUREMENTS (50 Perc instructions)---------------------------------------------------
       Instr       Cycles      IPC      NumBr     MispBr BrPerCyc MispBrPerCyc        MR     MPKI      CycWP   CycWPAvg   CycWPPKI
    20999864      5086010   4.1289    4985263      11486   0.9802       0.0023   0.2304%   0.5470     491650    42.8043    23.4121
------------------------------------------------------------------------------------------------------------------------------------------------------------------------------------

-------------------------------------DIRECT CONDITIONAL BRANCH PREDICTION MEASUREMENTS (Full Simulation i.e. Counts Not Reset When Warmup Ends)-------------------------------------
       Instr       Cycles      IPC      NumBr     MispBr BrPerCyc MispBrPerCyc        MR     MPKI      CycWP   CycWPAvg   CycWPPKI
    39999864     10683844   3.7440    9457814      28697   0.8852       0.0027   0.3034%   0.7174    1339258    46.6689    33.4816
------------------------------------------------------------------------------------------------------------------------------------------------------------------------------------
 Read 39999864 instrs 
G_PERCEP PC=0x00BF2D54, theta= 304, max bias=  47, baseline_comp=  0, stable_cnt=  0, grace_period=511, time_alive=1444
G_PERCEP PC=0x00BF264C, theta= 320, max bias=  47, baseline_comp=  0, stable_cnt= 62, grace_period=511, time_alive=1445
L_PERCEP PC=0x00498030, theta= 205, max bias=   8, baseline_comp=  3, stable_cnt=  0, grace_period=511, time_alive=  0
L_PERCEP PC=0x00BF3050, theta= 141, max bias=   3, baseline_comp= 63, stable_cnt= 12, grace_period=511, time_alive=  4
L_PERCEP PC=0x00BF3A30, theta= 221, max bias=  25, baseline_comp= 34, stable_cnt=  0, grace_period=511, time_alive=  2
L_PERCEP PC=0x00BF267C, theta= 245, max bias=  19, baseline_comp=  0, stable_cnt= 21, grace_period=511, time_alive=5012
L_PERCEP PC=0x00BF47A4, theta= 261, max bias=  20, baseline_comp=  9, stable_cnt=  0, grace_period=511, time_alive=29290
L_PERCEP PC=0x00BF264C, theta= 197, max bias=  37, baseline_comp=  3, stable_cnt=  0, grace_period=511, time_alive=5014
L_PERCEP PC=0x00BF3058, theta=  61, max bias=  18, baseline_comp= 51, stable_cnt=  0, grace_period=511, time_alive=  1

ExecTime = 358.9372298717499
