CMD:./cbp traces/int/int_7_trace.gz
L_PERCEP PC=0xFFFFF336E460, theta= 261, max bias=  18, baseline_comp=  0, stable_cnt=255, grace_period=511, time_alive=  0
G_PERCEP PC=0xFFFFF336E460, theta= 312, max bias=  38, baseline_comp=  0, stable_cnt=255, grace_period=511, time_alive=  0
L_PERCEP PC=0xFFFFF33FDC2C, theta= 261, max bias=  13, baseline_comp=  0, stable_cnt=255, grace_period=511, time_alive=  0
G_PERCEP PC=0xFFFFF33FDC2C, theta= 320, max bias=  25, baseline_comp=  0, stable_cnt=255, grace_period=511, time_alive=  0
G_PERCEP PC=0xFFFFF336E460, theta= 312, max bias=  34, baseline_comp=  0, stable_cnt=255, grace_period=511, time_alive=  0
L_PERCEP PC=0xFFFFF336E460, theta= 261, max bias=   9, baseline_comp=  0, stable_cnt=255, grace_period=511, time_alive=  0
5000000 instrs 
G_PERCEP PC=0xFFFFF336E460, theta= 312, max bias=  49, baseline_comp=  0, stable_cnt=255, grace_period=511, time_alive=  0
L_PERCEP PC=0xFFFFF336E460, theta= 253, max bias=  11, baseline_comp=  0, stable_cnt=255, grace_period=511, time_alive=  0
G_PERCEP PC=0xFFFFF336E448, theta= 320, max bias=  50, baseline_comp=  0, stable_cnt=255, grace_period=511, time_alive=  0
L_PERCEP PC=0xFFFFF336E448, theta= 261, max bias=  13, baseline_comp=  0, stable_cnt=255, grace_period=511, time_alive=  0
G_PERCEP PC=0xFFFFF336E460, theta= 320, max bias=  39, baseline_comp=  0, stable_cnt=255, grace_period=511, time_alive=  0
L_PERCEP PC=0xFFFFF33FDC2C, theta= 261, max bias=  14, baseline_comp=  0, stable_cnt=255, grace_period=511, time_alive=  0
G_PERCEP PC=0xFFFFF33FDC2C, theta= 312, max bias=  31, baseline_comp=  0, stable_cnt=255, grace_period=511, time_alive=  0
10000000 instrs 
L_PERCEP PC=0xFFFFF336E460, theta= 205, max bias=   8, baseline_comp=  0, stable_cnt=255, grace_period=511, time_alive=  0
L_PERCEP PC=0xFFFFF0FBAE64, theta= 261, max bias=   9, baseline_comp=  0, stable_cnt=255, grace_period=511, time_alive=  0
G_PERCEP PC=0xFFFFF33B8128, theta= 320, max bias=  29, baseline_comp=  0, stable_cnt=255, grace_period=511, time_alive=  0
L_PERCEP PC=0xFFFFF336E448, theta= 261, max bias=   1, baseline_comp=  0, stable_cnt=255, grace_period=511, time_alive=  0
G_PERCEP PC=0xFFFFF336E448, theta= 312, max bias=  50, baseline_comp=  0, stable_cnt=255, grace_period=511, time_alive=  0
L_PERCEP PC=0xFFFFF33B8128, theta= 261, max bias=  25, baseline_comp=  0, stable_cnt=255, grace_period=511, time_alive=  0
L_PERCEP PC=0xFFFFF33FDC2C, theta= 261, max bias=   2, baseline_comp=  0, stable_cnt=255, grace_period=511, time_alive=  0
G_PERCEP PC=0xFFFFF33FDC2C, theta= 320, max bias=  23, baseline_comp=  0, stable_cnt=255, grace_period=511, time_alive=  0
G_PERCEP PC=0xFFFFF33693E0, theta= 312, max bias=  48, baseline_comp=  0, stable_cnt=255, grace_period=511, time_alive=  0
G_PERCEP PC=0xFFFFF336E460, theta= 312, max bias=  45, baseline_comp=  0, stable_cnt=255, grace_period=511, time_alive=  0
L_PERCEP PC=0xFFFFF336E460, theta= 253, max bias=   5, baseline_comp=  0, stable_cnt=255, grace_period=511, time_alive=  0
G_PERCEP PC=0xFFFFF33B813C, theta= 320, max bias=  25, baseline_comp=  0, stable_cnt=255, grace_period=511, time_alive=  0
L_PERCEP PC=0xFFFFF33B813C, theta= 261, max bias=  14, baseline_comp=  0, stable_cnt=255, grace_period=511, time_alive=  0
15000000 instrs 
G_PERCEP PC=0xFFFFF0FBAE64, theta= 320, max bias=  32, baseline_comp=  0, stable_cnt=255, grace_period=511, time_alive=  0
L_PERCEP PC=0xFFFFF302C174, theta= 253, max bias=  15, baseline_comp=  0, stable_cnt=255, grace_period=511, time_alive=  0
20000000 instrs 
25000000 instrs 
L_PERCEP PC=0xFFFFD48A8CE0, theta= 261, max bias=  33, baseline_comp=  0, stable_cnt=255, grace_period=511, time_alive=  0
L_PERCEP PC=0xFFFFF336E460, theta= 253, max bias=   3, baseline_comp=  0, stable_cnt=255, grace_period=511, time_alive=  0
L_PERCEP PC=0xFFFFF2E0F558, theta= 261, max bias=   7, baseline_comp=  0, stable_cnt=255, grace_period=511, time_alive=  0
L_PERCEP PC=0xFFFFF302C134, theta= 245, max bias=  26, baseline_comp=  0, stable_cnt=255, grace_period=511, time_alive=  0
30000000 instrs 
L_PERCEP PC=0xFFFFF336E3B8, theta= 261, max bias=  21, baseline_comp=  0, stable_cnt=255, grace_period=511, time_alive=  0
L_PERCEP PC=0xFFFFF336E448, theta= 261, max bias=   2, baseline_comp=  0, stable_cnt=255, grace_period=511, time_alive=  0
L_PERCEP PC=0xFFFFF2E0F518, theta= 261, max bias=   9, baseline_comp=  0, stable_cnt=255, grace_period=511, time_alive=  0
L_PERCEP PC=0xFFFFF2E0F828, theta= 261, max bias=   9, baseline_comp=  0, stable_cnt=255, grace_period=511, time_alive=  0
L_PERCEP PC=0xFFFFF2E0F7E8, theta= 261, max bias=   6, baseline_comp=  0, stable_cnt=255, grace_period=511, time_alive=  0
L_PERCEP PC=0xFFFFF33FDC2C, theta= 261, max bias=  12, baseline_comp=  0, stable_cnt=255, grace_period=511, time_alive=  0
35000000 instrs 
L_PERCEP PC=0xFFFFF33B8128, theta= 261, max bias=  22, baseline_comp=  0, stable_cnt=255, grace_period=511, time_alive=  0
L_PERCEP PC=0xFFFFF33693E0, theta= 237, max bias=  46, baseline_comp=  0, stable_cnt=255, grace_period=511, time_alive=  0
L_PERCEP PC=0xFFFFD48A900C, theta= 261, max bias=  20, baseline_comp=  0, stable_cnt=255, grace_period=511, time_alive=  0
40000000 instrs 
EOF
======== Predictor Memory ========
TAGE-SC-L (bits) = 1305275
TAGE-SC-L (KBytes) = 159.335327
H2P_ID_MEM_BITS = 19456
H2P_ID_MEM (KBytes) = 2.375000
L_PERCEP_MEM_BITS = 176320
L_PERCEP_MEM (KBytes) = 21.523438
G_PERCEP_MEM_BITS = 33184
G_PERCEP_MEM (KBytes) = 4.050781
Total Memory (bits) = 1534235
Total Memory (KBytes) = 187.284546
======== Runtime Statistics ========
COL h2p_insert_cnt = 72
COL h2p_with_tage = 5724036
COL h2p_with_lhist_percep = 6741
COL h2p_with_ghist_percep = 0
COL filtered_updates = 0
COL lhist_percep_evictions = 27
COL ghist_percep_evictions = 14
COL lhist_percep_stale_evictions = 0
COL ghist_percep_stale_evictions = 0
======== End of Statistics ========
WINDOW_SIZE = 1024
FETCH_WIDTH = 16
FETCH_NUM_BRANCH = 16
FETCH_STOP_AT_INDIRECT = 1
FETCH_STOP_AT_TAKEN = 1
FETCH_MODEL_ICACHE = 1
PERFECT_BRANCH_PRED = 0
PERFECT_INDIRECT_PRED = 1
PIPELINE_FILL_LATENCY = 10
NUM_LDST_LANES = 8
NUM_ALU_LANES = 16
MEMORY HIERARCHY CONFIGURATION---------------------
STRIDE Prefetcher = 1
PERFECT_CACHE = 0
WRITE_ALLOCATE = 1
Within-pipeline factors:
	AGEN latency = 1 cycle
	Store Queue (SQ): SQ size = window size, oracle memory disambiguation, store-load forwarding = 1 cycle after store's or load's agen.
	* Note: A store searches the L1$ at commit. The store is released
	* from the SQ and window, whether it hits or misses. Store misses
	* are buffered until the block is allocated and the store is
	* performed in the L1$. While buffered, conflicting loads get
	* the store's data as they would from the SQ.
I$: 128 KB, 8-way set-assoc., 64B block size
L1$: 128 KB, 8-way set-assoc., 64B block size, 3-cycle search latency
L2$: 4 MB, 8-way set-assoc., 64B block size, 12-cycle search latency
L3$: 32 MB, 16-way set-assoc., 128B block size, 50-cycle search latency
Main Memory: 150-cycle fixed search time
---------------------------STORE QUEUE MEASUREMENTS (Full Simulation i.e. Counts Not Reset When Warmup Ends)---------------------------
Number of loads: 11765054
Number of loads that miss in SQ: 9282075 (78.90%)
Number of PFs issued to the memory system 1079060
---------------------------------------------------------------------------------------------------------------------------------------
------------------------MEMORY HIERARCHY MEASUREMENTS (Full Simulation i.e. Counts Not Reset When Warmup Ends)-------------------------
I$:
	accesses   = 45778173
	misses     = 173851
	miss ratio = 0.38%
	pf accesses   = 0
	pf misses     = 0
	pf miss ratio = nan%
L1$:
	accesses   = 17953537
	misses     = 95087
	miss ratio = 0.53%
	pf accesses   = 1079060
	pf misses     = 16895
	pf miss ratio = 1.57%
L2$:
	accesses   = 268938
	misses     = 32077
	miss ratio = 11.93%
	pf accesses   = 16895
	pf misses     = 2426
	pf miss ratio = 14.36%
L3$:
	accesses   = 32077
	misses     = 18418
	miss ratio = 57.42%
	pf accesses   = 2426
	pf misses     = 1316
	pf miss ratio = 54.25%
---------------------------------------------------------------------------------------------------------------------------------------
----------------------------------------------Prefetcher (Full Simulation i.e. No Warmup)----------------------------------------------
Num Trainings :11765054
Num Prefetches generated :1081309
Num Prefetches issued :1739909
Num Prefetches filtered by PF queue :31814
Num untimely prefetches dropped from PF queue :2249
Num prefetches not issued LDST contention :660849
Num prefetches not issued stride 0 :2663696
---------------------------------------------------------------------------------------------------------------------------------------

-------------------------------ILP LIMIT STUDY (Full Simulation i.e. Counts Not Reset When Warmup Ends)--------------------------------
instructions = 40000048
cycles       = 13800694
CycWP        = 4338503
IPC          = 2.8984

---------------------------------------------------------------------------------------------------------------------------------------

-----------------------------------------------BRANCH PREDICTION MEASUREMENTS (Full Simulation i.e. Counts Not Reset When Warmup Ends)----------------------------------------------
Type                   NumBr     MispBr        mr     mpki
CondDirect          5944145     178223   2.9983%   4.4556
JumpDirect          1306666          0   0.0000%   0.0000
JumpIndirect         187434          0   0.0000%   0.0000
JumpReturn           730341          0   0.0000%   0.0000
Not control        37609587          0   0.0000%   0.0000
------------------------------------------------------------------------------------------------------------------------------------------------------------------------------------

------------------------------------------------------DIRECT CONDITIONAL BRANCH PREDICTION MEASUREMENTS (Last 10M instructions)-----------------------------------------------------
       Instr       Cycles      IPC      NumBr     MispBr BrPerCyc MispBrPerCyc        MR     MPKI      CycWP   CycWPAvg   CycWPPKI
    10000048      2879257   3.4731    1519822      34260   0.5279       0.0119   2.2542%   3.4260     797974    23.2917    79.7970
------------------------------------------------------------------------------------------------------------------------------------------------------------------------------------

------------------------------------------------------DIRECT CONDITIONAL BRANCH PREDICTION MEASUREMENTS (Last 25M instructions)-----------------------------------------------------
       Instr       Cycles      IPC      NumBr     MispBr BrPerCyc MispBrPerCyc        MR     MPKI      CycWP   CycWPAvg   CycWPPKI
    25000048      6966456   3.5886    3838854      96793   0.5510       0.0139   2.5214%   3.8717    2339514    24.1703    93.5804
-------------------------------------------------------------------------------------------------------------------------------------------------------------------------------------

---------------------------------------------------------DIRECT CONDITIONAL BRANCH PREDICTION MEASUREMENTS (50 Perc instructions)---------------------------------------------------
       Instr       Cycles      IPC      NumBr     MispBr BrPerCyc MispBrPerCyc        MR     MPKI      CycWP   CycWPAvg   CycWPPKI
    20000048      5663976   3.5311    3000751      74924   0.5298       0.0132   2.4968%   3.7462    1789610    23.8857    89.4803
------------------------------------------------------------------------------------------------------------------------------------------------------------------------------------

-------------------------------------DIRECT CONDITIONAL BRANCH PREDICTION MEASUREMENTS (Full Simulation i.e. Counts Not Reset When Warmup Ends)-------------------------------------
       Instr       Cycles      IPC      NumBr     MispBr BrPerCyc MispBrPerCyc        MR     MPKI      CycWP   CycWPAvg   CycWPPKI
    40000048     13800694   2.8984    5944145     178223   0.4307       0.0129   2.9983%   4.4556    4338503    24.3431   108.4624
------------------------------------------------------------------------------------------------------------------------------------------------------------------------------------
 Read 40000048 instrs 
G_PERCEP PC=0xFFFFF31D4E3C, theta= 320, max bias=  14, baseline_comp=  0, stable_cnt=  0, grace_period=505, time_alive=13379
G_PERCEP PC=0xFFFFF34403F8, theta= 312, max bias=  24, baseline_comp=  0, stable_cnt=  3, grace_period=511, time_alive=841
G_PERCEP PC=0xFFFFF342976C, theta= 320, max bias=  27, baseline_comp=  0, stable_cnt=  6, grace_period=511, time_alive=316
G_PERCEP PC=0xFFFFF336930C, theta= 312, max bias=  39, baseline_comp=  5, stable_cnt=  0, grace_period=511, time_alive=425
G_PERCEP PC=0xFFFFF33B88A4, theta= 312, max bias=   6, baseline_comp=  4, stable_cnt=  0, grace_period=511, time_alive=455
G_PERCEP PC=0xFFFFF34403E8, theta= 312, max bias=  17, baseline_comp=  2, stable_cnt=  0, grace_period=511, time_alive=840
G_PERCEP PC=0xFFFFF33B8FC0, theta= 312, max bias=  23, baseline_comp=  2, stable_cnt=  0, grace_period=511, time_alive=454
G_PERCEP PC=0xFFFFF33B88C0, theta= 320, max bias=  28, baseline_comp=  0, stable_cnt= 12, grace_period=511, time_alive=519
G_PERCEP PC=0xFFFFF33B8750, theta= 312, max bias=  24, baseline_comp=  2, stable_cnt=  0, grace_period=511, time_alive=457
G_PERCEP PC=0xFFFFF33B8164, theta= 312, max bias=   4, baseline_comp=  2, stable_cnt=  0, grace_period=511, time_alive=568
G_PERCEP PC=0xFFFFF3242E60, theta= 304, max bias=  18, baseline_comp=  0, stable_cnt= 56, grace_period=511, time_alive=  0
G_PERCEP PC=0xFFFFF3242DE8, theta= 320, max bias=  46, baseline_comp=  9, stable_cnt=  0, grace_period=511, time_alive=  1
G_PERCEP PC=0xFFFFF0CF8128, theta= 312, max bias=  19, baseline_comp=  0, stable_cnt= 10, grace_period=511, time_alive= 51
G_PERCEP PC=0xFFFFF33693D0, theta= 304, max bias=  74, baseline_comp=  0, stable_cnt= 41, grace_period=511, time_alive=378
G_PERCEP PC=0xFFFFF33FF20C, theta= 312, max bias=   4, baseline_comp=  2, stable_cnt=  0, grace_period=511, time_alive=456
G_PERCEP PC=0xFFFFF3237B5C, theta= 304, max bias=   9, baseline_comp=  3, stable_cnt=  0, grace_period=511, time_alive=367
L_PERCEP PC=0xFFFFF3046AA8, theta= 261, max bias=  35, baseline_comp=  0, stable_cnt= 55, grace_period=511, time_alive=1151
L_PERCEP PC=0xFFFFF302C8B4, theta= 261, max bias=  19, baseline_comp=  0, stable_cnt= 55, grace_period=511, time_alive=940
L_PERCEP PC=0xFFFFF3418124, theta= 253, max bias=  30, baseline_comp=  3, stable_cnt=  0, grace_period=511, time_alive=3417
L_PERCEP PC=0xFFFFF33B8CAC, theta= 261, max bias=  31, baseline_comp=  2, stable_cnt=  0, grace_period=511, time_alive=4116
L_PERCEP PC=0xFFFFF3038FE4, theta= 261, max bias=  38, baseline_comp=  2, stable_cnt=  0, grace_period=511, time_alive=142
L_PERCEP PC=0xFFFFF3242F50, theta= 261, max bias=  16, baseline_comp=  0, stable_cnt=  0, grace_period=308, time_alive= 17
L_PERCEP PC=0xFFFFF3065044, theta= 261, max bias=   7, baseline_comp=  3, stable_cnt=  0, grace_period=511, time_alive=679
L_PERCEP PC=0xFFFFF30181C8, theta= 229, max bias=  24, baseline_comp=  7, stable_cnt=  0, grace_period=511, time_alive= 25
L_PERCEP PC=0xFFFFF342976C, theta= 245, max bias=  36, baseline_comp=  3, stable_cnt=  0, grace_period=511, time_alive=3279
L_PERCEP PC=0xFFFFF3074548, theta= 221, max bias=  15, baseline_comp= 58, stable_cnt=  0, grace_period=511, time_alive=742
L_PERCEP PC=0xFFFFF31D4E3C, theta= 261, max bias=  30, baseline_comp=  0, stable_cnt=  6, grace_period=511, time_alive=35622
L_PERCEP PC=0xFFFFF3044D60, theta= 261, max bias=  13, baseline_comp=  0, stable_cnt= 18, grace_period=511, time_alive=1544
L_PERCEP PC=0xFFFFF31D81F4, theta= 237, max bias=  31, baseline_comp=  8, stable_cnt=  0, grace_period=511, time_alive=34554
L_PERCEP PC=0xFFFFF34403F8, theta= 261, max bias=  24, baseline_comp=  2, stable_cnt=  0, grace_period=511, time_alive=3989
L_PERCEP PC=0xFFFFF33B8750, theta= 261, max bias=  33, baseline_comp=  1, stable_cnt=  0, grace_period=511, time_alive=3490
L_PERCEP PC=0xFFFFF336930C, theta= 245, max bias=   4, baseline_comp=  1, stable_cnt=  0, grace_period=511, time_alive=3388
L_PERCEP PC=0xFFFFF33B88A4, theta= 253, max bias=   5, baseline_comp=  4, stable_cnt=  0, grace_period=511, time_alive=3488
L_PERCEP PC=0xFFFFF33B88C0, theta= 205, max bias=  33, baseline_comp= 63, stable_cnt=  2, grace_period=511, time_alive=3552
L_PERCEP PC=0xFFFFF33FF20C, theta= 253, max bias=  21, baseline_comp=  0, stable_cnt=  3, grace_period=511, time_alive=3489
L_PERCEP PC=0xFFFFF347E40C, theta= 261, max bias=  15, baseline_comp=  0, stable_cnt=  0, grace_period=157, time_alive=3918
L_PERCEP PC=0xFFFFF34403E8, theta= 253, max bias=  11, baseline_comp=  0, stable_cnt= 13, grace_period=511, time_alive=3988
L_PERCEP PC=0xFFFFF3237B5C, theta= 261, max bias=   8, baseline_comp=  1, stable_cnt=  8, grace_period=511, time_alive=3330
L_PERCEP PC=0xFFFFF3242E60, theta= 245, max bias=  44, baseline_comp=  0, stable_cnt= 30, grace_period=511, time_alive= 10
L_PERCEP PC=0xFFFFF3110B5C, theta= 253, max bias=  28, baseline_comp=  1, stable_cnt=  1, grace_period=511, time_alive=34026
L_PERCEP PC=0xFFFFF33B8FC0, theta= 261, max bias=  31, baseline_comp=  2, stable_cnt=  0, grace_period=511, time_alive=3487
L_PERCEP PC=0xFFFFF33B8164, theta= 261, max bias=  18, baseline_comp=  1, stable_cnt=  2, grace_period=511, time_alive=3601
L_PERCEP PC=0xFFFFF3242DE8, theta= 229, max bias=  13, baseline_comp=  0, stable_cnt= 31, grace_period=511, time_alive= 11
L_PERCEP PC=0xFFFFF334AA24, theta= 261, max bias=  10, baseline_comp=  6, stable_cnt=  0, grace_period=511, time_alive=3458
L_PERCEP PC=0xFFFFD48EB784, theta= 261, max bias=  12, baseline_comp=  0, stable_cnt=  0, grace_period=101, time_alive=  0
L_PERCEP PC=0xFFFFF30401AC, theta= 261, max bias=   6, baseline_comp=  0, stable_cnt=  0, grace_period= 12, time_alive=58979
L_PERCEP PC=0xFFFFF0CF8128, theta= 261, max bias=  31, baseline_comp=  0, stable_cnt=239, grace_period=511, time_alive=578
L_PERCEP PC=0xFFFFF33693D0, theta= 221, max bias=   9, baseline_comp=  0, stable_cnt= 38, grace_period=511, time_alive=3341

ExecTime = 383.7991008758545
