CMD:./cbp traces/int/int_23_trace.gz
G_PERCEP PC=0x0047AC18, theta= 320, max bias=  12, baseline_comp=  0, stable_cnt=255, grace_period=511, time_alive=  0
G_PERCEP PC=0x0047AC68, theta= 320, max bias=  21, baseline_comp=  0, stable_cnt=255, grace_period=511, time_alive=  0
L_PERCEP PC=0x0047AC68, theta= 261, max bias=  28, baseline_comp=  0, stable_cnt=255, grace_period=511, time_alive=  0
L_PERCEP PC=0x0047AC6C, theta= 261, max bias=  17, baseline_comp=  0, stable_cnt=255, grace_period=511, time_alive=  0
G_PERCEP PC=0x0047AC6C, theta= 320, max bias=  11, baseline_comp=  0, stable_cnt=255, grace_period=511, time_alive=  0
G_PERCEP PC=0x0047AC48, theta= 376, max bias=  40, baseline_comp=  0, stable_cnt=255, grace_period=511, time_alive=  0
G_PERCEP PC=0x0047AF94, theta= 320, max bias=  20, baseline_comp=  0, stable_cnt=255, grace_period=511, time_alive=  0
5000000 instrs 
L_PERCEP PC=0x0047AF90, theta= 261, max bias=  19, baseline_comp=  0, stable_cnt=255, grace_period=511, time_alive=  0
G_PERCEP PC=0x0047AF90, theta= 320, max bias=  28, baseline_comp=  0, stable_cnt=255, grace_period=511, time_alive=  0
G_PERCEP PC=0x0047AC68, theta= 320, max bias=  15, baseline_comp=  0, stable_cnt=255, grace_period=511, time_alive=  0
L_PERCEP PC=0x0047AC68, theta= 261, max bias=  16, baseline_comp=  0, stable_cnt=255, grace_period=511, time_alive=  0
L_PERCEP PC=0x0047AC2C, theta= 261, max bias=   3, baseline_comp=  0, stable_cnt=255, grace_period=511, time_alive=  0
G_PERCEP PC=0x0047AC2C, theta= 320, max bias=  17, baseline_comp=  0, stable_cnt=255, grace_period=511, time_alive=  0
G_PERCEP PC=0x0040FC8C, theta= 320, max bias=  15, baseline_comp=  0, stable_cnt=255, grace_period=511, time_alive=  0
L_PERCEP PC=0x0047AC68, theta= 261, max bias=   6, baseline_comp=  0, stable_cnt=255, grace_period=511, time_alive=  0
G_PERCEP PC=0x0047AC68, theta= 320, max bias=  15, baseline_comp=  0, stable_cnt=255, grace_period=511, time_alive=  0
L_PERCEP PC=0x0047AC6C, theta= 261, max bias=  22, baseline_comp=  0, stable_cnt=255, grace_period=511, time_alive=  0
G_PERCEP PC=0x0047AC6C, theta= 320, max bias=  17, baseline_comp=  0, stable_cnt=255, grace_period=511, time_alive=  0
10000000 instrs 
L_PERCEP PC=0x0047AC68, theta= 261, max bias=   1, baseline_comp=  0, stable_cnt=255, grace_period=511, time_alive=  0
G_PERCEP PC=0x0047AC68, theta= 320, max bias=  10, baseline_comp=  0, stable_cnt=255, grace_period=511, time_alive=  0
G_PERCEP PC=0x0047AF90, theta= 320, max bias=  24, baseline_comp=  0, stable_cnt=255, grace_period=511, time_alive=  0
L_PERCEP PC=0x0047AF90, theta= 261, max bias=  11, baseline_comp=  0, stable_cnt=255, grace_period=511, time_alive=  0
G_PERCEP PC=0x0040D404, theta= 320, max bias=  16, baseline_comp=  0, stable_cnt=255, grace_period=511, time_alive=  0
L_PERCEP PC=0x0040FC8C, theta= 253, max bias=  33, baseline_comp=  0, stable_cnt=255, grace_period=511, time_alive=  0
L_PERCEP PC=0x0047AC68, theta= 261, max bias=   2, baseline_comp=  0, stable_cnt=255, grace_period=511, time_alive=  0
G_PERCEP PC=0x0047AC68, theta= 320, max bias=  12, baseline_comp=  0, stable_cnt=255, grace_period=511, time_alive=  0
L_PERCEP PC=0x0047AC6C, theta= 261, max bias=  23, baseline_comp=  0, stable_cnt=255, grace_period=511, time_alive=  0
G_PERCEP PC=0x0047AC6C, theta= 320, max bias=  14, baseline_comp=  0, stable_cnt=255, grace_period=511, time_alive=  0
L_PERCEP PC=0x0047AC2C, theta= 261, max bias=   4, baseline_comp=  0, stable_cnt=255, grace_period=511, time_alive=  0
G_PERCEP PC=0x0047AC2C, theta= 320, max bias=  21, baseline_comp=  0, stable_cnt=255, grace_period=511, time_alive=  0
15000000 instrs 
L_PERCEP PC=0x0047AF94, theta= 205, max bias=  43, baseline_comp=  0, stable_cnt=255, grace_period=511, time_alive=  0
L_PERCEP PC=0x0047AC68, theta= 261, max bias=   1, baseline_comp=  0, stable_cnt=255, grace_period=511, time_alive=  0
G_PERCEP PC=0x0047AC68, theta= 320, max bias=  13, baseline_comp=  0, stable_cnt=255, grace_period=511, time_alive=  0
L_PERCEP PC=0x00582E5C, theta= 261, max bias=  23, baseline_comp=  0, stable_cnt=255, grace_period=511, time_alive=  0
G_PERCEP PC=0x00582E5C, theta= 320, max bias=  10, baseline_comp=  0, stable_cnt=255, grace_period=511, time_alive=  0
L_PERCEP PC=0x0047AF90, theta= 261, max bias=  14, baseline_comp=  0, stable_cnt=255, grace_period=511, time_alive=  0
G_PERCEP PC=0x0047AF90, theta= 320, max bias=  23, baseline_comp=  0, stable_cnt=255, grace_period=511, time_alive=  0
L_PERCEP PC=0x0047AC68, theta= 261, max bias=   1, baseline_comp=  0, stable_cnt=255, grace_period=511, time_alive=  0
G_PERCEP PC=0x0047AC68, theta= 320, max bias=  17, baseline_comp=  0, stable_cnt=255, grace_period=511, time_alive=  0
L_PERCEP PC=0x0047AF94, theta= 261, max bias=  20, baseline_comp=  0, stable_cnt=255, grace_period=511, time_alive=  0
L_PERCEP PC=0x00581754, theta= 261, max bias=  48, baseline_comp=  0, stable_cnt=255, grace_period=511, time_alive=  0
L_PERCEP PC=0x0047AC6C, theta= 261, max bias=   7, baseline_comp=  0, stable_cnt=255, grace_period=511, time_alive=  0
G_PERCEP PC=0x0047AC6C, theta= 320, max bias=  14, baseline_comp=  0, stable_cnt=255, grace_period=511, time_alive=  0
L_PERCEP PC=0x0047AC68, theta= 261, max bias=   3, baseline_comp=  0, stable_cnt=255, grace_period=511, time_alive=  0
G_PERCEP PC=0x0047AC68, theta= 320, max bias=  12, baseline_comp=  0, stable_cnt=255, grace_period=511, time_alive=  0
L_PERCEP PC=0x0040D404, theta= 253, max bias=  21, baseline_comp=  0, stable_cnt=255, grace_period=511, time_alive=  0
20000000 instrs 
G_PERCEP PC=0x0040FC8C, theta= 320, max bias=  16, baseline_comp=  0, stable_cnt=255, grace_period=511, time_alive=  0
G_PERCEP PC=0x00581754, theta= 320, max bias=  16, baseline_comp=  0, stable_cnt=255, grace_period=511, time_alive=  0
L_PERCEP PC=0x0047AC68, theta= 261, max bias=   2, baseline_comp=  0, stable_cnt=255, grace_period=511, time_alive=  0
G_PERCEP PC=0x0047AC68, theta= 320, max bias=  14, baseline_comp=  0, stable_cnt=255, grace_period=511, time_alive=  0
L_PERCEP PC=0x0047AC18, theta= 253, max bias=  59, baseline_comp=  0, stable_cnt=255, grace_period=511, time_alive=  0
L_PERCEP PC=0x00474690, theta= 261, max bias=  31, baseline_comp=  0, stable_cnt=255, grace_period=511, time_alive=  0
G_PERCEP PC=0x00474690, theta= 312, max bias=  18, baseline_comp=  0, stable_cnt=255, grace_period=511, time_alive=  0
G_PERCEP PC=0x0047AF94, theta= 336, max bias=  30, baseline_comp=  0, stable_cnt=255, grace_period=511, time_alive=  0
G_PERCEP PC=0x0047AF90, theta= 320, max bias=  22, baseline_comp=  0, stable_cnt=255, grace_period=511, time_alive=  0
L_PERCEP PC=0x0047AC6C, theta= 261, max bias=   5, baseline_comp=  0, stable_cnt=255, grace_period=511, time_alive=  0
G_PERCEP PC=0x0047AC6C, theta= 320, max bias=  15, baseline_comp=  0, stable_cnt=255, grace_period=511, time_alive=  0
L_PERCEP PC=0x0047AC2C, theta= 261, max bias=   0, baseline_comp=  0, stable_cnt=255, grace_period=511, time_alive=  0
G_PERCEP PC=0x0047AC2C, theta= 320, max bias=  18, baseline_comp=  0, stable_cnt=255, grace_period=511, time_alive=  0
L_PERCEP PC=0x0047AF90, theta= 261, max bias=  12, baseline_comp=  0, stable_cnt=255, grace_period=511, time_alive=  0
L_PERCEP PC=0x0047AC68, theta= 261, max bias=   5, baseline_comp=  0, stable_cnt=255, grace_period=511, time_alive=  0
G_PERCEP PC=0x0047AC68, theta= 320, max bias=  13, baseline_comp=  0, stable_cnt=255, grace_period=511, time_alive=  0
G_PERCEP PC=0x0047AC18, theta= 320, max bias=  15, baseline_comp=  0, stable_cnt=255, grace_period=511, time_alive=  0
25000000 instrs 
L_PERCEP PC=0x0047AC48, theta= 325, max bias=  52, baseline_comp=  0, stable_cnt=255, grace_period=511, time_alive=  0
L_PERCEP PC=0x0047AC68, theta= 261, max bias=   4, baseline_comp=  0, stable_cnt=255, grace_period=511, time_alive=  0
G_PERCEP PC=0x0047AC68, theta= 320, max bias=  10, baseline_comp=  0, stable_cnt=255, grace_period=511, time_alive=  0
G_PERCEP PC=0x0047AF94, theta= 320, max bias=  21, baseline_comp=  0, stable_cnt=255, grace_period=511, time_alive=  0
L_PERCEP PC=0x0047AC68, theta= 261, max bias=   1, baseline_comp=  0, stable_cnt=255, grace_period=511, time_alive=  0
G_PERCEP PC=0x0047AC68, theta= 320, max bias=  12, baseline_comp=  0, stable_cnt=255, grace_period=511, time_alive=  0
L_PERCEP PC=0x0047AC6C, theta= 261, max bias=   5, baseline_comp=  0, stable_cnt=255, grace_period=511, time_alive=  0
G_PERCEP PC=0x0047AC6C, theta= 320, max bias=  14, baseline_comp=  0, stable_cnt=255, grace_period=511, time_alive=  0
L_PERCEP PC=0x0047AF90, theta= 261, max bias=  12, baseline_comp=  0, stable_cnt=255, grace_period=511, time_alive=  0
30000000 instrs 
G_PERCEP PC=0x0047AF90, theta= 320, max bias=  26, baseline_comp=  0, stable_cnt=255, grace_period=511, time_alive=  0
L_PERCEP PC=0x0047AC68, theta= 261, max bias=   6, baseline_comp=  0, stable_cnt=255, grace_period=511, time_alive=  0
G_PERCEP PC=0x0047AC68, theta= 320, max bias=  14, baseline_comp=  0, stable_cnt=255, grace_period=511, time_alive=  0
L_PERCEP PC=0x0047AC2C, theta= 261, max bias=   5, baseline_comp=  0, stable_cnt=255, grace_period=511, time_alive=  0
G_PERCEP PC=0x0047AC2C, theta= 320, max bias=  20, baseline_comp=  0, stable_cnt=255, grace_period=511, time_alive=  0
L_PERCEP PC=0x0047AC48, theta= 341, max bias=  31, baseline_comp=  0, stable_cnt=255, grace_period=511, time_alive=  0
L_PERCEP PC=0x0047AC68, theta= 261, max bias=  10, baseline_comp=  0, stable_cnt=255, grace_period=511, time_alive=  0
G_PERCEP PC=0x0047AC68, theta= 320, max bias=  14, baseline_comp=  0, stable_cnt=255, grace_period=511, time_alive=  0
L_PERCEP PC=0x0047AC6C, theta= 261, max bias=   5, baseline_comp=  0, stable_cnt=255, grace_period=511, time_alive=  0
G_PERCEP PC=0x0047AC6C, theta= 320, max bias=  15, baseline_comp=  0, stable_cnt=255, grace_period=511, time_alive=  0
L_PERCEP PC=0x00581778, theta= 261, max bias=  41, baseline_comp=  0, stable_cnt=255, grace_period=511, time_alive=  0
G_PERCEP PC=0x00581778, theta= 312, max bias=  18, baseline_comp=  0, stable_cnt=255, grace_period=511, time_alive=  0
L_PERCEP PC=0x0047AC68, theta= 261, max bias=   1, baseline_comp=  0, stable_cnt=255, grace_period=511, time_alive=  0
G_PERCEP PC=0x0047AC68, theta= 320, max bias=  10, baseline_comp=  0, stable_cnt=255, grace_period=511, time_alive=  0
35000000 instrs 
L_PERCEP PC=0x0047AF90, theta= 261, max bias=   8, baseline_comp=  0, stable_cnt=255, grace_period=511, time_alive=  0
G_PERCEP PC=0x0047AF90, theta= 320, max bias=  27, baseline_comp=  0, stable_cnt=255, grace_period=511, time_alive=  0
L_PERCEP PC=0x0047AC68, theta= 261, max bias=  10, baseline_comp=  0, stable_cnt=255, grace_period=511, time_alive=  0
G_PERCEP PC=0x0047AC68, theta= 320, max bias=  18, baseline_comp=  0, stable_cnt=255, grace_period=511, time_alive=  0
L_PERCEP PC=0x0047AC2C, theta= 261, max bias=   2, baseline_comp=  0, stable_cnt=255, grace_period=511, time_alive=  0
G_PERCEP PC=0x0047AC2C, theta= 320, max bias=  15, baseline_comp=  0, stable_cnt=255, grace_period=511, time_alive=  0
L_PERCEP PC=0x0047AC6C, theta= 261, max bias=   3, baseline_comp=  0, stable_cnt=255, grace_period=511, time_alive=  0
G_PERCEP PC=0x0047AC6C, theta= 320, max bias=  14, baseline_comp=  0, stable_cnt=255, grace_period=511, time_alive=  0
L_PERCEP PC=0x0047AC68, theta= 261, max bias=  10, baseline_comp=  0, stable_cnt=255, grace_period=511, time_alive=  0
G_PERCEP PC=0x0047AC68, theta= 320, max bias=   9, baseline_comp=  0, stable_cnt=255, grace_period=511, time_alive=  0
L_PERCEP PC=0x00582E5C, theta= 261, max bias=  13, baseline_comp=  0, stable_cnt=255, grace_period=511, time_alive=  0
G_PERCEP PC=0x00582E5C, theta= 320, max bias=  15, baseline_comp=  0, stable_cnt=255, grace_period=511, time_alive=  0
40000000 instrs 
EOF
======== Predictor Memory ========
TAGE-SC-L (bits) = 1305275
TAGE-SC-L (KBytes) = 159.335327
H2P_ID_MEM_BITS = 19456
H2P_ID_MEM (KBytes) = 2.375000
L_PERCEP_MEM_BITS = 176320
L_PERCEP_MEM (KBytes) = 21.523438
G_PERCEP_MEM_BITS = 33184
G_PERCEP_MEM (KBytes) = 4.050781
Total Memory (bits) = 1534235
Total Memory (KBytes) = 187.284546
======== Runtime Statistics ========
COL h2p_insert_cnt = 57
COL h2p_with_tage = 5150678
COL h2p_with_lhist_percep = 160547
COL h2p_with_ghist_percep = 213
COL filtered_updates = 967
COL lhist_percep_evictions = 48
COL ghist_percep_evictions = 50
COL lhist_percep_stale_evictions = 0
COL ghist_percep_stale_evictions = 0
======== End of Statistics ========
WINDOW_SIZE = 1024
FETCH_WIDTH = 16
FETCH_NUM_BRANCH = 16
FETCH_STOP_AT_INDIRECT = 1
FETCH_STOP_AT_TAKEN = 1
FETCH_MODEL_ICACHE = 1
PERFECT_BRANCH_PRED = 0
PERFECT_INDIRECT_PRED = 1
PIPELINE_FILL_LATENCY = 10
NUM_LDST_LANES = 8
NUM_ALU_LANES = 16
MEMORY HIERARCHY CONFIGURATION---------------------
STRIDE Prefetcher = 1
PERFECT_CACHE = 0
WRITE_ALLOCATE = 1
Within-pipeline factors:
	AGEN latency = 1 cycle
	Store Queue (SQ): SQ size = window size, oracle memory disambiguation, store-load forwarding = 1 cycle after store's or load's agen.
	* Note: A store searches the L1$ at commit. The store is released
	* from the SQ and window, whether it hits or misses. Store misses
	* are buffered until the block is allocated and the store is
	* performed in the L1$. While buffered, conflicting loads get
	* the store's data as they would from the SQ.
I$: 128 KB, 8-way set-assoc., 64B block size
L1$: 128 KB, 8-way set-assoc., 64B block size, 3-cycle search latency
L2$: 4 MB, 8-way set-assoc., 64B block size, 12-cycle search latency
L3$: 32 MB, 16-way set-assoc., 128B block size, 50-cycle search latency
Main Memory: 150-cycle fixed search time
---------------------------STORE QUEUE MEASUREMENTS (Full Simulation i.e. Counts Not Reset When Warmup Ends)---------------------------
Number of loads: 13412001
Number of loads that miss in SQ: 9392885 (70.03%)
Number of PFs issued to the memory system 1259648
---------------------------------------------------------------------------------------------------------------------------------------
------------------------MEMORY HIERARCHY MEASUREMENTS (Full Simulation i.e. Counts Not Reset When Warmup Ends)-------------------------
I$:
	accesses   = 45327774
	misses     = 692
	miss ratio = 0.00%
	pf accesses   = 0
	pf misses     = 0
	pf miss ratio = nan%
L1$:
	accesses   = 20431398
	misses     = 596619
	miss ratio = 2.92%
	pf accesses   = 1259648
	pf misses     = 85771
	pf miss ratio = 6.81%
L2$:
	accesses   = 597311
	misses     = 299484
	miss ratio = 50.14%
	pf accesses   = 85771
	pf misses     = 57462
	pf miss ratio = 66.99%
L3$:
	accesses   = 299484
	misses     = 174900
	miss ratio = 58.40%
	pf accesses   = 57462
	pf misses     = 35087
	pf miss ratio = 61.06%
---------------------------------------------------------------------------------------------------------------------------------------
----------------------------------------------Prefetcher (Full Simulation i.e. No Warmup)----------------------------------------------
Num Trainings :13412001
Num Prefetches generated :1260098
Num Prefetches issued :2324410
Num Prefetches filtered by PF queue :71374
Num untimely prefetches dropped from PF queue :450
Num prefetches not issued LDST contention :1064762
Num prefetches not issued stride 0 :4446311
---------------------------------------------------------------------------------------------------------------------------------------

-------------------------------ILP LIMIT STUDY (Full Simulation i.e. Counts Not Reset When Warmup Ends)--------------------------------
instructions = 40000052
cycles       = 18491018
CycWP        = 6369419
IPC          = 2.1632

---------------------------------------------------------------------------------------------------------------------------------------

-----------------------------------------------BRANCH PREDICTION MEASUREMENTS (Full Simulation i.e. Counts Not Reset When Warmup Ends)----------------------------------------------
Type                   NumBr     MispBr        mr     mpki
CondDirect          5329093     136992   2.5706%   3.4248
JumpDirect           791623          0   0.0000%   0.0000
JumpIndirect         678627          0   0.0000%   0.0000
JumpReturn           875670          0   0.0000%   0.0000
Not control        37652761          0   0.0000%   0.0000
------------------------------------------------------------------------------------------------------------------------------------------------------------------------------------

------------------------------------------------------DIRECT CONDITIONAL BRANCH PREDICTION MEASUREMENTS (Last 10M instructions)-----------------------------------------------------
       Instr       Cycles      IPC      NumBr     MispBr BrPerCyc MispBrPerCyc        MR     MPKI      CycWP   CycWPAvg   CycWPPKI
    10000052      4355779   2.2958    1331085      34072   0.3056       0.0078   2.5597%   3.4072    1401521    41.1341   140.1514
------------------------------------------------------------------------------------------------------------------------------------------------------------------------------------

------------------------------------------------------DIRECT CONDITIONAL BRANCH PREDICTION MEASUREMENTS (Last 25M instructions)-----------------------------------------------------
       Instr       Cycles      IPC      NumBr     MispBr BrPerCyc MispBrPerCyc        MR     MPKI      CycWP   CycWPAvg   CycWPPKI
    25000052     10874123   2.2990    3334473      83628   0.3066       0.0077   2.5080%   3.3451    3488930    41.7196   139.5569
-------------------------------------------------------------------------------------------------------------------------------------------------------------------------------------

---------------------------------------------------------DIRECT CONDITIONAL BRANCH PREDICTION MEASUREMENTS (50 Perc instructions)---------------------------------------------------
       Instr       Cycles      IPC      NumBr     MispBr BrPerCyc MispBrPerCyc        MR     MPKI      CycWP   CycWPAvg   CycWPPKI
    20000052      8588186   2.3288    2669216      66161   0.3108       0.0077   2.4787%   3.3080    2704048    40.8707   135.2020
------------------------------------------------------------------------------------------------------------------------------------------------------------------------------------

-------------------------------------DIRECT CONDITIONAL BRANCH PREDICTION MEASUREMENTS (Full Simulation i.e. Counts Not Reset When Warmup Ends)-------------------------------------
       Instr       Cycles      IPC      NumBr     MispBr BrPerCyc MispBrPerCyc        MR     MPKI      CycWP   CycWPAvg   CycWPPKI
    40000052     18491018   2.1632    5329093     136992   0.2882       0.0074   2.5706%   3.4248    6369419    46.4948   159.2353
------------------------------------------------------------------------------------------------------------------------------------------------------------------------------------
 Read 40000052 instrs 
G_PERCEP PC=0x0058222C, theta= 320, max bias=   7, baseline_comp=  0, stable_cnt=  0, grace_period=453, time_alive= 45
G_PERCEP PC=0x0058185C, theta= 320, max bias=  10, baseline_comp=  0, stable_cnt= 99, grace_period=511, time_alive=2400
G_PERCEP PC=0x00581754, theta= 320, max bias=  17, baseline_comp=  1, stable_cnt=  0, grace_period=511, time_alive= 47
G_PERCEP PC=0x0040D404, theta= 320, max bias=  12, baseline_comp=  0, stable_cnt=199, grace_period=511, time_alive= 20
G_PERCEP PC=0x0047AC48, theta= 432, max bias=  53, baseline_comp= 21, stable_cnt=  0, grace_period=511, time_alive=  1
G_PERCEP PC=0x0047AC98, theta= 328, max bias=  66, baseline_comp=  1, stable_cnt=  0, grace_period=511, time_alive=  0
G_PERCEP PC=0x0047ACC8, theta= 640, max bias=   7, baseline_comp=  1, stable_cnt=  0, grace_period=511, time_alive= 14
L_PERCEP PC=0x0040D404, theta= 261, max bias=   4, baseline_comp=  0, stable_cnt=204, grace_period=511, time_alive= 60
L_PERCEP PC=0x0058185C, theta= 261, max bias=  39, baseline_comp=  3, stable_cnt=  0, grace_period=511, time_alive=2486
L_PERCEP PC=0x00581754, theta= 261, max bias=  41, baseline_comp=  2, stable_cnt=  0, grace_period=511, time_alive=204
L_PERCEP PC=0x0058222C, theta= 261, max bias=   8, baseline_comp=  0, stable_cnt=  0, grace_period=453, time_alive=202
L_PERCEP PC=0x0047AF94, theta= 229, max bias=   7, baseline_comp=  5, stable_cnt=  0, grace_period=511, time_alive=  0
L_PERCEP PC=0x0047AC18, theta= 261, max bias=  26, baseline_comp= 39, stable_cnt=  0, grace_period=511, time_alive= 43
L_PERCEP PC=0x0047ACC8, theta= 525, max bias=  20, baseline_comp=  7, stable_cnt=  0, grace_period=511, time_alive= 55
L_PERCEP PC=0x0040FC8C, theta= 253, max bias=  26, baseline_comp= 12, stable_cnt=  0, grace_period=511, time_alive=  2
L_PERCEP PC=0x0047AC98, theta= 421, max bias=  41, baseline_comp=  0, stable_cnt= 10, grace_period=511, time_alive= 41

ExecTime = 366.95069003105164
