CMD:./cbp traces/int/int_10_trace.gz
L_PERCEP PC=0xFFFFF2100734, theta= 261, max bias=  15, baseline_comp=  0, stable_cnt=255, grace_period=511, time_alive=  0
G_PERCEP PC=0xFFFFF2100734, theta= 320, max bias=   9, baseline_comp=  0, stable_cnt=255, grace_period=511, time_alive=  0
G_PERCEP PC=0xFFFFF2100734, theta= 320, max bias=  12, baseline_comp=  0, stable_cnt=255, grace_period=511, time_alive=  0
L_PERCEP PC=0xFFFFF2100734, theta= 261, max bias=   6, baseline_comp=  0, stable_cnt=255, grace_period=511, time_alive=  0
L_PERCEP PC=0xFFFFF2100750, theta= 261, max bias=   7, baseline_comp=  0, stable_cnt=255, grace_period=511, time_alive=  0
G_PERCEP PC=0xFFFFF2100750, theta= 320, max bias=   9, baseline_comp=  0, stable_cnt=255, grace_period=511, time_alive=  0
5000000 instrs 
L_PERCEP PC=0xFFFFF2100734, theta= 261, max bias=  12, baseline_comp=  0, stable_cnt=255, grace_period=511, time_alive=  0
L_PERCEP PC=0xFFFFF2100750, theta= 261, max bias=   2, baseline_comp=  0, stable_cnt=255, grace_period=511, time_alive=  0
G_PERCEP PC=0xFFFFF2100750, theta= 320, max bias=  10, baseline_comp=  0, stable_cnt=255, grace_period=511, time_alive=  0
10000000 instrs 
15000000 instrs 
G_PERCEP PC=0xFFFFF1FC36E4, theta= 312, max bias=  33, baseline_comp=  0, stable_cnt=255, grace_period=511, time_alive=  0
20000000 instrs 
L_PERCEP PC=0xFFFFF1FC36E4, theta= 245, max bias=  18, baseline_comp=  0, stable_cnt=255, grace_period=511, time_alive=  0
L_PERCEP PC=0xFFFFF209CF48, theta= 261, max bias=  12, baseline_comp=  0, stable_cnt=255, grace_period=511, time_alive=  0
G_PERCEP PC=0xFFFFF209CF48, theta= 320, max bias=   4, baseline_comp=  0, stable_cnt=255, grace_period=511, time_alive=  0
L_PERCEP PC=0xFFFFF2100750, theta= 261, max bias=   4, baseline_comp=  0, stable_cnt=255, grace_period=511, time_alive=  0
G_PERCEP PC=0xFFFFF2100750, theta= 320, max bias=   9, baseline_comp=  0, stable_cnt=255, grace_period=511, time_alive=  0
G_PERCEP PC=0xFFFFF20216FC, theta= 320, max bias=   2, baseline_comp=  0, stable_cnt=255, grace_period=511, time_alive=  0
25000000 instrs 
L_PERCEP PC=0xFFFFF2045338, theta= 253, max bias=  31, baseline_comp=  0, stable_cnt=255, grace_period=511, time_alive=  0
L_PERCEP PC=0xFFFFF20216FC, theta= 253, max bias=  26, baseline_comp=  0, stable_cnt=255, grace_period=511, time_alive=  0
G_PERCEP PC=0xFFFFF2100734, theta= 312, max bias=  14, baseline_comp=  0, stable_cnt=255, grace_period=511, time_alive=  0
G_PERCEP PC=0xFFFFF1FC545C, theta= 320, max bias=   1, baseline_comp=  0, stable_cnt=255, grace_period=511, time_alive=  0
L_PERCEP PC=0xFFFFF1FC545C, theta= 261, max bias=  17, baseline_comp=  0, stable_cnt=255, grace_period=511, time_alive=  0
30000000 instrs 
L_PERCEP PC=0xFFFFF1FDE8C0, theta= 261, max bias=  17, baseline_comp=  0, stable_cnt=255, grace_period=511, time_alive=  0
G_PERCEP PC=0xFFFFF1FDE8C0, theta= 320, max bias=  11, baseline_comp=  0, stable_cnt=255, grace_period=511, time_alive=  0
L_PERCEP PC=0xFFFFF2100750, theta= 261, max bias=   7, baseline_comp=  0, stable_cnt=255, grace_period=511, time_alive=  0
G_PERCEP PC=0xFFFFF2100750, theta= 320, max bias=   8, baseline_comp=  0, stable_cnt=255, grace_period=511, time_alive=  0
L_PERCEP PC=0xFFFFF2100734, theta= 261, max bias=  19, baseline_comp=  0, stable_cnt=255, grace_period=511, time_alive=  0
35000000 instrs 
L_PERCEP PC=0xFFFFF20518B0, theta= 261, max bias=  20, baseline_comp=  0, stable_cnt=255, grace_period=511, time_alive=  0
L_PERCEP PC=0xFFFFF2045368, theta= 261, max bias=  37, baseline_comp=  0, stable_cnt=255, grace_period=511, time_alive=  0
G_PERCEP PC=0xFFFFF2045368, theta= 320, max bias=   3, baseline_comp=  0, stable_cnt=255, grace_period=511, time_alive=  0
G_PERCEP PC=0xFFFFF2100734, theta= 320, max bias=  16, baseline_comp=  0, stable_cnt=255, grace_period=511, time_alive=  0
L_PERCEP PC=0xFFFFF2100750, theta= 261, max bias=  11, baseline_comp=  0, stable_cnt=255, grace_period=511, time_alive=  0
G_PERCEP PC=0xFFFFF2100750, theta= 320, max bias=  10, baseline_comp=  0, stable_cnt=255, grace_period=511, time_alive=  0
L_PERCEP PC=0xFFFFF2100734, theta= 261, max bias=   4, baseline_comp=  0, stable_cnt=255, grace_period=511, time_alive=  0
G_PERCEP PC=0xFFFFF2100734, theta= 320, max bias=  11, baseline_comp=  0, stable_cnt=255, grace_period=511, time_alive=  0
L_PERCEP PC=0xFFFFF2021694, theta= 261, max bias=  30, baseline_comp=  0, stable_cnt=255, grace_period=511, time_alive=  0
G_PERCEP PC=0xFFFFF2021694, theta= 320, max bias=   9, baseline_comp=  0, stable_cnt=255, grace_period=511, time_alive=  0
40000000 instrs 
G_PERCEP PC=0xFFFFF2100734, theta= 320, max bias=   9, baseline_comp=  0, stable_cnt=255, grace_period=511, time_alive=  0
G_PERCEP PC=0xFFFFF2003D54, theta= 320, max bias=  15, baseline_comp=  0, stable_cnt=255, grace_period=511, time_alive=  0
L_PERCEP PC=0xFFFFF2003D54, theta= 261, max bias=  22, baseline_comp=  0, stable_cnt=255, grace_period=511, time_alive=  0
45000000 instrs 
G_PERCEP PC=0xFFFFF2100750, theta= 320, max bias=  13, baseline_comp=  0, stable_cnt=255, grace_period=511, time_alive=  0
L_PERCEP PC=0xFFFFF2100750, theta= 261, max bias=  17, baseline_comp=  0, stable_cnt=255, grace_period=511, time_alive=  0
L_PERCEP PC=0xFFFFF1FDD404, theta= 261, max bias=   3, baseline_comp=  0, stable_cnt=255, grace_period=511, time_alive=  0
G_PERCEP PC=0xFFFFF1FDD404, theta= 320, max bias=  13, baseline_comp=  0, stable_cnt=255, grace_period=511, time_alive=  0
L_PERCEP PC=0xFFFFF2100750, theta= 261, max bias=   3, baseline_comp=  0, stable_cnt=255, grace_period=511, time_alive=  0
G_PERCEP PC=0xFFFFF2100750, theta= 320, max bias=  10, baseline_comp=  0, stable_cnt=255, grace_period=511, time_alive=  0
50000000 instrs 
L_PERCEP PC=0xFFFFF1FC3688, theta= 261, max bias=  15, baseline_comp=  0, stable_cnt=255, grace_period=511, time_alive=  0
G_PERCEP PC=0xFFFFF1FC3688, theta= 320, max bias=  21, baseline_comp=  0, stable_cnt=255, grace_period=511, time_alive=  0
L_PERCEP PC=0xFFFFF1FC36E4, theta= 261, max bias=  19, baseline_comp=  0, stable_cnt=255, grace_period=511, time_alive=  0
G_PERCEP PC=0xFFFFF1FC36E4, theta= 320, max bias=  27, baseline_comp=  0, stable_cnt=255, grace_period=511, time_alive=  0
G_PERCEP PC=0xFFFFF20518B0, theta= 320, max bias=   3, baseline_comp=  0, stable_cnt=255, grace_period=511, time_alive=  0
G_PERCEP PC=0xFFFFF2045338, theta= 344, max bias=  14, baseline_comp=  0, stable_cnt=255, grace_period=511, time_alive=  0
L_PERCEP PC=0xFFFFF2051744, theta= 253, max bias=  23, baseline_comp=  0, stable_cnt=255, grace_period=511, time_alive=  0
G_PERCEP PC=0xFFFFF2051744, theta= 320, max bias=  10, baseline_comp=  0, stable_cnt=255, grace_period=511, time_alive=  0
55000000 instrs 
L_PERCEP PC=0xFFFFF1FFE8B4, theta= 261, max bias=   1, baseline_comp=  0, stable_cnt=255, grace_period=511, time_alive=  0
G_PERCEP PC=0xFFFFF1FFE8B4, theta= 320, max bias=  11, baseline_comp=  0, stable_cnt=255, grace_period=511, time_alive=  0
L_PERCEP PC=0xFFFFF20216FC, theta= 261, max bias=  14, baseline_comp=  0, stable_cnt=255, grace_period=511, time_alive=  0
G_PERCEP PC=0xFFFFF20216FC, theta= 320, max bias=   7, baseline_comp=  0, stable_cnt=255, grace_period=511, time_alive=  0
L_PERCEP PC=0xFFFFF2100734, theta= 261, max bias=   7, baseline_comp=  0, stable_cnt=255, grace_period=511, time_alive=  0
L_PERCEP PC=0xFFFFF2100750, theta= 261, max bias=   9, baseline_comp=  0, stable_cnt=255, grace_period=511, time_alive=  0
G_PERCEP PC=0xFFFFF2100750, theta= 320, max bias=  11, baseline_comp=  0, stable_cnt=255, grace_period=511, time_alive=  0
60000000 instrs 
EOF
======== Predictor Memory ========
TAGE-SC-L (bits) = 1305275
TAGE-SC-L (KBytes) = 159.335327
H2P_ID_MEM_BITS = 19456
H2P_ID_MEM (KBytes) = 2.375000
L_PERCEP_MEM_BITS = 176320
L_PERCEP_MEM (KBytes) = 21.523438
G_PERCEP_MEM_BITS = 33184
G_PERCEP_MEM (KBytes) = 4.050781
Total Memory (bits) = 1534235
Total Memory (KBytes) = 187.284546
======== Runtime Statistics ========
COL h2p_insert_cnt = 34
COL h2p_with_tage = 7012342
COL h2p_with_lhist_percep = 7817
COL h2p_with_ghist_percep = 0
COL filtered_updates = 0
COL lhist_percep_evictions = 30
COL ghist_percep_evictions = 30
COL lhist_percep_stale_evictions = 0
COL ghist_percep_stale_evictions = 0
======== End of Statistics ========
WINDOW_SIZE = 1024
FETCH_WIDTH = 16
FETCH_NUM_BRANCH = 16
FETCH_STOP_AT_INDIRECT = 1
FETCH_STOP_AT_TAKEN = 1
FETCH_MODEL_ICACHE = 1
PERFECT_BRANCH_PRED = 0
PERFECT_INDIRECT_PRED = 1
PIPELINE_FILL_LATENCY = 10
NUM_LDST_LANES = 8
NUM_ALU_LANES = 16
MEMORY HIERARCHY CONFIGURATION---------------------
STRIDE Prefetcher = 1
PERFECT_CACHE = 0
WRITE_ALLOCATE = 1
Within-pipeline factors:
	AGEN latency = 1 cycle
	Store Queue (SQ): SQ size = window size, oracle memory disambiguation, store-load forwarding = 1 cycle after store's or load's agen.
	* Note: A store searches the L1$ at commit. The store is released
	* from the SQ and window, whether it hits or misses. Store misses
	* are buffered until the block is allocated and the store is
	* performed in the L1$. While buffered, conflicting loads get
	* the store's data as they would from the SQ.
I$: 128 KB, 8-way set-assoc., 64B block size
L1$: 128 KB, 8-way set-assoc., 64B block size, 3-cycle search latency
L2$: 4 MB, 8-way set-assoc., 64B block size, 12-cycle search latency
L3$: 32 MB, 16-way set-assoc., 128B block size, 50-cycle search latency
Main Memory: 150-cycle fixed search time
---------------------------STORE QUEUE MEASUREMENTS (Full Simulation i.e. Counts Not Reset When Warmup Ends)---------------------------
Number of loads: 18108909
Number of loads that miss in SQ: 13655350 (75.41%)
Number of PFs issued to the memory system 450118
---------------------------------------------------------------------------------------------------------------------------------------
------------------------MEMORY HIERARCHY MEASUREMENTS (Full Simulation i.e. Counts Not Reset When Warmup Ends)-------------------------
I$:
	accesses   = 70617069
	misses     = 3214
	miss ratio = 0.00%
	pf accesses   = 0
	pf misses     = 0
	pf miss ratio = nan%
L1$:
	accesses   = 29131009
	misses     = 40437
	miss ratio = 0.14%
	pf accesses   = 450118
	pf misses     = 7677
	pf miss ratio = 1.71%
L2$:
	accesses   = 43651
	misses     = 14807
	miss ratio = 33.92%
	pf accesses   = 7677
	pf misses     = 2635
	pf miss ratio = 34.32%
L3$:
	accesses   = 14807
	misses     = 8313
	miss ratio = 56.14%
	pf accesses   = 2635
	pf misses     = 1289
	pf miss ratio = 48.92%
---------------------------------------------------------------------------------------------------------------------------------------
----------------------------------------------Prefetcher (Full Simulation i.e. No Warmup)----------------------------------------------
Num Trainings :18108909
Num Prefetches generated :452896
Num Prefetches issued :1537680
Num Prefetches filtered by PF queue :17063
Num untimely prefetches dropped from PF queue :2778
Num prefetches not issued LDST contention :1087562
Num prefetches not issued stride 0 :6176804
---------------------------------------------------------------------------------------------------------------------------------------

-------------------------------ILP LIMIT STUDY (Full Simulation i.e. Counts Not Reset When Warmup Ends)--------------------------------
instructions = 60000052
cycles       = 9646393
CycWP        = 848845
IPC          = 6.2199

---------------------------------------------------------------------------------------------------------------------------------------

-----------------------------------------------BRANCH PREDICTION MEASUREMENTS (Full Simulation i.e. Counts Not Reset When Warmup Ends)----------------------------------------------
Type                   NumBr     MispBr        mr     mpki
CondDirect          7032592      30928   0.4398%   0.5155
JumpDirect          2312716          0   0.0000%   0.0000
JumpIndirect         986505          0   0.0000%   0.0000
JumpReturn          1069161          0   0.0000%   0.0000
Not control        59216095          0   0.0000%   0.0000
------------------------------------------------------------------------------------------------------------------------------------------------------------------------------------

------------------------------------------------------DIRECT CONDITIONAL BRANCH PREDICTION MEASUREMENTS (Last 10M instructions)-----------------------------------------------------
       Instr       Cycles      IPC      NumBr     MispBr BrPerCyc MispBrPerCyc        MR     MPKI      CycWP   CycWPAvg   CycWPPKI
    10000052      1468403   6.8102    1203389       4049   0.8195       0.0028   0.3365%   0.4049      73575    18.1712     7.3575
------------------------------------------------------------------------------------------------------------------------------------------------------------------------------------

------------------------------------------------------DIRECT CONDITIONAL BRANCH PREDICTION MEASUREMENTS (Last 25M instructions)-----------------------------------------------------
       Instr       Cycles      IPC      NumBr     MispBr BrPerCyc MispBrPerCyc        MR     MPKI      CycWP   CycWPAvg   CycWPPKI
    25000052      3713456   6.7323    2925580      11766   0.7878       0.0032   0.4022%   0.4706     270520    22.9917    10.8208
-------------------------------------------------------------------------------------------------------------------------------------------------------------------------------------

---------------------------------------------------------DIRECT CONDITIONAL BRANCH PREDICTION MEASUREMENTS (50 Perc instructions)---------------------------------------------------
       Instr       Cycles      IPC      NumBr     MispBr BrPerCyc MispBrPerCyc        MR     MPKI      CycWP   CycWPAvg   CycWPPKI
    30000052      4457897   6.7296    3499163      14619   0.7849       0.0033   0.4178%   0.4873     337188    23.0651    11.2396
------------------------------------------------------------------------------------------------------------------------------------------------------------------------------------

-------------------------------------DIRECT CONDITIONAL BRANCH PREDICTION MEASUREMENTS (Full Simulation i.e. Counts Not Reset When Warmup Ends)-------------------------------------
       Instr       Cycles      IPC      NumBr     MispBr BrPerCyc MispBrPerCyc        MR     MPKI      CycWP   CycWPAvg   CycWPPKI
    60000052      9646393   6.2199    7032592      30928   0.7290       0.0032   0.4398%   0.5155     848845    27.4458    14.1474
------------------------------------------------------------------------------------------------------------------------------------------------------------------------------------
 Read 60000052 instrs 
G_PERCEP PC=0xFFFFF2100734, theta= 320, max bias=  14, baseline_comp=  0, stable_cnt=236, grace_period=511, time_alive=  0
G_PERCEP PC=0xFFFFF2045308, theta= 320, max bias=   3, baseline_comp=  0, stable_cnt=  0, grace_period=145, time_alive=3431
G_PERCEP PC=0xFFFFF1FC36A0, theta= 368, max bias=  19, baseline_comp=  0, stable_cnt= 19, grace_period=511, time_alive=23612
G_PERCEP PC=0xFFFFF209CF90, theta= 368, max bias=  21, baseline_comp=  0, stable_cnt=  0, grace_period=511, time_alive=23623
L_PERCEP PC=0xFFFFF2100734, theta= 261, max bias=   5, baseline_comp=  0, stable_cnt=236, grace_period=511, time_alive=  0
L_PERCEP PC=0xFFFFF2045308, theta= 261, max bias=   5, baseline_comp=  0, stable_cnt=  0, grace_period=145, time_alive=9406
L_PERCEP PC=0xFFFFF1FC36A0, theta= 261, max bias=  23, baseline_comp=  0, stable_cnt= 24, grace_period=511, time_alive=32501
L_PERCEP PC=0xFFFFF209CF90, theta= 261, max bias=  34, baseline_comp= 10, stable_cnt=  0, grace_period=511, time_alive=32512

ExecTime = 588.0650961399078
