CMD:./cbp traces/int/int_29_trace.gz
G_PERCEP PC=0x00399A78, theta= 312, max bias=  64, baseline_comp=  0, stable_cnt=255, grace_period=511, time_alive=  0
L_PERCEP PC=0x00399ADC, theta= 261, max bias=  11, baseline_comp=  0, stable_cnt=255, grace_period=511, time_alive=  0
G_PERCEP PC=0x00399ADC, theta= 312, max bias=  31, baseline_comp=  0, stable_cnt=255, grace_period=511, time_alive=  0
G_PERCEP PC=0x0039ED18, theta= 320, max bias=  41, baseline_comp=  0, stable_cnt=255, grace_period=511, time_alive=  0
L_PERCEP PC=0x00399B14, theta= 261, max bias=  16, baseline_comp=  0, stable_cnt=255, grace_period=511, time_alive=  0
5000000 instrs 
G_PERCEP PC=0x0039DF2C, theta= 312, max bias=  29, baseline_comp=  0, stable_cnt=255, grace_period=511, time_alive=  0
G_PERCEP PC=0x0039EA24, theta= 320, max bias=  43, baseline_comp=  0, stable_cnt=255, grace_period=511, time_alive=  0
10000000 instrs 
L_PERCEP PC=0x0039D2EC, theta= 285, max bias=  34, baseline_comp=  0, stable_cnt=255, grace_period=511, time_alive=  0
G_PERCEP PC=0x0039DF3C, theta= 296, max bias=  31, baseline_comp=  0, stable_cnt=255, grace_period=511, time_alive=  0
L_PERCEP PC=0x0039DF2C, theta= 253, max bias=  49, baseline_comp=  0, stable_cnt=255, grace_period=511, time_alive=  0
L_PERCEP PC=0x0039EA24, theta= 261, max bias=  35, baseline_comp=  0, stable_cnt=255, grace_period=511, time_alive=  0
L_PERCEP PC=0x0039D300, theta= 261, max bias=  42, baseline_comp=  0, stable_cnt=255, grace_period=511, time_alive=  0
L_PERCEP PC=0x0039ED18, theta= 269, max bias=  29, baseline_comp=  0, stable_cnt=255, grace_period=511, time_alive=  0
L_PERCEP PC=0x0039EABC, theta= 261, max bias=  17, baseline_comp=  0, stable_cnt=255, grace_period=511, time_alive=  0
15000000 instrs 
L_PERCEP PC=0x00399B60, theta= 269, max bias=  40, baseline_comp=  0, stable_cnt=255, grace_period=511, time_alive=  0
G_PERCEP PC=0x0039D2EC, theta= 328, max bias=  54, baseline_comp=  0, stable_cnt=255, grace_period=511, time_alive=  0
L_PERCEP PC=0x00399ADC, theta= 261, max bias=  19, baseline_comp=  0, stable_cnt=255, grace_period=511, time_alive=  0
L_PERCEP PC=0x00399DE0, theta= 261, max bias=  10, baseline_comp=  0, stable_cnt=255, grace_period=511, time_alive=  0
20000000 instrs 
G_PERCEP PC=0x0039EDB0, theta= 328, max bias=  65, baseline_comp=  0, stable_cnt=255, grace_period=511, time_alive=  0
L_PERCEP PC=0x0039DD70, theta= 309, max bias=  38, baseline_comp=  0, stable_cnt=255, grace_period=511, time_alive=  0
25000000 instrs 
L_PERCEP PC=0x00399B98, theta= 269, max bias=  47, baseline_comp=  0, stable_cnt=255, grace_period=511, time_alive=  0
L_PERCEP PC=0x0039DF1C, theta= 253, max bias=  61, baseline_comp=  0, stable_cnt=255, grace_period=511, time_alive=  0
30000000 instrs 
G_PERCEP PC=0x0039DD70, theta= 304, max bias=  57, baseline_comp=  0, stable_cnt=255, grace_period=511, time_alive=  0
35000000 instrs 
40000000 instrs 
EOF
======== Predictor Memory ========
TAGE-SC-L (bits) = 1305275
TAGE-SC-L (KBytes) = 159.335327
H2P_ID_MEM_BITS = 19456
H2P_ID_MEM (KBytes) = 2.375000
L_PERCEP_MEM_BITS = 176320
L_PERCEP_MEM (KBytes) = 21.523438
G_PERCEP_MEM_BITS = 33184
G_PERCEP_MEM (KBytes) = 4.050781
Total Memory (bits) = 1534235
Total Memory (KBytes) = 187.284546
======== Runtime Statistics ========
COL h2p_insert_cnt = 79
COL h2p_with_tage = 3759341
COL h2p_with_lhist_percep = 39789
COL h2p_with_ghist_percep = 7381
COL filtered_updates = 7
COL lhist_percep_evictions = 14
COL ghist_percep_evictions = 9
COL lhist_percep_stale_evictions = 0
COL ghist_percep_stale_evictions = 0
======== End of Statistics ========
WINDOW_SIZE = 1024
FETCH_WIDTH = 16
FETCH_NUM_BRANCH = 16
FETCH_STOP_AT_INDIRECT = 1
FETCH_STOP_AT_TAKEN = 1
FETCH_MODEL_ICACHE = 1
PERFECT_BRANCH_PRED = 0
PERFECT_INDIRECT_PRED = 1
PIPELINE_FILL_LATENCY = 10
NUM_LDST_LANES = 8
NUM_ALU_LANES = 16
MEMORY HIERARCHY CONFIGURATION---------------------
STRIDE Prefetcher = 1
PERFECT_CACHE = 0
WRITE_ALLOCATE = 1
Within-pipeline factors:
	AGEN latency = 1 cycle
	Store Queue (SQ): SQ size = window size, oracle memory disambiguation, store-load forwarding = 1 cycle after store's or load's agen.
	* Note: A store searches the L1$ at commit. The store is released
	* from the SQ and window, whether it hits or misses. Store misses
	* are buffered until the block is allocated and the store is
	* performed in the L1$. While buffered, conflicting loads get
	* the store's data as they would from the SQ.
I$: 128 KB, 8-way set-assoc., 64B block size
L1$: 128 KB, 8-way set-assoc., 64B block size, 3-cycle search latency
L2$: 4 MB, 8-way set-assoc., 64B block size, 12-cycle search latency
L3$: 32 MB, 16-way set-assoc., 128B block size, 50-cycle search latency
Main Memory: 150-cycle fixed search time
---------------------------STORE QUEUE MEASUREMENTS (Full Simulation i.e. Counts Not Reset When Warmup Ends)---------------------------
Number of loads: 13087178
Number of loads that miss in SQ: 11534352 (88.13%)
Number of PFs issued to the memory system 425861
---------------------------------------------------------------------------------------------------------------------------------------
------------------------MEMORY HIERARCHY MEASUREMENTS (Full Simulation i.e. Counts Not Reset When Warmup Ends)-------------------------
I$:
	accesses   = 44549358
	misses     = 421
	miss ratio = 0.00%
	pf accesses   = 0
	pf misses     = 0
	pf miss ratio = nan%
L1$:
	accesses   = 17697944
	misses     = 28682
	miss ratio = 0.16%
	pf accesses   = 425861
	pf misses     = 3626
	pf miss ratio = 0.85%
L2$:
	accesses   = 29103
	misses     = 3721
	miss ratio = 12.79%
	pf accesses   = 3626
	pf misses     = 1791
	pf miss ratio = 49.39%
L3$:
	accesses   = 3721
	misses     = 2438
	miss ratio = 65.52%
	pf accesses   = 1791
	pf misses     = 895
	pf miss ratio = 49.97%
---------------------------------------------------------------------------------------------------------------------------------------
----------------------------------------------Prefetcher (Full Simulation i.e. No Warmup)----------------------------------------------
Num Trainings :13087178
Num Prefetches generated :443192
Num Prefetches issued :1171388
Num Prefetches filtered by PF queue :61922
Num untimely prefetches dropped from PF queue :17331
Num prefetches not issued LDST contention :745527
Num prefetches not issued stride 0 :3148308
---------------------------------------------------------------------------------------------------------------------------------------

-------------------------------ILP LIMIT STUDY (Full Simulation i.e. Counts Not Reset When Warmup Ends)--------------------------------
instructions = 40000052
cycles       = 15517764
CycWP        = 11642985
IPC          = 2.5777

---------------------------------------------------------------------------------------------------------------------------------------

-----------------------------------------------BRANCH PREDICTION MEASUREMENTS (Full Simulation i.e. Counts Not Reset When Warmup Ends)----------------------------------------------
Type                   NumBr     MispBr        mr     mpki
CondDirect          4048870     472838  11.6783%  11.8209
JumpDirect           635406          0   0.0000%   0.0000
JumpIndirect            463          0   0.0000%   0.0000
JumpReturn           277612          0   0.0000%   0.0000
Not control        39587007          0   0.0000%   0.0000
------------------------------------------------------------------------------------------------------------------------------------------------------------------------------------

------------------------------------------------------DIRECT CONDITIONAL BRANCH PREDICTION MEASUREMENTS (Last 10M instructions)-----------------------------------------------------
       Instr       Cycles      IPC      NumBr     MispBr BrPerCyc MispBrPerCyc        MR     MPKI      CycWP   CycWPAvg   CycWPPKI
    10000052      3744945   2.6703    1009075     114166   0.2694       0.0305  11.3139%  11.4165    2790837    24.4454   279.0822
------------------------------------------------------------------------------------------------------------------------------------------------------------------------------------

------------------------------------------------------DIRECT CONDITIONAL BRANCH PREDICTION MEASUREMENTS (Last 25M instructions)-----------------------------------------------------
       Instr       Cycles      IPC      NumBr     MispBr BrPerCyc MispBrPerCyc        MR     MPKI      CycWP   CycWPAvg   CycWPPKI
    25000052      9380308   2.6652    2528434     286276   0.2695       0.0305  11.3223%  11.4510    6997030    24.4416   279.8806
-------------------------------------------------------------------------------------------------------------------------------------------------------------------------------------

---------------------------------------------------------DIRECT CONDITIONAL BRANCH PREDICTION MEASUREMENTS (50 Perc instructions)---------------------------------------------------
       Instr       Cycles      IPC      NumBr     MispBr BrPerCyc MispBrPerCyc        MR     MPKI      CycWP   CycWPAvg   CycWPPKI
    20000052      7488185   2.6709    2031315     228652   0.2713       0.0305  11.2564%  11.4326    5581826    24.4119   279.0906
------------------------------------------------------------------------------------------------------------------------------------------------------------------------------------

-------------------------------------DIRECT CONDITIONAL BRANCH PREDICTION MEASUREMENTS (Full Simulation i.e. Counts Not Reset When Warmup Ends)-------------------------------------
       Instr       Cycles      IPC      NumBr     MispBr BrPerCyc MispBrPerCyc        MR     MPKI      CycWP   CycWPAvg   CycWPPKI
    40000052     15517764   2.5777    4048870     472838   0.2609       0.0305  11.6783%  11.8209   11642985    24.6236   291.0742
------------------------------------------------------------------------------------------------------------------------------------------------------------------------------------
 Read 40000052 instrs 
G_PERCEP PC=0x0039E7E4, theta= 312, max bias=  61, baseline_comp=  4, stable_cnt=  0, grace_period=511, time_alive=441
G_PERCEP PC=0x00392CD8, theta= 352, max bias=  38, baseline_comp= 63, stable_cnt=  5, grace_period=511, time_alive=  0
G_PERCEP PC=0x00399164, theta= 304, max bias=  49, baseline_comp= 10, stable_cnt=  0, grace_period=511, time_alive=475
G_PERCEP PC=0x00399108, theta= 312, max bias=  49, baseline_comp=  4, stable_cnt=  0, grace_period=511, time_alive=476
G_PERCEP PC=0x003990AC, theta= 320, max bias=  44, baseline_comp=  5, stable_cnt=  0, grace_period=511, time_alive=477
G_PERCEP PC=0x00399050, theta= 320, max bias=  54, baseline_comp=  3, stable_cnt=  0, grace_period=511, time_alive=478
G_PERCEP PC=0x00399040, theta= 344, max bias=  38, baseline_comp=  0, stable_cnt= 12, grace_period=511, time_alive=474
G_PERCEP PC=0x00399B60, theta= 328, max bias=  21, baseline_comp=  0, stable_cnt=  6, grace_period=511, time_alive=450
G_PERCEP PC=0x0039DF4C, theta= 288, max bias=  26, baseline_comp=  0, stable_cnt= 11, grace_period=511, time_alive=502
G_PERCEP PC=0x00399B28, theta= 336, max bias=  37, baseline_comp=  2, stable_cnt=  0, grace_period=511, time_alive=451
G_PERCEP PC=0x00399AF0, theta= 440, max bias=  34, baseline_comp=  0, stable_cnt= 43, grace_period=511, time_alive=452
G_PERCEP PC=0x0039DD00, theta= 344, max bias= 111, baseline_comp=  2, stable_cnt=  0, grace_period=511, time_alive=504
G_PERCEP PC=0x0039EABC, theta= 336, max bias=  75, baseline_comp=  0, stable_cnt=  0, grace_period=511, time_alive=445
G_PERCEP PC=0x0039DF1C, theta= 272, max bias=  30, baseline_comp= 12, stable_cnt=  0, grace_period=511, time_alive=503
G_PERCEP PC=0x0039E99C, theta= 792, max bias=  13, baseline_comp= 14, stable_cnt=  0, grace_period=511, time_alive=448
G_PERCEP PC=0x0039DF9C, theta= 320, max bias=  38, baseline_comp=  3, stable_cnt=  0, grace_period=511, time_alive=501
L_PERCEP PC=0x00399DD0, theta= 285, max bias=  30, baseline_comp=  0, stable_cnt= 23, grace_period=511, time_alive=843
L_PERCEP PC=0x00399778, theta= 333, max bias=  28, baseline_comp=  0, stable_cnt= 32, grace_period=511, time_alive=856
L_PERCEP PC=0x00399898, theta= 341, max bias=  30, baseline_comp=  0, stable_cnt= 29, grace_period=511, time_alive=855
L_PERCEP PC=0x00399538, theta= 333, max bias=  35, baseline_comp=  3, stable_cnt=  0, grace_period=511, time_alive=863
L_PERCEP PC=0x00399658, theta= 341, max bias=  39, baseline_comp=  0, stable_cnt=  6, grace_period=511, time_alive=857
L_PERCEP PC=0x0039D8FC, theta= 309, max bias=  33, baseline_comp=  1, stable_cnt=  0, grace_period=511, time_alive=903
L_PERCEP PC=0x003985EC, theta= 309, max bias=  36, baseline_comp=  2, stable_cnt=  0, grace_period=511, time_alive=864
L_PERCEP PC=0x003985A0, theta= 285, max bias=  46, baseline_comp=  3, stable_cnt=  0, grace_period=511, time_alive=869
L_PERCEP PC=0x0039DF6C, theta= 309, max bias=  52, baseline_comp=  0, stable_cnt= 13, grace_period=511, time_alive=1064
L_PERCEP PC=0x00399AF8, theta= 277, max bias=  32, baseline_comp=  1, stable_cnt=  0, grace_period=511, time_alive=831
L_PERCEP PC=0x00399BB4, theta= 373, max bias=  23, baseline_comp=  1, stable_cnt=  2, grace_period=511, time_alive=847
L_PERCEP PC=0x0039DF5C, theta= 293, max bias=  45, baseline_comp=  0, stable_cnt= 43, grace_period=511, time_alive=1065
L_PERCEP PC=0x0039E7E4, theta= 325, max bias=  41, baseline_comp=  7, stable_cnt=  0, grace_period=511, time_alive=802
L_PERCEP PC=0x0039DF4C, theta= 285, max bias=  53, baseline_comp=  0, stable_cnt=  0, grace_period=511, time_alive=893
L_PERCEP PC=0x00392CD8, theta= 269, max bias=  41, baseline_comp= 63, stable_cnt= 29, grace_period=511, time_alive=  0
L_PERCEP PC=0x003985A4, theta= 269, max bias=  25, baseline_comp=  1, stable_cnt=  0, grace_period=511, time_alive=868
L_PERCEP PC=0x0039DF3C, theta= 277, max bias=  59, baseline_comp=  0, stable_cnt= 28, grace_period=511, time_alive=894
L_PERCEP PC=0x00399AF0, theta= 381, max bias=  49, baseline_comp=  0, stable_cnt= 61, grace_period=511, time_alive=814
L_PERCEP PC=0x00399164, theta= 309, max bias=  46, baseline_comp= 10, stable_cnt=  0, grace_period=511, time_alive=859
L_PERCEP PC=0x0039EAA0, theta= 277, max bias=  14, baseline_comp=  8, stable_cnt=  0, grace_period=511, time_alive=807
L_PERCEP PC=0x0039DF9C, theta= 365, max bias=  29, baseline_comp=  3, stable_cnt=  0, grace_period=511, time_alive=892
L_PERCEP PC=0x00399108, theta= 309, max bias=  42, baseline_comp=  1, stable_cnt=  0, grace_period=511, time_alive=860
L_PERCEP PC=0x003990AC, theta= 317, max bias=  53, baseline_comp=  5, stable_cnt=  0, grace_period=511, time_alive=861
L_PERCEP PC=0x00399050, theta= 309, max bias=  50, baseline_comp=  3, stable_cnt=  0, grace_period=511, time_alive=862
L_PERCEP PC=0x00399040, theta= 317, max bias=  40, baseline_comp=  1, stable_cnt=  0, grace_period=511, time_alive=858
L_PERCEP PC=0x0039EDB0, theta= 285, max bias=  11, baseline_comp= 19, stable_cnt=  0, grace_period=511, time_alive=811
L_PERCEP PC=0x00392BF0, theta= 301, max bias=  22, baseline_comp=  1, stable_cnt=  0, grace_period=511, time_alive=441
L_PERCEP PC=0x00399B28, theta= 325, max bias=  40, baseline_comp=  2, stable_cnt=  0, grace_period=511, time_alive=813
L_PERCEP PC=0x0039DD00, theta= 349, max bias=  38, baseline_comp=  2, stable_cnt=  1, grace_period=511, time_alive=895
L_PERCEP PC=0x00398550, theta= 301, max bias=  45, baseline_comp=  7, stable_cnt=  0, grace_period=511, time_alive=870
L_PERCEP PC=0x00399A78, theta= 349, max bias=  20, baseline_comp=  4, stable_cnt=  0, grace_period=511, time_alive=806
L_PERCEP PC=0x0039E99C, theta= 461, max bias=   9, baseline_comp= 36, stable_cnt=  0, grace_period=511, time_alive=809

ExecTime = 374.4177370071411
