CMD:./cbp traces/int/int_6_trace.gz
G_PERCEP PC=0xFFFFF1F29CA4, theta= 320, max bias=  25, baseline_comp=  0, stable_cnt=255, grace_period=511, time_alive=  0
L_PERCEP PC=0xFFFFF1F29CA4, theta= 261, max bias=  25, baseline_comp=  0, stable_cnt=255, grace_period=511, time_alive=  0
L_PERCEP PC=0xFFFFF1F29CE8, theta= 261, max bias=   6, baseline_comp=  0, stable_cnt=255, grace_period=511, time_alive=  0
G_PERCEP PC=0xFFFFF1F29CE8, theta= 320, max bias=  27, baseline_comp=  0, stable_cnt=255, grace_period=511, time_alive=  0
G_PERCEP PC=0xFFFFF1F29D18, theta= 312, max bias=  42, baseline_comp=  0, stable_cnt=255, grace_period=511, time_alive=  0
L_PERCEP PC=0xFFFFF1F29CE8, theta= 261, max bias=   2, baseline_comp=  0, stable_cnt=255, grace_period=511, time_alive=  0
G_PERCEP PC=0xFFFFF1F29CE8, theta= 320, max bias=  20, baseline_comp=  0, stable_cnt=255, grace_period=511, time_alive=  0
L_PERCEP PC=0xFFFFF1F29CE8, theta= 261, max bias=   2, baseline_comp=  0, stable_cnt=255, grace_period=511, time_alive=  0
G_PERCEP PC=0xFFFFF1F29CE8, theta= 320, max bias=  21, baseline_comp=  0, stable_cnt=255, grace_period=511, time_alive=  0
L_PERCEP PC=0xFFFFF1F29CA4, theta= 269, max bias=   7, baseline_comp=  0, stable_cnt=255, grace_period=511, time_alive=  0
L_PERCEP PC=0xFFFFF1F29CE8, theta= 261, max bias=   6, baseline_comp=  0, stable_cnt=255, grace_period=511, time_alive=  0
G_PERCEP PC=0xFFFFF1F29CE8, theta= 320, max bias=  21, baseline_comp=  0, stable_cnt=255, grace_period=511, time_alive=  0
5000000 instrs 
L_PERCEP PC=0xFFFFF1F28A98, theta= 261, max bias=  11, baseline_comp=  0, stable_cnt=255, grace_period=511, time_alive=  0
G_PERCEP PC=0xFFFFF1F28A98, theta= 312, max bias=  26, baseline_comp=  0, stable_cnt=255, grace_period=511, time_alive=  0
L_PERCEP PC=0xFFFFF1F29CE8, theta= 261, max bias=   0, baseline_comp=  0, stable_cnt=255, grace_period=511, time_alive=  0
G_PERCEP PC=0xFFFFF1F29CE8, theta= 320, max bias=  24, baseline_comp=  0, stable_cnt=255, grace_period=511, time_alive=  0
L_PERCEP PC=0xFFFFF1F29D20, theta= 261, max bias=  10, baseline_comp=  0, stable_cnt=255, grace_period=511, time_alive=  0
G_PERCEP PC=0xFFFFF1F29D20, theta= 320, max bias=  32, baseline_comp=  0, stable_cnt=255, grace_period=511, time_alive=  0
L_PERCEP PC=0xFFFFF1F29D18, theta= 245, max bias=  49, baseline_comp=  0, stable_cnt=255, grace_period=511, time_alive=  0
L_PERCEP PC=0xFFFFF1F29CE8, theta= 261, max bias=   2, baseline_comp=  0, stable_cnt=255, grace_period=511, time_alive=  0
G_PERCEP PC=0xFFFFF1F29CE8, theta= 320, max bias=  25, baseline_comp=  0, stable_cnt=255, grace_period=511, time_alive=  0
G_PERCEP PC=0xFFFFF1F29D18, theta= 320, max bias=  25, baseline_comp=  0, stable_cnt=255, grace_period=511, time_alive=  0
L_PERCEP PC=0xFFFFF1F29CE8, theta= 261, max bias=   1, baseline_comp=  0, stable_cnt=255, grace_period=511, time_alive=  0
G_PERCEP PC=0xFFFFF1F29CE8, theta= 320, max bias=  21, baseline_comp=  0, stable_cnt=255, grace_period=511, time_alive=  0
L_PERCEP PC=0xFFFFF1F29D18, theta= 261, max bias=  18, baseline_comp=  0, stable_cnt=255, grace_period=511, time_alive=  0
G_PERCEP PC=0xFFFFF1F29D18, theta= 320, max bias=  26, baseline_comp=  0, stable_cnt=255, grace_period=511, time_alive=  0
G_PERCEP PC=0xFFFFF1F29BA0, theta= 320, max bias=  12, baseline_comp=  0, stable_cnt=255, grace_period=511, time_alive=  0
L_PERCEP PC=0xFFFFF1F29CE8, theta= 261, max bias=   3, baseline_comp=  0, stable_cnt=255, grace_period=511, time_alive=  0
G_PERCEP PC=0xFFFFF1F29CE8, theta= 320, max bias=  23, baseline_comp=  0, stable_cnt=255, grace_period=511, time_alive=  0
10000000 instrs 
G_PERCEP PC=0xFFFFF1F28A98, theta= 312, max bias=  26, baseline_comp=  0, stable_cnt=255, grace_period=511, time_alive=  0
L_PERCEP PC=0xFFFFF1F448C8, theta= 261, max bias=  18, baseline_comp=  0, stable_cnt=255, grace_period=511, time_alive=  0
G_PERCEP PC=0xFFFFF1F448C8, theta= 320, max bias=  21, baseline_comp=  0, stable_cnt=255, grace_period=511, time_alive=  0
L_PERCEP PC=0xFFFFF1F29CE8, theta= 261, max bias=   5, baseline_comp=  0, stable_cnt=255, grace_period=511, time_alive=  0
G_PERCEP PC=0xFFFFF1F29CE8, theta= 320, max bias=  25, baseline_comp=  0, stable_cnt=255, grace_period=511, time_alive=  0
L_PERCEP PC=0xFFFFF1F28A98, theta= 261, max bias=   3, baseline_comp=  0, stable_cnt=255, grace_period=511, time_alive=  0
L_PERCEP PC=0xFFFFF1F29D18, theta= 261, max bias=  24, baseline_comp=  0, stable_cnt=255, grace_period=511, time_alive=  0
G_PERCEP PC=0xFFFFF1F29D18, theta= 320, max bias=  20, baseline_comp=  0, stable_cnt=255, grace_period=511, time_alive=  0
L_PERCEP PC=0xFFFFF1F29CE8, theta= 261, max bias=   3, baseline_comp=  0, stable_cnt=255, grace_period=511, time_alive=  0
L_PERCEP PC=0xFFFFF1F29D20, theta= 261, max bias=   2, baseline_comp=  0, stable_cnt=255, grace_period=511, time_alive=  0
G_PERCEP PC=0xFFFFF1F29D20, theta= 320, max bias=  32, baseline_comp=  0, stable_cnt=255, grace_period=511, time_alive=  0
L_PERCEP PC=0xFFFFF1F29D18, theta= 261, max bias=   7, baseline_comp=  0, stable_cnt=255, grace_period=511, time_alive=  0
G_PERCEP PC=0xFFFFF1F29D18, theta= 320, max bias=  29, baseline_comp=  0, stable_cnt=255, grace_period=511, time_alive=  0
L_PERCEP PC=0xFFFFF1F29D18, theta= 261, max bias=   7, baseline_comp=  0, stable_cnt=255, grace_period=511, time_alive=  0
G_PERCEP PC=0xFFFFF1F29D18, theta= 320, max bias=  18, baseline_comp=  0, stable_cnt=255, grace_period=511, time_alive=  0
L_PERCEP PC=0xFFFFF1F29D18, theta= 261, max bias=   4, baseline_comp=  0, stable_cnt=255, grace_period=511, time_alive=  0
G_PERCEP PC=0xFFFFF1F29D18, theta= 320, max bias=  23, baseline_comp=  0, stable_cnt=255, grace_period=511, time_alive=  0
L_PERCEP PC=0xFFFFF1F29D18, theta= 261, max bias=  11, baseline_comp=  0, stable_cnt=255, grace_period=511, time_alive=  0
L_PERCEP PC=0xFFFFF1F29D18, theta= 261, max bias=   3, baseline_comp=  0, stable_cnt=255, grace_period=511, time_alive=  0
G_PERCEP PC=0xFFFFF1F29D18, theta= 320, max bias=  29, baseline_comp=  0, stable_cnt=255, grace_period=511, time_alive=  0
G_PERCEP PC=0xFFFFF1F29D18, theta= 320, max bias=  23, baseline_comp=  0, stable_cnt=255, grace_period=511, time_alive=  0
15000000 instrs 
G_PERCEP PC=0xFFFFF1F44670, theta= 304, max bias=  10, baseline_comp=  0, stable_cnt=255, grace_period=511, time_alive=  0
L_PERCEP PC=0xFFFFF1F44670, theta= 229, max bias=  18, baseline_comp=  0, stable_cnt=255, grace_period=511, time_alive=  0
L_PERCEP PC=0xFFFFF1F29D18, theta= 261, max bias=   6, baseline_comp=  0, stable_cnt=255, grace_period=511, time_alive=  0
G_PERCEP PC=0xFFFFF1F29D18, theta= 320, max bias=  21, baseline_comp=  0, stable_cnt=255, grace_period=511, time_alive=  0
L_PERCEP PC=0xFFFFF1F28A98, theta= 261, max bias=   3, baseline_comp=  0, stable_cnt=255, grace_period=511, time_alive=  0
G_PERCEP PC=0xFFFFF1F28A98, theta= 312, max bias=  25, baseline_comp=  0, stable_cnt=255, grace_period=511, time_alive=  0
L_PERCEP PC=0xFFFFF1F29D18, theta= 261, max bias=   3, baseline_comp=  0, stable_cnt=255, grace_period=511, time_alive=  0
L_PERCEP PC=0xFFFFF1F29D20, theta= 261, max bias=   1, baseline_comp=  0, stable_cnt=255, grace_period=511, time_alive=  0
G_PERCEP PC=0xFFFFF1F29D20, theta= 320, max bias=  28, baseline_comp=  0, stable_cnt=255, grace_period=511, time_alive=  0
G_PERCEP PC=0xFFFFF1F29D18, theta= 312, max bias=  30, baseline_comp=  0, stable_cnt=255, grace_period=511, time_alive=  0
L_PERCEP PC=0xFFFFF1F29D18, theta= 261, max bias=  10, baseline_comp=  0, stable_cnt=255, grace_period=511, time_alive=  0
G_PERCEP PC=0xFFFFF1F29D18, theta= 320, max bias=  25, baseline_comp=  0, stable_cnt=255, grace_period=511, time_alive=  0
L_PERCEP PC=0xFFFFF1F29D18, theta= 261, max bias=   4, baseline_comp=  0, stable_cnt=255, grace_period=511, time_alive=  0
G_PERCEP PC=0xFFFFF1F29D18, theta= 320, max bias=  24, baseline_comp=  0, stable_cnt=255, grace_period=511, time_alive=  0
L_PERCEP PC=0xFFFFF1F29D18, theta= 261, max bias=   2, baseline_comp=  0, stable_cnt=255, grace_period=511, time_alive=  0
G_PERCEP PC=0xFFFFF1F44670, theta= 304, max bias=  13, baseline_comp=  0, stable_cnt=255, grace_period=511, time_alive=  0
L_PERCEP PC=0xFFFFF1F29D18, theta= 261, max bias=   1, baseline_comp=  0, stable_cnt=255, grace_period=511, time_alive=  0
G_PERCEP PC=0xFFFFF1F29D18, theta= 320, max bias=  22, baseline_comp=  0, stable_cnt=255, grace_period=511, time_alive=  0
G_PERCEP PC=0xFFFFF1F29D18, theta= 320, max bias=  28, baseline_comp=  0, stable_cnt=255, grace_period=511, time_alive=  0
L_PERCEP PC=0xFFFFF1F29D18, theta= 261, max bias=   1, baseline_comp=  0, stable_cnt=255, grace_period=511, time_alive=  0
L_PERCEP PC=0xFFFFF1F448C8, theta= 261, max bias=  15, baseline_comp=  0, stable_cnt=255, grace_period=511, time_alive=  0
20000000 instrs 
G_PERCEP PC=0xFFFFF1F29D18, theta= 320, max bias=  25, baseline_comp=  0, stable_cnt=255, grace_period=511, time_alive=  0
G_PERCEP PC=0xFFFFF1F29CE8, theta= 312, max bias=  29, baseline_comp=  0, stable_cnt=255, grace_period=511, time_alive=  0
L_PERCEP PC=0xFFFFF1F29D18, theta= 261, max bias=   7, baseline_comp=  0, stable_cnt=255, grace_period=511, time_alive=  0
G_PERCEP PC=0xFFFFF1F29D18, theta= 320, max bias=  28, baseline_comp=  0, stable_cnt=255, grace_period=511, time_alive=  0
L_PERCEP PC=0xFFFFF1F29D18, theta= 261, max bias=   7, baseline_comp=  0, stable_cnt=255, grace_period=511, time_alive=  0
G_PERCEP PC=0xFFFFF1F29D18, theta= 320, max bias=  21, baseline_comp=  0, stable_cnt=255, grace_period=511, time_alive=  0
L_PERCEP PC=0xFFFFF1F29CE8, theta= 261, max bias=   4, baseline_comp=  0, stable_cnt=255, grace_period=511, time_alive=  0
G_PERCEP PC=0xFFFFF1F29CE8, theta= 320, max bias=  21, baseline_comp=  0, stable_cnt=255, grace_period=511, time_alive=  0
L_PERCEP PC=0xFFFFF1F29D18, theta= 261, max bias=  10, baseline_comp=  0, stable_cnt=255, grace_period=511, time_alive=  0
G_PERCEP PC=0xFFFFF1F4489C, theta= 304, max bias=  53, baseline_comp=  0, stable_cnt=255, grace_period=511, time_alive=  0
G_PERCEP PC=0xFFFFF1F29D18, theta= 320, max bias=  19, baseline_comp=  0, stable_cnt=255, grace_period=511, time_alive=  0
L_PERCEP PC=0xFFFFF1F4489C, theta= 221, max bias=  21, baseline_comp=  0, stable_cnt=255, grace_period=511, time_alive=  0
L_PERCEP PC=0xFFFFF1F29D18, theta= 261, max bias=   1, baseline_comp=  0, stable_cnt=255, grace_period=511, time_alive=  0
L_PERCEP PC=0xFFFFF1F28A98, theta= 261, max bias=   1, baseline_comp=  0, stable_cnt=255, grace_period=511, time_alive=  0
G_PERCEP PC=0xFFFFF1F28A98, theta= 312, max bias=  27, baseline_comp=  0, stable_cnt=255, grace_period=511, time_alive=  0
G_PERCEP PC=0xFFFFF1F29D18, theta= 320, max bias=  26, baseline_comp=  0, stable_cnt=255, grace_period=511, time_alive=  0
L_PERCEP PC=0xFFFFF1F29CE8, theta= 261, max bias=   4, baseline_comp=  0, stable_cnt=255, grace_period=511, time_alive=  0
G_PERCEP PC=0xFFFFF1F29CE8, theta= 320, max bias=  21, baseline_comp=  0, stable_cnt=255, grace_period=511, time_alive=  0
L_PERCEP PC=0xFFFFF1F29D18, theta= 261, max bias=   5, baseline_comp=  0, stable_cnt=255, grace_period=511, time_alive=  0
L_PERCEP PC=0xFFFFF1F29CE8, theta= 261, max bias=   2, baseline_comp=  0, stable_cnt=255, grace_period=511, time_alive=  0
G_PERCEP PC=0xFFFFF1F29CE8, theta= 320, max bias=  24, baseline_comp=  0, stable_cnt=255, grace_period=511, time_alive=  0
G_PERCEP PC=0xFFFFF1F29D18, theta= 320, max bias=  30, baseline_comp=  0, stable_cnt=255, grace_period=511, time_alive=  0
25000000 instrs 
L_PERCEP PC=0xFFFFF1F29CE8, theta= 261, max bias=   2, baseline_comp=  0, stable_cnt=255, grace_period=511, time_alive=  0
G_PERCEP PC=0xFFFFF1F29CE8, theta= 320, max bias=  22, baseline_comp=  0, stable_cnt=255, grace_period=511, time_alive=  0
L_PERCEP PC=0xFFFFF1F29D18, theta= 261, max bias=   5, baseline_comp=  0, stable_cnt=255, grace_period=511, time_alive=  0
G_PERCEP PC=0xFFFFF1F29D18, theta= 320, max bias=  16, baseline_comp=  0, stable_cnt=255, grace_period=511, time_alive=  0
L_PERCEP PC=0xFFFFF1F29D18, theta= 261, max bias=   3, baseline_comp=  0, stable_cnt=255, grace_period=511, time_alive=  0
L_PERCEP PC=0xFFFFF1F44670, theta= 253, max bias=   3, baseline_comp=  0, stable_cnt=255, grace_period=511, time_alive=  0
L_PERCEP PC=0xFFFFF1F29D18, theta= 261, max bias=   2, baseline_comp=  0, stable_cnt=255, grace_period=511, time_alive=  0
G_PERCEP PC=0xFFFFF1F29D18, theta= 320, max bias=  29, baseline_comp=  0, stable_cnt=255, grace_period=511, time_alive=  0
L_PERCEP PC=0xFFFFF1F29CE8, theta= 261, max bias=   2, baseline_comp=  0, stable_cnt=255, grace_period=511, time_alive=  0
G_PERCEP PC=0xFFFFF1F29CE8, theta= 320, max bias=  21, baseline_comp=  0, stable_cnt=255, grace_period=511, time_alive=  0
L_PERCEP PC=0xFFFFF1F29D18, theta= 261, max bias=   3, baseline_comp=  0, stable_cnt=255, grace_period=511, time_alive=  0
G_PERCEP PC=0xFFFFF1F29D18, theta= 320, max bias=  21, baseline_comp=  0, stable_cnt=255, grace_period=511, time_alive=  0
L_PERCEP PC=0xFFFFF1F29D18, theta= 261, max bias=   5, baseline_comp=  0, stable_cnt=255, grace_period=511, time_alive=  0
G_PERCEP PC=0xFFFFF1F29D18, theta= 320, max bias=  32, baseline_comp=  0, stable_cnt=255, grace_period=511, time_alive=  0
L_PERCEP PC=0xFFFFF1F29CE8, theta= 261, max bias=   5, baseline_comp=  0, stable_cnt=255, grace_period=511, time_alive=  0
G_PERCEP PC=0xFFFFF1F29CE8, theta= 320, max bias=  21, baseline_comp=  0, stable_cnt=255, grace_period=511, time_alive=  0
L_PERCEP PC=0xFFFFF1F29D18, theta= 261, max bias=   5, baseline_comp=  0, stable_cnt=255, grace_period=511, time_alive=  0
G_PERCEP PC=0xFFFFF1F29D18, theta= 320, max bias=  28, baseline_comp=  0, stable_cnt=255, grace_period=511, time_alive=  0
G_PERCEP PC=0xFFFFF1F29D18, theta= 320, max bias=  20, baseline_comp=  0, stable_cnt=255, grace_period=511, time_alive=  0
L_PERCEP PC=0xFFFFF1F29D18, theta= 261, max bias=   5, baseline_comp=  0, stable_cnt=255, grace_period=511, time_alive=  0
L_PERCEP PC=0xFFFFF1F29CE8, theta= 261, max bias=   1, baseline_comp=  0, stable_cnt=255, grace_period=511, time_alive=  0
G_PERCEP PC=0xFFFFF1F29CE8, theta= 320, max bias=  24, baseline_comp=  0, stable_cnt=255, grace_period=511, time_alive=  0
L_PERCEP PC=0xFFFFF1F28A98, theta= 261, max bias=   1, baseline_comp=  0, stable_cnt=255, grace_period=511, time_alive=  0
G_PERCEP PC=0xFFFFF1F28A98, theta= 312, max bias=  25, baseline_comp=  0, stable_cnt=255, grace_period=511, time_alive=  0
G_PERCEP PC=0xFFFFF1F29D18, theta= 320, max bias=  18, baseline_comp=  0, stable_cnt=255, grace_period=511, time_alive=  0
30000000 instrs 
EOF
======== Predictor Memory ========
TAGE-SC-L (bits) = 1305275
TAGE-SC-L (KBytes) = 159.335327
H2P_ID_MEM_BITS = 19456
H2P_ID_MEM (KBytes) = 2.375000
L_PERCEP_MEM_BITS = 176320
L_PERCEP_MEM (KBytes) = 21.523438
G_PERCEP_MEM_BITS = 33184
G_PERCEP_MEM (KBytes) = 4.050781
Total Memory (bits) = 1534235
Total Memory (KBytes) = 187.284546
======== Runtime Statistics ========
COL h2p_insert_cnt = 68
COL h2p_with_tage = 2928977
COL h2p_with_lhist_percep = 8952
COL h2p_with_ghist_percep = 168694
COL filtered_updates = 125
COL lhist_percep_evictions = 59
COL ghist_percep_evictions = 59
COL lhist_percep_stale_evictions = 0
COL ghist_percep_stale_evictions = 0
======== End of Statistics ========
WINDOW_SIZE = 1024
FETCH_WIDTH = 16
FETCH_NUM_BRANCH = 16
FETCH_STOP_AT_INDIRECT = 1
FETCH_STOP_AT_TAKEN = 1
FETCH_MODEL_ICACHE = 1
PERFECT_BRANCH_PRED = 0
PERFECT_INDIRECT_PRED = 1
PIPELINE_FILL_LATENCY = 10
NUM_LDST_LANES = 8
NUM_ALU_LANES = 16
MEMORY HIERARCHY CONFIGURATION---------------------
STRIDE Prefetcher = 1
PERFECT_CACHE = 0
WRITE_ALLOCATE = 1
Within-pipeline factors:
	AGEN latency = 1 cycle
	Store Queue (SQ): SQ size = window size, oracle memory disambiguation, store-load forwarding = 1 cycle after store's or load's agen.
	* Note: A store searches the L1$ at commit. The store is released
	* from the SQ and window, whether it hits or misses. Store misses
	* are buffered until the block is allocated and the store is
	* performed in the L1$. While buffered, conflicting loads get
	* the store's data as they would from the SQ.
I$: 128 KB, 8-way set-assoc., 64B block size
L1$: 128 KB, 8-way set-assoc., 64B block size, 3-cycle search latency
L2$: 4 MB, 8-way set-assoc., 64B block size, 12-cycle search latency
L3$: 32 MB, 16-way set-assoc., 128B block size, 50-cycle search latency
Main Memory: 150-cycle fixed search time
---------------------------STORE QUEUE MEASUREMENTS (Full Simulation i.e. Counts Not Reset When Warmup Ends)---------------------------
Number of loads: 5864835
Number of loads that miss in SQ: 5165912 (88.08%)
Number of PFs issued to the memory system 1981546
---------------------------------------------------------------------------------------------------------------------------------------
------------------------MEMORY HIERARCHY MEASUREMENTS (Full Simulation i.e. Counts Not Reset When Warmup Ends)-------------------------
I$:
	accesses   = 41786208
	misses     = 156
	miss ratio = 0.00%
	pf accesses   = 0
	pf misses     = 0
	pf miss ratio = nan%
L1$:
	accesses   = 8638640
	misses     = 85801
	miss ratio = 0.99%
	pf accesses   = 1981546
	pf misses     = 24975
	pf miss ratio = 1.26%
L2$:
	accesses   = 85957
	misses     = 57760
	miss ratio = 67.20%
	pf accesses   = 24975
	pf misses     = 4480
	pf miss ratio = 17.94%
L3$:
	accesses   = 57760
	misses     = 28929
	miss ratio = 50.08%
	pf accesses   = 4480
	pf misses     = 2228
	pf miss ratio = 49.73%
---------------------------------------------------------------------------------------------------------------------------------------
----------------------------------------------Prefetcher (Full Simulation i.e. No Warmup)----------------------------------------------
Num Trainings :5864835
Num Prefetches generated :1995165
Num Prefetches issued :6801408
Num Prefetches filtered by PF queue :361613
Num untimely prefetches dropped from PF queue :13619
Num prefetches not issued LDST contention :4819862
Num prefetches not issued stride 0 :941856
---------------------------------------------------------------------------------------------------------------------------------------

-------------------------------ILP LIMIT STUDY (Full Simulation i.e. Counts Not Reset When Warmup Ends)--------------------------------
instructions = 30000052
cycles       = 7593272
CycWP        = 3905243
IPC          = 3.9509

---------------------------------------------------------------------------------------------------------------------------------------

-----------------------------------------------BRANCH PREDICTION MEASUREMENTS (Full Simulation i.e. Counts Not Reset When Warmup Ends)----------------------------------------------
Type                   NumBr     MispBr        mr     mpki
CondDirect          3119970      87775   2.8133%   2.9258
JumpDirect           555359          0   0.0000%   0.0000
JumpIndirect          40056          0   0.0000%   0.0000
JumpReturn            78051          0   0.0000%   0.0000
Not control        37992772          0   0.0000%   0.0000
------------------------------------------------------------------------------------------------------------------------------------------------------------------------------------

------------------------------------------------------DIRECT CONDITIONAL BRANCH PREDICTION MEASUREMENTS (Last 10M instructions)-----------------------------------------------------
       Instr       Cycles      IPC      NumBr     MispBr BrPerCyc MispBrPerCyc        MR     MPKI      CycWP   CycWPAvg   CycWPPKI
    10000052      2485995   4.0226    1041005      28343   0.4187       0.0114   2.7227%   2.8343    1278487    45.1077   127.8480
------------------------------------------------------------------------------------------------------------------------------------------------------------------------------------

------------------------------------------------------DIRECT CONDITIONAL BRANCH PREDICTION MEASUREMENTS (Last 25M instructions)-----------------------------------------------------
       Instr       Cycles      IPC      NumBr     MispBr BrPerCyc MispBrPerCyc        MR     MPKI      CycWP   CycWPAvg   CycWPPKI
    25000052      6255094   3.9968    2603211      72268   0.4162       0.0116   2.7761%   2.8907    3230770    44.7054   129.2305
-------------------------------------------------------------------------------------------------------------------------------------------------------------------------------------

---------------------------------------------------------DIRECT CONDITIONAL BRANCH PREDICTION MEASUREMENTS (50 Perc instructions)---------------------------------------------------
       Instr       Cycles      IPC      NumBr     MispBr BrPerCyc MispBrPerCyc        MR     MPKI      CycWP   CycWPAvg   CycWPPKI
    15000052      3743597   4.0069    1567043      42756   0.4186       0.0114   2.7285%   2.8504    1930269    45.1462   128.6842
------------------------------------------------------------------------------------------------------------------------------------------------------------------------------------

-------------------------------------DIRECT CONDITIONAL BRANCH PREDICTION MEASUREMENTS (Full Simulation i.e. Counts Not Reset When Warmup Ends)-------------------------------------
       Instr       Cycles      IPC      NumBr     MispBr BrPerCyc MispBrPerCyc        MR     MPKI      CycWP   CycWPAvg   CycWPPKI
    30000052      7593272   3.9509    3119970      87775   0.4109       0.0116   2.8133%   2.9258    3905243    44.4915   130.1745
------------------------------------------------------------------------------------------------------------------------------------------------------------------------------------
 Read 30000052 instrs 
G_PERCEP PC=0xFFFFF1F44670, theta= 304, max bias=  16, baseline_comp=  0, stable_cnt= 13, grace_period=511, time_alive=  0
G_PERCEP PC=0xFFFFF1F28B40, theta= 344, max bias=  15, baseline_comp=  2, stable_cnt=  0, grace_period=511, time_alive= 90
G_PERCEP PC=0xFFFFF1F28B70, theta= 328, max bias=  13, baseline_comp=  1, stable_cnt=  0, grace_period=511, time_alive=668
G_PERCEP PC=0xFFFFF1F29B50, theta= 312, max bias=  32, baseline_comp= 60, stable_cnt=  0, grace_period=511, time_alive=  7
G_PERCEP PC=0xFFFFF1F44784, theta= 272, max bias=  21, baseline_comp=  2, stable_cnt=  0, grace_period=511, time_alive=  2
G_PERCEP PC=0xFFFFF1F449C4, theta= 312, max bias=  41, baseline_comp= 16, stable_cnt=  0, grace_period=511, time_alive=  1
G_PERCEP PC=0xFFFFF1F4489C, theta= 312, max bias=  35, baseline_comp=  0, stable_cnt= 41, grace_period=511, time_alive=  3
G_PERCEP PC=0xFFFFF1F448C8, theta= 320, max bias=  32, baseline_comp=  9, stable_cnt=  0, grace_period=511, time_alive=947
G_PERCEP PC=0xFFFFF1F29CA4, theta= 312, max bias=  43, baseline_comp= 39, stable_cnt=  0, grace_period=511, time_alive=  5
L_PERCEP PC=0xFFFFF1F29D18, theta= 261, max bias=  13, baseline_comp=  0, stable_cnt= 41, grace_period=511, time_alive=  5
L_PERCEP PC=0xFFFFF1F4489C, theta= 261, max bias=  13, baseline_comp=  6, stable_cnt=  0, grace_period=511, time_alive=  3
L_PERCEP PC=0xFFFFF1F28B40, theta= 277, max bias=  14, baseline_comp=  9, stable_cnt=  0, grace_period=511, time_alive=100
L_PERCEP PC=0xFFFFF1F28B70, theta= 253, max bias=  11, baseline_comp=  5, stable_cnt=  0, grace_period=511, time_alive=725
L_PERCEP PC=0xFFFFF1F29B50, theta= 253, max bias=  54, baseline_comp=  2, stable_cnt=  0, grace_period=511, time_alive=  8
L_PERCEP PC=0xFFFFF1F449C4, theta= 253, max bias=  45, baseline_comp= 17, stable_cnt=  0, grace_period=511, time_alive=  1
L_PERCEP PC=0xFFFFF1F44670, theta= 261, max bias=   6, baseline_comp=  0, stable_cnt= 19, grace_period=511, time_alive=  0
L_PERCEP PC=0xFFFFF1F44784, theta= 253, max bias=  22, baseline_comp=  0, stable_cnt= 38, grace_period=511, time_alive=  2
L_PERCEP PC=0xFFFFF1F29BA0, theta= 237, max bias=  13, baseline_comp=  6, stable_cnt=  0, grace_period=511, time_alive=  7

ExecTime = 219.49003076553345
