CMD:./cbp traces/int/int_14_trace.gz
MPP history size: 5.71814 KB
TAGE-SC-L size: 64 KB
Bloom filter size 24 KB
number of bits left is 774129 bits
we can afford 133122 entries total
32 IMLI counter bits
27 x 16 = 432 global path bits
95 total modulo history bits
1648 total modulo path bits
34 x 1280 = 43520 total local history bits
56 x 16 = 896 total recency bits
189 total blurry path bits
23 total acyclic bits
8 bits for theta
leaving 2 entries on the table
1 table of 2048 6-bit entries
32 tables of 4096 6-bit entries
5000000 instrs 
10000000 instrs 
15000000 instrs 
20000000 instrs 
25000000 instrs 
30000000 instrs 
35000000 instrs 
EOF
WINDOW_SIZE = 1024
FETCH_WIDTH = 16
FETCH_NUM_BRANCH = 16
FETCH_STOP_AT_INDIRECT = 1
FETCH_STOP_AT_TAKEN = 1
FETCH_MODEL_ICACHE = 1
PERFECT_BRANCH_PRED = 0
PERFECT_INDIRECT_PRED = 1
PIPELINE_FILL_LATENCY = 10
NUM_LDST_LANES = 8
NUM_ALU_LANES = 16
MEMORY HIERARCHY CONFIGURATION---------------------
STRIDE Prefetcher = 1
PERFECT_CACHE = 0
WRITE_ALLOCATE = 1
Within-pipeline factors:
	AGEN latency = 1 cycle
	Store Queue (SQ): SQ size = window size, oracle memory disambiguation, store-load forwarding = 1 cycle after store's or load's agen.
	* Note: A store searches the L1$ at commit. The store is released
	* from the SQ and window, whether it hits or misses. Store misses
	* are buffered until the block is allocated and the store is
	* performed in the L1$. While buffered, conflicting loads get
	* the store's data as they would from the SQ.
I$: 128 KB, 8-way set-assoc., 64B block size
L1$: 128 KB, 8-way set-assoc., 64B block size, 3-cycle search latency
L2$: 4 MB, 8-way set-assoc., 64B block size, 12-cycle search latency
L3$: 32 MB, 16-way set-assoc., 128B block size, 50-cycle search latency
Main Memory: 150-cycle fixed search time
---------------------------STORE QUEUE MEASUREMENTS (Full Simulation i.e. Counts Not Reset When Warmup Ends)---------------------------
Number of loads: 9992446
Number of loads that miss in SQ: 8564374 (85.71%)
Number of PFs issued to the memory system 1750124
---------------------------------------------------------------------------------------------------------------------------------------
------------------------MEMORY HIERARCHY MEASUREMENTS (Full Simulation i.e. Counts Not Reset When Warmup Ends)-------------------------
I$:
	accesses   = 45809420
	misses     = 4326
	miss ratio = 0.01%
	pf accesses   = 0
	pf misses     = 0
	pf miss ratio = nan%
L1$:
	accesses   = 15579349
	misses     = 41253
	miss ratio = 0.26%
	pf accesses   = 1750124
	pf misses     = 22143
	pf miss ratio = 1.27%
L2$:
	accesses   = 45579
	misses     = 34146
	miss ratio = 74.92%
	pf accesses   = 22143
	pf misses     = 13486
	pf miss ratio = 60.90%
L3$:
	accesses   = 34146
	misses     = 15800
	miss ratio = 46.27%
	pf accesses   = 13486
	pf misses     = 8565
	pf miss ratio = 63.51%
---------------------------------------------------------------------------------------------------------------------------------------
----------------------------------------------Prefetcher (Full Simulation i.e. No Warmup)----------------------------------------------
Num Trainings :9992446
Num Prefetches generated :1750278
Num Prefetches issued :2202223
Num Prefetches filtered by PF queue :15872
Num untimely prefetches dropped from PF queue :154
Num prefetches not issued LDST contention :452099
Num prefetches not issued stride 0 :4407327
---------------------------------------------------------------------------------------------------------------------------------------

-------------------------------ILP LIMIT STUDY (Full Simulation i.e. Counts Not Reset When Warmup Ends)--------------------------------
instructions = 39999640
cycles       = 6982678
CycWP        = 395431
IPC          = 5.7284

---------------------------------------------------------------------------------------------------------------------------------------

-----------------------------------------------BRANCH PREDICTION MEASUREMENTS (Full Simulation i.e. Counts Not Reset When Warmup Ends)----------------------------------------------
Type                   NumBr     MispBr        mr     mpki
CondDirect          7635435      15327   0.2007%   0.3832
JumpDirect           844163          0   0.0000%   0.0000
JumpIndirect         185413          0   0.0000%   0.0000
JumpReturn           414805          0   0.0000%   0.0000
Not control        36729604          0   0.0000%   0.0000
------------------------------------------------------------------------------------------------------------------------------------------------------------------------------------

------------------------------------------------------DIRECT CONDITIONAL BRANCH PREDICTION MEASUREMENTS (Last 10M instructions)-----------------------------------------------------
       Instr       Cycles      IPC      NumBr     MispBr BrPerCyc MispBrPerCyc        MR     MPKI      CycWP   CycWPAvg   CycWPPKI
    10999640      1754127   6.2707    2056140       3345   1.1722       0.0019   0.1627%   0.3041      77755    23.2451     7.0689
------------------------------------------------------------------------------------------------------------------------------------------------------------------------------------

------------------------------------------------------DIRECT CONDITIONAL BRANCH PREDICTION MEASUREMENTS (Last 25M instructions)-----------------------------------------------------
       Instr       Cycles      IPC      NumBr     MispBr BrPerCyc MispBrPerCyc        MR     MPKI      CycWP   CycWPAvg   CycWPPKI
    25999640      4241027   6.1305    4989637       7553   1.1765       0.0018   0.1514%   0.2905     174364    23.0854     6.7064
-------------------------------------------------------------------------------------------------------------------------------------------------------------------------------------

---------------------------------------------------------DIRECT CONDITIONAL BRANCH PREDICTION MEASUREMENTS (50 Perc instructions)---------------------------------------------------
       Instr       Cycles      IPC      NumBr     MispBr BrPerCyc MispBrPerCyc        MR     MPKI      CycWP   CycWPAvg   CycWPPKI
    20999640      3393897   6.1875    3974167       6555   1.1710       0.0019   0.1649%   0.3121     150988    23.0340     7.1900
------------------------------------------------------------------------------------------------------------------------------------------------------------------------------------

-------------------------------------DIRECT CONDITIONAL BRANCH PREDICTION MEASUREMENTS (Full Simulation i.e. Counts Not Reset When Warmup Ends)-------------------------------------
       Instr       Cycles      IPC      NumBr     MispBr BrPerCyc MispBrPerCyc        MR     MPKI      CycWP   CycWPAvg   CycWPPKI
    39999640      6982678   5.7284    7635435      15327   1.0935       0.0022   0.2007%   0.3832     395431    25.7996     9.8859
------------------------------------------------------------------------------------------------------------------------------------------------------------------------------------
 Read 39999640 instrs 

ExecTime = 352.3920531272888
