CMD:./cbp traces/int/int_8_trace.gz
L_PERCEP PC=0xFFFFF33FDC2C, theta= 261, max bias=  20, baseline_comp=  0, stable_cnt=255, grace_period=511, time_alive=  0
G_PERCEP PC=0xFFFFF33FDC2C, theta= 312, max bias=  55, baseline_comp=  0, stable_cnt=255, grace_period=511, time_alive=  0
G_PERCEP PC=0xFFFFF336E460, theta= 312, max bias=  37, baseline_comp=  0, stable_cnt=255, grace_period=511, time_alive=  0
L_PERCEP PC=0xFFFFF33FDC2C, theta= 261, max bias=  10, baseline_comp=  0, stable_cnt=255, grace_period=511, time_alive=  0
G_PERCEP PC=0xFFFFF33FDC2C, theta= 312, max bias=  35, baseline_comp=  0, stable_cnt=255, grace_period=511, time_alive=  0
G_PERCEP PC=0xFFFFF336E448, theta= 312, max bias=  53, baseline_comp=  0, stable_cnt=255, grace_period=511, time_alive=  0
L_PERCEP PC=0xFFFFF336E448, theta= 261, max bias=  14, baseline_comp=  0, stable_cnt=255, grace_period=511, time_alive=  0
5000000 instrs 
10000000 instrs 
L_PERCEP PC=0xFFFFF33FDC2C, theta= 261, max bias=   7, baseline_comp=  0, stable_cnt=255, grace_period=511, time_alive=  0
G_PERCEP PC=0xFFFFF33FDC2C, theta= 312, max bias=  33, baseline_comp=  0, stable_cnt=255, grace_period=511, time_alive=  0
G_PERCEP PC=0xFFFFF336E448, theta= 312, max bias=  57, baseline_comp=  0, stable_cnt=255, grace_period=511, time_alive=  0
L_PERCEP PC=0xFFFFD48A8CE0, theta= 261, max bias=   8, baseline_comp=  0, stable_cnt=255, grace_period=511, time_alive=  0
15000000 instrs 
G_PERCEP PC=0xFFFFD48A8CE0, theta= 296, max bias=  47, baseline_comp=  0, stable_cnt=255, grace_period=511, time_alive=  0
L_PERCEP PC=0xFFFFF336E448, theta= 261, max bias=  23, baseline_comp=  0, stable_cnt=255, grace_period=511, time_alive=  0
20000000 instrs 
L_PERCEP PC=0xFFFFF33FDC2C, theta= 261, max bias=   9, baseline_comp=  0, stable_cnt=255, grace_period=511, time_alive=  0
L_PERCEP PC=0xFFFFF33FDC20, theta= 261, max bias=  11, baseline_comp=  0, stable_cnt=255, grace_period=511, time_alive=  0
L_PERCEP PC=0xFFFFF31B88C0, theta= 261, max bias=   2, baseline_comp=  0, stable_cnt=  0, grace_period=  2, time_alive=65535
L_PERCEP PC=0xFFFFF336E448, theta= 261, max bias=   3, baseline_comp=  0, stable_cnt=255, grace_period=511, time_alive=  0
L_PERCEP PC=0xFFFFF33B8128, theta= 269, max bias=  25, baseline_comp=  0, stable_cnt=255, grace_period=511, time_alive=  0
L_PERCEP PC=0xFFFFF336E3B8, theta= 261, max bias=  21, baseline_comp=  0, stable_cnt=255, grace_period=511, time_alive=  0
25000000 instrs 
L_PERCEP PC=0xFFFFF302C134, theta= 253, max bias=  32, baseline_comp=  0, stable_cnt=  0, grace_period=511, time_alive=65535
L_PERCEP PC=0xFFFFF302C174, theta= 245, max bias=  22, baseline_comp=  0, stable_cnt= 37, grace_period=511, time_alive=65535
L_PERCEP PC=0xFFFFF3038FE4, theta= 261, max bias=  14, baseline_comp=  3, stable_cnt=  0, grace_period= 57, time_alive=65535
L_PERCEP PC=0xFFFFF30181C8, theta= 261, max bias=  13, baseline_comp=  0, stable_cnt=  0, grace_period=295, time_alive=65535
L_PERCEP PC=0xFFFFF2E0F558, theta= 261, max bias=   3, baseline_comp=  0, stable_cnt= 82, grace_period=511, time_alive=65535
G_PERCEP PC=0xFFFFF30181C8, theta= 312, max bias=  40, baseline_comp=  0, stable_cnt=255, grace_period=511, time_alive=  0
30000000 instrs 
G_PERCEP PC=0xFFFFF302C134, theta= 304, max bias=  28, baseline_comp=  0, stable_cnt=255, grace_period=511, time_alive=  0
G_PERCEP PC=0xFFFFF302C174, theta= 280, max bias=  50, baseline_comp=  0, stable_cnt=255, grace_period=511, time_alive=  0
G_PERCEP PC=0xFFFFF2E0F558, theta= 320, max bias=  42, baseline_comp=  0, stable_cnt=255, grace_period=511, time_alive=  0
35000000 instrs 
G_PERCEP PC=0xFFFFF33FDC20, theta= 312, max bias=  49, baseline_comp=  0, stable_cnt=255, grace_period=511, time_alive=  0
G_PERCEP PC=0xFFFFF33FDC2C, theta= 312, max bias=  40, baseline_comp=  0, stable_cnt=255, grace_period=511, time_alive=  0
G_PERCEP PC=0xFFFFF31B88C0, theta= 320, max bias=   2, baseline_comp=  0, stable_cnt=  0, grace_period=  2, time_alive=65535
G_PERCEP PC=0xFFFFF3242E60, theta= 304, max bias=  24, baseline_comp=  0, stable_cnt=255, grace_period=511, time_alive=  0
L_PERCEP PC=0xFFFFF3242E60, theta= 245, max bias=  13, baseline_comp=  0, stable_cnt=255, grace_period=511, time_alive=  0
G_PERCEP PC=0xFFFFF3242DE8, theta= 336, max bias=  27, baseline_comp=  0, stable_cnt=255, grace_period=511, time_alive=  0
G_PERCEP PC=0xFFFFF336E448, theta= 304, max bias=  56, baseline_comp=  0, stable_cnt=255, grace_period=511, time_alive=  0
40000000 instrs 
EOF
======== Predictor Memory ========
TAGE-SC-L (bits) = 1305275
TAGE-SC-L (KBytes) = 159.335327
H2P_ID_MEM_BITS = 19456
H2P_ID_MEM (KBytes) = 2.375000
L_PERCEP_MEM_BITS = 176320
L_PERCEP_MEM (KBytes) = 21.523438
G_PERCEP_MEM_BITS = 33184
G_PERCEP_MEM (KBytes) = 4.050781
Total Memory (bits) = 1534235
Total Memory (KBytes) = 187.284546
======== Runtime Statistics ========
COL h2p_insert_cnt = 63
COL h2p_with_tage = 5345048
COL h2p_with_lhist_percep = 58483
COL h2p_with_ghist_percep = 0
COL filtered_updates = 983
COL lhist_percep_evictions = 12
COL ghist_percep_evictions = 16
COL lhist_percep_stale_evictions = 6
COL ghist_percep_stale_evictions = 1
======== End of Statistics ========
WINDOW_SIZE = 1024
FETCH_WIDTH = 16
FETCH_NUM_BRANCH = 16
FETCH_STOP_AT_INDIRECT = 1
FETCH_STOP_AT_TAKEN = 1
FETCH_MODEL_ICACHE = 1
PERFECT_BRANCH_PRED = 0
PERFECT_INDIRECT_PRED = 1
PIPELINE_FILL_LATENCY = 10
NUM_LDST_LANES = 8
NUM_ALU_LANES = 16
MEMORY HIERARCHY CONFIGURATION---------------------
STRIDE Prefetcher = 1
PERFECT_CACHE = 0
WRITE_ALLOCATE = 1
Within-pipeline factors:
	AGEN latency = 1 cycle
	Store Queue (SQ): SQ size = window size, oracle memory disambiguation, store-load forwarding = 1 cycle after store's or load's agen.
	* Note: A store searches the L1$ at commit. The store is released
	* from the SQ and window, whether it hits or misses. Store misses
	* are buffered until the block is allocated and the store is
	* performed in the L1$. While buffered, conflicting loads get
	* the store's data as they would from the SQ.
I$: 128 KB, 8-way set-assoc., 64B block size
L1$: 128 KB, 8-way set-assoc., 64B block size, 3-cycle search latency
L2$: 4 MB, 8-way set-assoc., 64B block size, 12-cycle search latency
L3$: 32 MB, 16-way set-assoc., 128B block size, 50-cycle search latency
Main Memory: 150-cycle fixed search time
---------------------------STORE QUEUE MEASUREMENTS (Full Simulation i.e. Counts Not Reset When Warmup Ends)---------------------------
Number of loads: 11773286
Number of loads that miss in SQ: 9235236 (78.44%)
Number of PFs issued to the memory system 828562
---------------------------------------------------------------------------------------------------------------------------------------
------------------------MEMORY HIERARCHY MEASUREMENTS (Full Simulation i.e. Counts Not Reset When Warmup Ends)-------------------------
I$:
	accesses   = 45975180
	misses     = 168068
	miss ratio = 0.37%
	pf accesses   = 0
	pf misses     = 0
	pf miss ratio = nan%
L1$:
	accesses   = 18399025
	misses     = 81279
	miss ratio = 0.44%
	pf accesses   = 828562
	pf misses     = 12628
	pf miss ratio = 1.52%
L2$:
	accesses   = 249347
	misses     = 33748
	miss ratio = 13.53%
	pf accesses   = 12628
	pf misses     = 2623
	pf miss ratio = 20.77%
L3$:
	accesses   = 33748
	misses     = 19820
	miss ratio = 58.73%
	pf accesses   = 2623
	pf misses     = 1481
	pf miss ratio = 56.46%
---------------------------------------------------------------------------------------------------------------------------------------
----------------------------------------------Prefetcher (Full Simulation i.e. No Warmup)----------------------------------------------
Num Trainings :11773286
Num Prefetches generated :831443
Num Prefetches issued :1317124
Num Prefetches filtered by PF queue :22069
Num untimely prefetches dropped from PF queue :2881
Num prefetches not issued LDST contention :488562
Num prefetches not issued stride 0 :2600293
---------------------------------------------------------------------------------------------------------------------------------------

-------------------------------ILP LIMIT STUDY (Full Simulation i.e. Counts Not Reset When Warmup Ends)--------------------------------
instructions = 40000052
cycles       = 15404333
CycWP        = 5678914
IPC          = 2.5967

---------------------------------------------------------------------------------------------------------------------------------------

-----------------------------------------------BRANCH PREDICTION MEASUREMENTS (Full Simulation i.e. Counts Not Reset When Warmup Ends)----------------------------------------------
Type                   NumBr     MispBr        mr     mpki
CondDirect          5678944     235146   4.1407%   5.8786
JumpDirect          1392878          0   0.0000%   0.0000
JumpIndirect         189498          0   0.0000%   0.0000
JumpReturn           770164          0   0.0000%   0.0000
Not control        37943696          0   0.0000%   0.0000
------------------------------------------------------------------------------------------------------------------------------------------------------------------------------------

------------------------------------------------------DIRECT CONDITIONAL BRANCH PREDICTION MEASUREMENTS (Last 10M instructions)-----------------------------------------------------
       Instr       Cycles      IPC      NumBr     MispBr BrPerCyc MispBrPerCyc        MR     MPKI      CycWP   CycWPAvg   CycWPPKI
    10000052      2942213   3.3988    1488089      58295   0.5058       0.0198   3.9174%   5.8295    1422357    24.3993   142.2350
------------------------------------------------------------------------------------------------------------------------------------------------------------------------------------

------------------------------------------------------DIRECT CONDITIONAL BRANCH PREDICTION MEASUREMENTS (Last 25M instructions)-----------------------------------------------------
       Instr       Cycles      IPC      NumBr     MispBr BrPerCyc MispBrPerCyc        MR     MPKI      CycWP   CycWPAvg   CycWPPKI
    25000052      7728132   3.2349    3575027     132790   0.4626       0.0172   3.7144%   5.3116    3185564    23.9895   127.4223
-------------------------------------------------------------------------------------------------------------------------------------------------------------------------------------

---------------------------------------------------------DIRECT CONDITIONAL BRANCH PREDICTION MEASUREMENTS (50 Perc instructions)---------------------------------------------------
       Instr       Cycles      IPC      NumBr     MispBr BrPerCyc MispBrPerCyc        MR     MPKI      CycWP   CycWPAvg   CycWPPKI
    20000052      6059018   3.3009    2813189     103551   0.4643       0.0171   3.6809%   5.1775    2434421    23.5094   121.7207
------------------------------------------------------------------------------------------------------------------------------------------------------------------------------------

-------------------------------------DIRECT CONDITIONAL BRANCH PREDICTION MEASUREMENTS (Full Simulation i.e. Counts Not Reset When Warmup Ends)-------------------------------------
       Instr       Cycles      IPC      NumBr     MispBr BrPerCyc MispBrPerCyc        MR     MPKI      CycWP   CycWPAvg   CycWPPKI
    40000052     15404333   2.5967    5678944     235146   0.3687       0.0153   4.1407%   5.8786    5678914    24.1506   141.9727
------------------------------------------------------------------------------------------------------------------------------------------------------------------------------------
 Read 40000052 instrs 
G_PERCEP PC=0xFFFFF334AF4C, theta= 320, max bias=   0, baseline_comp=  0, stable_cnt=  0, grace_period=  0, time_alive=  9
G_PERCEP PC=0xFFFFF334AA24, theta= 320, max bias=  66, baseline_comp=  0, stable_cnt=  0, grace_period=439, time_alive=5267
G_PERCEP PC=0xFFFFF33B8CAC, theta= 320, max bias=  17, baseline_comp=  0, stable_cnt=  0, grace_period= 31, time_alive=669
G_PERCEP PC=0xFFFFF336930C, theta= 320, max bias=  19, baseline_comp=  3, stable_cnt=  0, grace_period=108, time_alive=6919
G_PERCEP PC=0xFFFFF33B88A4, theta= 320, max bias=  29, baseline_comp=  4, stable_cnt=  0, grace_period=402, time_alive=  0
G_PERCEP PC=0xFFFFF33B8750, theta= 320, max bias=  30, baseline_comp= 15, stable_cnt=  0, grace_period=511, time_alive=  3
G_PERCEP PC=0xFFFFF3242F50, theta= 320, max bias=  42, baseline_comp= 13, stable_cnt=  0, grace_period=511, time_alive=433
G_PERCEP PC=0xFFFFF33693D0, theta= 312, max bias=  48, baseline_comp=  3, stable_cnt=  0, grace_period=511, time_alive=6518
G_PERCEP PC=0xFFFFF336E3B8, theta= 312, max bias=  26, baseline_comp=  0, stable_cnt=  0, grace_period=242, time_alive=  1
G_PERCEP PC=0xFFFFF33FF20C, theta= 320, max bias=  15, baseline_comp=  0, stable_cnt=  0, grace_period=174, time_alive=  2
G_PERCEP PC=0xFFFFF3038FE4, theta= 304, max bias=  51, baseline_comp=  1, stable_cnt=  2, grace_period=511, time_alive=14943
G_PERCEP PC=0xFFFFF3237B5C, theta= 304, max bias=  32, baseline_comp=  2, stable_cnt=  0, grace_period=511, time_alive= 62
G_PERCEP PC=0xFFFFF33B8164, theta= 320, max bias=  17, baseline_comp=  0, stable_cnt= 10, grace_period=511, time_alive= 63
G_PERCEP PC=0xFFFFF33693E0, theta= 320, max bias=  53, baseline_comp=  3, stable_cnt=  0, grace_period=511, time_alive=6517
G_PERCEP PC=0xFFFFF33B8128, theta= 312, max bias=  55, baseline_comp=  5, stable_cnt=  0, grace_period=511, time_alive=  5
G_PERCEP PC=0xFFFFF33B813C, theta= 328, max bias=  35, baseline_comp=  0, stable_cnt=121, grace_period=511, time_alive= 64
L_PERCEP PC=0xFFFFF0FBAE64, theta= 261, max bias=  27, baseline_comp=  0, stable_cnt=  3, grace_period=511, time_alive=5146
L_PERCEP PC=0xFFFFF302C8B4, theta= 261, max bias=  28, baseline_comp=  2, stable_cnt=  0, grace_period=452, time_alive=20839
L_PERCEP PC=0xFFFFF30EB784, theta= 261, max bias=  28, baseline_comp=  0, stable_cnt=144, grace_period=511, time_alive=26036
L_PERCEP PC=0xFFFFF3429DCC, theta= 261, max bias=  23, baseline_comp=  0, stable_cnt=  0, grace_period=194, time_alive=29254
L_PERCEP PC=0xFFFFF3074548, theta= 261, max bias=   8, baseline_comp=  0, stable_cnt=  7, grace_period=511, time_alive=22816
L_PERCEP PC=0xFFFFF342976C, theta= 261, max bias=  25, baseline_comp=  5, stable_cnt=  0, grace_period=216, time_alive=29296
L_PERCEP PC=0xFFFFF302F224, theta= 261, max bias=  25, baseline_comp=  3, stable_cnt=  0, grace_period=511, time_alive=21867
L_PERCEP PC=0xFFFFF34403F8, theta= 261, max bias=  15, baseline_comp=  0, stable_cnt=  0, grace_period=511, time_alive=14123
L_PERCEP PC=0xFFFFF302F20C, theta= 261, max bias=  28, baseline_comp=  3, stable_cnt=  0, grace_period=511, time_alive=21868
L_PERCEP PC=0xFFFFF34401AC, theta= 261, max bias=  29, baseline_comp=  3, stable_cnt=  0, grace_period=511, time_alive=14122
L_PERCEP PC=0xFFFFF30EB79C, theta= 261, max bias=  18, baseline_comp=  0, stable_cnt=  0, grace_period=266, time_alive=26034
L_PERCEP PC=0xFFFFF3429DEC, theta= 261, max bias=  29, baseline_comp=  0, stable_cnt=  0, grace_period=233, time_alive=29256
L_PERCEP PC=0xFFFFF3237B58, theta= 261, max bias=  18, baseline_comp= 15, stable_cnt=  0, grace_period=511, time_alive=103
L_PERCEP PC=0xFFFFF3242E88, theta= 253, max bias=  13, baseline_comp=  0, stable_cnt=  8, grace_period=511, time_alive=424
L_PERCEP PC=0xFFFFF334AF4C, theta= 261, max bias=  22, baseline_comp=  0, stable_cnt=171, grace_period=511, time_alive=684
L_PERCEP PC=0xFFFFF3237B5C, theta= 277, max bias=  18, baseline_comp= 10, stable_cnt=  0, grace_period=511, time_alive=102
L_PERCEP PC=0xFFFFF34403E8, theta= 261, max bias=  10, baseline_comp=  1, stable_cnt=  0, grace_period=504, time_alive=14124
L_PERCEP PC=0xFFFFF334AA24, theta= 261, max bias=  38, baseline_comp=  5, stable_cnt=  0, grace_period=511, time_alive=5578
L_PERCEP PC=0xFFFFF33B87A4, theta= 261, max bias=  21, baseline_comp= 18, stable_cnt=  0, grace_period=511, time_alive= 34
L_PERCEP PC=0xFFFFF3242FEC, theta= 261, max bias=   1, baseline_comp=  0, stable_cnt=  0, grace_period=  7, time_alive=419
L_PERCEP PC=0xFFFFF33B8CAC, theta= 261, max bias=  22, baseline_comp=  7, stable_cnt=  0, grace_period=511, time_alive=685
L_PERCEP PC=0xFFFFF33B8750, theta= 261, max bias=  25, baseline_comp= 16, stable_cnt=  0, grace_period=511, time_alive= 33
L_PERCEP PC=0xFFFFF336930C, theta= 261, max bias=  13, baseline_comp=  0, stable_cnt= 25, grace_period=511, time_alive=7486
L_PERCEP PC=0xFFFFF33B88A4, theta= 253, max bias=  24, baseline_comp=  9, stable_cnt=  0, grace_period=511, time_alive=  0
L_PERCEP PC=0xFFFFF3242F50, theta= 261, max bias=  33, baseline_comp=  6, stable_cnt=  0, grace_period=511, time_alive=495
L_PERCEP PC=0xFFFFF33B813C, theta= 253, max bias=  25, baseline_comp=  0, stable_cnt= 24, grace_period=511, time_alive=105
L_PERCEP PC=0xFFFFF33FF20C, theta= 261, max bias=  18, baseline_comp=  1, stable_cnt=  0, grace_period=511, time_alive= 32
L_PERCEP PC=0xFFFFF33693D0, theta= 245, max bias=  14, baseline_comp=  2, stable_cnt=  0, grace_period=511, time_alive=7085
L_PERCEP PC=0xFFFFF33B8164, theta= 277, max bias=  26, baseline_comp=  0, stable_cnt= 36, grace_period=511, time_alive=104
L_PERCEP PC=0xFFFFF336E460, theta= 149, max bias=  38, baseline_comp=  1, stable_cnt=  0, grace_period=511, time_alive=  1
L_PERCEP PC=0xFFFFF3242DE8, theta= 229, max bias=  33, baseline_comp=  0, stable_cnt= 30, grace_period=511, time_alive=421
L_PERCEP PC=0xFFFFF33693E0, theta= 253, max bias=  18, baseline_comp=  0, stable_cnt=  7, grace_period=511, time_alive=7084

ExecTime = 378.9668998718262
