CMD:./cbp traces/int/int_28_trace.gz
MPP history size: 5.71814 KB
TAGE-SC-L size: 64 KB
Bloom filter size 24 KB
number of bits left is 774129 bits
we can afford 133122 entries total
32 IMLI counter bits
27 x 16 = 432 global path bits
95 total modulo history bits
1648 total modulo path bits
34 x 1280 = 43520 total local history bits
56 x 16 = 896 total recency bits
189 total blurry path bits
23 total acyclic bits
8 bits for theta
leaving 2 entries on the table
1 table of 2048 6-bit entries
32 tables of 4096 6-bit entries
5000000 instrs 
10000000 instrs 
15000000 instrs 
20000000 instrs 
25000000 instrs 
30000000 instrs 
35000000 instrs 
40000000 instrs 
EOF
WINDOW_SIZE = 1024
FETCH_WIDTH = 16
FETCH_NUM_BRANCH = 16
FETCH_STOP_AT_INDIRECT = 1
FETCH_STOP_AT_TAKEN = 1
FETCH_MODEL_ICACHE = 1
PERFECT_BRANCH_PRED = 0
PERFECT_INDIRECT_PRED = 1
PIPELINE_FILL_LATENCY = 10
NUM_LDST_LANES = 8
NUM_ALU_LANES = 16
MEMORY HIERARCHY CONFIGURATION---------------------
STRIDE Prefetcher = 1
PERFECT_CACHE = 0
WRITE_ALLOCATE = 1
Within-pipeline factors:
	AGEN latency = 1 cycle
	Store Queue (SQ): SQ size = window size, oracle memory disambiguation, store-load forwarding = 1 cycle after store's or load's agen.
	* Note: A store searches the L1$ at commit. The store is released
	* from the SQ and window, whether it hits or misses. Store misses
	* are buffered until the block is allocated and the store is
	* performed in the L1$. While buffered, conflicting loads get
	* the store's data as they would from the SQ.
I$: 128 KB, 8-way set-assoc., 64B block size
L1$: 128 KB, 8-way set-assoc., 64B block size, 3-cycle search latency
L2$: 4 MB, 8-way set-assoc., 64B block size, 12-cycle search latency
L3$: 32 MB, 16-way set-assoc., 128B block size, 50-cycle search latency
Main Memory: 150-cycle fixed search time
---------------------------STORE QUEUE MEASUREMENTS (Full Simulation i.e. Counts Not Reset When Warmup Ends)---------------------------
Number of loads: 8116040
Number of loads that miss in SQ: 7119812 (87.73%)
Number of PFs issued to the memory system 572522
---------------------------------------------------------------------------------------------------------------------------------------
------------------------MEMORY HIERARCHY MEASUREMENTS (Full Simulation i.e. Counts Not Reset When Warmup Ends)-------------------------
I$:
	accesses   = 43172190
	misses     = 580
	miss ratio = 0.00%
	pf accesses   = 0
	pf misses     = 0
	pf miss ratio = nan%
L1$:
	accesses   = 10986844
	misses     = 19137
	miss ratio = 0.17%
	pf accesses   = 572522
	pf misses     = 764
	pf miss ratio = 0.13%
L2$:
	accesses   = 19717
	misses     = 17752
	miss ratio = 90.03%
	pf accesses   = 764
	pf misses     = 314
	pf miss ratio = 41.10%
L3$:
	accesses   = 17752
	misses     = 14036
	miss ratio = 79.07%
	pf accesses   = 314
	pf misses     = 179
	pf miss ratio = 57.01%
---------------------------------------------------------------------------------------------------------------------------------------
----------------------------------------------Prefetcher (Full Simulation i.e. No Warmup)----------------------------------------------
Num Trainings :8116040
Num Prefetches generated :572823
Num Prefetches issued :687546
Num Prefetches filtered by PF queue :9040
Num untimely prefetches dropped from PF queue :301
Num prefetches not issued LDST contention :115024
Num prefetches not issued stride 0 :3273570
---------------------------------------------------------------------------------------------------------------------------------------

-------------------------------ILP LIMIT STUDY (Full Simulation i.e. Counts Not Reset When Warmup Ends)--------------------------------
instructions = 40000052
cycles       = 8156665
CycWP        = 3338976
IPC          = 4.9040

---------------------------------------------------------------------------------------------------------------------------------------

-----------------------------------------------BRANCH PREDICTION MEASUREMENTS (Full Simulation i.e. Counts Not Reset When Warmup Ends)----------------------------------------------
Type                   NumBr     MispBr        mr     mpki
CondDirect          4006233     126477   3.1570%   3.1619
JumpDirect           593656          0   0.0000%   0.0000
JumpIndirect          32654          0   0.0000%   0.0000
JumpReturn           196526          0   0.0000%   0.0000
Not control        38343121          0   0.0000%   0.0000
------------------------------------------------------------------------------------------------------------------------------------------------------------------------------------

------------------------------------------------------DIRECT CONDITIONAL BRANCH PREDICTION MEASUREMENTS (Last 10M instructions)-----------------------------------------------------
       Instr       Cycles      IPC      NumBr     MispBr BrPerCyc MispBrPerCyc        MR     MPKI      CycWP   CycWPAvg   CycWPPKI
    10000052      1991201   5.0221     975316      29673   0.4898       0.0149   3.0424%   2.9673     801777    27.0204    80.1773
------------------------------------------------------------------------------------------------------------------------------------------------------------------------------------

------------------------------------------------------DIRECT CONDITIONAL BRANCH PREDICTION MEASUREMENTS (Last 25M instructions)-----------------------------------------------------
       Instr       Cycles      IPC      NumBr     MispBr BrPerCyc MispBrPerCyc        MR     MPKI      CycWP   CycWPAvg   CycWPPKI
    25000052      4960545   5.0398    2497662      73525   0.5035       0.0148   2.9438%   2.9410    1991670    27.0883    79.6666
-------------------------------------------------------------------------------------------------------------------------------------------------------------------------------------

---------------------------------------------------------DIRECT CONDITIONAL BRANCH PREDICTION MEASUREMENTS (50 Perc instructions)---------------------------------------------------
       Instr       Cycles      IPC      NumBr     MispBr BrPerCyc MispBrPerCyc        MR     MPKI      CycWP   CycWPAvg   CycWPPKI
    20000052      3959723   5.0509    1994428      58479   0.5037       0.0148   2.9321%   2.9239    1582280    27.0572    79.1138
------------------------------------------------------------------------------------------------------------------------------------------------------------------------------------

-------------------------------------DIRECT CONDITIONAL BRANCH PREDICTION MEASUREMENTS (Full Simulation i.e. Counts Not Reset When Warmup Ends)-------------------------------------
       Instr       Cycles      IPC      NumBr     MispBr BrPerCyc MispBrPerCyc        MR     MPKI      CycWP   CycWPAvg   CycWPPKI
    40000052      8156665   4.9040    4006233     126477   0.4912       0.0155   3.1570%   3.1619    3338976    26.3999    83.4743
------------------------------------------------------------------------------------------------------------------------------------------------------------------------------------
 Read 40000052 instrs 

ExecTime = 340.7636420726776
