CMD:./cbp traces/compress/compress_4_trace.gz
L_PERCEP PC=0xFFFFDFE325BC, theta= 261, max bias=   9, baseline_comp=  0, stable_cnt=255, grace_period=511, time_alive=  0
G_PERCEP PC=0xFFFFDFE325BC, theta= 320, max bias=  13, baseline_comp=  0, stable_cnt=255, grace_period=511, time_alive=  0
L_PERCEP PC=0xFFFFDFE325BC, theta= 261, max bias=  11, baseline_comp=  0, stable_cnt=255, grace_period=511, time_alive=  0
G_PERCEP PC=0xFFFFDFE325BC, theta= 320, max bias=  12, baseline_comp=  0, stable_cnt=255, grace_period=511, time_alive=  0
L_PERCEP PC=0xFFFFDFE325BC, theta= 261, max bias=   3, baseline_comp=  0, stable_cnt=255, grace_period=511, time_alive=  0
G_PERCEP PC=0xFFFFDFE325BC, theta= 320, max bias=  12, baseline_comp=  0, stable_cnt=255, grace_period=511, time_alive=  0
L_PERCEP PC=0xFFFFDFE325BC, theta= 261, max bias=   7, baseline_comp=  0, stable_cnt=255, grace_period=511, time_alive=  0
G_PERCEP PC=0xFFFFDFE325BC, theta= 320, max bias=  20, baseline_comp=  0, stable_cnt=255, grace_period=511, time_alive=  0
5000000 instrs 
G_PERCEP PC=0xFFFFDFE32494, theta= 320, max bias=  25, baseline_comp=  0, stable_cnt=255, grace_period=511, time_alive=  0
L_PERCEP PC=0xFFFFDFE325BC, theta= 269, max bias=  19, baseline_comp=  0, stable_cnt=255, grace_period=511, time_alive=  0
G_PERCEP PC=0xFFFFDFE325BC, theta= 328, max bias=  16, baseline_comp=  0, stable_cnt=255, grace_period=511, time_alive=  0
G_PERCEP PC=0xFFFFDFE325AC, theta= 320, max bias=  21, baseline_comp=  0, stable_cnt=255, grace_period=511, time_alive=  0
G_PERCEP PC=0xFFFFDFE325DC, theta= 312, max bias=  51, baseline_comp=  0, stable_cnt=255, grace_period=511, time_alive=  0
L_PERCEP PC=0xFFFFDFE32484, theta= 253, max bias=  25, baseline_comp=  0, stable_cnt=255, grace_period=511, time_alive=  0
L_PERCEP PC=0xFFFFDFE325BC, theta= 261, max bias=  11, baseline_comp=  0, stable_cnt=255, grace_period=511, time_alive=  0
G_PERCEP PC=0xFFFFDFE325BC, theta= 320, max bias=  14, baseline_comp=  0, stable_cnt=255, grace_period=511, time_alive=  0
L_PERCEP PC=0xFFFFDFE31DE0, theta= 261, max bias=  25, baseline_comp=  0, stable_cnt=255, grace_period=511, time_alive=  0
G_PERCEP PC=0xFFFFDFE31DE0, theta= 320, max bias=  62, baseline_comp=  0, stable_cnt=255, grace_period=511, time_alive=  0
L_PERCEP PC=0xFFFFDFE325BC, theta= 261, max bias=  13, baseline_comp=  0, stable_cnt=255, grace_period=511, time_alive=  0
G_PERCEP PC=0xFFFFDFE325BC, theta= 320, max bias=  22, baseline_comp=  0, stable_cnt=255, grace_period=511, time_alive=  0
L_PERCEP PC=0xFFFFDFE325BC, theta= 261, max bias=   7, baseline_comp=  0, stable_cnt=255, grace_period=511, time_alive=  0
G_PERCEP PC=0xFFFFDFE325BC, theta= 320, max bias=  20, baseline_comp=  0, stable_cnt=255, grace_period=511, time_alive=  0
L_PERCEP PC=0xFFFFDFE325BC, theta= 261, max bias=  13, baseline_comp=  0, stable_cnt=255, grace_period=511, time_alive=  0
G_PERCEP PC=0xFFFFDFE325BC, theta= 320, max bias=  21, baseline_comp=  0, stable_cnt=255, grace_period=511, time_alive=  0
10000000 instrs 
L_PERCEP PC=0xFFFFDFE325BC, theta= 261, max bias=   5, baseline_comp=  0, stable_cnt=255, grace_period=511, time_alive=  0
G_PERCEP PC=0xFFFFDFE325BC, theta= 320, max bias=  21, baseline_comp=  0, stable_cnt=255, grace_period=511, time_alive=  0
G_PERCEP PC=0xFFFFDFE32454, theta= 416, max bias=  53, baseline_comp=  0, stable_cnt=255, grace_period=511, time_alive=  0
L_PERCEP PC=0xFFFFDFE325BC, theta= 261, max bias=   3, baseline_comp=  0, stable_cnt=255, grace_period=511, time_alive=  0
G_PERCEP PC=0xFFFFDFE325BC, theta= 320, max bias=  14, baseline_comp=  0, stable_cnt=255, grace_period=511, time_alive=  0
L_PERCEP PC=0xFFFFDFE325BC, theta= 261, max bias=   6, baseline_comp=  0, stable_cnt=255, grace_period=511, time_alive=  0
G_PERCEP PC=0xFFFFDFE325BC, theta= 320, max bias=  14, baseline_comp=  0, stable_cnt=255, grace_period=511, time_alive=  0
L_PERCEP PC=0xFFFFDFE31DD4, theta= 261, max bias=   9, baseline_comp=  0, stable_cnt=255, grace_period=511, time_alive=  0
G_PERCEP PC=0xFFFFDFE31DD4, theta= 320, max bias=  55, baseline_comp=  0, stable_cnt=255, grace_period=511, time_alive=  0
L_PERCEP PC=0xFFFFDFE325BC, theta= 261, max bias=   1, baseline_comp=  0, stable_cnt=255, grace_period=511, time_alive=  0
G_PERCEP PC=0xFFFFDFE325BC, theta= 320, max bias=  12, baseline_comp=  0, stable_cnt=255, grace_period=511, time_alive=  0
L_PERCEP PC=0xFFFFDFE325BC, theta= 261, max bias=   4, baseline_comp=  0, stable_cnt=255, grace_period=511, time_alive=  0
G_PERCEP PC=0xFFFFDFE325BC, theta= 320, max bias=   9, baseline_comp=  0, stable_cnt=255, grace_period=511, time_alive=  0
L_PERCEP PC=0xFFFFDFE325BC, theta= 261, max bias=   2, baseline_comp=  0, stable_cnt=255, grace_period=511, time_alive=  0
G_PERCEP PC=0xFFFFDFE325BC, theta= 320, max bias=  11, baseline_comp=  0, stable_cnt=255, grace_period=511, time_alive=  0
15000000 instrs 
L_PERCEP PC=0xFFFFDFE325BC, theta= 261, max bias=   7, baseline_comp=  0, stable_cnt=255, grace_period=511, time_alive=  0
G_PERCEP PC=0xFFFFDFE325BC, theta= 320, max bias=  15, baseline_comp=  0, stable_cnt=255, grace_period=511, time_alive=  0
L_PERCEP PC=0xFFFFDFE325BC, theta= 261, max bias=   2, baseline_comp=  0, stable_cnt=255, grace_period=511, time_alive=  0
G_PERCEP PC=0xFFFFDFE325BC, theta= 320, max bias=  13, baseline_comp=  0, stable_cnt=255, grace_period=511, time_alive=  0
L_PERCEP PC=0xFFFFDFE325BC, theta= 261, max bias=   4, baseline_comp=  0, stable_cnt=255, grace_period=511, time_alive=  0
G_PERCEP PC=0xFFFFDFE325BC, theta= 320, max bias=   7, baseline_comp=  0, stable_cnt=255, grace_period=511, time_alive=  0
G_PERCEP PC=0xFFFFDFE32484, theta= 312, max bias=  50, baseline_comp=  0, stable_cnt=255, grace_period=511, time_alive=  0
L_PERCEP PC=0xFFFFDFE32494, theta= 261, max bias=  24, baseline_comp=  0, stable_cnt=255, grace_period=511, time_alive=  0
G_PERCEP PC=0xFFFFDFE31DE0, theta= 320, max bias=  49, baseline_comp=  0, stable_cnt=255, grace_period=511, time_alive=  0
L_PERCEP PC=0xFFFFDFE31DE0, theta= 261, max bias=   5, baseline_comp=  0, stable_cnt=255, grace_period=511, time_alive=  0
20000000 instrs 
L_PERCEP PC=0xFFFFDFE325BC, theta= 261, max bias=   5, baseline_comp=  0, stable_cnt=255, grace_period=511, time_alive=  0
G_PERCEP PC=0xFFFFDFE325BC, theta= 320, max bias=  13, baseline_comp=  0, stable_cnt=255, grace_period=511, time_alive=  0
L_PERCEP PC=0xFFFFDFE3293C, theta= 261, max bias=  25, baseline_comp=  2, stable_cnt=  0, grace_period=511, time_alive=65535
L_PERCEP PC=0xFFFFDFE325BC, theta= 261, max bias=   1, baseline_comp=  0, stable_cnt=255, grace_period=511, time_alive=  0
G_PERCEP PC=0xFFFFDFE325BC, theta= 320, max bias=  12, baseline_comp=  0, stable_cnt=255, grace_period=511, time_alive=  0
25000000 instrs 
L_PERCEP PC=0xFFFFDFE31DE0, theta= 261, max bias=   4, baseline_comp=  0, stable_cnt=255, grace_period=511, time_alive=  0
G_PERCEP PC=0xFFFFDFE31DE0, theta= 320, max bias=  65, baseline_comp=  0, stable_cnt=255, grace_period=511, time_alive=  0
L_PERCEP PC=0xFFFFDFE325BC, theta= 261, max bias=  14, baseline_comp=  0, stable_cnt=255, grace_period=511, time_alive=  0
G_PERCEP PC=0xFFFFDFE325BC, theta= 320, max bias=   4, baseline_comp=  0, stable_cnt=255, grace_period=511, time_alive=  0
L_PERCEP PC=0xFFFFDFE32484, theta= 261, max bias=  10, baseline_comp=  0, stable_cnt=255, grace_period=511, time_alive=  0
G_PERCEP PC=0xFFFFDFE32484, theta= 320, max bias=  13, baseline_comp=  0, stable_cnt=255, grace_period=511, time_alive=  0
L_PERCEP PC=0xFFFFDFE32494, theta= 261, max bias=   4, baseline_comp=  0, stable_cnt=255, grace_period=511, time_alive=  0
G_PERCEP PC=0xFFFFDFE325BC, theta= 312, max bias=   5, baseline_comp=  0, stable_cnt=255, grace_period=511, time_alive=  0
G_PERCEP PC=0xFFFFDFE32484, theta= 320, max bias=  18, baseline_comp=  0, stable_cnt=255, grace_period=511, time_alive=  0
L_PERCEP PC=0xFFFFDFE32484, theta= 261, max bias=  11, baseline_comp=  0, stable_cnt=255, grace_period=511, time_alive=  0
L_PERCEP PC=0xFFFFDFE325BC, theta= 261, max bias=   0, baseline_comp=  0, stable_cnt=255, grace_period=511, time_alive=  0
L_PERCEP PC=0xFFFFDFE32454, theta= 277, max bias=  40, baseline_comp=  0, stable_cnt=255, grace_period=511, time_alive=  0
L_PERCEP PC=0xFFFFDFE32484, theta= 261, max bias=   9, baseline_comp=  0, stable_cnt=255, grace_period=511, time_alive=  0
G_PERCEP PC=0xFFFFDFE325BC, theta= 320, max bias=   5, baseline_comp=  0, stable_cnt=255, grace_period=511, time_alive=  0
L_PERCEP PC=0xFFFFDFE325BC, theta= 261, max bias=   9, baseline_comp=  0, stable_cnt=255, grace_period=511, time_alive=  0
L_PERCEP PC=0xFFFF8000101B6C1C, theta= 261, max bias=  21, baseline_comp=  0, stable_cnt=255, grace_period=511, time_alive=  0
G_PERCEP PC=0xFFFF8000101B6C1C, theta= 320, max bias=  16, baseline_comp=  0, stable_cnt=255, grace_period=511, time_alive=  0
L_PERCEP PC=0xFFFFDFE32454, theta= 261, max bias=  16, baseline_comp=  0, stable_cnt=255, grace_period=511, time_alive=  0
G_PERCEP PC=0xFFFFDFE32454, theta= 320, max bias=  28, baseline_comp=  0, stable_cnt=255, grace_period=511, time_alive=  0
L_PERCEP PC=0xFFFFDFE325AC, theta= 253, max bias=  51, baseline_comp=  0, stable_cnt=255, grace_period=511, time_alive=  0
L_PERCEP PC=0xFFFFDFE325BC, theta= 261, max bias=   7, baseline_comp=  0, stable_cnt=255, grace_period=511, time_alive=  0
G_PERCEP PC=0xFFFFDFE325BC, theta= 312, max bias=   8, baseline_comp=  0, stable_cnt=255, grace_period=511, time_alive=  0
G_PERCEP PC=0xFFFFDFE32484, theta= 320, max bias=  21, baseline_comp=  0, stable_cnt=255, grace_period=511, time_alive=  0
L_PERCEP PC=0xFFFFDFE32454, theta= 261, max bias=   7, baseline_comp=  0, stable_cnt=255, grace_period=511, time_alive=  0
L_PERCEP PC=0xFFFFDFE32484, theta= 261, max bias=  10, baseline_comp=  0, stable_cnt=255, grace_period=511, time_alive=  0
G_PERCEP PC=0xFFFFDFE325BC, theta= 312, max bias=   6, baseline_comp=  0, stable_cnt=255, grace_period=511, time_alive=  0
G_PERCEP PC=0xFFFFDFE32484, theta= 320, max bias=  24, baseline_comp=  0, stable_cnt=255, grace_period=511, time_alive=  0
G_PERCEP PC=0xFFFFDFE32454, theta= 312, max bias=  33, baseline_comp=  0, stable_cnt=255, grace_period=511, time_alive=  0
L_PERCEP PC=0xFFFFDFE325BC, theta= 277, max bias=   2, baseline_comp=  0, stable_cnt=255, grace_period=511, time_alive=  0
G_PERCEP PC=0xFFFFDFE32484, theta= 320, max bias=  18, baseline_comp=  0, stable_cnt=255, grace_period=511, time_alive=  0
L_PERCEP PC=0xFFFFDFE32484, theta= 261, max bias=   8, baseline_comp=  0, stable_cnt=255, grace_period=511, time_alive=  0
30000000 instrs 
G_PERCEP PC=0xFFFFDFE32454, theta= 320, max bias=  27, baseline_comp=  0, stable_cnt=255, grace_period=511, time_alive=  0
L_PERCEP PC=0xFFFFDFE32454, theta= 261, max bias=  11, baseline_comp=  0, stable_cnt=255, grace_period=511, time_alive=  0
L_PERCEP PC=0xFFFFDFE32484, theta= 261, max bias=   7, baseline_comp=  0, stable_cnt=255, grace_period=511, time_alive=  0
G_PERCEP PC=0xFFFFDFE325BC, theta= 296, max bias=   8, baseline_comp=  0, stable_cnt=255, grace_period=511, time_alive=  0
G_PERCEP PC=0xFFFFDFE32484, theta= 320, max bias=  25, baseline_comp=  0, stable_cnt=255, grace_period=511, time_alive=  0
L_PERCEP PC=0xFFFFDFE32454, theta= 261, max bias=   7, baseline_comp=  0, stable_cnt=255, grace_period=511, time_alive=  0
L_PERCEP PC=0xFFFFDFE325AC, theta= 261, max bias=   4, baseline_comp=  0, stable_cnt=255, grace_period=511, time_alive=  0
G_PERCEP PC=0xFFFFDFE325AC, theta= 320, max bias=  19, baseline_comp=  0, stable_cnt=255, grace_period=511, time_alive=  0
EOF
======== Predictor Memory ========
TAGE-SC-L (bits) = 1305275
TAGE-SC-L (KBytes) = 159.335327
H2P_ID_MEM_BITS = 19456
H2P_ID_MEM (KBytes) = 2.375000
L_PERCEP_MEM_BITS = 176320
L_PERCEP_MEM (KBytes) = 21.523438
G_PERCEP_MEM_BITS = 33184
G_PERCEP_MEM (KBytes) = 4.050781
Total Memory (bits) = 1534235
Total Memory (KBytes) = 187.284546
======== Runtime Statistics ========
COL h2p_insert_cnt = 57
COL h2p_with_tage = 3465529
COL h2p_with_lhist_percep = 5273
COL h2p_with_ghist_percep = 0
COL filtered_updates = 0
COL lhist_percep_evictions = 46
COL ghist_percep_evictions = 46
COL lhist_percep_stale_evictions = 1
COL ghist_percep_stale_evictions = 0
======== End of Statistics ========
WINDOW_SIZE = 1024
FETCH_WIDTH = 16
FETCH_NUM_BRANCH = 16
FETCH_STOP_AT_INDIRECT = 1
FETCH_STOP_AT_TAKEN = 1
FETCH_MODEL_ICACHE = 1
PERFECT_BRANCH_PRED = 0
PERFECT_INDIRECT_PRED = 1
PIPELINE_FILL_LATENCY = 10
NUM_LDST_LANES = 8
NUM_ALU_LANES = 16
MEMORY HIERARCHY CONFIGURATION---------------------
STRIDE Prefetcher = 1
PERFECT_CACHE = 0
WRITE_ALLOCATE = 1
Within-pipeline factors:
	AGEN latency = 1 cycle
	Store Queue (SQ): SQ size = window size, oracle memory disambiguation, store-load forwarding = 1 cycle after store's or load's agen.
	* Note: A store searches the L1$ at commit. The store is released
	* from the SQ and window, whether it hits or misses. Store misses
	* are buffered until the block is allocated and the store is
	* performed in the L1$. While buffered, conflicting loads get
	* the store's data as they would from the SQ.
I$: 128 KB, 8-way set-assoc., 64B block size
L1$: 128 KB, 8-way set-assoc., 64B block size, 3-cycle search latency
L2$: 4 MB, 8-way set-assoc., 64B block size, 12-cycle search latency
L3$: 32 MB, 16-way set-assoc., 128B block size, 50-cycle search latency
Main Memory: 150-cycle fixed search time
---------------------------STORE QUEUE MEASUREMENTS (Full Simulation i.e. Counts Not Reset When Warmup Ends)---------------------------
Number of loads: 6605227
Number of loads that miss in SQ: 5253187 (79.53%)
Number of PFs issued to the memory system 774940
---------------------------------------------------------------------------------------------------------------------------------------
------------------------MEMORY HIERARCHY MEASUREMENTS (Full Simulation i.e. Counts Not Reset When Warmup Ends)-------------------------
I$:
	accesses   = 34368227
	misses     = 5585
	miss ratio = 0.02%
	pf accesses   = 0
	pf misses     = 0
	pf miss ratio = nan%
L1$:
	accesses   = 11236884
	misses     = 328702
	miss ratio = 2.93%
	pf accesses   = 774940
	pf misses     = 54461
	pf miss ratio = 7.03%
L2$:
	accesses   = 334287
	misses     = 122548
	miss ratio = 36.66%
	pf accesses   = 54461
	pf misses     = 1682
	pf miss ratio = 3.09%
L3$:
	accesses   = 122548
	misses     = 61254
	miss ratio = 49.98%
	pf accesses   = 1682
	pf misses     = 430
	pf miss ratio = 25.56%
---------------------------------------------------------------------------------------------------------------------------------------
----------------------------------------------Prefetcher (Full Simulation i.e. No Warmup)----------------------------------------------
Num Trainings :6605227
Num Prefetches generated :822287
Num Prefetches issued :2148779
Num Prefetches filtered by PF queue :353377
Num untimely prefetches dropped from PF queue :47347
Num prefetches not issued LDST contention :1373839
Num prefetches not issued stride 0 :1793013
---------------------------------------------------------------------------------------------------------------------------------------

-------------------------------ILP LIMIT STUDY (Full Simulation i.e. Counts Not Reset When Warmup Ends)--------------------------------
instructions = 31160801
cycles       = 6563668
CycWP        = 1446223
IPC          = 4.7475

---------------------------------------------------------------------------------------------------------------------------------------

-----------------------------------------------BRANCH PREDICTION MEASUREMENTS (Full Simulation i.e. Counts Not Reset When Warmup Ends)----------------------------------------------
Type                   NumBr     MispBr        mr     mpki
CondDirect          3496423      55927   1.5995%   1.7948
JumpDirect           489322          0   0.0000%   0.0000
JumpIndirect           8416          0   0.0000%   0.0000
JumpReturn           152903          0   0.0000%   0.0000
Not control        30221163          0   0.0000%   0.0000
------------------------------------------------------------------------------------------------------------------------------------------------------------------------------------

------------------------------------------------------DIRECT CONDITIONAL BRANCH PREDICTION MEASUREMENTS (Last 10M instructions)-----------------------------------------------------
       Instr       Cycles      IPC      NumBr     MispBr BrPerCyc MispBrPerCyc        MR     MPKI      CycWP   CycWPAvg   CycWPPKI
    10160801      2031131   5.0025    1112582      22468   0.5478       0.0111   2.0194%   2.2112     502563    22.3679    49.4610
------------------------------------------------------------------------------------------------------------------------------------------------------------------------------------

------------------------------------------------------DIRECT CONDITIONAL BRANCH PREDICTION MEASUREMENTS (Last 25M instructions)-----------------------------------------------------
       Instr       Cycles      IPC      NumBr     MispBr BrPerCyc MispBrPerCyc        MR     MPKI      CycWP   CycWPAvg   CycWPPKI
    25160801      4834534   5.2044    2833991      46156   0.5862       0.0095   1.6287%   1.8344    1114415    24.1445    44.2917
-------------------------------------------------------------------------------------------------------------------------------------------------------------------------------------

---------------------------------------------------------DIRECT CONDITIONAL BRANCH PREDICTION MEASUREMENTS (50 Perc instructions)---------------------------------------------------
       Instr       Cycles      IPC      NumBr     MispBr BrPerCyc MispBrPerCyc        MR     MPKI      CycWP   CycWPAvg   CycWPPKI
    16160801      3004711   5.3785    1816226      26849   0.6045       0.0089   1.4783%   1.6614     647087    24.1010    40.0405
------------------------------------------------------------------------------------------------------------------------------------------------------------------------------------

-------------------------------------DIRECT CONDITIONAL BRANCH PREDICTION MEASUREMENTS (Full Simulation i.e. Counts Not Reset When Warmup Ends)-------------------------------------
       Instr       Cycles      IPC      NumBr     MispBr BrPerCyc MispBrPerCyc        MR     MPKI      CycWP   CycWPAvg   CycWPPKI
    31160801      6563668   4.7475    3496423      55927   0.5327       0.0085   1.5995%   1.7948    1446223    25.8591    46.4116
------------------------------------------------------------------------------------------------------------------------------------------------------------------------------------
 Read 31160801 instrs 
G_PERCEP PC=0xFFFFDFE329D4, theta= 320, max bias=  12, baseline_comp=  8, stable_cnt=  0, grace_period=511, time_alive=255
G_PERCEP PC=0xFFFFDFE31D40, theta= 320, max bias=  23, baseline_comp= 16, stable_cnt=  0, grace_period=511, time_alive=17386
G_PERCEP PC=0xFFFFDFE3293C, theta= 312, max bias=  53, baseline_comp=  0, stable_cnt= 76, grace_period=511, time_alive=820
G_PERCEP PC=0xFFFFDFE32454, theta= 320, max bias=  17, baseline_comp=  1, stable_cnt=  0, grace_period=511, time_alive=  1
G_PERCEP PC=0xFFFFDFE329B8, theta= 320, max bias=  15, baseline_comp=  0, stable_cnt=  0, grace_period=151, time_alive=256
G_PERCEP PC=0xFFFFDFDA6F2C, theta= 320, max bias=  42, baseline_comp=  3, stable_cnt=  0, grace_period=511, time_alive=17409
G_PERCEP PC=0xFFFFDFE32494, theta= 312, max bias=  29, baseline_comp=  2, stable_cnt=  0, grace_period=511, time_alive=  0
G_PERCEP PC=0xFFFFDFE3282C, theta= 320, max bias=  25, baseline_comp= 26, stable_cnt=  0, grace_period=511, time_alive=  8
G_PERCEP PC=0xFFFFDFDA6EC8, theta= 320, max bias=  31, baseline_comp=  0, stable_cnt=  4, grace_period=511, time_alive=17408
G_PERCEP PC=0xFFFFDFE31DE0, theta= 320, max bias=  17, baseline_comp=  0, stable_cnt=  0, grace_period=184, time_alive=17202
G_PERCEP PC=0xFFFFDFE32804, theta= 328, max bias=  36, baseline_comp=  5, stable_cnt=  0, grace_period=511, time_alive=  7
L_PERCEP PC=0xFFFFDFE325BC, theta= 269, max bias=   4, baseline_comp=  0, stable_cnt=156, grace_period=511, time_alive= 15
L_PERCEP PC=0xFFFFDFE329B8, theta= 261, max bias=   9, baseline_comp=  0, stable_cnt=  0, grace_period=151, time_alive=208
L_PERCEP PC=0xFFFFDFE31DE0, theta= 261, max bias=   1, baseline_comp=  0, stable_cnt=  0, grace_period=184, time_alive=14326
L_PERCEP PC=0xFFFFDFDA6EC8, theta= 261, max bias=  13, baseline_comp=  3, stable_cnt=  0, grace_period=511, time_alive=14532
L_PERCEP PC=0xFFFFDFDA6F2C, theta= 261, max bias=  26, baseline_comp=  0, stable_cnt= 23, grace_period=511, time_alive=14533
L_PERCEP PC=0xFFFFDFE3282C, theta= 277, max bias=  34, baseline_comp=  2, stable_cnt=  0, grace_period=511, time_alive= 19
L_PERCEP PC=0xFFFFDFE329D4, theta= 261, max bias=  27, baseline_comp=  4, stable_cnt=  0, grace_period=511, time_alive=207
L_PERCEP PC=0xFFFFDFE31D40, theta= 261, max bias=  27, baseline_comp= 12, stable_cnt=  0, grace_period=511, time_alive=14510
L_PERCEP PC=0xFFFFDFE325DC, theta= 269, max bias=   9, baseline_comp=  0, stable_cnt= 19, grace_period=511, time_alive=  0
L_PERCEP PC=0xFFFFDFE32804, theta= 261, max bias=  41, baseline_comp=  3, stable_cnt=  0, grace_period=511, time_alive= 18

ExecTime = 286.5457499027252
