CMD:./cbp traces/compress/compress_0_trace.gz
MPP history size: 5.71814 KB
TAGE-SC-L size: 64 KB
Bloom filter size 24 KB
number of bits left is 774129 bits
we can afford 133122 entries total
32 IMLI counter bits
27 x 16 = 432 global path bits
95 total modulo history bits
1648 total modulo path bits
34 x 1280 = 43520 total local history bits
56 x 16 = 896 total recency bits
189 total blurry path bits
23 total acyclic bits
8 bits for theta
leaving 2 entries on the table
1 table of 2048 6-bit entries
32 tables of 4096 6-bit entries
5000000 instrs 
10000000 instrs 
15000000 instrs 
20000000 instrs 
25000000 instrs 
30000000 instrs 
35000000 instrs 
40000000 instrs 
45000000 instrs 
50000000 instrs 
55000000 instrs 
60000000 instrs 
65000000 instrs 
70000000 instrs 
75000000 instrs 
80000000 instrs 
85000000 instrs 
90000000 instrs 
95000000 instrs 
100000000 instrs 
105000000 instrs 
110000000 instrs 
115000000 instrs 
120000000 instrs 
EOF
WINDOW_SIZE = 1024
FETCH_WIDTH = 16
FETCH_NUM_BRANCH = 16
FETCH_STOP_AT_INDIRECT = 1
FETCH_STOP_AT_TAKEN = 1
FETCH_MODEL_ICACHE = 1
PERFECT_BRANCH_PRED = 0
PERFECT_INDIRECT_PRED = 1
PIPELINE_FILL_LATENCY = 10
NUM_LDST_LANES = 8
NUM_ALU_LANES = 16
MEMORY HIERARCHY CONFIGURATION---------------------
STRIDE Prefetcher = 1
PERFECT_CACHE = 0
WRITE_ALLOCATE = 1
Within-pipeline factors:
	AGEN latency = 1 cycle
	Store Queue (SQ): SQ size = window size, oracle memory disambiguation, store-load forwarding = 1 cycle after store's or load's agen.
	* Note: A store searches the L1$ at commit. The store is released
	* from the SQ and window, whether it hits or misses. Store misses
	* are buffered until the block is allocated and the store is
	* performed in the L1$. While buffered, conflicting loads get
	* the store's data as they would from the SQ.
I$: 128 KB, 8-way set-assoc., 64B block size
L1$: 128 KB, 8-way set-assoc., 64B block size, 3-cycle search latency
L2$: 4 MB, 8-way set-assoc., 64B block size, 12-cycle search latency
L3$: 32 MB, 16-way set-assoc., 128B block size, 50-cycle search latency
Main Memory: 150-cycle fixed search time
---------------------------STORE QUEUE MEASUREMENTS (Full Simulation i.e. Counts Not Reset When Warmup Ends)---------------------------
Number of loads: 22196185
Number of loads that miss in SQ: 21145925 (95.27%)
Number of PFs issued to the memory system 4372734
---------------------------------------------------------------------------------------------------------------------------------------
------------------------MEMORY HIERARCHY MEASUREMENTS (Full Simulation i.e. Counts Not Reset When Warmup Ends)-------------------------
I$:
	accesses   = 126276306
	misses     = 2715
	miss ratio = 0.00%
	pf accesses   = 0
	pf misses     = 0
	pf miss ratio = nan%
L1$:
	accesses   = 33160278
	misses     = 2088185
	miss ratio = 6.30%
	pf accesses   = 4372734
	pf misses     = 74359
	pf miss ratio = 1.70%
L2$:
	accesses   = 2090900
	misses     = 176767
	miss ratio = 8.45%
	pf accesses   = 74359
	pf misses     = 6079
	pf miss ratio = 8.18%
L3$:
	accesses   = 176767
	misses     = 53498
	miss ratio = 30.26%
	pf accesses   = 6079
	pf misses     = 1398
	pf miss ratio = 23.00%
---------------------------------------------------------------------------------------------------------------------------------------
----------------------------------------------Prefetcher (Full Simulation i.e. No Warmup)----------------------------------------------
Num Trainings :22196185
Num Prefetches generated :4428270
Num Prefetches issued :8595074
Num Prefetches filtered by PF queue :210924
Num untimely prefetches dropped from PF queue :55536
Num prefetches not issued LDST contention :4222340
Num prefetches not issued stride 0 :6965105
---------------------------------------------------------------------------------------------------------------------------------------

-------------------------------ILP LIMIT STUDY (Full Simulation i.e. Counts Not Reset When Warmup Ends)--------------------------------
instructions = 120000052
cycles       = 25337072
CycWP        = 13741751
IPC          = 4.7361

---------------------------------------------------------------------------------------------------------------------------------------

-----------------------------------------------BRANCH PREDICTION MEASUREMENTS (Full Simulation i.e. Counts Not Reset When Warmup Ends)----------------------------------------------
Type                   NumBr     MispBr        mr     mpki
CondDirect         11747875     382688   3.2575%   3.1891
JumpDirect          1288926          0   0.0000%   0.0000
JumpIndirect           1254          0   0.0000%   0.0000
JumpReturn           171854          0   0.0000%   0.0000
Not control       113066397          0   0.0000%   0.0000
------------------------------------------------------------------------------------------------------------------------------------------------------------------------------------

------------------------------------------------------DIRECT CONDITIONAL BRANCH PREDICTION MEASUREMENTS (Last 10M instructions)-----------------------------------------------------
       Instr       Cycles      IPC      NumBr     MispBr BrPerCyc MispBrPerCyc        MR     MPKI      CycWP   CycWPAvg   CycWPPKI
    10000052      1920268   5.2076     965109      29435   0.5026       0.0153   3.0499%   2.9435     990360    33.6457    99.0355
------------------------------------------------------------------------------------------------------------------------------------------------------------------------------------

------------------------------------------------------DIRECT CONDITIONAL BRANCH PREDICTION MEASUREMENTS (Last 25M instructions)-----------------------------------------------------
       Instr       Cycles      IPC      NumBr     MispBr BrPerCyc MispBrPerCyc        MR     MPKI      CycWP   CycWPAvg   CycWPPKI
    25000052      4950315   5.0502    2465291      79042   0.4980       0.0160   3.2062%   3.1617    2664368    33.7083   106.5745
-------------------------------------------------------------------------------------------------------------------------------------------------------------------------------------

---------------------------------------------------------DIRECT CONDITIONAL BRANCH PREDICTION MEASUREMENTS (50 Perc instructions)---------------------------------------------------
       Instr       Cycles      IPC      NumBr     MispBr BrPerCyc MispBrPerCyc        MR     MPKI      CycWP   CycWPAvg   CycWPPKI
    60000052     11853995   5.0616    5895554     191415   0.4973       0.0161   3.2468%   3.1902    6339586    33.1196   105.6597
------------------------------------------------------------------------------------------------------------------------------------------------------------------------------------

-------------------------------------DIRECT CONDITIONAL BRANCH PREDICTION MEASUREMENTS (Full Simulation i.e. Counts Not Reset When Warmup Ends)-------------------------------------
       Instr       Cycles      IPC      NumBr     MispBr BrPerCyc MispBrPerCyc        MR     MPKI      CycWP   CycWPAvg   CycWPPKI
   120000052     25337072   4.7361   11747875     382688   0.4637       0.0151   3.2575%   3.1891   13741751    35.9085   114.5145
------------------------------------------------------------------------------------------------------------------------------------------------------------------------------------
 Read 120000052 instrs 

ExecTime = 1322.0076658725739
