CMD:./cbp traces/compress/compress_3_trace.gz
L_PERCEP PC=0xFFFFDFE18584, theta= 261, max bias=  25, baseline_comp=  0, stable_cnt=255, grace_period=511, time_alive=  0
G_PERCEP PC=0xFFFFDFE18584, theta= 304, max bias=  24, baseline_comp=  0, stable_cnt=255, grace_period=511, time_alive=  0
G_PERCEP PC=0xFFFFDFE18584, theta= 288, max bias=  35, baseline_comp=  0, stable_cnt=255, grace_period=511, time_alive=  0
G_PERCEP PC=0xFFFFDFE167AC, theta= 320, max bias=  28, baseline_comp=  0, stable_cnt=255, grace_period=511, time_alive=  0
G_PERCEP PC=0xFFFFDFE15D78, theta= 296, max bias=  54, baseline_comp=  0, stable_cnt=255, grace_period=511, time_alive=  0
L_PERCEP PC=0xFFFFDFE16790, theta= 261, max bias=  35, baseline_comp=  0, stable_cnt=255, grace_period=511, time_alive=  0
G_PERCEP PC=0xFFFFDFE18564, theta= 304, max bias=  30, baseline_comp=  0, stable_cnt=255, grace_period=511, time_alive=  0
5000000 instrs 
L_PERCEP PC=0xFFFFDFE18564, theta= 269, max bias=  50, baseline_comp=  0, stable_cnt=255, grace_period=511, time_alive=  0
L_PERCEP PC=0xFFFFDFE15FC4, theta= 261, max bias=   3, baseline_comp=  0, stable_cnt=255, grace_period=511, time_alive=  0
G_PERCEP PC=0xFFFFDFE15FC4, theta= 320, max bias=  15, baseline_comp=  0, stable_cnt=255, grace_period=511, time_alive=  0
L_PERCEP PC=0xFFFFDFE18584, theta= 333, max bias=  27, baseline_comp=  0, stable_cnt=255, grace_period=511, time_alive=  0
G_PERCEP PC=0xFFFFDFE18564, theta= 320, max bias=  24, baseline_comp=  0, stable_cnt=255, grace_period=511, time_alive=  0
L_PERCEP PC=0xFFFFDFE18564, theta= 261, max bias=  25, baseline_comp=  0, stable_cnt=255, grace_period=511, time_alive=  0
L_PERCEP PC=0xFFFFDFE18584, theta= 269, max bias=  21, baseline_comp=  0, stable_cnt=255, grace_period=511, time_alive=  0
L_PERCEP PC=0xFFFFDFE16800, theta= 277, max bias=  38, baseline_comp=  0, stable_cnt=255, grace_period=511, time_alive=  0
G_PERCEP PC=0xFFFFDFE16800, theta= 328, max bias=  12, baseline_comp=  0, stable_cnt=255, grace_period=511, time_alive=  0
G_PERCEP PC=0xFFFFDFE18584, theta= 304, max bias=  22, baseline_comp=  0, stable_cnt=255, grace_period=511, time_alive=  0
G_PERCEP PC=0xFFFFDFE18564, theta= 320, max bias=  21, baseline_comp=  0, stable_cnt=255, grace_period=511, time_alive=  0
G_PERCEP PC=0xFFFFDFE185F0, theta= 344, max bias=  18, baseline_comp=  0, stable_cnt=255, grace_period=511, time_alive=  0
G_PERCEP PC=0xFFFFDFE18584, theta= 312, max bias=  28, baseline_comp=  0, stable_cnt=255, grace_period=511, time_alive=  0
G_PERCEP PC=0xFFFFDFE16188, theta= 280, max bias=  75, baseline_comp=  0, stable_cnt=255, grace_period=511, time_alive=  0
10000000 instrs 
G_PERCEP PC=0xFFFFDFE16800, theta= 320, max bias=  25, baseline_comp=  0, stable_cnt=255, grace_period=511, time_alive=  0
L_PERCEP PC=0xFFFFDFE185F0, theta= 333, max bias=  42, baseline_comp=  0, stable_cnt=255, grace_period=511, time_alive=  0
L_PERCEP PC=0xFFFFDFE18584, theta= 333, max bias=  23, baseline_comp=  0, stable_cnt=255, grace_period=511, time_alive=  0
L_PERCEP PC=0xFFFFDFE16994, theta= 261, max bias=  16, baseline_comp=  0, stable_cnt=255, grace_period=511, time_alive=  0
L_PERCEP PC=0xFFFFDFE157FC, theta= 261, max bias=  23, baseline_comp=  0, stable_cnt=255, grace_period=511, time_alive=  0
L_PERCEP PC=0xFFFFDFE1617C, theta= 293, max bias=  53, baseline_comp=  0, stable_cnt=255, grace_period=511, time_alive=  0
15000000 instrs 
L_PERCEP PC=0xFFFFDFE15D78, theta= 325, max bias=  38, baseline_comp=  0, stable_cnt=255, grace_period=511, time_alive=  0
L_PERCEP PC=0xFFFFDFE15FC4, theta= 261, max bias=   9, baseline_comp=  0, stable_cnt=255, grace_period=511, time_alive=  0
L_PERCEP PC=0xFFFFDFE16800, theta= 293, max bias=  29, baseline_comp=  0, stable_cnt=255, grace_period=511, time_alive=  0
L_PERCEP PC=0xFFFFDFE18584, theta= 341, max bias=  15, baseline_comp=  0, stable_cnt=255, grace_period=511, time_alive=  0
G_PERCEP PC=0xFFFFDFE157FC, theta= 320, max bias=  41, baseline_comp=  0, stable_cnt=255, grace_period=511, time_alive=  0
G_PERCEP PC=0xFFFFDFE18710, theta= 312, max bias=  16, baseline_comp=  0, stable_cnt=255, grace_period=511, time_alive=  0
L_PERCEP PC=0xFFFFDFE18710, theta= 261, max bias=  34, baseline_comp=  0, stable_cnt=255, grace_period=511, time_alive=  0
L_PERCEP PC=0xFFFFDFE183B0, theta= 269, max bias=  26, baseline_comp=  0, stable_cnt=255, grace_period=511, time_alive=  0
20000000 instrs 
G_PERCEP PC=0xFFFFDFE15E70, theta= 336, max bias=   6, baseline_comp=  0, stable_cnt=255, grace_period=511, time_alive=  0
L_PERCEP PC=0xFFFFDFE18564, theta= 325, max bias=  32, baseline_comp=  0, stable_cnt=255, grace_period=511, time_alive=  0
L_PERCEP PC=0xFFFFDFE15924, theta= 261, max bias=  37, baseline_comp=  0, stable_cnt=255, grace_period=511, time_alive=  0
G_PERCEP PC=0xFFFFDFE18584, theta= 288, max bias=  49, baseline_comp=  0, stable_cnt=255, grace_period=511, time_alive=  0
L_PERCEP PC=0xFFFFDFE15D78, theta= 261, max bias=  32, baseline_comp=  0, stable_cnt=255, grace_period=511, time_alive=  0
L_PERCEP PC=0xFFFFDFE18564, theta= 269, max bias=   9, baseline_comp=  0, stable_cnt=255, grace_period=511, time_alive=  0
L_PERCEP PC=0xFFFFDFE185F0, theta= 341, max bias=  28, baseline_comp=  0, stable_cnt=255, grace_period=511, time_alive=  0
G_PERCEP PC=0xFFFFDFE1617C, theta= 280, max bias= 113, baseline_comp=  0, stable_cnt=255, grace_period=511, time_alive=  0
L_PERCEP PC=0xFFFFDFE183EC, theta= 285, max bias=  28, baseline_comp=  0, stable_cnt=255, grace_period=511, time_alive=  0
G_PERCEP PC=0xFFFFDFE183EC, theta= 296, max bias=  33, baseline_comp=  0, stable_cnt=255, grace_period=511, time_alive=  0
G_PERCEP PC=0xFFFFDFE15FC4, theta= 320, max bias=  13, baseline_comp=  0, stable_cnt=255, grace_period=511, time_alive=  0
25000000 instrs 
L_PERCEP PC=0xFFFFDFE18530, theta= 309, max bias=  55, baseline_comp=  0, stable_cnt=255, grace_period=511, time_alive=  0
G_PERCEP PC=0xFFFFDFE183B0, theta= 296, max bias=  29, baseline_comp=  0, stable_cnt=255, grace_period=511, time_alive=  0
G_PERCEP PC=0xFFFFDFE18530, theta= 320, max bias=  19, baseline_comp=  0, stable_cnt=255, grace_period=511, time_alive=  0
L_PERCEP PC=0xFFFFDFE1617C, theta= 277, max bias=  27, baseline_comp=  0, stable_cnt=255, grace_period=511, time_alive=  0
L_PERCEP PC=0xFFFFDFE18584, theta= 365, max bias=  16, baseline_comp=  0, stable_cnt=255, grace_period=511, time_alive=  0
G_PERCEP PC=0xFFFFDFE15D78, theta= 312, max bias=  46, baseline_comp=  0, stable_cnt=255, grace_period=511, time_alive=  0
G_PERCEP PC=0xFFFFDFE18564, theta= 312, max bias=  31, baseline_comp=  0, stable_cnt=255, grace_period=511, time_alive=  0
G_PERCEP PC=0xFFFFDFE18584, theta= 304, max bias=  32, baseline_comp=  0, stable_cnt=255, grace_period=511, time_alive=  0
30000000 instrs 
L_PERCEP PC=0xFFFFDFE18564, theta= 269, max bias=  10, baseline_comp=  0, stable_cnt=255, grace_period=511, time_alive=  0
L_PERCEP PC=0xFFFFDFE15810, theta= 261, max bias=  15, baseline_comp=  0, stable_cnt=255, grace_period=511, time_alive=  0
L_PERCEP PC=0xFFFFDFE18584, theta= 357, max bias=   8, baseline_comp=  0, stable_cnt=255, grace_period=511, time_alive=  0
35000000 instrs 
L_PERCEP PC=0xFFFFDFE18530, theta= 269, max bias=  41, baseline_comp=  0, stable_cnt=255, grace_period=511, time_alive=  0
G_PERCEP PC=0xFFFFDFE185F0, theta= 328, max bias=  24, baseline_comp=  0, stable_cnt=255, grace_period=511, time_alive=  0
L_PERCEP PC=0xFFFFDFE15D78, theta= 301, max bias=  32, baseline_comp=  0, stable_cnt=255, grace_period=511, time_alive=  0
L_PERCEP PC=0xFFFFDFE185F0, theta= 285, max bias=  11, baseline_comp=  0, stable_cnt=255, grace_period=511, time_alive=  0
G_PERCEP PC=0xFFFFDFE16790, theta= 328, max bias=   8, baseline_comp=  0, stable_cnt=255, grace_period=511, time_alive=  0
G_PERCEP PC=0xFFFFDFE18710, theta= 312, max bias=  18, baseline_comp=  0, stable_cnt=255, grace_period=511, time_alive=  0
G_PERCEP PC=0xFFFFDFE15924, theta= 320, max bias=  27, baseline_comp=  0, stable_cnt=255, grace_period=511, time_alive=  0
G_PERCEP PC=0xFFFFDFE1617C, theta= 272, max bias=  98, baseline_comp=  0, stable_cnt=255, grace_period=511, time_alive=  0
G_PERCEP PC=0xFFFFDFE18584, theta= 312, max bias=  33, baseline_comp=  0, stable_cnt=255, grace_period=511, time_alive=  0
L_PERCEP PC=0xFFFFDFE16710, theta= 277, max bias=  60, baseline_comp=  0, stable_cnt=255, grace_period=511, time_alive=  0
G_PERCEP PC=0xFFFFDFE15D78, theta= 312, max bias=  39, baseline_comp=  0, stable_cnt=255, grace_period=511, time_alive=  0
L_PERCEP PC=0xFFFFDFE18584, theta= 285, max bias=   9, baseline_comp=  0, stable_cnt=255, grace_period=511, time_alive=  0
40000000 instrs 
G_PERCEP PC=0xFFFFDFE15810, theta= 320, max bias=  30, baseline_comp=  0, stable_cnt=255, grace_period=511, time_alive=  0
L_PERCEP PC=0xFFFFDFE157FC, theta= 261, max bias=  12, baseline_comp=  0, stable_cnt=255, grace_period=511, time_alive=  0
G_PERCEP PC=0xFFFFDFE18564, theta= 312, max bias=  31, baseline_comp=  0, stable_cnt=255, grace_period=511, time_alive=  0
L_PERCEP PC=0xFFFFDFE16790, theta= 277, max bias=  24, baseline_comp=  0, stable_cnt=255, grace_period=511, time_alive=  0
G_PERCEP PC=0xFFFFDFE16790, theta= 320, max bias=  12, baseline_comp=  0, stable_cnt=255, grace_period=511, time_alive=  0
G_PERCEP PC=0xFFFFDFE18584, theta= 312, max bias=  22, baseline_comp=  0, stable_cnt=255, grace_period=511, time_alive=  0
L_PERCEP PC=0xFFFFDFE1617C, theta= 277, max bias=  17, baseline_comp=  0, stable_cnt=255, grace_period=511, time_alive=  0
L_PERCEP PC=0xFFFFDFE15FC4, theta= 261, max bias=   5, baseline_comp=  0, stable_cnt=255, grace_period=511, time_alive=  0
G_PERCEP PC=0xFFFFDFE1617C, theta= 312, max bias=  52, baseline_comp=  0, stable_cnt=255, grace_period=511, time_alive=  0
L_PERCEP PC=0xFFFFDFE18584, theta= 341, max bias=  10, baseline_comp=  0, stable_cnt=255, grace_period=511, time_alive=  0
G_PERCEP PC=0xFFFFDFE157FC, theta= 320, max bias=  40, baseline_comp=  0, stable_cnt=255, grace_period=511, time_alive=  0
G_PERCEP PC=0xFFFFDFE18584, theta= 304, max bias=  32, baseline_comp=  0, stable_cnt=255, grace_period=511, time_alive=  0
45000000 instrs 
G_PERCEP PC=0xFFFFDFE15FC4, theta= 320, max bias=  15, baseline_comp=  0, stable_cnt=255, grace_period=511, time_alive=  0
L_PERCEP PC=0xFFFFDFE15D78, theta= 269, max bias=  22, baseline_comp=  0, stable_cnt=255, grace_period=511, time_alive=  0
L_PERCEP PC=0xFFFFDFE16790, theta= 269, max bias=  23, baseline_comp=  0, stable_cnt=255, grace_period=511, time_alive=  0
L_PERCEP PC=0xFFFFDFE18584, theta= 293, max bias=  16, baseline_comp=  0, stable_cnt=255, grace_period=511, time_alive=  0
G_PERCEP PC=0xFFFFDFE16994, theta= 288, max bias=  24, baseline_comp=  0, stable_cnt=255, grace_period=511, time_alive=  0
L_PERCEP PC=0xFFFFDFE18564, theta= 325, max bias=  11, baseline_comp=  0, stable_cnt=255, grace_period=511, time_alive=  0
50000000 instrs 
G_PERCEP PC=0xFFFFDFE15D78, theta= 312, max bias=  34, baseline_comp=  0, stable_cnt=255, grace_period=511, time_alive=  0
G_PERCEP PC=0xFFFFDFE18564, theta= 296, max bias=  35, baseline_comp=  0, stable_cnt=255, grace_period=511, time_alive=  0
G_PERCEP PC=0xFFFFDFE18584, theta= 296, max bias=  26, baseline_comp=  0, stable_cnt=255, grace_period=511, time_alive=  0
L_PERCEP PC=0xFFFFDFE183EC, theta= 293, max bias=   7, baseline_comp=  0, stable_cnt=255, grace_period=511, time_alive=  0
G_PERCEP PC=0xFFFFDFE183EC, theta= 312, max bias=  15, baseline_comp=  0, stable_cnt=255, grace_period=511, time_alive=  0
G_PERCEP PC=0xFFFFDFE1617C, theta= 296, max bias=  66, baseline_comp=  0, stable_cnt=255, grace_period=511, time_alive=  0
G_PERCEP PC=0xFFFFDFE185F0, theta= 328, max bias=  21, baseline_comp=  0, stable_cnt=255, grace_period=511, time_alive=  0
L_PERCEP PC=0xFFFFDFE18584, theta= 285, max bias=  10, baseline_comp=  0, stable_cnt=255, grace_period=511, time_alive=  0
L_PERCEP PC=0xFFFFDFE18564, theta= 277, max bias=   6, baseline_comp=  0, stable_cnt=255, grace_period=511, time_alive=  0
G_PERCEP PC=0xFFFFDFE18564, theta= 320, max bias=  17, baseline_comp=  0, stable_cnt=255, grace_period=511, time_alive=  0
G_PERCEP PC=0xFFFFDFE18584, theta= 304, max bias=  30, baseline_comp=  0, stable_cnt=255, grace_period=511, time_alive=  0
L_PERCEP PC=0xFFFFDFE185F0, theta= 261, max bias=   9, baseline_comp=  0, stable_cnt=255, grace_period=511, time_alive=  0
55000000 instrs 
L_PERCEP PC=0xFFFFDFE18584, theta= 325, max bias=   3, baseline_comp=  0, stable_cnt=255, grace_period=511, time_alive=  0
G_PERCEP PC=0xFFFFDFE185F0, theta= 320, max bias=  20, baseline_comp=  0, stable_cnt=255, grace_period=511, time_alive=  0
L_PERCEP PC=0xFFFFDFE1617C, theta= 317, max bias=  20, baseline_comp=  0, stable_cnt=255, grace_period=511, time_alive=  0
L_PERCEP PC=0xFFFFDFE15924, theta= 261, max bias=  33, baseline_comp=  0, stable_cnt=255, grace_period=511, time_alive=  0
L_PERCEP PC=0xFFFFDFE185F0, theta= 285, max bias=   9, baseline_comp=  0, stable_cnt=255, grace_period=511, time_alive=  0
L_PERCEP PC=0xFFFFDFE18564, theta= 293, max bias=  17, baseline_comp=  0, stable_cnt=255, grace_period=511, time_alive=  0
L_PERCEP PC=0xFFFFDFE15D78, theta= 269, max bias=  14, baseline_comp=  0, stable_cnt=255, grace_period=511, time_alive=  0
60000000 instrs 
L_PERCEP PC=0xFFFFDFE16994, theta= 261, max bias=   4, baseline_comp=  0, stable_cnt=255, grace_period=511, time_alive=  0
G_PERCEP PC=0xFFFFDFE18564, theta= 288, max bias=  33, baseline_comp=  0, stable_cnt=255, grace_period=511, time_alive=  0
L_PERCEP PC=0xFFFFDFE15FC4, theta= 261, max bias=   2, baseline_comp=  0, stable_cnt=255, grace_period=511, time_alive=  0
G_PERCEP PC=0xFFFFDFE18584, theta= 304, max bias=  29, baseline_comp=  0, stable_cnt=255, grace_period=511, time_alive=  0
L_PERCEP PC=0xFFFFDFE167AC, theta= 333, max bias=  82, baseline_comp=  0, stable_cnt=255, grace_period=511, time_alive=  0
65000000 instrs 
L_PERCEP PC=0xFFFFDFE1617C, theta= 293, max bias=  17, baseline_comp=  0, stable_cnt=255, grace_period=511, time_alive=  0
L_PERCEP PC=0xFFFFDFE18584, theta= 373, max bias=   9, baseline_comp=  0, stable_cnt=255, grace_period=511, time_alive=  0
L_PERCEP PC=0xFFFFDFE183B0, theta= 269, max bias=  26, baseline_comp=  0, stable_cnt=255, grace_period=511, time_alive=  0
G_PERCEP PC=0xFFFFDFE15924, theta= 312, max bias=  26, baseline_comp=  0, stable_cnt=255, grace_period=511, time_alive=  0
G_PERCEP PC=0xFFFFDFE185F0, theta= 320, max bias=  12, baseline_comp=  0, stable_cnt=255, grace_period=511, time_alive=  0
L_PERCEP PC=0xFFFFDFE18564, theta= 317, max bias=  11, baseline_comp=  0, stable_cnt=255, grace_period=511, time_alive=  0
G_PERCEP PC=0xFFFFDFE16994, theta= 304, max bias=  17, baseline_comp=  0, stable_cnt=255, grace_period=511, time_alive=  0
L_PERCEP PC=0xFFFFDFE183EC, theta= 277, max bias=  19, baseline_comp=  0, stable_cnt=255, grace_period=511, time_alive=  0
G_PERCEP PC=0xFFFFDFE1617C, theta= 312, max bias=  45, baseline_comp=  0, stable_cnt=255, grace_period=511, time_alive=  0
G_PERCEP PC=0xFFFFDFE15D78, theta= 320, max bias=  33, baseline_comp=  0, stable_cnt=255, grace_period=511, time_alive=  0
L_PERCEP PC=0xFFFFDFE185F0, theta= 277, max bias=  11, baseline_comp=  0, stable_cnt=255, grace_period=511, time_alive=  0
G_PERCEP PC=0xFFFFDFE15FC4, theta= 320, max bias=  13, baseline_comp=  0, stable_cnt=255, grace_period=511, time_alive=  0
70000000 instrs 
L_PERCEP PC=0xFFFFDFE157FC, theta= 261, max bias=  17, baseline_comp=  0, stable_cnt=255, grace_period=511, time_alive=  0
L_PERCEP PC=0xFFFFDFE1617C, theta= 269, max bias=   7, baseline_comp=  0, stable_cnt=255, grace_period=511, time_alive=  0
L_PERCEP PC=0xFFFFDFE15C70, theta= 261, max bias=  13, baseline_comp=  0, stable_cnt=255, grace_period=511, time_alive=  0
G_PERCEP PC=0xFFFFDFE18564, theta= 304, max bias=  31, baseline_comp=  0, stable_cnt=255, grace_period=511, time_alive=  0
75000000 instrs 
L_PERCEP PC=0xFFFFDFDAAA58, theta= 261, max bias=  16, baseline_comp=  0, stable_cnt=255, grace_period=511, time_alive=  0
80000000 instrs 
L_PERCEP PC=0xFFFFDFDB8AA8, theta= 285, max bias=  63, baseline_comp=  0, stable_cnt=255, grace_period=511, time_alive=  0
L_PERCEP PC=0xFFFFDFDA9EB8, theta= 261, max bias=  32, baseline_comp=  0, stable_cnt=255, grace_period=511, time_alive=  0
G_PERCEP PC=0xFFFFDFE18584, theta= 312, max bias=  24, baseline_comp=  0, stable_cnt=255, grace_period=511, time_alive=  0
L_PERCEP PC=0xFFFFDFE18584, theta= 325, max bias=  14, baseline_comp=  0, stable_cnt=255, grace_period=511, time_alive=  0
85000000 instrs 
L_PERCEP PC=0xFFFFDFDA9ED4, theta= 261, max bias=  68, baseline_comp=  0, stable_cnt=219, grace_period=511, time_alive=65535
L_PERCEP PC=0xFFFFDFDAAA30, theta= 261, max bias=  25, baseline_comp=  0, stable_cnt=  0, grace_period=371, time_alive=65535
G_PERCEP PC=0xFFFFDFE167AC, theta= 304, max bias=  34, baseline_comp=  0, stable_cnt=255, grace_period=511, time_alive=  0
L_PERCEP PC=0xFFFFDFE15D78, theta= 269, max bias=  16, baseline_comp=  0, stable_cnt=255, grace_period=511, time_alive=  0
G_PERCEP PC=0xFFFFDFE16790, theta= 312, max bias=  11, baseline_comp=  0, stable_cnt=255, grace_period=511, time_alive=  0
L_PERCEP PC=0xFFFFDFE18564, theta= 309, max bias=  16, baseline_comp=  0, stable_cnt=255, grace_period=511, time_alive=  0
G_PERCEP PC=0xFFFFDFE183B0, theta= 296, max bias=  28, baseline_comp=  0, stable_cnt=255, grace_period=511, time_alive=  0
G_PERCEP PC=0xFFFFDFE157FC, theta= 320, max bias=  32, baseline_comp=  0, stable_cnt=255, grace_period=511, time_alive=  0
G_PERCEP PC=0xFFFFDFE18530, theta= 328, max bias=  10, baseline_comp=  0, stable_cnt=255, grace_period=511, time_alive=  0
90000000 instrs 
L_PERCEP PC=0xFFFFDFE16790, theta= 285, max bias=  18, baseline_comp=  0, stable_cnt=255, grace_period=511, time_alive=  0
G_PERCEP PC=0xFFFFDFE1617C, theta= 304, max bias=  57, baseline_comp=  0, stable_cnt=255, grace_period=511, time_alive=  0
L_PERCEP PC=0xFFFFDFE1617C, theta= 261, max bias=   4, baseline_comp=  0, stable_cnt=255, grace_period=511, time_alive=  0
L_PERCEP PC=0xFFFFDFE16994, theta= 261, max bias=  27, baseline_comp=  0, stable_cnt=255, grace_period=511, time_alive=  0
G_PERCEP PC=0xFFFFDFDAAA58, theta= 320, max bias=   0, baseline_comp=  0, stable_cnt=  0, grace_period=  0, time_alive=65535
L_PERCEP PC=0xFFFFDFE18530, theta= 261, max bias=  18, baseline_comp=  0, stable_cnt=255, grace_period=511, time_alive=  0
G_PERCEP PC=0xFFFFDFE15C70, theta= 320, max bias=  17, baseline_comp=  0, stable_cnt=255, grace_period=511, time_alive=  0
95000000 instrs 
G_PERCEP PC=0xFFFFDFE185F0, theta= 320, max bias=  26, baseline_comp=  0, stable_cnt=255, grace_period=511, time_alive=  0
G_PERCEP PC=0xFFFFDFE183EC, theta= 304, max bias=   7, baseline_comp=  0, stable_cnt=255, grace_period=511, time_alive=  0
G_PERCEP PC=0xFFFFDFDA9EB8, theta= 320, max bias=   0, baseline_comp=  0, stable_cnt=  0, grace_period=  0, time_alive=65535
G_PERCEP PC=0xFFFFDFDA9ED4, theta= 320, max bias=   0, baseline_comp=  0, stable_cnt=  0, grace_period=  0, time_alive=65535
G_PERCEP PC=0xFFFFDFE18584, theta= 304, max bias=  23, baseline_comp=  0, stable_cnt=255, grace_period=511, time_alive=  0
G_PERCEP PC=0xFFFFDFE18564, theta= 320, max bias=  24, baseline_comp=  0, stable_cnt=255, grace_period=511, time_alive=  0
G_PERCEP PC=0xFFFFDFE15D78, theta= 320, max bias=  28, baseline_comp=  0, stable_cnt=255, grace_period=511, time_alive=  0
G_PERCEP PC=0xFFFFDFDB8AA8, theta= 320, max bias=   0, baseline_comp=  0, stable_cnt=  0, grace_period=  0, time_alive=65535
G_PERCEP PC=0xFFFFDFDAAA30, theta= 320, max bias=   0, baseline_comp=  0, stable_cnt=  0, grace_period=  0, time_alive=65535
100000000 instrs 
L_PERCEP PC=0xFFFFDFE185F0, theta= 317, max bias=  13, baseline_comp=  0, stable_cnt=255, grace_period=511, time_alive=  0
L_PERCEP PC=0xFFFFDFE15FC4, theta= 261, max bias=   2, baseline_comp=  0, stable_cnt=255, grace_period=511, time_alive=  0
L_PERCEP PC=0xFFFFDFE18584, theta= 357, max bias=   8, baseline_comp=  0, stable_cnt=255, grace_period=511, time_alive=  0
L_PERCEP PC=0xFFFFDFE15924, theta= 261, max bias=  26, baseline_comp=  0, stable_cnt=255, grace_period=511, time_alive=  0
L_PERCEP PC=0xFFFFDFE15E70, theta= 445, max bias=  36, baseline_comp=  0, stable_cnt=255, grace_period=511, time_alive=  0
G_PERCEP PC=0xFFFFDFE1617C, theta= 288, max bias=  73, baseline_comp=  0, stable_cnt=255, grace_period=511, time_alive=  0
G_PERCEP PC=0xFFFFDFE16994, theta= 296, max bias=  21, baseline_comp=  0, stable_cnt=255, grace_period=511, time_alive=  0
L_PERCEP PC=0xFFFFDFE1617C, theta= 261, max bias=   1, baseline_comp=  0, stable_cnt=255, grace_period=511, time_alive=  0
105000000 instrs 
L_PERCEP PC=0xFFFFDFE18564, theta= 349, max bias=  10, baseline_comp=  0, stable_cnt=255, grace_period=511, time_alive=  0
L_PERCEP PC=0xFFFFDFE183EC, theta= 269, max bias=   9, baseline_comp=  0, stable_cnt=255, grace_period=511, time_alive=  0
L_PERCEP PC=0xFFFFDFE18710, theta= 285, max bias=  32, baseline_comp=  0, stable_cnt=255, grace_period=511, time_alive=  0
L_PERCEP PC=0xFFFFDFE15D78, theta= 285, max bias=  10, baseline_comp=  0, stable_cnt=255, grace_period=511, time_alive=  0
L_PERCEP PC=0xFFFFDFE16994, theta= 261, max bias=  30, baseline_comp=  0, stable_cnt=255, grace_period=511, time_alive=  0
110000000 instrs 
G_PERCEP PC=0xFFFFDFE16790, theta= 304, max bias=  27, baseline_comp=  0, stable_cnt=255, grace_period=511, time_alive=  0
G_PERCEP PC=0xFFFFDFE185F0, theta= 320, max bias=  20, baseline_comp=  0, stable_cnt=255, grace_period=511, time_alive=  0
G_PERCEP PC=0xFFFFDFE18584, theta= 304, max bias=  23, baseline_comp=  0, stable_cnt=255, grace_period=511, time_alive=  0
L_PERCEP PC=0xFFFFDFE18710, theta= 261, max bias=   4, baseline_comp=  0, stable_cnt=255, grace_period=511, time_alive=  0
L_PERCEP PC=0xFFFFDFE18584, theta= 325, max bias=   4, baseline_comp=  0, stable_cnt=255, grace_period=511, time_alive=  0
115000000 instrs 
L_PERCEP PC=0xFFFFDFE185F0, theta= 317, max bias=  20, baseline_comp=  0, stable_cnt=255, grace_period=511, time_alive=  0
G_PERCEP PC=0xFFFFDFE18564, theta= 304, max bias=  29, baseline_comp=  0, stable_cnt=255, grace_period=511, time_alive=  0
G_PERCEP PC=0xFFFFDFE15FC4, theta= 320, max bias=  14, baseline_comp=  0, stable_cnt=255, grace_period=511, time_alive=  0
L_PERCEP PC=0xFFFFDFE18564, theta= 269, max bias=   8, baseline_comp=  0, stable_cnt=255, grace_period=511, time_alive=  0
G_PERCEP PC=0xFFFFDFE15924, theta= 320, max bias=  35, baseline_comp=  0, stable_cnt=255, grace_period=511, time_alive=  0
L_PERCEP PC=0xFFFFDFE157FC, theta= 261, max bias=  15, baseline_comp=  0, stable_cnt=255, grace_period=511, time_alive=  0
L_PERCEP PC=0xFFFFDFE16790, theta= 309, max bias=   4, baseline_comp=  0, stable_cnt=255, grace_period=511, time_alive=  0
G_PERCEP PC=0xFFFFDFE18530, theta= 320, max bias=  12, baseline_comp=  0, stable_cnt=255, grace_period=511, time_alive=  0
120000000 instrs 
G_PERCEP PC=0xFFFFDFE1617C, theta= 280, max bias=  79, baseline_comp=  0, stable_cnt=255, grace_period=511, time_alive=  0
L_PERCEP PC=0xFFFFDFE18530, theta= 261, max bias=   8, baseline_comp=  0, stable_cnt=255, grace_period=511, time_alive=  0
G_PERCEP PC=0xFFFFDFE15D78, theta= 320, max bias=  22, baseline_comp=  0, stable_cnt=255, grace_period=511, time_alive=  0
G_PERCEP PC=0xFFFFDFE16994, theta= 320, max bias=  23, baseline_comp=  0, stable_cnt=255, grace_period=511, time_alive=  0
L_PERCEP PC=0xFFFFDFE15810, theta= 261, max bias=   5, baseline_comp=  0, stable_cnt=255, grace_period=511, time_alive=  0
125000000 instrs 
L_PERCEP PC=0xFFFFDFE1617C, theta= 285, max bias=  10, baseline_comp=  0, stable_cnt=255, grace_period=511, time_alive=  0
L_PERCEP PC=0xFFFFDFE183B0, theta= 269, max bias=  32, baseline_comp=  0, stable_cnt=255, grace_period=511, time_alive=  0
G_PERCEP PC=0xFFFFDFE15E70, theta= 296, max bias=   2, baseline_comp=  0, stable_cnt=255, grace_period=511, time_alive=  0
130000000 instrs 
EOF
======== Predictor Memory ========
TAGE-SC-L (bits) = 1305275
TAGE-SC-L (KBytes) = 159.335327
H2P_ID_MEM_BITS = 19456
H2P_ID_MEM (KBytes) = 2.375000
L_PERCEP_MEM_BITS = 176320
L_PERCEP_MEM (KBytes) = 21.523438
G_PERCEP_MEM_BITS = 33184
G_PERCEP_MEM (KBytes) = 4.050781
Total Memory (bits) = 1534235
Total Memory (KBytes) = 187.284546
======== Runtime Statistics ========
COL h2p_insert_cnt = 116
COL h2p_with_tage = 15462166
COL h2p_with_lhist_percep = 10070
COL h2p_with_ghist_percep = 27333
COL filtered_updates = 0
COL lhist_percep_evictions = 98
COL ghist_percep_evictions = 86
COL lhist_percep_stale_evictions = 2
COL ghist_percep_stale_evictions = 5
======== End of Statistics ========
WINDOW_SIZE = 1024
FETCH_WIDTH = 16
FETCH_NUM_BRANCH = 16
FETCH_STOP_AT_INDIRECT = 1
FETCH_STOP_AT_TAKEN = 1
FETCH_MODEL_ICACHE = 1
PERFECT_BRANCH_PRED = 0
PERFECT_INDIRECT_PRED = 1
PIPELINE_FILL_LATENCY = 10
NUM_LDST_LANES = 8
NUM_ALU_LANES = 16
MEMORY HIERARCHY CONFIGURATION---------------------
STRIDE Prefetcher = 1
PERFECT_CACHE = 0
WRITE_ALLOCATE = 1
Within-pipeline factors:
	AGEN latency = 1 cycle
	Store Queue (SQ): SQ size = window size, oracle memory disambiguation, store-load forwarding = 1 cycle after store's or load's agen.
	* Note: A store searches the L1$ at commit. The store is released
	* from the SQ and window, whether it hits or misses. Store misses
	* are buffered until the block is allocated and the store is
	* performed in the L1$. While buffered, conflicting loads get
	* the store's data as they would from the SQ.
I$: 128 KB, 8-way set-assoc., 64B block size
L1$: 128 KB, 8-way set-assoc., 64B block size, 3-cycle search latency
L2$: 4 MB, 8-way set-assoc., 64B block size, 12-cycle search latency
L3$: 32 MB, 16-way set-assoc., 128B block size, 50-cycle search latency
Main Memory: 150-cycle fixed search time
---------------------------STORE QUEUE MEASUREMENTS (Full Simulation i.e. Counts Not Reset When Warmup Ends)---------------------------
Number of loads: 27948785
Number of loads that miss in SQ: 26299847 (94.10%)
Number of PFs issued to the memory system 3101130
---------------------------------------------------------------------------------------------------------------------------------------
------------------------MEMORY HIERARCHY MEASUREMENTS (Full Simulation i.e. Counts Not Reset When Warmup Ends)-------------------------
I$:
	accesses   = 134842568
	misses     = 1905
	miss ratio = 0.00%
	pf accesses   = 0
	pf misses     = 0
	pf miss ratio = nan%
L1$:
	accesses   = 38869134
	misses     = 910944
	miss ratio = 2.34%
	pf accesses   = 3101130
	pf misses     = 11510
	pf miss ratio = 0.37%
L2$:
	accesses   = 912849
	misses     = 161039
	miss ratio = 17.64%
	pf accesses   = 11510
	pf misses     = 1480
	pf miss ratio = 12.86%
L3$:
	accesses   = 161039
	misses     = 82111
	miss ratio = 50.99%
	pf accesses   = 1480
	pf misses     = 270
	pf miss ratio = 18.24%
---------------------------------------------------------------------------------------------------------------------------------------
----------------------------------------------Prefetcher (Full Simulation i.e. No Warmup)----------------------------------------------
Num Trainings :27948785
Num Prefetches generated :3122461
Num Prefetches issued :4544316
Num Prefetches filtered by PF queue :104488
Num untimely prefetches dropped from PF queue :21331
Num prefetches not issued LDST contention :1443186
Num prefetches not issued stride 0 :12597945
---------------------------------------------------------------------------------------------------------------------------------------

-------------------------------ILP LIMIT STUDY (Full Simulation i.e. Counts Not Reset When Warmup Ends)--------------------------------
instructions = 130000020
cycles       = 59554980
CycWP        = 47599315
IPC          = 2.1829

---------------------------------------------------------------------------------------------------------------------------------------

-----------------------------------------------BRANCH PREDICTION MEASUREMENTS (Full Simulation i.e. Counts Not Reset When Warmup Ends)----------------------------------------------
Type                   NumBr     MispBr        mr     mpki
CondDirect         15702832    1056137   6.7258%   8.1241
JumpDirect          2040178          0   0.0000%   0.0000
JumpIndirect         132066          0   0.0000%   0.0000
JumpReturn           231355          0   0.0000%   0.0000
Not control       116736137          0   0.0000%   0.0000
------------------------------------------------------------------------------------------------------------------------------------------------------------------------------------

------------------------------------------------------DIRECT CONDITIONAL BRANCH PREDICTION MEASUREMENTS (Last 10M instructions)-----------------------------------------------------
       Instr       Cycles      IPC      NumBr     MispBr BrPerCyc MispBrPerCyc        MR     MPKI      CycWP   CycWPAvg   CycWPPKI
    10000020      4361806   2.2926    1227895      88315   0.2815       0.0202   7.1924%   8.8315    3513235    39.7807   351.3228
------------------------------------------------------------------------------------------------------------------------------------------------------------------------------------

------------------------------------------------------DIRECT CONDITIONAL BRANCH PREDICTION MEASUREMENTS (Last 25M instructions)-----------------------------------------------------
       Instr       Cycles      IPC      NumBr     MispBr BrPerCyc MispBrPerCyc        MR     MPKI      CycWP   CycWPAvg   CycWPPKI
    25000020     11055862   2.2612    3071500     220402   0.2778       0.0199   7.1757%   8.8161    8925930    40.4984   357.0369
-------------------------------------------------------------------------------------------------------------------------------------------------------------------------------------

---------------------------------------------------------DIRECT CONDITIONAL BRANCH PREDICTION MEASUREMENTS (50 Perc instructions)---------------------------------------------------
       Instr       Cycles      IPC      NumBr     MispBr BrPerCyc MispBrPerCyc        MR     MPKI      CycWP   CycWPAvg   CycWPPKI
    65000020     26286064   2.4728    7896218     495387   0.3004       0.0188   6.2737%   7.6213   19967744    40.3074   307.1960
------------------------------------------------------------------------------------------------------------------------------------------------------------------------------------

-------------------------------------DIRECT CONDITIONAL BRANCH PREDICTION MEASUREMENTS (Full Simulation i.e. Counts Not Reset When Warmup Ends)-------------------------------------
       Instr       Cycles      IPC      NumBr     MispBr BrPerCyc MispBrPerCyc        MR     MPKI      CycWP   CycWPAvg   CycWPPKI
   130000020     59554980   2.1829   15702832    1056137   0.2637       0.0177   6.7258%   8.1241   47599315    45.0693   366.1485
------------------------------------------------------------------------------------------------------------------------------------------------------------------------------------
 Read 130000020 instrs 
G_PERCEP PC=0xFFFFDFE16374, theta= 320, max bias=   7, baseline_comp=  4, stable_cnt=  0, grace_period= 42, time_alive=1328
G_PERCEP PC=0xFFFFDFE183EC, theta= 320, max bias=  14, baseline_comp=  0, stable_cnt= 15, grace_period=511, time_alive= 11
G_PERCEP PC=0xFFFFDFE1576C, theta= 320, max bias=  22, baseline_comp=  4, stable_cnt=  0, grace_period=474, time_alive=650
G_PERCEP PC=0xFFFFDFE15F30, theta= 320, max bias=  11, baseline_comp=  0, stable_cnt= 37, grace_period=511, time_alive=651
G_PERCEP PC=0xFFFFDFE15D18, theta= 312, max bias=  27, baseline_comp= 38, stable_cnt=  0, grace_period=511, time_alive=637
G_PERCEP PC=0xFFFFDFE15CE0, theta= 336, max bias=  33, baseline_comp= 54, stable_cnt=  0, grace_period=511, time_alive=638
G_PERCEP PC=0xFFFFDFE13458, theta= 344, max bias=  14, baseline_comp=  7, stable_cnt=  0, grace_period=511, time_alive=647
G_PERCEP PC=0xFFFFDFE16198, theta= 416, max bias=  31, baseline_comp=  0, stable_cnt= 67, grace_period=511, time_alive=  8
G_PERCEP PC=0xFFFFDFE16268, theta= 544, max bias=  49, baseline_comp= 10, stable_cnt=  0, grace_period=511, time_alive= 67
G_PERCEP PC=0xFFFFDFE16298, theta= 248, max bias= 241, baseline_comp=  0, stable_cnt= 83, grace_period=511, time_alive= 53
G_PERCEP PC=0xFFFFDFE16710, theta= 328, max bias=  48, baseline_comp= 37, stable_cnt=  0, grace_period=511, time_alive=  5
G_PERCEP PC=0xFFFFDFE15FE0, theta= 384, max bias=  71, baseline_comp=  2, stable_cnt=  0, grace_period=511, time_alive=  6
G_PERCEP PC=0xFFFFDFE16790, theta= 320, max bias=   9, baseline_comp=  9, stable_cnt=  0, grace_period=511, time_alive=  0
G_PERCEP PC=0xFFFFDFE1342C, theta= 320, max bias=  35, baseline_comp= 26, stable_cnt=  0, grace_period=511, time_alive=641
G_PERCEP PC=0xFFFFDFE185CC, theta=1760, max bias= 158, baseline_comp=  0, stable_cnt= 12, grace_period=511, time_alive=  9
G_PERCEP PC=0xFFFFDFE167DC, theta=1696, max bias=  60, baseline_comp=  0, stable_cnt=  0, grace_period=511, time_alive=  1
L_PERCEP PC=0xFFFFDFE16374, theta= 261, max bias=  13, baseline_comp=  1, stable_cnt=  0, grace_period=126, time_alive=1550
L_PERCEP PC=0xFFFFDFE1576C, theta= 261, max bias=  65, baseline_comp=  0, stable_cnt= 53, grace_period=511, time_alive=757
L_PERCEP PC=0xFFFFDFE15F30, theta= 261, max bias=  26, baseline_comp=  0, stable_cnt= 43, grace_period=511, time_alive=758
L_PERCEP PC=0xFFFFDFE167AC, theta= 357, max bias=  61, baseline_comp=  0, stable_cnt= 53, grace_period=511, time_alive=  0
L_PERCEP PC=0xFFFFDFE15D18, theta= 285, max bias=  25, baseline_comp=  0, stable_cnt=  8, grace_period=511, time_alive=744
L_PERCEP PC=0xFFFFDFE15CE0, theta= 333, max bias=  54, baseline_comp= 17, stable_cnt=  0, grace_period=511, time_alive=745
L_PERCEP PC=0xFFFFDFE13458, theta= 365, max bias=  27, baseline_comp=  3, stable_cnt=  0, grace_period=511, time_alive=754
L_PERCEP PC=0xFFFFDFE1342C, theta= 317, max bias=  93, baseline_comp= 10, stable_cnt=  0, grace_period=511, time_alive=748
L_PERCEP PC=0xFFFFDFE16198, theta= 541, max bias=  77, baseline_comp=  2, stable_cnt=  0, grace_period=511, time_alive= 10
L_PERCEP PC=0xFFFFDFE16268, theta= 605, max bias=  70, baseline_comp= 10, stable_cnt=  0, grace_period=511, time_alive= 85
L_PERCEP PC=0xFFFFDFE16298, theta= 517, max bias=  48, baseline_comp=  1, stable_cnt=  0, grace_period=511, time_alive= 61
L_PERCEP PC=0xFFFFDFE15E70, theta= 365, max bias=  13, baseline_comp=  2, stable_cnt=  0, grace_period=511, time_alive=  5
L_PERCEP PC=0xFFFFDFE15FE0, theta= 437, max bias=  55, baseline_comp=  0, stable_cnt= 18, grace_period=511, time_alive=  6
L_PERCEP PC=0xFFFFDFE16188, theta= 533, max bias=  78, baseline_comp=  0, stable_cnt=  2, grace_period=511, time_alive=  9
L_PERCEP PC=0xFFFFDFE185CC, theta= 597, max bias=  25, baseline_comp=  0, stable_cnt=  7, grace_period=511, time_alive= 11
L_PERCEP PC=0xFFFFDFE167DC, theta= 693, max bias=  22, baseline_comp=  5, stable_cnt=  0, grace_period=511, time_alive=  1

ExecTime = 1084.9837629795074
