CMD:./cbp traces/compress/compress_2_trace.gz
MPP history size: 5.71814 KB
TAGE-SC-L size: 64 KB
Bloom filter size 24 KB
number of bits left is 774129 bits
we can afford 133122 entries total
32 IMLI counter bits
27 x 16 = 432 global path bits
95 total modulo history bits
1648 total modulo path bits
34 x 1280 = 43520 total local history bits
56 x 16 = 896 total recency bits
189 total blurry path bits
23 total acyclic bits
8 bits for theta
leaving 2 entries on the table
1 table of 2048 6-bit entries
32 tables of 4096 6-bit entries
5000000 instrs 
10000000 instrs 
15000000 instrs 
20000000 instrs 
25000000 instrs 
30000000 instrs 
EOF
WINDOW_SIZE = 1024
FETCH_WIDTH = 16
FETCH_NUM_BRANCH = 16
FETCH_STOP_AT_INDIRECT = 1
FETCH_STOP_AT_TAKEN = 1
FETCH_MODEL_ICACHE = 1
PERFECT_BRANCH_PRED = 0
PERFECT_INDIRECT_PRED = 1
PIPELINE_FILL_LATENCY = 10
NUM_LDST_LANES = 8
NUM_ALU_LANES = 16
MEMORY HIERARCHY CONFIGURATION---------------------
STRIDE Prefetcher = 1
PERFECT_CACHE = 0
WRITE_ALLOCATE = 1
Within-pipeline factors:
	AGEN latency = 1 cycle
	Store Queue (SQ): SQ size = window size, oracle memory disambiguation, store-load forwarding = 1 cycle after store's or load's agen.
	* Note: A store searches the L1$ at commit. The store is released
	* from the SQ and window, whether it hits or misses. Store misses
	* are buffered until the block is allocated and the store is
	* performed in the L1$. While buffered, conflicting loads get
	* the store's data as they would from the SQ.
I$: 128 KB, 8-way set-assoc., 64B block size
L1$: 128 KB, 8-way set-assoc., 64B block size, 3-cycle search latency
L2$: 4 MB, 8-way set-assoc., 64B block size, 12-cycle search latency
L3$: 32 MB, 16-way set-assoc., 128B block size, 50-cycle search latency
Main Memory: 150-cycle fixed search time
---------------------------STORE QUEUE MEASUREMENTS (Full Simulation i.e. Counts Not Reset When Warmup Ends)---------------------------
Number of loads: 6936016
Number of loads that miss in SQ: 5531833 (79.76%)
Number of PFs issued to the memory system 831944
---------------------------------------------------------------------------------------------------------------------------------------
------------------------MEMORY HIERARCHY MEASUREMENTS (Full Simulation i.e. Counts Not Reset When Warmup Ends)-------------------------
I$:
	accesses   = 35639798
	misses     = 5516
	miss ratio = 0.02%
	pf accesses   = 0
	pf misses     = 0
	pf miss ratio = nan%
L1$:
	accesses   = 11711978
	misses     = 368762
	miss ratio = 3.15%
	pf accesses   = 831944
	pf misses     = 59913
	pf miss ratio = 7.20%
L2$:
	accesses   = 374278
	misses     = 121771
	miss ratio = 32.53%
	pf accesses   = 59913
	pf misses     = 1815
	pf miss ratio = 3.03%
L3$:
	accesses   = 121771
	misses     = 57400
	miss ratio = 47.14%
	pf accesses   = 1815
	pf misses     = 487
	pf miss ratio = 26.83%
---------------------------------------------------------------------------------------------------------------------------------------
----------------------------------------------Prefetcher (Full Simulation i.e. No Warmup)----------------------------------------------
Num Trainings :6936016
Num Prefetches generated :885700
Num Prefetches issued :2312204
Num Prefetches filtered by PF queue :373797
Num untimely prefetches dropped from PF queue :53756
Num prefetches not issued LDST contention :1480260
Num prefetches not issued stride 0 :1866605
---------------------------------------------------------------------------------------------------------------------------------------

-------------------------------ILP LIMIT STUDY (Full Simulation i.e. Counts Not Reset When Warmup Ends)--------------------------------
instructions = 32339109
cycles       = 6620983
CycWP        = 1227009
IPC          = 4.8843

---------------------------------------------------------------------------------------------------------------------------------------

-----------------------------------------------BRANCH PREDICTION MEASUREMENTS (Full Simulation i.e. Counts Not Reset When Warmup Ends)----------------------------------------------
Type                   NumBr     MispBr        mr     mpki
CondDirect          3601347      46665   1.2958%   1.4430
JumpDirect           483487          0   0.0000%   0.0000
JumpIndirect          10657          0   0.0000%   0.0000
JumpReturn           145428          0   0.0000%   0.0000
Not control        31398879          0   0.0000%   0.0000
------------------------------------------------------------------------------------------------------------------------------------------------------------------------------------

------------------------------------------------------DIRECT CONDITIONAL BRANCH PREDICTION MEASUREMENTS (Last 10M instructions)-----------------------------------------------------
       Instr       Cycles      IPC      NumBr     MispBr BrPerCyc MispBrPerCyc        MR     MPKI      CycWP   CycWPAvg   CycWPPKI
    10339109      2006910   5.1518    1137922      23580   0.5670       0.0117   2.0722%   2.2807     504202    21.3826    48.7665
------------------------------------------------------------------------------------------------------------------------------------------------------------------------------------

------------------------------------------------------DIRECT CONDITIONAL BRANCH PREDICTION MEASUREMENTS (Last 25M instructions)-----------------------------------------------------
       Instr       Cycles      IPC      NumBr     MispBr BrPerCyc MispBrPerCyc        MR     MPKI      CycWP   CycWPAvg   CycWPPKI
    25339109      4704645   5.3860    2856494      36871   0.6072       0.0078   1.2908%   1.4551     941453    25.5337    37.1541
-------------------------------------------------------------------------------------------------------------------------------------------------------------------------------------

---------------------------------------------------------DIRECT CONDITIONAL BRANCH PREDICTION MEASUREMENTS (50 Perc instructions)---------------------------------------------------
       Instr       Cycles      IPC      NumBr     MispBr BrPerCyc MispBrPerCyc        MR     MPKI      CycWP   CycWPAvg   CycWPPKI
    16339109      3013212   5.4225    1821008      26152   0.6043       0.0087   1.4361%   1.6006     598090    22.8698    36.6048
------------------------------------------------------------------------------------------------------------------------------------------------------------------------------------

-------------------------------------DIRECT CONDITIONAL BRANCH PREDICTION MEASUREMENTS (Full Simulation i.e. Counts Not Reset When Warmup Ends)-------------------------------------
       Instr       Cycles      IPC      NumBr     MispBr BrPerCyc MispBrPerCyc        MR     MPKI      CycWP   CycWPAvg   CycWPPKI
    32339109      6620983   4.8843    3601347      46665   0.5439       0.0070   1.2958%   1.4430    1227009    26.2940    37.9420
------------------------------------------------------------------------------------------------------------------------------------------------------------------------------------
 Read 32339109 instrs 

ExecTime = 328.53882813453674
