\BOOKMARK [1][-]{section.1}{\376\377\000I\000n\000t\000r\000o\000d\000u\000c\000t\000i\000o\000n}{}% 1
\BOOKMARK [2][-]{subsection.1.1}{\376\377\000T\000h\000e\000\040\000C\000a\000t\000e\000g\000o\000r\000y\000-\000O\000p\000t\000i\000m\000a\000l\000\040\000S\000e\000l\000e\000c\000t\000o\000r}{section.1}% 2
\BOOKMARK [1][-]{section.2}{\376\377\000M\000e\000t\000h\000o\000d\000o\000l\000o\000g\000y}{}% 3
\BOOKMARK [1][-]{section.3}{\376\377\000M\000u\000l\000t\000i\000P\000e\000r\000s\000p\000e\000c\000t\000i\000v\000e\000\040\000P\000e\000r\000c\000e\000p\000t\000r\000o\000n\000\040\000P\000r\000e\000d\000i\000c\000t\000o\000r\000\040\000\050\000M\000P\000P\000\051}{}% 4
\BOOKMARK [2][-]{subsection.3.1}{\376\377\000D\000e\000t\000a\000i\000l\000s}{section.3}% 5
\BOOKMARK [3][-]{subsubsection.3.1.1}{\376\377\000B\000r\000a\000n\000c\000h\000\040\000M\000i\000s\000a\000l\000i\000g\000n\000m\000e\000n\000t\000\040\000a\000n\000d\000\040\000M\000O\000D\000H\000I\000S\000T}{subsection.3.1}% 6
\BOOKMARK [2][-]{subsection.3.2}{\376\377\000M\000P\000P\000\040\000v\000s\000\040\000B\000a\000s\000e\000l\000i\000n\000e\000\040\000P\000r\000e\000d\000i\000c\000t\000o\000r}{section.3}% 7
\BOOKMARK [1][-]{section.4}{\376\377\000B\000r\000a\000n\000c\000h\000\040\000P\000r\000e\000d\000i\000c\000t\000i\000o\000n\000\040\000v\000i\000a\000\040\000L\000o\000a\000d\000\040\000V\000a\000l\000u\000e\000\040\000P\000r\000e\000d\000i\000c\000t\000i\000o\000n\000\040\000\050\000\040\000B\000A\000L\000L\000\040\040\023\000\040\000B\000r\000a\000n\000c\000h\000\040\000A\000L\000U\000-\000L\000o\000a\000d\000-\000L\000o\000a\000d\000\040\000P\000r\000e\000d\000i\000c\000t\000o\000r\000\040\000\051}{}% 8
\BOOKMARK [2][-]{subsection.4.1}{\376\377\000D\000e\000t\000a\000i\000l\000s}{section.4}% 9
\BOOKMARK [2][-]{subsection.4.2}{\376\377\000B\000A\000L\000L\000\040\000P\000r\000e\000d\000i\000c\000t\000o\000r\000\040\000v\000s\000\040\000B\000a\000s\000e\000l\000i\000n\000e}{section.4}% 10
\BOOKMARK [1][-]{section.5}{\376\377\000B\000u\000l\000l\000s\000e\000y\000e\000\040\000P\000r\000e\000d\000i\000c\000t\000o\000r}{}% 11
\BOOKMARK [2][-]{subsection.5.1}{\376\377\000D\000e\000t\000a\000i\000l\000s}{section.5}% 12
\BOOKMARK [2][-]{subsection.5.2}{\376\377\000B\000u\000l\000l\000s\000e\000y\000e\000\040\000P\000r\000e\000d\000i\000c\000t\000o\000r\000\040\000v\000s\000\040\000B\000a\000s\000e\000l\000i\000n\000e}{section.5}% 13
\BOOKMARK [1][-]{section.6}{\376\377\000P\000r\000o\000g\000r\000a\000m\000m\000i\000n\000g\000\040\000I\000d\000i\000o\000m\000\040\000P\000r\000e\000d\000i\000c\000t\000o\000r\000\040\000\050\000P\000I\000P\000\051}{}% 14
\BOOKMARK [2][-]{subsection.6.1}{\376\377\000D\000e\000t\000a\000i\000l\000s}{section.6}% 15
\BOOKMARK [2][-]{subsection.6.2}{\376\377\000P\000r\000o\000g\000r\000a\000m\000m\000i\000n\000g\000\040\000I\000d\000i\000o\000m\000\040\000P\000r\000e\000d\000i\000c\000t\000o\000r\000\040\000v\000s\000\040\000B\000a\000s\000e\000l\000i\000n\000e}{section.6}% 16
\BOOKMARK [1][-]{section.7}{\376\377\000D\000e\000l\000t\000a\000\040\000A\000n\000a\000l\000y\000s\000i\000s}{}% 17
\BOOKMARK [2][-]{subsection.7.1}{\376\377\000B\000u\000l\000l\000s\000e\000y\000e\000\040\000v\000s\000\040\000M\000u\000l\000t\000i\000-\000P\000e\000r\000s\000p\000e\000c\000t\000i\000v\000e\000\040\000P\000r\000e\000d\000i\000c\000t\000o\000r}{section.7}% 18
\BOOKMARK [2][-]{subsection.7.2}{\376\377\000B\000A\000L\000L\000\040\000v\000s\000\040\000B\000u\000l\000l\000s\000e\000y\000e\000\040\000P\000r\000e\000d\000i\000c\000t\000o\000r}{section.7}% 19
\BOOKMARK [1][-]{section.8}{\376\377\000C\000o\000m\000p\000l\000e\000m\000e\000n\000t\000a\000r\000i\000t\000y\000\040\000A\000n\000a\000l\000y\000s\000i\000s}{}% 20
\BOOKMARK [1][-]{section.9}{\376\377\000O\000v\000e\000r\000a\000l\000l\000\040\000R\000a\000n\000k\000i\000n\000g\000s}{}% 21
\BOOKMARK [2][-]{subsection.9.1}{\376\377\000M\000e\000t\000h\000o\000d\000o\000l\000o\000g\000y}{section.9}% 22
\BOOKMARK [2][-]{subsection.9.2}{\376\377\000R\000e\000s\000u\000l\000t\000s}{section.9}% 23
\BOOKMARK [2][-]{subsection.9.3}{\376\377\000C\000a\000t\000e\000g\000o\000r\000y\000-\000O\000p\000t\000i\000m\000a\000l\000\040\000S\000e\000l\000e\000c\000t\000o\000r}{section.9}% 24
\BOOKMARK [1][-]{section.10}{\376\377\000C\000o\000n\000c\000l\000u\000s\000i\000o\000n}{}% 25
