CMD:./cbp traces/media/media_0_trace.gz
5000000 instrs 
G_PERCEP PC=0xFFFF7FC544E4, theta= 320, max bias=  19, baseline_comp=  0, stable_cnt=255, grace_period=511, time_alive=  0
L_PERCEP PC=0xFFFF7FC544E4, theta= 261, max bias=  36, baseline_comp=  0, stable_cnt=255, grace_period=511, time_alive=  0
10000000 instrs 
G_PERCEP PC=0xFFFF7FC542D0, theta= 320, max bias=  23, baseline_comp=  0, stable_cnt=255, grace_period=511, time_alive=  0
L_PERCEP PC=0xFFFF7FC542D0, theta= 261, max bias=  12, baseline_comp=  0, stable_cnt=255, grace_period=511, time_alive=  0
15000000 instrs 
L_PERCEP PC=0xFFFF7FE20B64, theta= 261, max bias=  24, baseline_comp=  0, stable_cnt=255, grace_period=511, time_alive=  0
20000000 instrs 
EOF
======== Predictor Memory ========
TAGE-SC-L (bits) = 1305275
TAGE-SC-L (KBytes) = 159.335327
H2P_ID_MEM_BITS = 19456
H2P_ID_MEM (KBytes) = 2.375000
L_PERCEP_MEM_BITS = 176320
L_PERCEP_MEM (KBytes) = 21.523438
G_PERCEP_MEM_BITS = 33184
G_PERCEP_MEM (KBytes) = 4.050781
Total Memory (bits) = 1534235
Total Memory (KBytes) = 187.284546
======== Runtime Statistics ========
COL h2p_insert_cnt = 10
COL h2p_with_tage = 1104535
COL h2p_with_lhist_percep = 0
COL h2p_with_ghist_percep = 0
COL filtered_updates = 0
COL lhist_percep_evictions = 3
COL ghist_percep_evictions = 2
COL lhist_percep_stale_evictions = 0
COL ghist_percep_stale_evictions = 0
======== End of Statistics ========
WINDOW_SIZE = 1024
FETCH_WIDTH = 16
FETCH_NUM_BRANCH = 16
FETCH_STOP_AT_INDIRECT = 1
FETCH_STOP_AT_TAKEN = 1
FETCH_MODEL_ICACHE = 1
PERFECT_BRANCH_PRED = 0
PERFECT_INDIRECT_PRED = 1
PIPELINE_FILL_LATENCY = 10
NUM_LDST_LANES = 8
NUM_ALU_LANES = 16
MEMORY HIERARCHY CONFIGURATION---------------------
STRIDE Prefetcher = 1
PERFECT_CACHE = 0
WRITE_ALLOCATE = 1
Within-pipeline factors:
	AGEN latency = 1 cycle
	Store Queue (SQ): SQ size = window size, oracle memory disambiguation, store-load forwarding = 1 cycle after store's or load's agen.
	* Note: A store searches the L1$ at commit. The store is released
	* from the SQ and window, whether it hits or misses. Store misses
	* are buffered until the block is allocated and the store is
	* performed in the L1$. While buffered, conflicting loads get
	* the store's data as they would from the SQ.
I$: 128 KB, 8-way set-assoc., 64B block size
L1$: 128 KB, 8-way set-assoc., 64B block size, 3-cycle search latency
L2$: 4 MB, 8-way set-assoc., 64B block size, 12-cycle search latency
L3$: 32 MB, 16-way set-assoc., 128B block size, 50-cycle search latency
Main Memory: 150-cycle fixed search time
---------------------------STORE QUEUE MEASUREMENTS (Full Simulation i.e. Counts Not Reset When Warmup Ends)---------------------------
Number of loads: 5594292
Number of loads that miss in SQ: 4138929 (73.98%)
Number of PFs issued to the memory system 589246
---------------------------------------------------------------------------------------------------------------------------------------
------------------------MEMORY HIERARCHY MEASUREMENTS (Full Simulation i.e. Counts Not Reset When Warmup Ends)-------------------------
I$:
	accesses   = 25800588
	misses     = 4262
	miss ratio = 0.02%
	pf accesses   = 0
	pf misses     = 0
	pf miss ratio = nan%
L1$:
	accesses   = 7898045
	misses     = 12111
	miss ratio = 0.15%
	pf accesses   = 589246
	pf misses     = 1753
	pf miss ratio = 0.30%
L2$:
	accesses   = 16373
	misses     = 6090
	miss ratio = 37.20%
	pf accesses   = 1753
	pf misses     = 740
	pf miss ratio = 42.21%
L3$:
	accesses   = 6090
	misses     = 3430
	miss ratio = 56.32%
	pf accesses   = 740
	pf misses     = 453
	pf miss ratio = 61.22%
---------------------------------------------------------------------------------------------------------------------------------------
----------------------------------------------Prefetcher (Full Simulation i.e. No Warmup)----------------------------------------------
Num Trainings :5594292
Num Prefetches generated :631778
Num Prefetches issued :3540874
Num Prefetches filtered by PF queue :307490
Num untimely prefetches dropped from PF queue :42532
Num prefetches not issued LDST contention :2951628
Num prefetches not issued stride 0 :1364117
---------------------------------------------------------------------------------------------------------------------------------------

-------------------------------ILP LIMIT STUDY (Full Simulation i.e. Counts Not Reset When Warmup Ends)--------------------------------
instructions = 20000044
cycles       = 3351187
CycWP        = 578191
IPC          = 5.9680

---------------------------------------------------------------------------------------------------------------------------------------

-----------------------------------------------BRANCH PREDICTION MEASUREMENTS (Full Simulation i.e. Counts Not Reset When Warmup Ends)----------------------------------------------
Type                   NumBr     MispBr        mr     mpki
CondDirect          1125035      21710   1.9297%   1.0855
JumpDirect           254376          0   0.0000%   0.0000
JumpIndirect         101890          0   0.0000%   0.0000
JumpReturn           223232          0   0.0000%   0.0000
Not control        24096055          0   0.0000%   0.0000
------------------------------------------------------------------------------------------------------------------------------------------------------------------------------------

------------------------------------------------------DIRECT CONDITIONAL BRANCH PREDICTION MEASUREMENTS (Last 10M instructions)-----------------------------------------------------
       Instr       Cycles      IPC      NumBr     MispBr BrPerCyc MispBrPerCyc        MR     MPKI      CycWP   CycWPAvg   CycWPPKI
    10000044      1475498   6.7774     559613       8223   0.3793       0.0056   1.4694%   0.8223     224155    27.2595    22.4154
------------------------------------------------------------------------------------------------------------------------------------------------------------------------------------

------------------------------------------------------DIRECT CONDITIONAL BRANCH PREDICTION MEASUREMENTS (Last 25M instructions)-----------------------------------------------------
       Instr       Cycles      IPC      NumBr     MispBr BrPerCyc MispBrPerCyc        MR     MPKI      CycWP   CycWPAvg   CycWPPKI
    20000044      3351187   5.9680    1125035      21710   0.3357       0.0065   1.9297%   1.0855     578191    26.6325    28.9095
-------------------------------------------------------------------------------------------------------------------------------------------------------------------------------------

---------------------------------------------------------DIRECT CONDITIONAL BRANCH PREDICTION MEASUREMENTS (50 Perc instructions)---------------------------------------------------
       Instr       Cycles      IPC      NumBr     MispBr BrPerCyc MispBrPerCyc        MR     MPKI      CycWP   CycWPAvg   CycWPPKI
    10000044      1475498   6.7774     559613       8223   0.3793       0.0056   1.4694%   0.8223     224155    27.2595    22.4154
------------------------------------------------------------------------------------------------------------------------------------------------------------------------------------

-------------------------------------DIRECT CONDITIONAL BRANCH PREDICTION MEASUREMENTS (Full Simulation i.e. Counts Not Reset When Warmup Ends)-------------------------------------
       Instr       Cycles      IPC      NumBr     MispBr BrPerCyc MispBrPerCyc        MR     MPKI      CycWP   CycWPAvg   CycWPPKI
    20000044      3351187   5.9680    1125035      21710   0.3357       0.0065   1.9297%   1.0855     578191    26.6325    28.9095
------------------------------------------------------------------------------------------------------------------------------------------------------------------------------------
 Read 20000044 instrs 
G_PERCEP PC=0xFFFF7FC8CFF8, theta= 320, max bias=   6, baseline_comp=  0, stable_cnt=  0, grace_period=479, time_alive=116
G_PERCEP PC=0xFFFF7FE20B64, theta= 320, max bias=  23, baseline_comp=  0, stable_cnt= 57, grace_period=511, time_alive=  0
G_PERCEP PC=0xFFFF7FC544E4, theta= 312, max bias=  33, baseline_comp=  0, stable_cnt=104, grace_period=511, time_alive=1255
G_PERCEP PC=0xFFFF7FE207D8, theta= 320, max bias=  24, baseline_comp=  0, stable_cnt= 66, grace_period=511, time_alive=117
G_PERCEP PC=0xFFFF7FD96D50, theta= 296, max bias=  22, baseline_comp=  0, stable_cnt=  9, grace_period=511, time_alive=  1
G_PERCEP PC=0xFFFF7FE2072C, theta= 320, max bias=  21, baseline_comp=  3, stable_cnt=  0, grace_period=168, time_alive=133
G_PERCEP PC=0xFFFF7FD96D74, theta= 304, max bias=  52, baseline_comp=  7, stable_cnt=  0, grace_period=511, time_alive=  2
G_PERCEP PC=0xFFFF7FBF0278, theta= 296, max bias=  80, baseline_comp=  0, stable_cnt= 37, grace_period=511, time_alive=  3
L_PERCEP PC=0xFFFF7FC8CFF8, theta= 261, max bias=  24, baseline_comp=  4, stable_cnt=  0, grace_period=479, time_alive=107
L_PERCEP PC=0xFFFF7FC544E4, theta= 253, max bias=  24, baseline_comp=  1, stable_cnt=  0, grace_period=511, time_alive=1240
L_PERCEP PC=0xFFFF7FE207D8, theta= 261, max bias=  16, baseline_comp=  0, stable_cnt= 68, grace_period=511, time_alive=108
L_PERCEP PC=0xFFFF7FD96D50, theta= 237, max bias=  25, baseline_comp=  0, stable_cnt= 51, grace_period=511, time_alive=  0
L_PERCEP PC=0xFFFF7FE2072C, theta= 261, max bias=  14, baseline_comp=  4, stable_cnt=  0, grace_period=168, time_alive=124
L_PERCEP PC=0xFFFF7FD96D74, theta= 261, max bias=  28, baseline_comp=  5, stable_cnt=  0, grace_period=511, time_alive=  1
L_PERCEP PC=0xFFFF7FBF0278, theta= 205, max bias=  22, baseline_comp=  0, stable_cnt= 37, grace_period=511, time_alive=  2

ExecTime = 150.28749322891235
