CMD:./cbp traces/media/media_3_trace.gz
5000000 instrs 
G_PERCEP PC=0xFFFF7FBF0278, theta= 304, max bias=  48, baseline_comp=  0, stable_cnt=255, grace_period=511, time_alive=  0
10000000 instrs 
G_PERCEP PC=0xFFFF7FC542D0, theta= 320, max bias=  16, baseline_comp=  0, stable_cnt=255, grace_period=511, time_alive=  0
15000000 instrs 
20000000 instrs 
EOF
======== Predictor Memory ========
TAGE-SC-L (bits) = 1305275
TAGE-SC-L (KBytes) = 159.335327
H2P_ID_MEM_BITS = 19456
H2P_ID_MEM (KBytes) = 2.375000
L_PERCEP_MEM_BITS = 176320
L_PERCEP_MEM (KBytes) = 21.523438
G_PERCEP_MEM_BITS = 33184
G_PERCEP_MEM (KBytes) = 4.050781
Total Memory (bits) = 1534235
Total Memory (KBytes) = 187.284546
======== Runtime Statistics ========
COL h2p_insert_cnt = 13
COL h2p_with_tage = 1108452
COL h2p_with_lhist_percep = 276
COL h2p_with_ghist_percep = 0
COL filtered_updates = 0
COL lhist_percep_evictions = 0
COL ghist_percep_evictions = 2
COL lhist_percep_stale_evictions = 0
COL ghist_percep_stale_evictions = 0
======== End of Statistics ========
WINDOW_SIZE = 1024
FETCH_WIDTH = 16
FETCH_NUM_BRANCH = 16
FETCH_STOP_AT_INDIRECT = 1
FETCH_STOP_AT_TAKEN = 1
FETCH_MODEL_ICACHE = 1
PERFECT_BRANCH_PRED = 0
PERFECT_INDIRECT_PRED = 1
PIPELINE_FILL_LATENCY = 10
NUM_LDST_LANES = 8
NUM_ALU_LANES = 16
MEMORY HIERARCHY CONFIGURATION---------------------
STRIDE Prefetcher = 1
PERFECT_CACHE = 0
WRITE_ALLOCATE = 1
Within-pipeline factors:
	AGEN latency = 1 cycle
	Store Queue (SQ): SQ size = window size, oracle memory disambiguation, store-load forwarding = 1 cycle after store's or load's agen.
	* Note: A store searches the L1$ at commit. The store is released
	* from the SQ and window, whether it hits or misses. Store misses
	* are buffered until the block is allocated and the store is
	* performed in the L1$. While buffered, conflicting loads get
	* the store's data as they would from the SQ.
I$: 128 KB, 8-way set-assoc., 64B block size
L1$: 128 KB, 8-way set-assoc., 64B block size, 3-cycle search latency
L2$: 4 MB, 8-way set-assoc., 64B block size, 12-cycle search latency
L3$: 32 MB, 16-way set-assoc., 128B block size, 50-cycle search latency
Main Memory: 150-cycle fixed search time
---------------------------STORE QUEUE MEASUREMENTS (Full Simulation i.e. Counts Not Reset When Warmup Ends)---------------------------
Number of loads: 5528910
Number of loads that miss in SQ: 4065253 (73.53%)
Number of PFs issued to the memory system 576136
---------------------------------------------------------------------------------------------------------------------------------------
------------------------MEMORY HIERARCHY MEASUREMENTS (Full Simulation i.e. Counts Not Reset When Warmup Ends)-------------------------
I$:
	accesses   = 25633385
	misses     = 4126
	miss ratio = 0.02%
	pf accesses   = 0
	pf misses     = 0
	pf miss ratio = nan%
L1$:
	accesses   = 7816636
	misses     = 9991
	miss ratio = 0.13%
	pf accesses   = 576136
	pf misses     = 1517
	pf miss ratio = 0.26%
L2$:
	accesses   = 14117
	misses     = 5675
	miss ratio = 40.20%
	pf accesses   = 1517
	pf misses     = 805
	pf miss ratio = 53.07%
L3$:
	accesses   = 5675
	misses     = 3244
	miss ratio = 57.16%
	pf accesses   = 805
	pf misses     = 479
	pf miss ratio = 59.50%
---------------------------------------------------------------------------------------------------------------------------------------
----------------------------------------------Prefetcher (Full Simulation i.e. No Warmup)----------------------------------------------
Num Trainings :5528910
Num Prefetches generated :613702
Num Prefetches issued :3270703
Num Prefetches filtered by PF queue :277398
Num untimely prefetches dropped from PF queue :37566
Num prefetches not issued LDST contention :2694567
Num prefetches not issued stride 0 :1370082
---------------------------------------------------------------------------------------------------------------------------------------

-------------------------------ILP LIMIT STUDY (Full Simulation i.e. Counts Not Reset When Warmup Ends)--------------------------------
instructions = 20000046
cycles       = 3492908
CycWP        = 691480
IPC          = 5.7259

---------------------------------------------------------------------------------------------------------------------------------------

-----------------------------------------------BRANCH PREDICTION MEASUREMENTS (Full Simulation i.e. Counts Not Reset When Warmup Ends)----------------------------------------------
Type                   NumBr     MispBr        mr     mpki
CondDirect          1130407      25786   2.2811%   1.2893
JumpDirect           262037          0   0.0000%   0.0000
JumpIndirect         101821          0   0.0000%   0.0000
JumpReturn           221710          0   0.0000%   0.0000
Not control        23917410          0   0.0000%   0.0000
------------------------------------------------------------------------------------------------------------------------------------------------------------------------------------

------------------------------------------------------DIRECT CONDITIONAL BRANCH PREDICTION MEASUREMENTS (Last 10M instructions)-----------------------------------------------------
       Instr       Cycles      IPC      NumBr     MispBr BrPerCyc MispBrPerCyc        MR     MPKI      CycWP   CycWPAvg   CycWPPKI
    10000046      1581787   6.3220     568763      11234   0.3596       0.0071   1.9752%   1.1234     314545    27.9994    31.4544
------------------------------------------------------------------------------------------------------------------------------------------------------------------------------------

------------------------------------------------------DIRECT CONDITIONAL BRANCH PREDICTION MEASUREMENTS (Last 25M instructions)-----------------------------------------------------
       Instr       Cycles      IPC      NumBr     MispBr BrPerCyc MispBrPerCyc        MR     MPKI      CycWP   CycWPAvg   CycWPPKI
    20000046      3492908   5.7259    1130407      25786   0.3236       0.0074   2.2811%   1.2893     691480    26.8161    34.5739
-------------------------------------------------------------------------------------------------------------------------------------------------------------------------------------

---------------------------------------------------------DIRECT CONDITIONAL BRANCH PREDICTION MEASUREMENTS (50 Perc instructions)---------------------------------------------------
       Instr       Cycles      IPC      NumBr     MispBr BrPerCyc MispBrPerCyc        MR     MPKI      CycWP   CycWPAvg   CycWPPKI
    10000046      1581787   6.3220     568763      11234   0.3596       0.0071   1.9752%   1.1234     314545    27.9994    31.4544
------------------------------------------------------------------------------------------------------------------------------------------------------------------------------------

-------------------------------------DIRECT CONDITIONAL BRANCH PREDICTION MEASUREMENTS (Full Simulation i.e. Counts Not Reset When Warmup Ends)-------------------------------------
       Instr       Cycles      IPC      NumBr     MispBr BrPerCyc MispBrPerCyc        MR     MPKI      CycWP   CycWPAvg   CycWPPKI
    20000046      3492908   5.7259    1130407      25786   0.3236       0.0074   2.2811%   1.2893     691480    26.8161    34.5739
------------------------------------------------------------------------------------------------------------------------------------------------------------------------------------
 Read 20000046 instrs 
G_PERCEP PC=0xFFFF7FD96CB4, theta= 320, max bias=   9, baseline_comp=  0, stable_cnt=  0, grace_period=206, time_alive=  0
G_PERCEP PC=0xFFFF7FC8CFF8, theta= 320, max bias=  12, baseline_comp=  1, stable_cnt=  0, grace_period=421, time_alive= 53
G_PERCEP PC=0xFFFF7FE20B64, theta= 312, max bias=  27, baseline_comp=  2, stable_cnt=  0, grace_period=511, time_alive= 83
G_PERCEP PC=0xFFFF7FBF02AC, theta= 312, max bias=  37, baseline_comp=  0, stable_cnt= 13, grace_period=511, time_alive= 50
G_PERCEP PC=0xFFFF7FC544E4, theta= 320, max bias=  36, baseline_comp=  0, stable_cnt= 82, grace_period=511, time_alive=489
G_PERCEP PC=0xFFFF7FE207D8, theta= 320, max bias=  19, baseline_comp=  3, stable_cnt=  0, grace_period=511, time_alive= 67
G_PERCEP PC=0xFFFF7FE207E4, theta= 320, max bias=   2, baseline_comp=  0, stable_cnt=  0, grace_period=109, time_alive= 66
G_PERCEP PC=0xFFFF7FD96CA0, theta= 320, max bias=   7, baseline_comp=  2, stable_cnt=  0, grace_period=221, time_alive=  1
G_PERCEP PC=0xFFFF7FD96D50, theta= 288, max bias=  26, baseline_comp=  2, stable_cnt=  0, grace_period=511, time_alive=  8
G_PERCEP PC=0xFFFF7FE2072C, theta= 304, max bias=  44, baseline_comp=  0, stable_cnt= 87, grace_period=511, time_alive= 54
G_PERCEP PC=0xFFFF7FD96D74, theta= 304, max bias=  59, baseline_comp=  1, stable_cnt=  6, grace_period=511, time_alive=  9
L_PERCEP PC=0xFFFF7FD96CB4, theta= 261, max bias=   8, baseline_comp=  0, stable_cnt=  0, grace_period=206, time_alive=  0
L_PERCEP PC=0xFFFF7FC8CFF8, theta= 261, max bias=  23, baseline_comp=  1, stable_cnt=  0, grace_period=421, time_alive= 77
L_PERCEP PC=0xFFFF7FBF0278, theta= 229, max bias=  44, baseline_comp= 11, stable_cnt=  0, grace_period=511, time_alive= 51
L_PERCEP PC=0xFFFF7FE20B64, theta= 261, max bias=  30, baseline_comp=  0, stable_cnt=104, grace_period=511, time_alive=114
L_PERCEP PC=0xFFFF7FE207D8, theta= 261, max bias=   8, baseline_comp=  1, stable_cnt=  4, grace_period=511, time_alive= 91
L_PERCEP PC=0xFFFF7FC542D0, theta= 253, max bias=  22, baseline_comp= 20, stable_cnt=  0, grace_period=511, time_alive=736
L_PERCEP PC=0xFFFF7FD96CA0, theta= 261, max bias=  26, baseline_comp=  4, stable_cnt=  0, grace_period=221, time_alive=  1
L_PERCEP PC=0xFFFF7FD96D50, theta= 245, max bias=  16, baseline_comp=  2, stable_cnt=  0, grace_period=511, time_alive=  8
L_PERCEP PC=0xFFFF7FE207E4, theta= 261, max bias=   6, baseline_comp=  2, stable_cnt=  0, grace_period=109, time_alive= 90
L_PERCEP PC=0xFFFF7FE2072C, theta= 253, max bias=  25, baseline_comp=  1, stable_cnt=  0, grace_period=511, time_alive= 78
L_PERCEP PC=0xFFFF7FD96D74, theta= 261, max bias=  27, baseline_comp=  2, stable_cnt=  0, grace_period=511, time_alive=  9
L_PERCEP PC=0xFFFF7FBF02AC, theta= 253, max bias=  14, baseline_comp=  3, stable_cnt=  0, grace_period=511, time_alive= 50
L_PERCEP PC=0xFFFF7FC544E4, theta= 261, max bias=  42, baseline_comp=  0, stable_cnt= 76, grace_period=511, time_alive=701

ExecTime = 136.3070421218872
