CMD:./cbp traces/media/media_1_trace.gz
L_PERCEP PC=0xFFFF7FBF0278, theta= 245, max bias=  20, baseline_comp=  0, stable_cnt=255, grace_period=511, time_alive=  0
G_PERCEP PC=0xFFFF7FBF0278, theta= 304, max bias=  46, baseline_comp=  0, stable_cnt=255, grace_period=511, time_alive=  0
5000000 instrs 
10000000 instrs 
15000000 instrs 
L_PERCEP PC=0xFFFF7FC542D0, theta= 261, max bias=  10, baseline_comp=  0, stable_cnt=255, grace_period=511, time_alive=  0
G_PERCEP PC=0xFFFF7FC542D0, theta= 312, max bias=  30, baseline_comp=  0, stable_cnt=255, grace_period=511, time_alive=  0
G_PERCEP PC=0xFFFF7FC544E4, theta= 312, max bias=  24, baseline_comp=  0, stable_cnt=255, grace_period=511, time_alive=  0
20000000 instrs 
EOF
======== Predictor Memory ========
TAGE-SC-L (bits) = 1305275
TAGE-SC-L (KBytes) = 159.335327
H2P_ID_MEM_BITS = 19456
H2P_ID_MEM (KBytes) = 2.375000
L_PERCEP_MEM_BITS = 176320
L_PERCEP_MEM (KBytes) = 21.523438
G_PERCEP_MEM_BITS = 33184
G_PERCEP_MEM (KBytes) = 4.050781
Total Memory (bits) = 1534235
Total Memory (KBytes) = 187.284546
======== Runtime Statistics ========
COL h2p_insert_cnt = 9
COL h2p_with_tage = 1029105
COL h2p_with_lhist_percep = 0
COL h2p_with_ghist_percep = 0
COL filtered_updates = 0
COL lhist_percep_evictions = 2
COL ghist_percep_evictions = 3
COL lhist_percep_stale_evictions = 0
COL ghist_percep_stale_evictions = 0
======== End of Statistics ========
WINDOW_SIZE = 1024
FETCH_WIDTH = 16
FETCH_NUM_BRANCH = 16
FETCH_STOP_AT_INDIRECT = 1
FETCH_STOP_AT_TAKEN = 1
FETCH_MODEL_ICACHE = 1
PERFECT_BRANCH_PRED = 0
PERFECT_INDIRECT_PRED = 1
PIPELINE_FILL_LATENCY = 10
NUM_LDST_LANES = 8
NUM_ALU_LANES = 16
MEMORY HIERARCHY CONFIGURATION---------------------
STRIDE Prefetcher = 1
PERFECT_CACHE = 0
WRITE_ALLOCATE = 1
Within-pipeline factors:
	AGEN latency = 1 cycle
	Store Queue (SQ): SQ size = window size, oracle memory disambiguation, store-load forwarding = 1 cycle after store's or load's agen.
	* Note: A store searches the L1$ at commit. The store is released
	* from the SQ and window, whether it hits or misses. Store misses
	* are buffered until the block is allocated and the store is
	* performed in the L1$. While buffered, conflicting loads get
	* the store's data as they would from the SQ.
I$: 128 KB, 8-way set-assoc., 64B block size
L1$: 128 KB, 8-way set-assoc., 64B block size, 3-cycle search latency
L2$: 4 MB, 8-way set-assoc., 64B block size, 12-cycle search latency
L3$: 32 MB, 16-way set-assoc., 128B block size, 50-cycle search latency
Main Memory: 150-cycle fixed search time
---------------------------STORE QUEUE MEASUREMENTS (Full Simulation i.e. Counts Not Reset When Warmup Ends)---------------------------
Number of loads: 5438485
Number of loads that miss in SQ: 4026226 (74.03%)
Number of PFs issued to the memory system 979148
---------------------------------------------------------------------------------------------------------------------------------------
------------------------MEMORY HIERARCHY MEASUREMENTS (Full Simulation i.e. Counts Not Reset When Warmup Ends)-------------------------
I$:
	accesses   = 25497699
	misses     = 4492
	miss ratio = 0.02%
	pf accesses   = 0
	pf misses     = 0
	pf miss ratio = nan%
L1$:
	accesses   = 7630041
	misses     = 17609
	miss ratio = 0.23%
	pf accesses   = 979148
	pf misses     = 7876
	pf miss ratio = 0.80%
L2$:
	accesses   = 22101
	misses     = 12068
	miss ratio = 54.60%
	pf accesses   = 7876
	pf misses     = 5925
	pf miss ratio = 75.23%
L3$:
	accesses   = 12068
	misses     = 6651
	miss ratio = 55.11%
	pf accesses   = 5925
	pf misses     = 3150
	pf miss ratio = 53.16%
---------------------------------------------------------------------------------------------------------------------------------------
----------------------------------------------Prefetcher (Full Simulation i.e. No Warmup)----------------------------------------------
Num Trainings :5438485
Num Prefetches generated :1025022
Num Prefetches issued :4558200
Num Prefetches filtered by PF queue :354836
Num untimely prefetches dropped from PF queue :45874
Num prefetches not issued LDST contention :3579052
Num prefetches not issued stride 0 :1255364
---------------------------------------------------------------------------------------------------------------------------------------

-------------------------------ILP LIMIT STUDY (Full Simulation i.e. Counts Not Reset When Warmup Ends)--------------------------------
instructions = 20000048
cycles       = 3556814
CycWP        = 590565
IPC          = 5.6230

---------------------------------------------------------------------------------------------------------------------------------------

-----------------------------------------------BRANCH PREDICTION MEASUREMENTS (Full Simulation i.e. Counts Not Reset When Warmup Ends)----------------------------------------------
Type                   NumBr     MispBr        mr     mpki
CondDirect          1052168      21571   2.0501%   1.0785
JumpDirect           207022          0   0.0000%   0.0000
JumpIndirect          74067          0   0.0000%   0.0000
JumpReturn           171393          0   0.0000%   0.0000
Not control        23993049          0   0.0000%   0.0000
------------------------------------------------------------------------------------------------------------------------------------------------------------------------------------

------------------------------------------------------DIRECT CONDITIONAL BRANCH PREDICTION MEASUREMENTS (Last 10M instructions)-----------------------------------------------------
       Instr       Cycles      IPC      NumBr     MispBr BrPerCyc MispBrPerCyc        MR     MPKI      CycWP   CycWPAvg   CycWPPKI
    10000048      1542590   6.4826     496668       6409   0.3220       0.0042   1.2904%   0.6409     189172    29.5166    18.9171
------------------------------------------------------------------------------------------------------------------------------------------------------------------------------------

------------------------------------------------------DIRECT CONDITIONAL BRANCH PREDICTION MEASUREMENTS (Last 25M instructions)-----------------------------------------------------
       Instr       Cycles      IPC      NumBr     MispBr BrPerCyc MispBrPerCyc        MR     MPKI      CycWP   CycWPAvg   CycWPPKI
    20000048      3556814   5.6230    1052168      21571   0.2958       0.0061   2.0501%   1.0785     590565    27.3777    29.5282
-------------------------------------------------------------------------------------------------------------------------------------------------------------------------------------

---------------------------------------------------------DIRECT CONDITIONAL BRANCH PREDICTION MEASUREMENTS (50 Perc instructions)---------------------------------------------------
       Instr       Cycles      IPC      NumBr     MispBr BrPerCyc MispBrPerCyc        MR     MPKI      CycWP   CycWPAvg   CycWPPKI
    10000048      1542590   6.4826     496668       6409   0.3220       0.0042   1.2904%   0.6409     189172    29.5166    18.9171
------------------------------------------------------------------------------------------------------------------------------------------------------------------------------------

-------------------------------------DIRECT CONDITIONAL BRANCH PREDICTION MEASUREMENTS (Full Simulation i.e. Counts Not Reset When Warmup Ends)-------------------------------------
       Instr       Cycles      IPC      NumBr     MispBr BrPerCyc MispBrPerCyc        MR     MPKI      CycWP   CycWPAvg   CycWPPKI
    20000048      3556814   5.6230    1052168      21571   0.2958       0.0061   2.0501%   1.0785     590565    27.3777    29.5282
------------------------------------------------------------------------------------------------------------------------------------------------------------------------------------
 Read 20000048 instrs 
G_PERCEP PC=0xFFFF7FE20B64, theta= 320, max bias=  21, baseline_comp=  0, stable_cnt=  0, grace_period=373, time_alive=  0
G_PERCEP PC=0xFFFF7FE29CC4, theta= 320, max bias=  26, baseline_comp=  3, stable_cnt=  0, grace_period=492, time_alive=7621
G_PERCEP PC=0xFFFF7FE207D8, theta= 320, max bias=   5, baseline_comp=  1, stable_cnt=  0, grace_period=436, time_alive=602
G_PERCEP PC=0xFFFF7FD96D50, theta= 296, max bias=  20, baseline_comp=  1, stable_cnt=  0, grace_period=511, time_alive=  2
G_PERCEP PC=0xFFFF7FD96D74, theta= 312, max bias=  45, baseline_comp=  0, stable_cnt= 40, grace_period=511, time_alive=  3
G_PERCEP PC=0xFFFF7FBF0278, theta= 296, max bias=  58, baseline_comp=  1, stable_cnt=  0, grace_period=511, time_alive=  4
L_PERCEP PC=0xFFFF7FE20B64, theta= 261, max bias=  10, baseline_comp=  0, stable_cnt=  0, grace_period=373, time_alive=  0
L_PERCEP PC=0xFFFF7FE29CC4, theta= 261, max bias=  24, baseline_comp=  3, stable_cnt=  0, grace_period=492, time_alive=7953
L_PERCEP PC=0xFFFF7FC544E4, theta= 261, max bias=  32, baseline_comp=  3, stable_cnt=  0, grace_period=511, time_alive= 18
L_PERCEP PC=0xFFFF7FE207D8, theta= 261, max bias=  10, baseline_comp=  0, stable_cnt=  0, grace_period=436, time_alive=1722
L_PERCEP PC=0xFFFF7FD96D50, theta= 245, max bias=  15, baseline_comp=  0, stable_cnt= 29, grace_period=511, time_alive=  2
L_PERCEP PC=0xFFFF7FD96D74, theta= 261, max bias=  23, baseline_comp=  0, stable_cnt= 39, grace_period=511, time_alive=  3
L_PERCEP PC=0xFFFF7FBF0278, theta= 253, max bias=  28, baseline_comp=  2, stable_cnt=  0, grace_period=511, time_alive=  4

ExecTime = 142.85761380195618
